#
# There is insufficient memory for the Java Runtime Environment to continue.
# Native memory allocation (malloc) failed to allocate 1973856 bytes for Chunk::new
# Possible reasons:
#   The system is out of physical RAM or swap space
#   The process is running with CompressedOops enabled, and the Java Heap may be blocking the growth of the native heap
# Possible solutions:
#   Reduce memory load on the system
#   Increase physical memory or swap space
#   Check if swap backing store is full
#   Decrease Java heap size (-Xmx/-Xms)
#   Decrease number of Java threads
#   Decrease Java thread stack sizes (-Xss)
#   Set larger code cache with -XX:ReservedCodeCacheSize=
#   JVM is running with Unscaled Compressed Oops mode in which the Java heap is
#     placed in the first 4GB address space. The Java Heap base address is the
#     maximum limit for the native heap growth. Please use -XX:HeapBaseMinAddress
#     to set the Java Heap base and to place the Java Heap above 4GB virtual address.
# This output file may be truncated or incomplete.
#
#  Out of Memory Error (arena.cpp:189), pid=12064, tid=14732
#
# JRE version: OpenJDK Runtime Environment (17.0.7) (build 17.0.7+0-b2043.56-10550314)
# Java VM: OpenJDK 64-Bit Server VM (17.0.7+0-b2043.56-10550314, mixed mode, tiered, compressed oops, compressed class ptrs, g1 gc, windows-amd64)
# No core dump will be written. Minidumps are not enabled by default on client versions of Windows
#

---------------  S U M M A R Y ------------

Command Line: --add-opens=java.base/java.util=ALL-UNNAMED --add-opens=java.base/java.lang=ALL-UNNAMED --add-opens=java.base/java.lang.invoke=ALL-UNNAMED --add-opens=java.prefs/java.util.prefs=ALL-UNNAMED --add-opens=java.base/java.nio.charset=ALL-UNNAMED --add-opens=java.base/java.net=ALL-UNNAMED --add-opens=java.base/java.util.concurrent.atomic=ALL-UNNAMED -Xmx2048m -Dfile.encoding=UTF-8 -Duser.country=US -Duser.language=en -Duser.variant -javaagent:C:\Users\ASUS\.gradle\wrapper\dists\gradle-8.2-bin\bbg7u40eoinfdyxsxr3z4i7ta\gradle-8.2\lib\agents\gradle-instrumentation-agent-8.2.jar org.gradle.launcher.daemon.bootstrap.GradleDaemon 8.2

Host: 13th Gen Intel(R) Core(TM) i7-13700H, 20 cores, 15G,  Windows 11 , 64 bit Build 22621 (10.0.22621.3235)
Time: Wed Apr 17 13:24:45 2024 Sri Lanka Standard Time elapsed time: 3.873959 seconds (0d 0h 0m 3s)

---------------  T H R E A D  ---------------

Current thread (0x000001f4533dae80):  JavaThread "C2 CompilerThread1" daemon [_thread_in_native, id=14732, stack(0x0000009018e00000,0x0000009018f00000)]


Current CompileTask:
C2:   3873 6431   !   4       java.net.URLClassLoader::findClass (47 bytes)

Stack: [0x0000009018e00000,0x0000009018f00000]
Native frames: (J=compiled Java code, j=interpreted, Vv=VM code, C=native code)
V  [jvm.dll+0x683bfa]
V  [jvm.dll+0x8430a4]
V  [jvm.dll+0x8449be]
V  [jvm.dll+0x845023]
V  [jvm.dll+0x24ad2f]
V  [jvm.dll+0xac25c]
V  [jvm.dll+0xac82c]
V  [jvm.dll+0x36a187]
V  [jvm.dll+0x334821]
V  [jvm.dll+0x333cca]
V  [jvm.dll+0x21d251]
V  [jvm.dll+0x21c671]
V  [jvm.dll+0x1a605d]
V  [jvm.dll+0x22c148]
V  [jvm.dll+0x22a209]
V  [jvm.dll+0x7f858c]
V  [jvm.dll+0x7f2aea]
V  [jvm.dll+0x682a35]
C  [ucrtbase.dll+0x29363]
C  [KERNEL32.DLL+0x1257d]
C  [ntdll.dll+0x5aa58]


---------------  P R O C E S S  ---------------

Threads class SMR info:
_java_thread_list=0x000001f45bd1ebc0, length=82, elements={
0x000001f437ed2650, 0x000001f452e3f040, 0x000001f452e3feb0, 0x000001f452e69430,
0x000001f452e6a0b0, 0x000001f452e6db80, 0x000001f452e71a30, 0x000001f452e7a720,
0x000001f452e8bd90, 0x000001f452e94770, 0x000001f452fb1fc0, 0x000001f4530091d0,
0x000001f4530096e0, 0x000001f45300c010, 0x000001f453179bb0, 0x000001f4533dae80,
0x000001f453662a30, 0x000001f45973f0b0, 0x000001f4586d2770, 0x000001f45962ff60,
0x000001f458cbc800, 0x000001f4594cd030, 0x000001f458b43020, 0x000001f458b47be0,
0x000001f459614680, 0x000001f459613ce0, 0x000001f4596141b0, 0x000001f459614b50,
0x000001f459615020, 0x000001f459613810, 0x000001f4596154f0, 0x000001f459612e70,
0x000001f459615e90, 0x000001f4596159c0, 0x000001f4596124d0, 0x000001f4596129a0,
0x000001f459613340, 0x000001f45bcd2790, 0x000001f45bcd3600, 0x000001f45bcd2c60,
0x000001f453662f40, 0x000001f45b9fc6c0, 0x000001f45bcd3130, 0x000001f45bcd4470,
0x000001f45bcd3ad0, 0x000001f45bcd1df0, 0x000001f45bcd22c0, 0x000001f45bcd3fa0,
0x000001f45dc60a00, 0x000001f45dc5c1d0, 0x000001f45dc5c6a0, 0x000001f45dc5ed20,
0x000001f45dc62bb0, 0x000001f45dc5b360, 0x000001f45dc5cb70, 0x000001f45dc60530,
0x000001f45dc5d040, 0x000001f45dc60ed0, 0x000001f45dc5bd00, 0x000001f45dc5b830,
0x000001f45dc5d9e0, 0x000001f45dc5d510, 0x000001f45dc62210, 0x000001f45dc613a0,
0x000001f45dc61870, 0x000001f45dc61d40, 0x000001f45dc5deb0, 0x000001f45dc5e380,
0x000001f45dc5f6c0, 0x000001f45dc5e850, 0x000001f45dc5fb90, 0x000001f45dc626e0,
0x000001f45f12b610, 0x000001f45f12dc90, 0x000001f45f12bae0, 0x000001f45f12bfb0,
0x000001f45f127780, 0x000001f45f12e630, 0x000001f45f127c50, 0x000001f45f12d7c0,
0x000001f45f12ce20, 0x000001f45f12d2f0
}

Java Threads: ( => current thread )
  0x000001f437ed2650 JavaThread "main" [_thread_blocked, id=19376, stack(0x0000009017800000,0x0000009017900000)]
  0x000001f452e3f040 JavaThread "Reference Handler" daemon [_thread_blocked, id=1512, stack(0x0000009017f00000,0x0000009018000000)]
  0x000001f452e3feb0 JavaThread "Finalizer" daemon [_thread_blocked, id=19652, stack(0x0000009018000000,0x0000009018100000)]
  0x000001f452e69430 JavaThread "Signal Dispatcher" daemon [_thread_blocked, id=19612, stack(0x0000009018100000,0x0000009018200000)]
  0x000001f452e6a0b0 JavaThread "Attach Listener" daemon [_thread_blocked, id=9900, stack(0x0000009018200000,0x0000009018300000)]
  0x000001f452e6db80 JavaThread "Service Thread" daemon [_thread_blocked, id=16972, stack(0x0000009018300000,0x0000009018400000)]
  0x000001f452e71a30 JavaThread "Monitor Deflation Thread" daemon [_thread_blocked, id=20420, stack(0x0000009018400000,0x0000009018500000)]
  0x000001f452e7a720 JavaThread "C2 CompilerThread0" daemon [_thread_in_native, id=18480, stack(0x0000009018500000,0x0000009018600000)]
  0x000001f452e8bd90 JavaThread "C1 CompilerThread0" daemon [_thread_blocked, id=13432, stack(0x0000009018600000,0x0000009018700000)]
  0x000001f452e94770 JavaThread "Sweeper thread" daemon [_thread_blocked, id=13884, stack(0x0000009018700000,0x0000009018800000)]
  0x000001f452fb1fc0 JavaThread "Common-Cleaner" daemon [_thread_blocked, id=20072, stack(0x0000009018800000,0x0000009018900000)]
  0x000001f4530091d0 JavaThread "C1 CompilerThread1" daemon [_thread_blocked, id=23780, stack(0x0000009018900000,0x0000009018a00000)]
  0x000001f4530096e0 JavaThread "C1 CompilerThread2" daemon [_thread_blocked, id=16064, stack(0x0000009018a00000,0x0000009018b00000)]
  0x000001f45300c010 JavaThread "C1 CompilerThread3" daemon [_thread_blocked, id=22236, stack(0x0000009018b00000,0x0000009018c00000)]
  0x000001f453179bb0 JavaThread "Notification Thread" daemon [_thread_blocked, id=4092, stack(0x0000009018c00000,0x0000009018d00000)]
=>0x000001f4533dae80 JavaThread "C2 CompilerThread1" daemon [_thread_in_native, id=14732, stack(0x0000009018e00000,0x0000009018f00000)]
  0x000001f453662a30 JavaThread "C2 CompilerThread2" daemon [_thread_blocked, id=23368, stack(0x0000009018f00000,0x0000009019000000)]
  0x000001f45973f0b0 JavaThread "Daemon health stats" [_thread_blocked, id=2984, stack(0x0000009019600000,0x0000009019700000)]
  0x000001f4586d2770 JavaThread "Incoming local TCP Connector on port 10773" [_thread_in_native, id=13464, stack(0x0000009019700000,0x0000009019800000)]
  0x000001f45962ff60 JavaThread "Daemon periodic checks" [_thread_blocked, id=23628, stack(0x0000009019800000,0x0000009019900000)]
  0x000001f458cbc800 JavaThread "Daemon" [_thread_blocked, id=6492, stack(0x0000009019900000,0x0000009019a00000)]
  0x000001f4594cd030 JavaThread "Handler for socket connection from /127.0.0.1:10773 to /127.0.0.1:10774" [_thread_in_native, id=208, stack(0x0000009019a00000,0x0000009019b00000)]
  0x000001f458b43020 JavaThread "Cancel handler" [_thread_blocked, id=19488, stack(0x0000009019b00000,0x0000009019c00000)]
  0x000001f458b47be0 JavaThread "Daemon worker" [_thread_in_vm, id=4324, stack(0x0000009019c00000,0x0000009019d00000)]
  0x000001f459614680 JavaThread "Asynchronous log dispatcher for DefaultDaemonConnection: socket connection from /127.0.0.1:10773 to /127.0.0.1:10774" [_thread_blocked, id=25516, stack(0x0000009019d00000,0x0000009019e00000)]
  0x000001f459613ce0 JavaThread "Stdin handler" [_thread_blocked, id=12048, stack(0x0000009019e00000,0x0000009019f00000)]
  0x000001f4596141b0 JavaThread "Daemon client event forwarder" [_thread_blocked, id=5532, stack(0x0000009019f00000,0x000000901a000000)]
  0x000001f459614b50 JavaThread "Cache worker for journal cache (C:\Users\ASUS\.gradle\caches\journal-1)" [_thread_blocked, id=11552, stack(0x000000901ac00000,0x000000901ad00000)]
  0x000001f459615020 JavaThread "File lock request listener" [_thread_in_native, id=25012, stack(0x000000901ad00000,0x000000901ae00000)]
  0x000001f459613810 JavaThread "Cache worker for file hash cache (C:\Users\ASUS\.gradle\caches\8.2\fileHashes)" [_thread_blocked, id=20512, stack(0x000000901ae00000,0x000000901af00000)]
  0x000001f4596154f0 JavaThread "File watcher server" daemon [_thread_in_native, id=5276, stack(0x000000901af00000,0x000000901b000000)]
  0x000001f459612e70 JavaThread "File watcher consumer" daemon [_thread_blocked, id=20868, stack(0x000000901b000000,0x000000901b100000)]
  0x000001f459615e90 JavaThread "Cache worker for checksums cache (C:\Users\ASUS\AndroidStudioProjects\Exam02\.gradle\8.2\checksums)" [_thread_blocked, id=19304, stack(0x000000901b100000,0x000000901b200000)]
  0x000001f4596159c0 JavaThread "Cache worker for cache directory md-rule (C:\Users\ASUS\.gradle\caches\8.2\md-rule)" [_thread_blocked, id=22512, stack(0x000000901b200000,0x000000901b300000)]
  0x000001f4596124d0 JavaThread "Cache worker for file content cache (C:\Users\ASUS\.gradle\caches\8.2\fileContent)" [_thread_blocked, id=19900, stack(0x000000901b300000,0x000000901b400000)]
  0x000001f4596129a0 JavaThread "Cache worker for file hash cache (C:\Users\ASUS\AndroidStudioProjects\Exam02\.gradle\8.2\fileHashes)" [_thread_blocked, id=18760, stack(0x000000901b400000,0x000000901b500000)]
  0x000001f459613340 JavaThread "Cache worker for cache directory md-supplier (C:\Users\ASUS\.gradle\caches\8.2\md-supplier)" [_thread_blocked, id=14648, stack(0x000000901b500000,0x000000901b600000)]
  0x000001f45bcd2790 JavaThread "Cache worker for execution history cache (C:\Users\ASUS\.gradle\caches\8.2\executionHistory)" [_thread_blocked, id=21356, stack(0x000000901b600000,0x000000901b700000)]
  0x000001f45bcd3600 JavaThread "jar transforms" [_thread_blocked, id=22500, stack(0x0000009019000000,0x0000009019100000)]
  0x000001f45bcd2c60 JavaThread "jar transforms Thread 2" [_thread_blocked, id=13024, stack(0x000000901b700000,0x000000901b800000)]
  0x000001f453662f40 JavaThread "C2 CompilerThread3" daemon [_thread_in_native, id=20444, stack(0x000000901b800000,0x000000901b900000)]
  0x000001f45b9fc6c0 JavaThread "C2 CompilerThread4" daemon [_thread_in_native, id=9208, stack(0x000000901b900000,0x000000901ba00000)]
  0x000001f45bcd3130 JavaThread "Cache worker for kotlin-dsl (C:\Users\ASUS\.gradle\caches\8.2\kotlin-dsl)" [_thread_blocked, id=18232, stack(0x000000901bc00000,0x000000901bd00000)]
  0x000001f45bcd4470 JavaThread "jar transforms Thread 3" [_thread_blocked, id=18648, stack(0x000000901bd00000,0x000000901be00000)]
  0x000001f45bcd3ad0 JavaThread "jar transforms Thread 4" [_thread_blocked, id=9508, stack(0x000000901be00000,0x000000901bf00000)]
  0x000001f45bcd1df0 JavaThread "jar transforms Thread 5" [_thread_blocked, id=2776, stack(0x000000901bf00000,0x000000901c000000)]
  0x000001f45bcd22c0 JavaThread "jar transforms Thread 6" [_thread_blocked, id=6540, stack(0x000000901c000000,0x000000901c100000)]
  0x000001f45bcd3fa0 JavaThread "Cache worker for dependencies-accessors (C:\Users\ASUS\AndroidStudioProjects\Exam02\.gradle\8.2\dependencies-accessors)" [_thread_blocked, id=16912, stack(0x000000901c100000,0x000000901c200000)]
  0x000001f45dc60a00 JavaThread "Cache worker for Build Output Cleanup Cache (C:\Users\ASUS\AndroidStudioProjects\Exam02\.gradle\buildOutputCleanup)" [_thread_blocked, id=10336, stack(0x000000901bb00000,0x000000901bc00000)]
  0x000001f45dc5c1d0 JavaThread "jar transforms Thread 7" [_thread_blocked, id=5084, stack(0x000000901c200000,0x000000901c300000)]
  0x000001f45dc5c6a0 JavaThread "jar transforms Thread 8" [_thread_blocked, id=22196, stack(0x000000901c300000,0x000000901c400000)]
  0x000001f45dc5ed20 JavaThread "Unconstrained build operations" [_thread_blocked, id=8932, stack(0x000000901c400000,0x000000901c500000)]
  0x000001f45dc62bb0 JavaThread "Unconstrained build operations Thread 2" [_thread_blocked, id=4296, stack(0x000000901c500000,0x000000901c600000)]
  0x000001f45dc5b360 JavaThread "Unconstrained build operations Thread 3" [_thread_blocked, id=7448, stack(0x000000901c600000,0x000000901c700000)]
  0x000001f45dc5cb70 JavaThread "Unconstrained build operations Thread 4" [_thread_blocked, id=2320, stack(0x000000901c700000,0x000000901c800000)]
  0x000001f45dc60530 JavaThread "Unconstrained build operations Thread 5" [_thread_blocked, id=12024, stack(0x000000901c800000,0x000000901c900000)]
  0x000001f45dc5d040 JavaThread "Unconstrained build operations Thread 6" [_thread_blocked, id=16088, stack(0x000000901c900000,0x000000901ca00000)]
  0x000001f45dc60ed0 JavaThread "Unconstrained build operations Thread 7" [_thread_blocked, id=24824, stack(0x000000901ca00000,0x000000901cb00000)]
  0x000001f45dc5bd00 JavaThread "Unconstrained build operations Thread 8" [_thread_blocked, id=20896, stack(0x000000901cb00000,0x000000901cc00000)]
  0x000001f45dc5b830 JavaThread "Unconstrained build operations Thread 9" [_thread_blocked, id=15464, stack(0x000000901cc00000,0x000000901cd00000)]
  0x000001f45dc5d9e0 JavaThread "Unconstrained build operations Thread 10" [_thread_blocked, id=24948, stack(0x000000901cd00000,0x000000901ce00000)]
  0x000001f45dc5d510 JavaThread "Unconstrained build operations Thread 11" [_thread_blocked, id=512, stack(0x000000901ce00000,0x000000901cf00000)]
  0x000001f45dc62210 JavaThread "Unconstrained build operations Thread 12" [_thread_blocked, id=4404, stack(0x000000901cf00000,0x000000901d000000)]
  0x000001f45dc613a0 JavaThread "Unconstrained build operations Thread 13" [_thread_blocked, id=3112, stack(0x000000901d000000,0x000000901d100000)]
  0x000001f45dc61870 JavaThread "Unconstrained build operations Thread 14" [_thread_blocked, id=22428, stack(0x000000901d100000,0x000000901d200000)]
  0x000001f45dc61d40 JavaThread "Unconstrained build operations Thread 15" [_thread_blocked, id=11896, stack(0x000000901d200000,0x000000901d300000)]
  0x000001f45dc5deb0 JavaThread "Unconstrained build operations Thread 16" [_thread_blocked, id=13212, stack(0x000000901d300000,0x000000901d400000)]
  0x000001f45dc5e380 JavaThread "Unconstrained build operations Thread 17" [_thread_blocked, id=17864, stack(0x000000901d400000,0x000000901d500000)]
  0x000001f45dc5f6c0 JavaThread "Unconstrained build operations Thread 18" [_thread_blocked, id=15732, stack(0x000000901d500000,0x000000901d600000)]
  0x000001f45dc5e850 JavaThread "Unconstrained build operations Thread 19" [_thread_blocked, id=17652, stack(0x000000901d600000,0x000000901d700000)]
  0x000001f45dc5fb90 JavaThread "jar transforms Thread 9" [_thread_blocked, id=3504, stack(0x000000901d700000,0x000000901d800000)]
  0x000001f45dc626e0 JavaThread "jar transforms Thread 10" [_thread_blocked, id=22092, stack(0x000000901d800000,0x000000901d900000)]
  0x000001f45f12b610 JavaThread "jar transforms Thread 11" [_thread_blocked, id=5008, stack(0x000000901d900000,0x000000901da00000)]
  0x000001f45f12dc90 JavaThread "jar transforms Thread 12" [_thread_blocked, id=10716, stack(0x000000901da00000,0x000000901db00000)]
  0x000001f45f12bae0 JavaThread "jar transforms Thread 13" [_thread_blocked, id=15508, stack(0x000000901db00000,0x000000901dc00000)]
  0x000001f45f12bfb0 JavaThread "jar transforms Thread 14" [_thread_blocked, id=4820, stack(0x000000901dc00000,0x000000901dd00000)]
  0x000001f45f127780 JavaThread "jar transforms Thread 15" [_thread_blocked, id=1716, stack(0x000000901dd00000,0x000000901de00000)]
  0x000001f45f12e630 JavaThread "jar transforms Thread 16" [_thread_blocked, id=7496, stack(0x000000901de00000,0x000000901df00000)]
  0x000001f45f127c50 JavaThread "jar transforms Thread 17" [_thread_blocked, id=14972, stack(0x000000901df00000,0x000000901e000000)]
  0x000001f45f12d7c0 JavaThread "jar transforms Thread 18" [_thread_blocked, id=2024, stack(0x000000901e000000,0x000000901e100000)]
  0x000001f45f12ce20 JavaThread "jar transforms Thread 19" [_thread_blocked, id=10144, stack(0x000000901e100000,0x000000901e200000)]
  0x000001f45f12d2f0 JavaThread "jar transforms Thread 20" [_thread_blocked, id=7100, stack(0x000000901e200000,0x000000901e300000)]

Other Threads:
  0x000001f452e1b630 VMThread "VM Thread" [stack: 0x0000009017e00000,0x0000009017f00000] [id=1056]
  0x000001f437f79780 WatcherThread [stack: 0x0000009018d00000,0x0000009018e00000] [id=14168]
  0x000001f437f2bc70 GCTaskThread "GC Thread#0" [stack: 0x0000009017900000,0x0000009017a00000] [id=18160]
  0x000001f45837b5c0 GCTaskThread "GC Thread#1" [stack: 0x0000009019100000,0x0000009019200000] [id=7848]
  0x000001f45844d7e0 GCTaskThread "GC Thread#2" [stack: 0x0000009019200000,0x0000009019300000] [id=14724]
  0x000001f45837ae80 GCTaskThread "GC Thread#3" [stack: 0x0000009019300000,0x0000009019400000] [id=10524]
  0x000001f45820eff0 GCTaskThread "GC Thread#4" [stack: 0x0000009019400000,0x0000009019500000] [id=2532]
  0x000001f458271860 GCTaskThread "GC Thread#5" [stack: 0x0000009019500000,0x0000009019600000] [id=16892]
  0x000001f458ee87e0 GCTaskThread "GC Thread#6" [stack: 0x000000901a000000,0x000000901a100000] [id=2428]
  0x000001f45a04e410 GCTaskThread "GC Thread#7" [stack: 0x000000901a100000,0x000000901a200000] [id=11300]
  0x000001f4593b7730 GCTaskThread "GC Thread#8" [stack: 0x000000901a200000,0x000000901a300000] [id=3668]
  0x000001f45a0dfff0 GCTaskThread "GC Thread#9" [stack: 0x000000901a300000,0x000000901a400000] [id=25520]
  0x000001f459c3c740 GCTaskThread "GC Thread#10" [stack: 0x000000901a400000,0x000000901a500000] [id=15500]
  0x000001f459c3c9f0 GCTaskThread "GC Thread#11" [stack: 0x000000901a500000,0x000000901a600000] [id=22768]
  0x000001f45941f390 GCTaskThread "GC Thread#12" [stack: 0x000000901a600000,0x000000901a700000] [id=2828]
  0x000001f45941eb80 GCTaskThread "GC Thread#13" [stack: 0x000000901a700000,0x000000901a800000] [id=24876]
  0x000001f45941e8d0 GCTaskThread "GC Thread#14" [stack: 0x000000901a800000,0x000000901a900000] [id=1104]
  0x000001f437f3cbb0 ConcurrentGCThread "G1 Main Marker" [stack: 0x0000009017a00000,0x0000009017b00000] [id=23636]
  0x000001f437f3d5c0 ConcurrentGCThread "G1 Conc#0" [stack: 0x0000009017b00000,0x0000009017c00000] [id=10428]
  0x000001f45941f0e0 ConcurrentGCThread "G1 Conc#1" [stack: 0x000000901a900000,0x000000901aa00000] [id=5932]
  0x000001f45941f640 ConcurrentGCThread "G1 Conc#2" [stack: 0x000000901aa00000,0x000000901ab00000] [id=22472]
  0x000001f45941fba0 ConcurrentGCThread "G1 Conc#3" [stack: 0x000000901ab00000,0x000000901ac00000] [id=20996]
  0x000001f437f8e550 ConcurrentGCThread "G1 Refine#0" [stack: 0x0000009017c00000,0x0000009017d00000] [id=14136]
  0x000001f45dc18480 ConcurrentGCThread "G1 Refine#1" [stack: 0x000000901e300000,0x000000901e400000] [id=25280]
  0x000001f452c710f0 ConcurrentGCThread "G1 Service" [stack: 0x0000009017d00000,0x0000009017e00000] [id=25092]

Threads with active compile tasks:
C2 CompilerThread0     3882 6518       4       java.net.URLClassLoader::getAndVerifyPackage (109 bytes)
C2 CompilerThread1     3882 6431   !   4       java.net.URLClassLoader::findClass (47 bytes)
C2 CompilerThread3     3882 6531       4       java.util.zip.ZipFile$ZipFileInflaterInputStream::<init> (14 bytes)

VM state: not at safepoint (normal execution)

VM Mutex/Monitor currently owned by a thread:  ([mutex/lock_event])
[0x000001f437ecf730] SystemDictionary_lock - owner thread: 0x0000000000000000

Heap address: 0x0000000080000000, size: 2048 MB, Compressed Oops mode: 32-bit

CDS archive(s) not mapped
Compressed class space mapped at: 0x0000000100000000-0x0000000140000000, reserved size: 1073741824
Narrow klass base: 0x0000000000000000, Narrow klass shift: 3, Narrow klass range: 0x140000000

GC Precious Log:
 CPUs: 20 total, 20 available
 Memory: 16003M
 Large Page Support: Disabled
 NUMA Support: Disabled
 Compressed Oops: Enabled (32-bit)
 Heap Region Size: 1M
 Heap Min Capacity: 8M
 Heap Initial Capacity: 252M
 Heap Max Capacity: 2G
 Pre-touch: Disabled
 Parallel Workers: 15
 Concurrent Workers: 4
 Concurrent Refinement Workers: 15
 Periodic GC: Disabled

Heap:
 garbage-first heap   total 122880K, used 77896K [0x0000000080000000, 0x0000000100000000)
  region size 1024K, 20 young (20480K), 2 survivors (2048K)
 Metaspace       used 57157K, committed 57728K, reserved 1114112K
  class space    used 7682K, committed 7936K, reserved 1048576K

Heap Regions: E=young(eden), S=young(survivor), O=old, HS=humongous(starts), HC=humongous(continues), CS=collection set, F=free, OA=open archive, CA=closed archive, TAMS=top-at-mark-start (previous, next)
|   0|0x0000000080000000, 0x0000000080100000, 0x0000000080100000|100%|HS|  |TAMS 0x0000000080100000, 0x0000000080000000| Complete 
|   1|0x0000000080100000, 0x0000000080200000, 0x0000000080200000|100%|HC|  |TAMS 0x0000000080200000, 0x0000000080100000| Complete 
|   2|0x0000000080200000, 0x0000000080300000, 0x0000000080300000|100%|HC|  |TAMS 0x0000000080300000, 0x0000000080200000| Complete 
|   3|0x0000000080300000, 0x0000000080400000, 0x0000000080400000|100%|HC|  |TAMS 0x0000000080400000, 0x0000000080300000| Complete 
|   4|0x0000000080400000, 0x0000000080500000, 0x0000000080500000|100%| O|  |TAMS 0x0000000080500000, 0x0000000080400000| Untracked 
|   5|0x0000000080500000, 0x0000000080600000, 0x0000000080600000|100%| O|  |TAMS 0x0000000080600000, 0x0000000080500000| Untracked 
|   6|0x0000000080600000, 0x0000000080700000, 0x0000000080700000|100%| O|  |TAMS 0x0000000080700000, 0x0000000080600000| Untracked 
|   7|0x0000000080700000, 0x0000000080800000, 0x0000000080800000|100%| O|  |TAMS 0x0000000080800000, 0x0000000080700000| Untracked 
|   8|0x0000000080800000, 0x0000000080900000, 0x0000000080900000|100%| O|  |TAMS 0x0000000080900000, 0x0000000080800000| Untracked 
|   9|0x0000000080900000, 0x0000000080a00000, 0x0000000080a00000|100%| O|  |TAMS 0x0000000080a00000, 0x0000000080900000| Untracked 
|  10|0x0000000080a00000, 0x0000000080b00000, 0x0000000080b00000|100%| O|  |TAMS 0x0000000080b00000, 0x0000000080a00000| Untracked 
|  11|0x0000000080b00000, 0x0000000080b51800, 0x0000000080c00000| 31%| O|  |TAMS 0x0000000080b51800, 0x0000000080b00000| Complete 
|  12|0x0000000080c00000, 0x0000000080d00000, 0x0000000080d00000|100%| O|  |TAMS 0x0000000080d00000, 0x0000000080c00000| Untracked 
|  13|0x0000000080d00000, 0x0000000080e00000, 0x0000000080e00000|100%| O|  |TAMS 0x0000000080e00000, 0x0000000080d00000| Untracked 
|  14|0x0000000080e00000, 0x0000000080f00000, 0x0000000080f00000|100%| O|  |TAMS 0x0000000080f00000, 0x0000000080e00000| Untracked 
|  15|0x0000000080f00000, 0x0000000081000000, 0x0000000081000000|100%| O|  |TAMS 0x0000000081000000, 0x0000000080f00000| Untracked 
|  16|0x0000000081000000, 0x0000000081100000, 0x0000000081100000|100%| O|  |TAMS 0x0000000081100000, 0x0000000081000000| Untracked 
|  17|0x0000000081100000, 0x0000000081200000, 0x0000000081200000|100%| O|  |TAMS 0x0000000081200000, 0x0000000081100000| Untracked 
|  18|0x0000000081200000, 0x0000000081300000, 0x0000000081300000|100%| O|  |TAMS 0x0000000081300000, 0x0000000081200000| Untracked 
|  19|0x0000000081300000, 0x0000000081400000, 0x0000000081400000|100%| O|  |TAMS 0x0000000081400000, 0x0000000081300000| Untracked 
|  20|0x0000000081400000, 0x0000000081500000, 0x0000000081500000|100%| O|  |TAMS 0x0000000081500000, 0x0000000081400000| Untracked 
|  21|0x0000000081500000, 0x0000000081600000, 0x0000000081600000|100%| O|  |TAMS 0x0000000081600000, 0x0000000081500000| Untracked 
|  22|0x0000000081600000, 0x0000000081700000, 0x0000000081700000|100%| O|  |TAMS 0x0000000081700000, 0x0000000081600000| Untracked 
|  23|0x0000000081700000, 0x0000000081800000, 0x0000000081800000|100%| O|  |TAMS 0x0000000081800000, 0x0000000081700000| Untracked 
|  24|0x0000000081800000, 0x0000000081900000, 0x0000000081900000|100%| O|  |TAMS 0x0000000081900000, 0x0000000081800000| Untracked 
|  25|0x0000000081900000, 0x0000000081a00000, 0x0000000081a00000|100%| O|  |TAMS 0x0000000081a00000, 0x0000000081900000| Untracked 
|  26|0x0000000081a00000, 0x0000000081b00000, 0x0000000081b00000|100%| O|  |TAMS 0x0000000081b00000, 0x0000000081a00000| Untracked 
|  27|0x0000000081b00000, 0x0000000081c00000, 0x0000000081c00000|100%| O|  |TAMS 0x0000000081c00000, 0x0000000081b00000| Untracked 
|  28|0x0000000081c00000, 0x0000000081d00000, 0x0000000081d00000|100%| O|  |TAMS 0x0000000081d00000, 0x0000000081c00000| Untracked 
|  29|0x0000000081d00000, 0x0000000081e00000, 0x0000000081e00000|100%| O|  |TAMS 0x0000000081e00000, 0x0000000081d00000| Untracked 
|  30|0x0000000081e00000, 0x0000000081f00000, 0x0000000081f00000|100%| O|  |TAMS 0x0000000081f00000, 0x0000000081e00000| Untracked 
|  31|0x0000000081f00000, 0x0000000082000000, 0x0000000082000000|100%| O|  |TAMS 0x0000000082000000, 0x0000000081f00000| Untracked 
|  32|0x0000000082000000, 0x0000000082100000, 0x0000000082100000|100%| O|  |TAMS 0x0000000082100000, 0x0000000082000000| Untracked 
|  33|0x0000000082100000, 0x0000000082200000, 0x0000000082200000|100%| O|  |TAMS 0x0000000082200000, 0x0000000082100000| Untracked 
|  34|0x0000000082200000, 0x0000000082300000, 0x0000000082300000|100%|HS|  |TAMS 0x0000000082300000, 0x0000000082200000| Complete 
|  35|0x0000000082300000, 0x0000000082400000, 0x0000000082400000|100%|HS|  |TAMS 0x0000000082400000, 0x0000000082300000| Complete 
|  36|0x0000000082400000, 0x0000000082500000, 0x0000000082500000|100%|HS|  |TAMS 0x0000000082500000, 0x0000000082400000| Complete 
|  37|0x0000000082500000, 0x0000000082600000, 0x0000000082600000|100%|HC|  |TAMS 0x0000000082600000, 0x0000000082500000| Complete 
|  38|0x0000000082600000, 0x0000000082700000, 0x0000000082700000|100%| O|  |TAMS 0x0000000082700000, 0x0000000082600000| Untracked 
|  39|0x0000000082700000, 0x0000000082800000, 0x0000000082800000|100%| O|  |TAMS 0x0000000082800000, 0x0000000082700000| Untracked 
|  40|0x0000000082800000, 0x0000000082900000, 0x0000000082900000|100%| O|  |TAMS 0x0000000082900000, 0x0000000082800000| Untracked 
|  41|0x0000000082900000, 0x0000000082a00000, 0x0000000082a00000|100%| O|  |TAMS 0x0000000082a00000, 0x0000000082900000| Untracked 
|  42|0x0000000082a00000, 0x0000000082b00000, 0x0000000082b00000|100%| O|  |TAMS 0x0000000082b00000, 0x0000000082a00000| Untracked 
|  43|0x0000000082b00000, 0x0000000082c00000, 0x0000000082c00000|100%|HS|  |TAMS 0x0000000082c00000, 0x0000000082b00000| Complete 
|  44|0x0000000082c00000, 0x0000000082d00000, 0x0000000082d00000|100%|HC|  |TAMS 0x0000000082d00000, 0x0000000082c00000| Complete 
|  45|0x0000000082d00000, 0x0000000082e00000, 0x0000000082e00000|100%|HS|  |TAMS 0x0000000082e00000, 0x0000000082d00000| Complete 
|  46|0x0000000082e00000, 0x0000000082f00000, 0x0000000082f00000|100%|HS|  |TAMS 0x0000000082f00000, 0x0000000082e00000| Complete 
|  47|0x0000000082f00000, 0x0000000083000000, 0x0000000083000000|100%|HC|  |TAMS 0x0000000083000000, 0x0000000082f00000| Complete 
|  48|0x0000000083000000, 0x0000000083100000, 0x0000000083100000|100%|HC|  |TAMS 0x0000000083100000, 0x0000000083000000| Complete 
|  49|0x0000000083100000, 0x0000000083200000, 0x0000000083200000|100%|HC|  |TAMS 0x0000000083200000, 0x0000000083100000| Complete 
|  50|0x0000000083200000, 0x0000000083300000, 0x0000000083300000|100%|HS|  |TAMS 0x0000000083300000, 0x0000000083200000| Complete 
|  51|0x0000000083300000, 0x0000000083400000, 0x0000000083400000|100%| O|  |TAMS 0x0000000083400000, 0x0000000083300000| Untracked 
|  52|0x0000000083400000, 0x0000000083500000, 0x0000000083500000|100%| O|  |TAMS 0x0000000083500000, 0x0000000083400000| Untracked 
|  53|0x0000000083500000, 0x0000000083600000, 0x0000000083600000|100%| O|  |TAMS 0x0000000083600000, 0x0000000083500000| Untracked 
|  54|0x0000000083600000, 0x0000000083700000, 0x0000000083700000|100%| O|  |TAMS 0x00000000836c4e00, 0x0000000083600000| Untracked 
|  55|0x0000000083700000, 0x0000000083800000, 0x0000000083800000|100%| O|  |TAMS 0x0000000083700000, 0x0000000083700000| Untracked 
|  56|0x0000000083800000, 0x0000000083900000, 0x0000000083900000|100%| O|  |TAMS 0x0000000083800000, 0x0000000083800000| Untracked 
|  57|0x0000000083900000, 0x00000000839afe00, 0x0000000083a00000| 68%| O|  |TAMS 0x0000000083900000, 0x0000000083900000| Untracked 
|  58|0x0000000083a00000, 0x0000000083b00000, 0x0000000083b00000|100%|HS|  |TAMS 0x0000000083a00000, 0x0000000083a00000| Complete 
|  59|0x0000000083b00000, 0x0000000083b00000, 0x0000000083c00000|  0%| F|  |TAMS 0x0000000083b00000, 0x0000000083b00000| Untracked 
|  60|0x0000000083c00000, 0x0000000083c00000, 0x0000000083d00000|  0%| F|  |TAMS 0x0000000083c00000, 0x0000000083c00000| Untracked 
|  61|0x0000000083d00000, 0x0000000083d00000, 0x0000000083e00000|  0%| F|  |TAMS 0x0000000083d00000, 0x0000000083d00000| Untracked 
|  62|0x0000000083e00000, 0x0000000083e00000, 0x0000000083f00000|  0%| F|  |TAMS 0x0000000083e00000, 0x0000000083e00000| Untracked 
|  63|0x0000000083f00000, 0x0000000083f00000, 0x0000000084000000|  0%| F|  |TAMS 0x0000000083f00000, 0x0000000083f00000| Untracked 
|  64|0x0000000084000000, 0x0000000084000000, 0x0000000084100000|  0%| F|  |TAMS 0x0000000084000000, 0x0000000084000000| Untracked 
|  65|0x0000000084100000, 0x0000000084100000, 0x0000000084200000|  0%| F|  |TAMS 0x0000000084100000, 0x0000000084100000| Untracked 
|  66|0x0000000084200000, 0x0000000084200000, 0x0000000084300000|  0%| F|  |TAMS 0x0000000084200000, 0x0000000084200000| Untracked 
|  67|0x0000000084300000, 0x0000000084300000, 0x0000000084400000|  0%| F|  |TAMS 0x0000000084300000, 0x0000000084300000| Untracked 
|  68|0x0000000084400000, 0x0000000084400000, 0x0000000084500000|  0%| F|  |TAMS 0x0000000084400000, 0x0000000084400000| Untracked 
|  69|0x0000000084500000, 0x0000000084500000, 0x0000000084600000|  0%| F|  |TAMS 0x0000000084500000, 0x0000000084500000| Untracked 
|  70|0x0000000084600000, 0x0000000084600000, 0x0000000084700000|  0%| F|  |TAMS 0x0000000084600000, 0x0000000084600000| Untracked 
|  71|0x0000000084700000, 0x0000000084700000, 0x0000000084800000|  0%| F|  |TAMS 0x0000000084700000, 0x0000000084700000| Untracked 
|  72|0x0000000084800000, 0x0000000084800000, 0x0000000084900000|  0%| F|  |TAMS 0x0000000084800000, 0x0000000084800000| Untracked 
|  73|0x0000000084900000, 0x0000000084900000, 0x0000000084a00000|  0%| F|  |TAMS 0x0000000084900000, 0x0000000084900000| Untracked 
|  74|0x0000000084a00000, 0x0000000084a00000, 0x0000000084b00000|  0%| F|  |TAMS 0x0000000084a00000, 0x0000000084a00000| Untracked 
|  75|0x0000000084b00000, 0x0000000084b00000, 0x0000000084c00000|  0%| F|  |TAMS 0x0000000084b00000, 0x0000000084b00000| Untracked 
|  76|0x0000000084c00000, 0x0000000084c00000, 0x0000000084d00000|  0%| F|  |TAMS 0x0000000084c00000, 0x0000000084c00000| Untracked 
|  77|0x0000000084d00000, 0x0000000084d00000, 0x0000000084e00000|  0%| F|  |TAMS 0x0000000084d00000, 0x0000000084d00000| Untracked 
|  78|0x0000000084e00000, 0x0000000084e00000, 0x0000000084f00000|  0%| F|  |TAMS 0x0000000084e00000, 0x0000000084e00000| Untracked 
|  79|0x0000000084f00000, 0x0000000084f00000, 0x0000000085000000|  0%| F|  |TAMS 0x0000000084f00000, 0x0000000084f00000| Untracked 
|  80|0x0000000085000000, 0x0000000085000000, 0x0000000085100000|  0%| F|  |TAMS 0x0000000085000000, 0x0000000085000000| Untracked 
|  81|0x0000000085100000, 0x0000000085100000, 0x0000000085200000|  0%| F|  |TAMS 0x0000000085100000, 0x0000000085100000| Untracked 
|  82|0x0000000085200000, 0x0000000085200000, 0x0000000085300000|  0%| F|  |TAMS 0x0000000085200000, 0x0000000085200000| Untracked 
|  83|0x0000000085300000, 0x0000000085310b30, 0x0000000085400000|  6%| S|CS|TAMS 0x0000000085300000, 0x0000000085300000| Complete 
|  84|0x0000000085400000, 0x0000000085500000, 0x0000000085500000|100%| S|CS|TAMS 0x0000000085400000, 0x0000000085400000| Complete 
|  85|0x0000000085500000, 0x0000000085500000, 0x0000000085600000|  0%| F|  |TAMS 0x0000000085500000, 0x0000000085500000| Untracked 
|  86|0x0000000085600000, 0x0000000085600000, 0x0000000085700000|  0%| F|  |TAMS 0x0000000085600000, 0x0000000085600000| Untracked 
|  87|0x0000000085700000, 0x0000000085700000, 0x0000000085800000|  0%| F|  |TAMS 0x0000000085700000, 0x0000000085700000| Untracked 
|  88|0x0000000085800000, 0x0000000085800000, 0x0000000085900000|  0%| F|  |TAMS 0x0000000085800000, 0x0000000085800000| Untracked 
|  89|0x0000000085900000, 0x0000000085900000, 0x0000000085a00000|  0%| F|  |TAMS 0x0000000085900000, 0x0000000085900000| Untracked 
|  90|0x0000000085a00000, 0x0000000085a00000, 0x0000000085b00000|  0%| F|  |TAMS 0x0000000085a00000, 0x0000000085a00000| Untracked 
|  91|0x0000000085b00000, 0x0000000085b00000, 0x0000000085c00000|  0%| F|  |TAMS 0x0000000085b00000, 0x0000000085b00000| Untracked 
|  92|0x0000000085c00000, 0x0000000085c00000, 0x0000000085d00000|  0%| F|  |TAMS 0x0000000085c00000, 0x0000000085c00000| Untracked 
|  93|0x0000000085d00000, 0x0000000085d00000, 0x0000000085e00000|  0%| F|  |TAMS 0x0000000085d00000, 0x0000000085d00000| Untracked 
|  94|0x0000000085e00000, 0x0000000085e00000, 0x0000000085f00000|  0%| F|  |TAMS 0x0000000085e00000, 0x0000000085e00000| Untracked 
|  95|0x0000000085f00000, 0x0000000085f00000, 0x0000000086000000|  0%| F|  |TAMS 0x0000000085f00000, 0x0000000085f00000| Untracked 
|  96|0x0000000086000000, 0x0000000086000000, 0x0000000086100000|  0%| F|  |TAMS 0x0000000086000000, 0x0000000086000000| Untracked 
|  97|0x0000000086100000, 0x0000000086100000, 0x0000000086200000|  0%| F|  |TAMS 0x0000000086100000, 0x0000000086100000| Untracked 
|  98|0x0000000086200000, 0x0000000086200000, 0x0000000086300000|  0%| F|  |TAMS 0x0000000086200000, 0x0000000086200000| Untracked 
|  99|0x0000000086300000, 0x0000000086300000, 0x0000000086400000|  0%| F|  |TAMS 0x0000000086300000, 0x0000000086300000| Untracked 
| 100|0x0000000086400000, 0x0000000086400000, 0x0000000086500000|  0%| F|  |TAMS 0x0000000086400000, 0x0000000086400000| Untracked 
| 101|0x0000000086500000, 0x0000000086500000, 0x0000000086600000|  0%| F|  |TAMS 0x0000000086500000, 0x0000000086500000| Untracked 
| 102|0x0000000086600000, 0x00000000866dcdf8, 0x0000000086700000| 86%| E|  |TAMS 0x0000000086600000, 0x0000000086600000| Complete 
| 103|0x0000000086700000, 0x0000000086800000, 0x0000000086800000|100%| E|CS|TAMS 0x0000000086700000, 0x0000000086700000| Complete 
| 104|0x0000000086800000, 0x0000000086900000, 0x0000000086900000|100%| E|CS|TAMS 0x0000000086800000, 0x0000000086800000| Complete 
| 105|0x0000000086900000, 0x0000000086a00000, 0x0000000086a00000|100%| E|CS|TAMS 0x0000000086900000, 0x0000000086900000| Complete 
| 106|0x0000000086a00000, 0x0000000086b00000, 0x0000000086b00000|100%| E|CS|TAMS 0x0000000086a00000, 0x0000000086a00000| Complete 
| 107|0x0000000086b00000, 0x0000000086c00000, 0x0000000086c00000|100%| E|CS|TAMS 0x0000000086b00000, 0x0000000086b00000| Complete 
| 108|0x0000000086c00000, 0x0000000086d00000, 0x0000000086d00000|100%| E|CS|TAMS 0x0000000086c00000, 0x0000000086c00000| Complete 
| 109|0x0000000086d00000, 0x0000000086e00000, 0x0000000086e00000|100%| E|CS|TAMS 0x0000000086d00000, 0x0000000086d00000| Complete 
| 110|0x0000000086e00000, 0x0000000086f00000, 0x0000000086f00000|100%| E|CS|TAMS 0x0000000086e00000, 0x0000000086e00000| Complete 
| 195|0x000000008c300000, 0x000000008c400000, 0x000000008c400000|100%| E|CS|TAMS 0x000000008c300000, 0x000000008c300000| Complete 
| 196|0x000000008c400000, 0x000000008c500000, 0x000000008c500000|100%| E|CS|TAMS 0x000000008c400000, 0x000000008c400000| Complete 
| 197|0x000000008c500000, 0x000000008c600000, 0x000000008c600000|100%| E|CS|TAMS 0x000000008c500000, 0x000000008c500000| Complete 
| 198|0x000000008c600000, 0x000000008c700000, 0x000000008c700000|100%| E|CS|TAMS 0x000000008c600000, 0x000000008c600000| Complete 
| 199|0x000000008c700000, 0x000000008c800000, 0x000000008c800000|100%| E|CS|TAMS 0x000000008c700000, 0x000000008c700000| Complete 
| 200|0x000000008c800000, 0x000000008c900000, 0x000000008c900000|100%| E|CS|TAMS 0x000000008c800000, 0x000000008c800000| Complete 
| 201|0x000000008c900000, 0x000000008ca00000, 0x000000008ca00000|100%| E|CS|TAMS 0x000000008c900000, 0x000000008c900000| Complete 
| 202|0x000000008ca00000, 0x000000008cb00000, 0x000000008cb00000|100%| E|CS|TAMS 0x000000008ca00000, 0x000000008ca00000| Complete 
| 251|0x000000008fb00000, 0x000000008fc00000, 0x000000008fc00000|100%| E|CS|TAMS 0x000000008fb00000, 0x000000008fb00000| Complete 

Card table byte_map: [0x000001f44b260000,0x000001f44b660000] _byte_map_base: 0x000001f44ae60000

Marking Bits (Prev, Next): (CMBitMap*) 0x000001f437f2c280, (CMBitMap*) 0x000001f437f2c2c0
 Prev Bits: [0x000001f44ba60000, 0x000001f44da60000)
 Next Bits: [0x000001f44da60000, 0x000001f44fa60000)

Polling page: 0x000001f437690000

Metaspace:

Usage:
  Non-class:     48.35 MB used.
      Class:      7.51 MB used.
       Both:     55.85 MB used.

Virtual space:
  Non-class space:       64.00 MB reserved,      48.62 MB ( 76%) committed,  1 nodes.
      Class space:        1.00 GB reserved,       7.75 MB ( <1%) committed,  1 nodes.
             Both:        1.06 GB reserved,      56.38 MB (  5%) committed. 

Chunk freelists:
   Non-Class:  14.45 MB
       Class:  8.20 MB
        Both:  22.66 MB

MaxMetaspaceSize: unlimited
CompressedClassSpaceSize: 1.00 GB
Initial GC threshold: 21.00 MB
Current GC threshold: 91.56 MB
CDS: off
MetaspaceReclaimPolicy: balanced
 - commit_granule_bytes: 65536.
 - commit_granule_words: 8192.
 - virtual_space_node_default_size: 8388608.
 - enlarge_chunks_in_place: 1.
 - new_chunks_are_fully_committed: 0.
 - uncommit_free_chunks: 1.
 - use_allocation_guard: 0.
 - handle_deallocations: 1.


Internal statistics:

num_allocs_failed_limit: 6.
num_arena_births: 626.
num_arena_deaths: 0.
num_vsnodes_births: 2.
num_vsnodes_deaths: 0.
num_space_committed: 902.
num_space_uncommitted: 0.
num_chunks_returned_to_freelist: 6.
num_chunks_taken_from_freelist: 2501.
num_chunk_merges: 6.
num_chunk_splits: 1681.
num_chunks_enlarged: 1156.
num_inconsistent_stats: 0.

CodeHeap 'non-profiled nmethods': size=119168Kb used=3027Kb max_used=3409Kb free=116140Kb
 bounds [0x000001f442f40000, 0x000001f4432a0000, 0x000001f44a3a0000]
CodeHeap 'profiled nmethods': size=119104Kb used=10799Kb max_used=10799Kb free=108304Kb
 bounds [0x000001f43b3a0000, 0x000001f43be30000, 0x000001f4427f0000]
CodeHeap 'non-nmethods': size=7488Kb used=4007Kb max_used=4094Kb free=3480Kb
 bounds [0x000001f4427f0000, 0x000001f442c00000, 0x000001f442f40000]
 total_blobs=6571 nmethods=5732 adapters=747
 compilation: enabled
              stopped_count=0, restarted_count=0
 full_count=0

Compilation events (20 events):
Event: 3.863 Thread 0x000001f4530096e0 nmethod 6521 0x000001f442fe5690 code [0x000001f442fe5820, 0x000001f442fe58f8]
Event: 3.863 Thread 0x000001f452e8bd90 nmethod 6519 0x000001f43be1b990 code [0x000001f43be1bca0, 0x000001f43be1c9a8]
Event: 3.865 Thread 0x000001f452e8bd90 6522       3       java.lang.invoke.BoundMethodHandle$SpeciesData::extendWith (62 bytes)
Event: 3.865 Thread 0x000001f4530096e0 6523       1       com.google.common.collect.ImmutableMapEntry::isReusable (2 bytes)
Event: 3.865 Thread 0x000001f4530096e0 nmethod 6523 0x000001f442fe5390 code [0x000001f442fe5520, 0x000001f442fe55f8]
Event: 3.865 Thread 0x000001f4530096e0 6524       3       com.google.common.collect.ImmutableMapEntry::<init> (12 bytes)
Event: 3.865 Thread 0x000001f45300c010 6525       3       com.google.common.collect.ImmutableEntry::<init> (15 bytes)
Event: 3.865 Thread 0x000001f4530091d0 6526       3       com.google.common.collect.AbstractMapEntry::<init> (5 bytes)
Event: 3.865 Thread 0x000001f4530091d0 nmethod 6526 0x000001f43be1cf10 code [0x000001f43be1d0a0, 0x000001f43be1d1f8]
Event: 3.865 Thread 0x000001f4530096e0 nmethod 6524 0x000001f43be1d290 code [0x000001f43be1d440, 0x000001f43be1d748]
Event: 3.865 Thread 0x000001f45300c010 nmethod 6525 0x000001f43be1d890 code [0x000001f43be1da40, 0x000001f43be1dcb8]
Event: 3.865 Thread 0x000001f452e8bd90 nmethod 6522 0x000001f43be1dd90 code [0x000001f43be1e000, 0x000001f43be1ea38]
Event: 3.867 Thread 0x000001f4530091d0 6527       3       com.google.common.collect.Sets::newHashSet (8 bytes)
Event: 3.867 Thread 0x000001f4530091d0 nmethod 6527 0x000001f43be1ed90 code [0x000001f43be1ef60, 0x000001f43be1f3f8]
Event: 3.867 Thread 0x000001f4530091d0 6528       3       org.gradle.internal.dispatch.ProxyDispatchAdapter$DispatchingInvocationHandler::invoke (184 bytes)
Event: 3.868 Thread 0x000001f452e8bd90 6529       3       org.gradle.internal.dispatch.MethodInvocation::<init> (25 bytes)
Event: 3.868 Thread 0x000001f4530096e0 6530       3       org.gradle.internal.snapshot.impl.AbstractValueProcessor::processValue (775 bytes)
Event: 3.868 Thread 0x000001f452e8bd90 nmethod 6529 0x000001f43be1f590 code [0x000001f43be1f740, 0x000001f43be1f9b8]
Event: 3.869 Thread 0x000001f4530091d0 nmethod 6528 0x000001f43be1fa90 code [0x000001f43be1ff60, 0x000001f43be22468]
Event: 3.870 Thread 0x000001f4530096e0 nmethod 6530 0x000001f43be23010 code [0x000001f43be23a40, 0x000001f43be2aac8]

GC Heap History (20 events):
Event: 2.194 GC heap before
{Heap before GC invocations=7 (full 0):
 garbage-first heap   total 68608K, used 36477K [0x0000000080000000, 0x0000000100000000)
  region size 1024K, 18 young (18432K), 3 survivors (3072K)
 Metaspace       used 35791K, committed 36096K, reserved 1114112K
  class space    used 4950K, committed 5120K, reserved 1048576K
}
Event: 2.196 GC heap after
{Heap after GC invocations=8 (full 0):
 garbage-first heap   total 68608K, used 24690K [0x0000000080000000, 0x0000000100000000)
  region size 1024K, 3 young (3072K), 3 survivors (3072K)
 Metaspace       used 35791K, committed 36096K, reserved 1114112K
  class space    used 4950K, committed 5120K, reserved 1048576K
}
Event: 2.416 GC heap before
{Heap before GC invocations=9 (full 0):
 garbage-first heap   total 68608K, used 50290K [0x0000000080000000, 0x0000000100000000)
  region size 1024K, 29 young (29696K), 3 survivors (3072K)
 Metaspace       used 41278K, committed 41664K, reserved 1114112K
  class space    used 5474K, committed 5632K, reserved 1048576K
}
Event: 2.420 GC heap after
{Heap after GC invocations=10 (full 0):
 garbage-first heap   total 88064K, used 27940K [0x0000000080000000, 0x0000000100000000)
  region size 1024K, 4 young (4096K), 4 survivors (4096K)
 Metaspace       used 41278K, committed 41664K, reserved 1114112K
  class space    used 5474K, committed 5632K, reserved 1048576K
}
Event: 2.698 GC heap before
{Heap before GC invocations=10 (full 0):
 garbage-first heap   total 88064K, used 70948K [0x0000000080000000, 0x0000000100000000)
  region size 1024K, 41 young (41984K), 4 survivors (4096K)
 Metaspace       used 44141K, committed 44608K, reserved 1114112K
  class space    used 5803K, committed 6016K, reserved 1048576K
}
Event: 2.701 GC heap after
{Heap after GC invocations=11 (full 0):
 garbage-first heap   total 88064K, used 30341K [0x0000000080000000, 0x0000000100000000)
  region size 1024K, 6 young (6144K), 6 survivors (6144K)
 Metaspace       used 44141K, committed 44608K, reserved 1114112K
  class space    used 5803K, committed 6016K, reserved 1048576K
}
Event: 2.998 GC heap before
{Heap before GC invocations=11 (full 0):
 garbage-first heap   total 88064K, used 69253K [0x0000000080000000, 0x0000000100000000)
  region size 1024K, 42 young (43008K), 6 survivors (6144K)
 Metaspace       used 48379K, committed 48832K, reserved 1114112K
  class space    used 6410K, committed 6592K, reserved 1048576K
}
Event: 3.001 GC heap after
{Heap after GC invocations=12 (full 0):
 garbage-first heap   total 88064K, used 33151K [0x0000000080000000, 0x0000000100000000)
  region size 1024K, 6 young (6144K), 6 survivors (6144K)
 Metaspace       used 48379K, committed 48832K, reserved 1114112K
  class space    used 6410K, committed 6592K, reserved 1048576K
}
Event: 3.301 GC heap before
{Heap before GC invocations=12 (full 0):
 garbage-first heap   total 88064K, used 66943K [0x0000000080000000, 0x0000000100000000)
  region size 1024K, 39 young (39936K), 6 survivors (6144K)
 Metaspace       used 52540K, committed 53056K, reserved 1114112K
  class space    used 7074K, committed 7296K, reserved 1048576K
}
Event: 3.304 GC heap after
{Heap after GC invocations=13 (full 0):
 garbage-first heap   total 88064K, used 34143K [0x0000000080000000, 0x0000000100000000)
  region size 1024K, 4 young (4096K), 4 survivors (4096K)
 Metaspace       used 52540K, committed 53056K, reserved 1114112K
  class space    used 7074K, committed 7296K, reserved 1048576K
}
Event: 3.624 GC heap before
{Heap before GC invocations=13 (full 0):
 garbage-first heap   total 88064K, used 67935K [0x0000000080000000, 0x0000000100000000)
  region size 1024K, 38 young (38912K), 4 survivors (4096K)
 Metaspace       used 54482K, committed 54912K, reserved 1114112K
  class space    used 7312K, committed 7488K, reserved 1048576K
}
Event: 3.627 GC heap after
{Heap after GC invocations=14 (full 0):
 garbage-first heap   total 88064K, used 38786K [0x0000000080000000, 0x0000000100000000)
  region size 1024K, 5 young (5120K), 5 survivors (5120K)
 Metaspace       used 54482K, committed 54912K, reserved 1114112K
  class space    used 7312K, committed 7488K, reserved 1048576K
}
Event: 3.668 GC heap before
{Heap before GC invocations=14 (full 0):
 garbage-first heap   total 88064K, used 48002K [0x0000000080000000, 0x0000000100000000)
  region size 1024K, 12 young (12288K), 5 survivors (5120K)
 Metaspace       used 54601K, committed 55168K, reserved 1114112K
  class space    used 7319K, committed 7616K, reserved 1048576K
}
Event: 3.670 GC heap after
{Heap after GC invocations=15 (full 0):
 garbage-first heap   total 88064K, used 45682K [0x0000000080000000, 0x0000000100000000)
  region size 1024K, 3 young (3072K), 3 survivors (3072K)
 Metaspace       used 54601K, committed 55168K, reserved 1114112K
  class space    used 7319K, committed 7616K, reserved 1048576K
}
Event: 3.692 GC heap before
{Heap before GC invocations=16 (full 0):
 garbage-first heap   total 88064K, used 50802K [0x0000000080000000, 0x0000000100000000)
  region size 1024K, 7 young (7168K), 3 survivors (3072K)
 Metaspace       used 54691K, committed 55296K, reserved 1114112K
  class space    used 7327K, committed 7616K, reserved 1048576K
}
Event: 3.693 GC heap after
{Heap after GC invocations=17 (full 0):
 garbage-first heap   total 88064K, used 50120K [0x0000000080000000, 0x0000000100000000)
  region size 1024K, 4 young (4096K), 4 survivors (4096K)
 Metaspace       used 54691K, committed 55296K, reserved 1114112K
  class space    used 7327K, committed 7616K, reserved 1048576K
}
Event: 3.716 GC heap before
{Heap before GC invocations=18 (full 0):
 garbage-first heap   total 99328K, used 58312K [0x0000000080000000, 0x0000000100000000)
  region size 1024K, 9 young (9216K), 4 survivors (4096K)
 Metaspace       used 54701K, committed 55296K, reserved 1114112K
  class space    used 7329K, committed 7616K, reserved 1048576K
}
Event: 3.718 GC heap after
{Heap after GC invocations=19 (full 0):
 garbage-first heap   total 99328K, used 57433K [0x0000000080000000, 0x0000000100000000)
  region size 1024K, 3 young (3072K), 3 survivors (3072K)
 Metaspace       used 54701K, committed 55296K, reserved 1114112K
  class space    used 7329K, committed 7616K, reserved 1048576K
}
Event: 3.768 GC heap before
{Heap before GC invocations=20 (full 0):
 garbage-first heap   total 102400K, used 68697K [0x0000000080000000, 0x0000000100000000)
  region size 1024K, 15 young (15360K), 3 survivors (3072K)
 Metaspace       used 55603K, committed 56128K, reserved 1114112K
  class space    used 7440K, committed 7680K, reserved 1048576K
}
Event: 3.770 GC heap after
{Heap after GC invocations=21 (full 0):
 garbage-first heap   total 122880K, used 59464K [0x0000000080000000, 0x0000000100000000)
  region size 1024K, 2 young (2048K), 2 survivors (2048K)
 Metaspace       used 55603K, committed 56128K, reserved 1114112K
  class space    used 7440K, committed 7680K, reserved 1048576K
}

Dll operation events (3 events):
Event: 0.006 Loaded shared library C:\Program Files\Android\Android Studio\jbr\bin\java.dll
Event: 0.118 Loaded shared library C:\Program Files\Android\Android Studio\jbr\bin\zip.dll
Event: 0.324 Loaded shared library C:\Program Files\Android\Android Studio\jbr\bin\verify.dll

Deoptimization events (20 events):
Event: 3.718 Thread 0x000001f458b47be0 DEOPT PACKING pc=0x000001f43b44dce9 sp=0x0000009019cf5910
Event: 3.718 Thread 0x000001f458b47be0 DEOPT UNPACKING pc=0x000001f442847143 sp=0x0000009019cf4e90 mode 0
Event: 3.720 Thread 0x000001f458b47be0 Uncommon trap: trap_request=0xffffffde fr.pc=0x000001f44314f030 relative=0x0000000000002790
Event: 3.720 Thread 0x000001f458b47be0 Uncommon trap: reason=class_check action=maybe_recompile pc=0x000001f44314f030 method=java.util.jar.JarFile.getManifestFromReference()Ljava/util/jar/Manifest; @ 152 c2
Event: 3.720 Thread 0x000001f458b47be0 DEOPT PACKING pc=0x000001f44314f030 sp=0x0000009019cf6190
Event: 3.720 Thread 0x000001f458b47be0 DEOPT UNPACKING pc=0x000001f4428469a3 sp=0x0000009019cf6100 mode 2
Event: 3.760 Thread 0x000001f458b47be0 Uncommon trap: trap_request=0xffffffde fr.pc=0x000001f44314f030 relative=0x0000000000002790
Event: 3.760 Thread 0x000001f458b47be0 Uncommon trap: reason=class_check action=maybe_recompile pc=0x000001f44314f030 method=java.util.jar.JarFile.getManifestFromReference()Ljava/util/jar/Manifest; @ 152 c2
Event: 3.760 Thread 0x000001f458b47be0 DEOPT PACKING pc=0x000001f44314f030 sp=0x0000009019cf6140
Event: 3.760 Thread 0x000001f458b47be0 DEOPT UNPACKING pc=0x000001f4428469a3 sp=0x0000009019cf60b0 mode 2
Event: 3.770 Thread 0x000001f458b47be0 DEOPT PACKING pc=0x000001f43b44dce9 sp=0x0000009019cf0ee0
Event: 3.770 Thread 0x000001f458b47be0 DEOPT UNPACKING pc=0x000001f442847143 sp=0x0000009019cf0460 mode 0
Event: 3.798 Thread 0x000001f458b47be0 Uncommon trap: trap_request=0xffffffde fr.pc=0x000001f44314f030 relative=0x0000000000002790
Event: 3.798 Thread 0x000001f458b47be0 Uncommon trap: reason=class_check action=maybe_recompile pc=0x000001f44314f030 method=java.util.jar.JarFile.getManifestFromReference()Ljava/util/jar/Manifest; @ 152 c2
Event: 3.798 Thread 0x000001f458b47be0 DEOPT PACKING pc=0x000001f44314f030 sp=0x0000009019cf4ea0
Event: 3.798 Thread 0x000001f458b47be0 DEOPT UNPACKING pc=0x000001f4428469a3 sp=0x0000009019cf4e10 mode 2
Event: 3.819 Thread 0x000001f458b47be0 Uncommon trap: trap_request=0xffffff45 fr.pc=0x000001f443191f58 relative=0x00000000000036f8
Event: 3.819 Thread 0x000001f458b47be0 Uncommon trap: reason=unstable_if action=reinterpret pc=0x000001f443191f58 method=org.objectweb.asm.Frame.execute(IILorg/objectweb/asm/Symbol;Lorg/objectweb/asm/SymbolTable;)V @ 1 c2
Event: 3.819 Thread 0x000001f458b47be0 DEOPT PACKING pc=0x000001f443191f58 sp=0x0000009019cf6440
Event: 3.819 Thread 0x000001f458b47be0 DEOPT UNPACKING pc=0x000001f4428469a3 sp=0x0000009019cf63e8 mode 2

Classes unloaded (0 events):
No events

Classes redefined (0 events):
No events

Internal exceptions (20 events):
Event: 3.333 Thread 0x000001f458b47be0 Exception <a 'java/lang/NoSuchMethodError'{0x000000008c9cab58}: 'java.lang.Object java.lang.invoke.DirectMethodHandle$Holder.invokeSpecial(java.lang.Object, java.lang.Object, java.lang.Object, java.lang.Object, java.lang.Object, java.lang.Object, int)'> (0x000000008c9cab58) 
thrown [s\src\hotspot\share\interpreter\linkResolver.cpp, line 771]
Event: 3.343 Thread 0x000001f458b47be0 Exception <a 'java/lang/NoSuchMethodError'{0x000000008c8b3720}: 'void java.lang.invoke.DirectMethodHandle$Holder.invokeStatic(java.lang.Object, java.lang.Object, java.lang.Object, int, java.lang.Object)'> (0x000000008c8b3720) 
thrown [s\src\hotspot\share\interpreter\linkResolver.cpp, line 771]
Event: 3.396 Thread 0x000001f458b47be0 Exception <a 'java/lang/NoSuchMethodError'{0x000000008c43d8d8}: 'java.lang.Object java.lang.invoke.DirectMethodHandle$Holder.newInvokeSpecial(java.lang.Object, java.lang.Object, int)'> (0x000000008c43d8d8) 
thrown [s\src\hotspot\share\interpreter\linkResolver.cpp, line 771]
Event: 3.527 Thread 0x000001f458b47be0 Implicit null exception at 0x000001f442fae470 to 0x000001f442fae6c8
Event: 3.618 Thread 0x000001f458b47be0 Exception <a 'java/lang/NoSuchMethodError'{0x0000000083129848}: 'long java.lang.invoke.DirectMethodHandle$Holder.invokeVirtual(java.lang.Object, java.lang.Object)'> (0x0000000083129848) 
thrown [s\src\hotspot\share\interpreter\linkResolver.cpp, line 771]
Event: 3.620 Thread 0x000001f4596141b0 Exception <a 'java/lang/NoSuchMethodError'{0x0000000083189958}: static Lorg/gradle/internal/build/event/types/DefaultOperationFinishedProgressEvent;.<clinit>()V> (0x0000000083189958) 
thrown [s\src\hotspot\share\prims\jni.cpp, line 1108]
Event: 3.622 Thread 0x000001f4596141b0 Exception <a 'java/lang/NoSuchMethodError'{0x00000000831afa98}: static Lorg/gradle/internal/build/event/types/DefaultProjectConfigurationSuccessResult;.<clinit>()V> (0x00000000831afa98) 
thrown [s\src\hotspot\share\prims\jni.cpp, line 1108]
Event: 3.622 Thread 0x000001f4596141b0 Exception <a 'java/lang/NoSuchMethodError'{0x00000000831b0dd0}: static Lorg/gradle/internal/build/event/types/AbstractProjectConfigurationResult;.<clinit>()V> (0x00000000831b0dd0) 
thrown [s\src\hotspot\share\prims\jni.cpp, line 1108]
Event: 3.622 Thread 0x000001f4596141b0 Exception <a 'java/lang/NoSuchMethodError'{0x00000000831b22c0}: static Lorg/gradle/internal/build/event/types/AbstractOperationResult;.<clinit>()V> (0x00000000831b22c0) 
thrown [s\src\hotspot\share\prims\jni.cpp, line 1108]
Event: 3.622 Thread 0x000001f4596141b0 Exception <a 'java/lang/NoSuchMethodError'{0x00000000831b3510}: static Lorg/gradle/internal/build/event/types/AbstractResult;.<clinit>()V> (0x00000000831b3510) 
thrown [s\src\hotspot\share\prims\jni.cpp, line 1108]
Event: 3.623 Thread 0x000001f4596141b0 Exception <a 'java/lang/NoSuchMethodError'{0x00000000831c95d0}: static Lorg/gradle/internal/build/event/types/DefaultPluginApplicationResult;.<clinit>()V> (0x00000000831c95d0) 
thrown [s\src\hotspot\share\prims\jni.cpp, line 1108]
Event: 3.624 Thread 0x000001f4596141b0 Exception <a 'java/lang/NoSuchMethodError'{0x00000000831d4d68}: static Lorg/gradle/internal/build/event/types/DefaultBinaryPluginIdentifier;.<clinit>()V> (0x00000000831d4d68) 
thrown [s\src\hotspot\share\prims\jni.cpp, line 1108]
Event: 3.629 Thread 0x000001f4596141b0 Exception <a 'java/lang/NoSuchMethodError'{0x000000008fbb72f8}: static Lorg/gradle/internal/build/event/types/DefaultScriptPluginIdentifier;.<clinit>()V> (0x000000008fbb72f8) 
thrown [s\src\hotspot\share\prims\jni.cpp, line 1108]
Event: 3.658 Thread 0x000001f458b47be0 Implicit null exception at 0x000001f443263b92 to 0x000001f4432641f4
Event: 3.713 Thread 0x000001f458b47be0 Exception <a 'java/lang/ClassNotFoundException'{0x000000008c437530}: sun/misc/SharedSecrets> (0x000000008c437530) 
thrown [s\src\hotspot\share\classfile\systemDictionary.cpp, line 256]
Event: 3.713 Thread 0x000001f458b47be0 Exception <a 'java/lang/ClassNotFoundException'{0x000000008c438b08}: org/gradle/api/internal/plugins/DefaultObjectConfigurationActionBeanInfo> (0x000000008c438b08) 
thrown [s\src\hotspot\share\classfile\systemDictionary.cpp, line 256]
Event: 3.714 Thread 0x000001f458b47be0 Exception <a 'java/lang/ClassNotFoundException'{0x000000008c44d450}: org/gradle/api/internal/plugins/DefaultObjectConfigurationActionCustomizer> (0x000000008c44d450) 
thrown [s\src\hotspot\share\classfile\systemDictionary.cpp, line 256]
Event: 3.812 Thread 0x000001f458b47be0 Exception <a 'java/lang/NoSuchMethodError'{0x000000008c4a60b8}: 'java.lang.Object java.lang.invoke.DirectMethodHandle$Holder.newInvokeSpecial(java.lang.Object, java.lang.Object, java.lang.Object, java.lang.Object, int)'> (0x000000008c4a60b8) 
thrown [s\src\hotspot\share\interpreter\linkResolver.cpp, line 771]
Event: 3.812 Thread 0x000001f458b47be0 Exception <a 'java/lang/NoSuchMethodError'{0x000000008c4ab4b8}: 'java.lang.Object java.lang.invoke.DirectMethodHandle$Holder.invokeSpecial(java.lang.Object, java.lang.Object, java.lang.Object, java.lang.Object, java.lang.Object, int)'> (0x000000008c4ab4b8) 
thrown [s\src\hotspot\share\interpreter\linkResolver.cpp, line 771]
Event: 3.812 Thread 0x000001f458b47be0 Exception <a 'java/lang/NoSuchMethodError'{0x000000008c4b01f0}: 'java.lang.Object java.lang.invoke.Invokers$Holder.linkToTargetMethod(java.lang.Object, java.lang.Object, java.lang.Object, int, java.lang.Object)'> (0x000000008c4b01f0) 
thrown [s\src\hotspot\share\interpreter\linkResolver.cpp, line 771]

VM Operations (20 events):
Event: 3.686 Executing VM operation: G1Concurrent
Event: 3.686 Executing VM operation: G1Concurrent done
Event: 3.691 Executing VM operation: G1TryInitiateConcMark
Event: 3.693 Executing VM operation: G1TryInitiateConcMark done
Event: 3.703 Executing VM operation: G1Concurrent
Event: 3.705 Executing VM operation: G1Concurrent done
Event: 3.711 Executing VM operation: G1Concurrent
Event: 3.712 Executing VM operation: G1Concurrent done
Event: 3.716 Executing VM operation: G1TryInitiateConcMark
Event: 3.718 Executing VM operation: G1TryInitiateConcMark done
Event: 3.727 Executing VM operation: G1Concurrent
Event: 3.728 Executing VM operation: G1Concurrent done
Event: 3.733 Executing VM operation: G1Concurrent
Event: 3.734 Executing VM operation: G1Concurrent done
Event: 3.768 Executing VM operation: G1TryInitiateConcMark
Event: 3.770 Executing VM operation: G1TryInitiateConcMark done
Event: 3.778 Executing VM operation: G1Concurrent
Event: 3.779 Executing VM operation: G1Concurrent done
Event: 3.784 Executing VM operation: G1Concurrent
Event: 3.784 Executing VM operation: G1Concurrent done

Events (20 events):
Event: 3.619 loading class java/util/stream/SortedOps done
Event: 3.619 loading class java/util/stream/SortedOps$OfRef
Event: 3.619 loading class java/util/stream/ReferencePipeline$StatefulOp
Event: 3.619 loading class java/util/stream/ReferencePipeline$StatefulOp done
Event: 3.619 loading class java/util/stream/SortedOps$OfRef done
Event: 3.619 loading class java/util/stream/SortedOps$RefSortingSink
Event: 3.619 loading class java/util/stream/SortedOps$AbstractRefSortingSink
Event: 3.619 loading class java/util/stream/SortedOps$AbstractRefSortingSink done
Event: 3.619 loading class java/util/stream/SortedOps$RefSortingSink done
Event: 3.628 loading class java/time/Ser
Event: 3.628 loading class java/time/Ser done
Event: 3.713 loading class sun/misc/SharedSecrets
Event: 3.713 loading class sun/misc/SharedSecrets done
Event: 3.714 loading class jdk/internal/reflect/UnsafeObjectFieldAccessorImpl
Event: 3.714 loading class jdk/internal/reflect/UnsafeObjectFieldAccessorImpl done
Event: 3.749 Thread 0x000001f45b9fe520 Thread exited: 0x000001f45b9fe520
Event: 3.827 loading class sun/reflect/ReflectionFactory
Event: 3.827 loading class sun/reflect/ReflectionFactory done
Event: 3.827 loading class sun/reflect/ReflectionFactory$1
Event: 3.827 loading class sun/reflect/ReflectionFactory$1 done


Dynamic libraries:
0x00007ff647c80000 - 0x00007ff647c8a000 	C:\Program Files\Android\Android Studio\jbr\bin\java.exe
0x00007ffc3e050000 - 0x00007ffc3e266000 	C:\Windows\SYSTEM32\ntdll.dll
0x00007ffc3bda0000 - 0x00007ffc3be64000 	C:\Windows\System32\KERNEL32.DLL
0x00007ffc3b540000 - 0x00007ffc3b8e6000 	C:\Windows\System32\KERNELBASE.dll
0x00007ffc3bc50000 - 0x00007ffc3bd61000 	C:\Windows\System32\ucrtbase.dll
0x00007ffc2c370000 - 0x00007ffc2c387000 	C:\Program Files\Android\Android Studio\jbr\bin\jli.dll
0x00007ffc27de0000 - 0x00007ffc27dfb000 	C:\Program Files\Android\Android Studio\jbr\bin\VCRUNTIME140.dll
0x00007ffc3c420000 - 0x00007ffc3c5cd000 	C:\Windows\System32\USER32.dll
0x00007ffc3bd70000 - 0x00007ffc3bd96000 	C:\Windows\System32\win32u.dll
0x00007ffc0dec0000 - 0x00007ffc0e153000 	C:\Windows\WinSxS\amd64_microsoft.windows.common-controls_6595b64144ccf1df_6.0.22621.3235_none_270f74e173860f98\COMCTL32.dll
0x00007ffc3bff0000 - 0x00007ffc3c019000 	C:\Windows\System32\GDI32.dll
0x00007ffc3c0f0000 - 0x00007ffc3c197000 	C:\Windows\System32\msvcrt.dll
0x00007ffc3b920000 - 0x00007ffc3ba38000 	C:\Windows\System32\gdi32full.dll
0x00007ffc3bbb0000 - 0x00007ffc3bc4a000 	C:\Windows\System32\msvcp_win.dll
0x00007ffc3d400000 - 0x00007ffc3d431000 	C:\Windows\System32\IMM32.DLL
0x00007ffc27dd0000 - 0x00007ffc27ddc000 	C:\Program Files\Android\Android Studio\jbr\bin\vcruntime140_1.dll
0x00007ffbe6410000 - 0x00007ffbe649d000 	C:\Program Files\Android\Android Studio\jbr\bin\msvcp140.dll
0x00007ffbb0870000 - 0x00007ffbb14f0000 	C:\Program Files\Android\Android Studio\jbr\bin\server\jvm.dll
0x00007ffc3c020000 - 0x00007ffc3c0d2000 	C:\Windows\System32\ADVAPI32.dll
0x00007ffc3cc10000 - 0x00007ffc3ccb8000 	C:\Windows\System32\sechost.dll
0x00007ffc3b8f0000 - 0x00007ffc3b918000 	C:\Windows\System32\bcrypt.dll
0x00007ffc3bed0000 - 0x00007ffc3bfe5000 	C:\Windows\System32\RPCRT4.dll
0x00007ffc13670000 - 0x00007ffc13679000 	C:\Windows\SYSTEM32\WSOCK32.dll
0x00007ffc3c1c0000 - 0x00007ffc3c231000 	C:\Windows\System32\WS2_32.dll
0x00007ffc2da60000 - 0x00007ffc2da94000 	C:\Windows\SYSTEM32\WINMM.dll
0x00007ffc287f0000 - 0x00007ffc287fa000 	C:\Windows\SYSTEM32\VERSION.dll
0x00007ffc3a490000 - 0x00007ffc3a4a8000 	C:\Windows\SYSTEM32\kernel.appcore.dll
0x00007ffc32700000 - 0x00007ffc3270a000 	C:\Program Files\Android\Android Studio\jbr\bin\jimage.dll
0x00007ffc38770000 - 0x00007ffc389a3000 	C:\Windows\SYSTEM32\DBGHELP.DLL
0x00007ffc3cd70000 - 0x00007ffc3d0f8000 	C:\Windows\System32\combase.dll
0x00007ffc3de20000 - 0x00007ffc3def7000 	C:\Windows\System32\OLEAUT32.dll
0x00007ffc204f0000 - 0x00007ffc20522000 	C:\Windows\SYSTEM32\dbgcore.DLL
0x00007ffc3b4c0000 - 0x00007ffc3b53a000 	C:\Windows\System32\bcryptPrimitives.dll
0x00007ffc2c390000 - 0x00007ffc2c39e000 	C:\Program Files\Android\Android Studio\jbr\bin\instrument.dll
0x00007ffc2ea20000 - 0x00007ffc2ea45000 	C:\Program Files\Android\Android Studio\jbr\bin\java.dll
0x00007ffc31bb0000 - 0x00007ffc31bc8000 	C:\Program Files\Android\Android Studio\jbr\bin\zip.dll
0x00007ffc3d5a0000 - 0x00007ffc3ddfd000 	C:\Windows\System32\SHELL32.dll
0x00007ffc392b0000 - 0x00007ffc39ba8000 	C:\Windows\SYSTEM32\windows.storage.dll
0x00007ffc39170000 - 0x00007ffc392ae000 	C:\Windows\SYSTEM32\wintypes.dll
0x00007ffc3d100000 - 0x00007ffc3d1f3000 	C:\Windows\System32\SHCORE.dll
0x00007ffc3c3c0000 - 0x00007ffc3c41e000 	C:\Windows\System32\shlwapi.dll
0x00007ffc3b2c0000 - 0x00007ffc3b2e6000 	C:\Windows\SYSTEM32\profapi.dll
0x00007ffc2ee80000 - 0x00007ffc2ee99000 	C:\Program Files\Android\Android Studio\jbr\bin\net.dll
0x00007ffc32180000 - 0x00007ffc322b7000 	C:\Windows\SYSTEM32\WINHTTP.dll
0x00007ffc3a920000 - 0x00007ffc3a989000 	C:\Windows\system32\mswsock.dll
0x00007ffc2c3a0000 - 0x00007ffc2c3b6000 	C:\Program Files\Android\Android Studio\jbr\bin\nio.dll
0x00007ffc2edb0000 - 0x00007ffc2edc0000 	C:\Program Files\Android\Android Studio\jbr\bin\verify.dll
0x00007ffbf72a0000 - 0x00007ffbf72c7000 	C:\Users\ASUS\.gradle\native\68d5fa5c4cc2d200863cafc0d521ce42e7d3e7ee720ec0a83991735586a16f82\windows-amd64\native-platform.dll
0x00007ffbe5690000 - 0x00007ffbe57d4000 	C:\Users\ASUS\.gradle\native\e376f236ea51e6404a007f0833ffe2c6e607c4080706a723a18a27aeea778392\windows-amd64\native-platform-file-events.dll
0x00007ffc2dc40000 - 0x00007ffc2dc49000 	C:\Program Files\Android\Android Studio\jbr\bin\management.dll
0x00007ffc2db90000 - 0x00007ffc2db9b000 	C:\Program Files\Android\Android Studio\jbr\bin\management_ext.dll
0x00007ffc3c240000 - 0x00007ffc3c248000 	C:\Windows\System32\PSAPI.DLL
0x00007ffc3ab70000 - 0x00007ffc3ab8b000 	C:\Windows\SYSTEM32\CRYPTSP.dll
0x00007ffc3a3f0000 - 0x00007ffc3a425000 	C:\Windows\system32\rsaenh.dll
0x00007ffc3aa10000 - 0x00007ffc3aa3c000 	C:\Windows\SYSTEM32\USERENV.dll
0x00007ffc3ab90000 - 0x00007ffc3ab9c000 	C:\Windows\SYSTEM32\CRYPTBASE.dll
0x00007ffc39e70000 - 0x00007ffc39e9d000 	C:\Windows\SYSTEM32\IPHLPAPI.DLL
0x00007ffc3c250000 - 0x00007ffc3c259000 	C:\Windows\System32\NSI.dll
0x00007ffc31e50000 - 0x00007ffc31e69000 	C:\Windows\SYSTEM32\dhcpcsvc6.DLL
0x00007ffc31db0000 - 0x00007ffc31dcf000 	C:\Windows\SYSTEM32\dhcpcsvc.DLL
0x00007ffc39ee0000 - 0x00007ffc39fd9000 	C:\Windows\SYSTEM32\DNSAPI.dll
0x00007ffc00160000 - 0x00007ffc00168000 	C:\Windows\system32\wshunix.dll

dbghelp: loaded successfully - version: 4.0.5 - missing functions: none
symbol engine: initialized successfully - sym options: 0x614 - pdb path: .;C:\Program Files\Android\Android Studio\jbr\bin;C:\Windows\SYSTEM32;C:\Windows\WinSxS\amd64_microsoft.windows.common-controls_6595b64144ccf1df_6.0.22621.3235_none_270f74e173860f98;C:\Program Files\Android\Android Studio\jbr\bin\server;C:\Users\ASUS\.gradle\native\68d5fa5c4cc2d200863cafc0d521ce42e7d3e7ee720ec0a83991735586a16f82\windows-amd64;C:\Users\ASUS\.gradle\native\e376f236ea51e6404a007f0833ffe2c6e607c4080706a723a18a27aeea778392\windows-amd64

VM Arguments:
jvm_args: --add-opens=java.base/java.util=ALL-UNNAMED --add-opens=java.base/java.lang=ALL-UNNAMED --add-opens=java.base/java.lang.invoke=ALL-UNNAMED --add-opens=java.prefs/java.util.prefs=ALL-UNNAMED --add-opens=java.base/java.nio.charset=ALL-UNNAMED --add-opens=java.base/java.net=ALL-UNNAMED --add-opens=java.base/java.util.concurrent.atomic=ALL-UNNAMED -Xmx2048m -Dfile.encoding=UTF-8 -Duser.country=US -Duser.language=en -Duser.variant -javaagent:C:\Users\ASUS\.gradle\wrapper\dists\gradle-8.2-bin\bbg7u40eoinfdyxsxr3z4i7ta\gradle-8.2\lib\agents\gradle-instrumentation-agent-8.2.jar 
java_command: org.gradle.launcher.daemon.bootstrap.GradleDaemon 8.2
java_class_path (initial): C:\Users\ASUS\.gradle\wrapper\dists\gradle-8.2-bin\bbg7u40eoinfdyxsxr3z4i7ta\gradle-8.2\lib\gradle-launcher-8.2.jar
Launcher Type: SUN_STANDARD

[Global flags]
     intx CICompilerCount                          = 12                                        {product} {ergonomic}
     uint ConcGCThreads                            = 4                                         {product} {ergonomic}
     uint G1ConcRefinementThreads                  = 15                                        {product} {ergonomic}
   size_t G1HeapRegionSize                         = 1048576                                   {product} {ergonomic}
    uintx GCDrainStackTargetSize                   = 64                                        {product} {ergonomic}
   size_t InitialHeapSize                          = 264241152                                 {product} {ergonomic}
   size_t MarkStackSize                            = 4194304                                   {product} {ergonomic}
   size_t MaxHeapSize                              = 2147483648                                {product} {command line}
   size_t MaxNewSize                               = 1287651328                                {product} {ergonomic}
   size_t MinHeapDeltaBytes                        = 1048576                                   {product} {ergonomic}
   size_t MinHeapSize                              = 8388608                                   {product} {ergonomic}
    uintx NonNMethodCodeHeapSize                   = 7602480                                {pd product} {ergonomic}
    uintx NonProfiledCodeHeapSize                  = 122027880                              {pd product} {ergonomic}
    uintx ProfiledCodeHeapSize                     = 122027880                              {pd product} {ergonomic}
    uintx ReservedCodeCacheSize                    = 251658240                              {pd product} {ergonomic}
     bool SegmentedCodeCache                       = true                                      {product} {ergonomic}
   size_t SoftMaxHeapSize                          = 2147483648                             {manageable} {ergonomic}
     bool UseCompressedClassPointers               = true                           {product lp64_product} {ergonomic}
     bool UseCompressedOops                        = true                           {product lp64_product} {ergonomic}
     bool UseG1GC                                  = true                                      {product} {ergonomic}
     bool UseLargePagesIndividualAllocation        = false                                  {pd product} {ergonomic}

Logging:
Log output configuration:
 #0: stdout all=warning uptime,level,tags
 #1: stderr all=off uptime,level,tags

Environment Variables:
PATH=C:\Program Files\Common Files\Oracle\Java\javapath;C:\Windows\system32;C:\Windows;C:\Windows\System32\Wbem;C:\Windows\System32\WindowsPowerShell\v1.0\;C:\Windows\System32\OpenSSH\;C:\Program Files\Azure Data Studio\bin;C:\Program Files\Microsoft SQL Server\Client SDK\ODBC\170\Tools\Binn\;C:\Program Files (x86)\Microsoft SQL Server\150\Tools\Binn\;C:\Program Files\Microsoft SQL Server\150\Tools\Binn\;C:\Program Files\Microsoft SQL Server\150\DTS\Binn\;C:\Program Files (x86)\Microsoft SQL Server\160\DTS\Binn\;C:\Program Files\Git\cmd;C:\Program Files\nodejs\;C:\Program Files\Cloudflare\Cloudflare WARP\;C:\Program Files\MongoDB\Server\7.0\bin;C:\Users\ASUS\AppData\Local\Programs\Python\Launcher\;C:\Program Files\MySQL\MySQL Shell 8.0\bin\;C:\Users\ASUS\AppData\Local\Microsoft\WindowsApps;C:\Program Files\Azure Data Studio\bin;C:\Users\ASUS\AppData\Local\Programs\Microsoft VS Code\bin;C:\Users\ASUS\AppData\Roaming\npm;C:\Users\ASUS\AppData\Local\JetBrains\PyCharm Community Edition 2023.3.2\bin;;C:\Users\ASUS\AppData\Local\GitHubDesktop\bin
USERNAME=ASUS
OS=Windows_NT
PROCESSOR_IDENTIFIER=Intel64 Family 6 Model 186 Stepping 2, GenuineIntel
TMP=C:\Users\ASUS\AppData\Local\Temp
TEMP=C:\Users\ASUS\AppData\Local\Temp


JNI global refs:
JNI global refs: 34, weak refs: 0

JNI global refs memory usage: 843, weak refs: 841

OOME stack traces (most recent first):
Classloader memory used:
Loader org.gradle.internal.classloader.VisitableURLClassLoader                         : 3361K
Loader bootstrap                                                                       : 2421K
Loader org.gradle.initialization.MixInLegacyTypesClassLoader                           : 991K
Loader org.gradle.internal.classloader.VisitableURLClassLoader$InstrumentingVisitableURLClassLoader: 272K
Loader jdk.internal.loader.ClassLoaders$PlatformClassLoader                            : 66162B
Loader jdk.internal.loader.ClassLoaders$AppClassLoader                                 : 28352B
Loader jdk.internal.reflect.DelegatingClassLoader                                      : 14504B
Loader org.gradle.groovy.scripts.internal.DefaultScriptCompilationHandler$ScriptClassLoader: 1712B
Loader org.codehaus.groovy.runtime.callsite.CallSiteClassLoader                        : 356B

Classes loaded by more than one classloader:
Class Program                                                                         : loaded 4 times (x 72B)
Class com.google.common.collect.Iterators$MergingIterator                             : loaded 2 times (x 79B)
Class [Lcom.google.common.collect.AbstractMapEntry;                                   : loaded 2 times (x 67B)
Class com.google.common.collect.SingletonImmutableList                                : loaded 2 times (x 167B)
Class org.gradle.internal.classpath.ClassPath                                         : loaded 2 times (x 68B)
Class org.gradle.api.internal.classpath.DefaultModuleRegistry                         : loaded 2 times (x 84B)
Class Settings_gradle$1$1                                                             : loaded 2 times (x 72B)
Class com.google.common.collect.ListMultimap                                          : loaded 2 times (x 68B)
Class com.google.common.base.CharMatcher$JavaDigit                                    : loaded 2 times (x 109B)
Class com.google.common.base.CharMatcher$Digit                                        : loaded 2 times (x 110B)
Class com.google.common.collect.AbstractMultimap                                      : loaded 2 times (x 121B)
Class org.gradle.api.Action                                                           : loaded 2 times (x 68B)
Class com.google.common.collect.ImmutableEntry                                        : loaded 2 times (x 80B)
Class com.google.common.collect.Lists$StringAsImmutableList                           : loaded 2 times (x 167B)
Class com.google.common.base.CharMatcher                                              : loaded 2 times (x 109B)
Class com.google.common.base.CharMatcher$IsNot                                        : loaded 2 times (x 109B)
Class com.google.common.base.Splitter                                                 : loaded 2 times (x 70B)
Class com.google.common.collect.Iterators$ArrayItr                                    : loaded 2 times (x 95B)
Class org.gradle.api.internal.DefaultClassPathProvider                                : loaded 2 times (x 74B)
Class org.gradle.internal.installation.GradleInstallation$1                           : loaded 2 times (x 73B)
Class com.google.common.base.CharMatcher$BitSetMatcher                                : loaded 2 times (x 110B)
Class com.google.common.collect.ImmutableMap$IteratorBasedImmutableMap                : loaded 2 times (x 123B)
Class com.google.common.collect.ImmutableMap                                          : loaded 2 times (x 118B)
Class com.google.common.base.Converter                                                : loaded 2 times (x 88B)
Class com.google.common.collect.ImmutableSet$EmptySetBuilderImpl                      : loaded 2 times (x 74B)
Class com.google.common.base.Predicate                                                : loaded 2 times (x 68B)
Class org.gradle.internal.classloader.FilteringClassLoader                            : loaded 2 times (x 102B)
Class com.google.common.collect.RegularImmutableSet                                   : loaded 2 times (x 146B)
Class org.gradle.internal.classpath.DefaultClassPath$ImmutableUniqueList$Builder      : loaded 2 times (x 73B)
Class com.google.common.collect.Maps$8                                                : loaded 2 times (x 80B)
Class com.google.common.base.CharMatcher$InRange                                      : loaded 2 times (x 109B)
Class com.google.common.collect.BiMap                                                 : loaded 2 times (x 68B)
Class com.google.common.collect.Lists                                                 : loaded 2 times (x 69B)
Class com.google.common.math.IntMath$1                                                : loaded 2 times (x 69B)
Class org.gradle.internal.classloader.ClassLoaderVisitor                              : loaded 2 times (x 74B)
Class com.google.common.math.MathPreconditions                                        : loaded 2 times (x 69B)
Class org.gradle.internal.service.DefaultServiceLocator                               : loaded 2 times (x 81B)
Class org.gradle.internal.service.UnknownServiceException                             : loaded 2 times (x 81B)
Class com.google.common.collect.ArrayListMultimap                                     : loaded 2 times (x 170B)
Class org.gradle.internal.classloader.DefaultClassLoaderFactory                       : loaded 2 times (x 80B)
Class com.google.common.collect.UnmodifiableIterator                                  : loaded 2 times (x 78B)
Class com.google.common.base.CharMatcher$SingleWidth                                  : loaded 2 times (x 110B)
Class com.google.common.collect.Hashing                                               : loaded 2 times (x 69B)
Class com.google.common.base.JdkPattern                                               : loaded 2 times (x 73B)
Class com.google.common.collect.Multimap                                              : loaded 2 times (x 68B)
Class org.gradle.internal.classloader.VisitableURLClassLoader$Spec                    : loaded 2 times (x 72B)
Class org.gradle.api.GradleException                                                  : loaded 2 times (x 80B)
Class com.google.common.base.CharMatcher$JavaLetterOrDigit                            : loaded 2 times (x 109B)
Class org.gradle.api.internal.classpath.ModuleRegistry                                : loaded 2 times (x 68B)
Class com.google.common.collect.ImmutableCollection                                   : loaded 2 times (x 123B)
Class org.gradle.api.internal.ClassPathProvider                                       : loaded 2 times (x 68B)
Class com.google.common.collect.RegularImmutableMap$Values                            : loaded 2 times (x 167B)
Class org.gradle.internal.classloader.ClasspathUtil$1                                 : loaded 2 times (x 74B)
Class com.google.common.collect.ImmutableEnumMap                                      : loaded 2 times (x 123B)
Class com.google.common.collect.ImmutableList$ReverseImmutableList                    : loaded 2 times (x 168B)
Class org.gradle.internal.classloader.ClassLoaderFactory                              : loaded 2 times (x 68B)
Class com.google.common.collect.ObjectArrays                                          : loaded 2 times (x 69B)
Class com.google.common.collect.Iterators$10                                          : loaded 2 times (x 79B)
Class com.google.common.collect.ImmutableList                                         : loaded 2 times (x 166B)
Class org.gradle.api.internal.classpath.ManifestUtil                                  : loaded 2 times (x 69B)
Class org.gradle.api.specs.Spec                                                       : loaded 2 times (x 68B)
Class com.google.common.base.CharMatcher$Whitespace                                   : loaded 2 times (x 110B)
Class com.google.common.collect.Iterators$1                                           : loaded 2 times (x 79B)
Class com.google.common.collect.Iterators$4                                           : loaded 2 times (x 80B)
Class com.google.common.collect.RegularImmutableMap$BucketOverflowException           : loaded 2 times (x 80B)
Class com.google.common.collect.Iterators$5                                           : loaded 2 times (x 80B)
Class com.google.common.base.Preconditions                                            : loaded 2 times (x 69B)
Class com.google.common.base.Function                                                 : loaded 2 times (x 68B)
Class com.google.common.collect.Iterators$9                                           : loaded 2 times (x 79B)
Class org.gradle.internal.IoActions                                                   : loaded 2 times (x 69B)
Class com.google.common.collect.RegularImmutableMap$KeySet                            : loaded 2 times (x 148B)
Class com.google.common.collect.CollectPreconditions                                  : loaded 2 times (x 69B)
Class com.google.common.collect.Maps                                                  : loaded 2 times (x 69B)
Class com.google.common.collect.RegularImmutableMap                                   : loaded 2 times (x 119B)
Class com.google.common.collect.AbstractIndexedListIterator                           : loaded 2 times (x 94B)
Class com.google.common.base.CharMatcher$None                                         : loaded 2 times (x 110B)
Class org.gradle.api.internal.classpath.EffectiveClassPath                            : loaded 2 times (x 88B)
Class com.google.common.collect.UnmodifiableListIterator                              : loaded 2 times (x 93B)
Class com.google.common.collect.ImmutableList$1                                       : loaded 2 times (x 95B)
Class com.google.common.base.Splitter$Strategy                                        : loaded 2 times (x 68B)
Class com.google.common.collect.ImmutableMapEntrySet$RegularEntrySet                  : loaded 2 times (x 149B)
Class [Lcom.google.common.collect.ImmutableMapEntry;                                  : loaded 2 times (x 67B)
Class org.gradle.internal.installation.CurrentGradleInstallation                      : loaded 2 times (x 71B)
Class org.gradle.internal.agents.InstrumentingClassLoader                             : loaded 2 times (x 68B)
Class org.gradle.internal.installation.CurrentGradleInstallationLocator               : loaded 2 times (x 69B)
Class org.gradle.api.internal.classpath.Module                                        : loaded 2 times (x 68B)
Class com.google.common.base.Splitter$1$1                                             : loaded 2 times (x 84B)
Class com.google.common.collect.ImmutableSet$JdkBackedSetBuilderImpl                  : loaded 2 times (x 74B)
Class com.google.common.collect.ImmutableSet$RegularSetBuilderImpl                    : loaded 2 times (x 75B)
Class org.gradle.internal.service.CachingServiceLocator                               : loaded 2 times (x 80B)
Class [Lcom.google.common.collect.ImmutableEntry;                                     : loaded 2 times (x 67B)
Class org.gradle.internal.classpath.DefaultClassPath                                  : loaded 2 times (x 88B)
Class com.google.common.base.Splitter$SplittingIterator                               : loaded 2 times (x 82B)
Class com.google.common.base.CharMatcher$Is                                           : loaded 2 times (x 109B)
Class com.google.common.collect.RegularImmutableAsList                                : loaded 2 times (x 176B)
Class com.google.common.collect.PeekingIterator                                       : loaded 2 times (x 68B)
Class com.google.common.collect.ImmutableMapEntrySet                                  : loaded 2 times (x 149B)
Class com.google.common.collect.ImmutableBiMapFauxverideShim                          : loaded 2 times (x 118B)
Class org.gradle.internal.classloader.SystemClassLoaderSpec                           : loaded 2 times (x 69B)
Class com.google.common.collect.SingletonImmutableSet                                 : loaded 2 times (x 144B)
Class [Lcom.google.common.base.AbstractIterator$State;                                : loaded 2 times (x 67B)
Class com.google.common.collect.ImmutableMap$Builder                                  : loaded 2 times (x 80B)
Class com.google.common.base.AbstractIterator                                         : loaded 2 times (x 78B)
Class com.google.common.base.AbstractIterator$1                                       : loaded 2 times (x 69B)
Class com.google.common.collect.Iterators                                             : loaded 2 times (x 69B)
Class com.google.common.base.CharMatcher$1                                            : loaded 2 times (x 111B)
Class com.google.common.base.CharMatcher$Ascii                                        : loaded 2 times (x 110B)
Class org.gradle.api.UncheckedIOException                                             : loaded 2 times (x 80B)
Class com.google.common.base.CharMatcher$And                                          : loaded 2 times (x 110B)
Class com.google.common.collect.IndexedImmutableSet                                   : loaded 2 times (x 148B)
Class com.google.common.collect.AbstractListMultimap                                  : loaded 2 times (x 170B)
Class com.google.common.base.CharMatcher$Any                                          : loaded 2 times (x 110B)
Class org.gradle.internal.installation.GradleInstallation                             : loaded 2 times (x 73B)
Class com.google.common.collect.ArrayListMultimapGwtSerializationDependencies         : loaded 2 times (x 170B)
Class com.google.common.base.CharMatcher$RangesMatcher                                : loaded 2 times (x 110B)
Class com.google.common.collect.ImmutableList$SubList                                 : loaded 2 times (x 168B)
Class org.gradle.internal.classloader.ClasspathUtil                                   : loaded 2 times (x 69B)
Class com.google.common.base.Splitter$1                                               : loaded 2 times (x 75B)
Class com.google.common.collect.Maps$BiMapConverter                                   : loaded 2 times (x 88B)
Class org.gradle.api.internal.DefaultClassPathRegistry                                : loaded 2 times (x 74B)
Class com.google.common.collect.ImmutableSet$SetBuilderImpl                           : loaded 2 times (x 74B)
Class org.gradle.api.internal.classpath.DefaultModuleRegistry$DefaultModule           : loaded 2 times (x 84B)
Class com.google.common.base.CharMatcher$JavaIsoControl                               : loaded 2 times (x 110B)
Class com.google.common.collect.ImmutableMap$1                                        : loaded 2 times (x 79B)
Class com.google.common.base.CharMatcher$Or                                           : loaded 2 times (x 110B)
Class com.google.common.collect.Iterables                                             : loaded 2 times (x 69B)
Class com.google.common.base.CharMatcher$JavaLowerCase                                : loaded 2 times (x 109B)
Class org.gradle.api.internal.classpath.UnknownModuleException                        : loaded 2 times (x 80B)
Class com.google.common.collect.Maps$EntryTransformer                                 : loaded 2 times (x 68B)
Class com.google.common.collect.ImmutableCollection$Builder                           : loaded 2 times (x 74B)
Class com.google.common.base.CommonPattern                                            : loaded 2 times (x 72B)
Class org.gradle.internal.service.ServiceLookupException                              : loaded 2 times (x 80B)
Class org.gradle.cache.GlobalCache                                                    : loaded 2 times (x 68B)
Class com.google.common.base.CharMatcher$NegatedFastMatcher                           : loaded 2 times (x 111B)
Class [Lorg.gradle.api.internal.ClassPathProvider;                                    : loaded 2 times (x 67B)
Class org.gradle.util.internal.GUtil                                                  : loaded 2 times (x 69B)
Class com.google.common.math.IntMath                                                  : loaded 2 times (x 69B)
Class com.google.common.collect.AbstractIterator                                      : loaded 2 times (x 80B)
Class org.gradle.internal.classloader.ClassLoaderSpec                                 : loaded 2 times (x 69B)
Class com.google.common.base.NullnessCasts                                            : loaded 2 times (x 69B)
Class com.google.common.collect.AbstractMapEntry                                      : loaded 2 times (x 79B)
Class com.google.common.base.CharMatcher$Negated                                      : loaded 2 times (x 111B)
Class com.google.common.collect.ImmutableSet$Builder                                  : loaded 2 times (x 83B)
Class com.google.common.base.CharMatcher$ForPredicate                                 : loaded 2 times (x 110B)
Class com.google.common.collect.ImmutableMap$MapViewOfValuesAsSingletonSets           : loaded 2 times (x 123B)
Class com.google.common.collect.SortedMapDifference                                   : loaded 2 times (x 68B)
Class org.gradle.internal.classloader.VisitableURLClassLoader                         : loaded 2 times (x 114B)
Class com.google.common.collect.ImmutableBiMap                                        : loaded 2 times (x 141B)
Class org.gradle.internal.Cast                                                        : loaded 2 times (x 69B)
Class org.gradle.api.internal.ClassPathRegistry                                       : loaded 2 times (x 68B)
Class com.google.common.collect.ImmutableSet                                          : loaded 2 times (x 143B)
Class org.gradle.internal.classloader.VisitableURLClassLoader$InstrumentingVisitableURLClassLoader: loaded 2 times (x 120B)
Class org.gradle.internal.classloader.ClassLoaderHierarchy                            : loaded 2 times (x 68B)
Class com.google.common.base.AbstractIterator$State                                   : loaded 2 times (x 77B)
Class com.google.common.base.CharMatcher$NamedFastMatcher                             : loaded 2 times (x 110B)
Class org.gradle.internal.InternalTransformer                                         : loaded 2 times (x 68B)
Class org.gradle.internal.service.ServiceLocator                                      : loaded 2 times (x 68B)
Class Settings_gradle$1                                                               : loaded 2 times (x 72B)
Class com.google.common.collect.ImmutableMapEntry                                     : loaded 2 times (x 83B)
Class com.google.common.base.CharMatcher$Invisible                                    : loaded 2 times (x 110B)
Class com.google.common.base.CharMatcher$FastMatcher                                  : loaded 2 times (x 109B)
Class org.gradle.internal.classpath.DefaultClassPath$ImmutableUniqueList              : loaded 2 times (x 159B)
Class com.google.common.base.CharMatcher$JavaLetter                                   : loaded 2 times (x 109B)
Class org.gradle.internal.classpath.TransformedClassPath                              : loaded 2 times (x 94B)
Class com.google.common.collect.MapDifference                                         : loaded 2 times (x 68B)
Class Settings_gradle                                                                 : loaded 2 times (x 126B)
Class com.google.common.collect.Platform                                              : loaded 2 times (x 69B)
Class com.google.common.collect.ImmutableAsList                                       : loaded 2 times (x 169B)
Class com.google.common.base.CharMatcher$AnyOf                                        : loaded 2 times (x 110B)
Class com.google.common.base.CharMatcher$IsEither                                     : loaded 2 times (x 109B)
Class com.google.common.collect.RegularImmutableList                                  : loaded 2 times (x 172B)
Class com.google.common.base.CharMatcher$JavaUpperCase                                : loaded 2 times (x 109B)
Class com.google.common.collect.Multiset                                              : loaded 2 times (x 68B)
Class com.google.common.collect.ImmutableSet$CachingAsList                            : loaded 2 times (x 145B)
Class com.google.common.collect.ImmutableMapEntry$NonTerminalImmutableMapEntry        : loaded 2 times (x 83B)
Class com.google.common.collect.AbstractMapBasedMultimap                              : loaded 2 times (x 137B)


---------------  S Y S T E M  ---------------

OS:
 Windows 11 , 64 bit Build 22621 (10.0.22621.3235)
OS uptime: 13 days 20:14 hours
Hyper-V role detected

CPU: total 20 (initial active 20) (10 cores per cpu, 2 threads per core) family 6 model 186 stepping 2 microcode 0x410e, cx8, cmov, fxsr, ht, mmx, 3dnowpref, sse, sse2, sse3, ssse3, sse4.1, sse4.2, popcnt, lzcnt, tsc, tscinvbit, avx, avx2, aes, erms, clmul, bmi1, bmi2, adx, sha, fma, vzeroupper, clflush, clflushopt, clwb, hv

Memory: 4k page, system-wide physical 16003M (2280M free)
TotalPageFile size 16003M (AvailPageFile size 6M)
current process WorkingSet (physical memory assigned to process): 325M, peak: 325M
current process commit charge ("private bytes"): 394M, peak: 414M

vm_info: OpenJDK 64-Bit Server VM (17.0.7+0-b2043.56-10550314) for windows-amd64 JRE (17.0.7+0-b2043.56-10550314), built on Jul 24 2023 18:27:45 by "androidbuild" with MS VC++ 16.10 / 16.11 (VS2019)

END.
