#
# There is insufficient memory for the Java Runtime Environment to continue.
# Native memory allocation (malloc) failed to allocate 32744 bytes for ChunkPool::allocate
# Possible reasons:
#   The system is out of physical RAM or swap space
#   The process is running with CompressedOops enabled, and the Java Heap may be blocking the growth of the native heap
# Possible solutions:
#   Reduce memory load on the system
#   Increase physical memory or swap space
#   Check if swap backing store is full
#   Decrease Java heap size (-Xmx/-Xms)
#   Decrease number of Java threads
#   Decrease Java thread stack sizes (-Xss)
#   Set larger code cache with -XX:ReservedCodeCacheSize=
#   JVM is running with Unscaled Compressed Oops mode in which the Java heap is
#     placed in the first 4GB address space. The Java Heap base address is the
#     maximum limit for the native heap growth. Please use -XX:HeapBaseMinAddress
#     to set the Java Heap base and to place the Java Heap above 4GB virtual address.
# This output file may be truncated or incomplete.
#
#  Out of Memory Error (arena.cpp:78), pid=13860, tid=6024
#
# JRE version: OpenJDK Runtime Environment (17.0.7) (build 17.0.7+0-b2043.56-10550314)
# Java VM: OpenJDK 64-Bit Server VM (17.0.7+0-b2043.56-10550314, mixed mode, tiered, compressed oops, compressed class ptrs, g1 gc, windows-amd64)
# No core dump will be written. Minidumps are not enabled by default on client versions of Windows
#

---------------  S U M M A R Y ------------

Command Line: --add-opens=java.base/java.util=ALL-UNNAMED --add-opens=java.base/java.lang=ALL-UNNAMED --add-opens=java.base/java.lang.invoke=ALL-UNNAMED --add-opens=java.prefs/java.util.prefs=ALL-UNNAMED --add-opens=java.base/java.nio.charset=ALL-UNNAMED --add-opens=java.base/java.net=ALL-UNNAMED --add-opens=java.base/java.util.concurrent.atomic=ALL-UNNAMED -Xmx2048m -Dfile.encoding=UTF-8 -Duser.country=US -Duser.language=en -Duser.variant -javaagent:C:\Users\ASUS\.gradle\wrapper\dists\gradle-8.2-bin\bbg7u40eoinfdyxsxr3z4i7ta\gradle-8.2\lib\agents\gradle-instrumentation-agent-8.2.jar org.gradle.launcher.daemon.bootstrap.GradleDaemon 8.2

Host: 13th Gen Intel(R) Core(TM) i7-13700H, 20 cores, 15G,  Windows 11 , 64 bit Build 22621 (10.0.22621.3085)
Time: Mon Mar 11 00:43:21 2024 Sri Lanka Standard Time elapsed time: 55.463149 seconds (0d 0h 0m 55s)

---------------  T H R E A D  ---------------

Current thread (0x0000020135edcaf0):  JavaThread "C2 CompilerThread6" daemon [_thread_in_native, id=6024, stack(0x000000b680c00000,0x000000b680d00000)]


Current CompileTask:
C2:  55463 14888       4       java.io.DataOutputStream::writeUTF (411 bytes)

Stack: [0x000000b680c00000,0x000000b680d00000]
Native frames: (J=compiled Java code, j=interpreted, Vv=VM code, C=native code)
V  [jvm.dll+0x683bfa]
V  [jvm.dll+0x8430a4]
V  [jvm.dll+0x8449be]
V  [jvm.dll+0x845023]
V  [jvm.dll+0x24ad2f]
V  [jvm.dll+0xac47c]
V  [jvm.dll+0xac82c]
V  [jvm.dll+0x58c2b4]
V  [jvm.dll+0x225a12]
V  [jvm.dll+0x225def]
V  [jvm.dll+0x21f0b5]
V  [jvm.dll+0x21c56b]
V  [jvm.dll+0x1a605d]
V  [jvm.dll+0x22c148]
V  [jvm.dll+0x22a209]
V  [jvm.dll+0x7f858c]
V  [jvm.dll+0x7f2aea]
V  [jvm.dll+0x682a35]
C  [ucrtbase.dll+0x29363]
C  [KERNEL32.DLL+0x1257d]
C  [ntdll.dll+0x5aa58]


---------------  P R O C E S S  ---------------

Threads class SMR info:
_java_thread_list=0x000002013fd146e0, length=84, elements={
0x0000020111ea2470, 0x000002012cd36300, 0x000002012cd37170, 0x000002012ce0ed50,
0x000002012ce0fbc0, 0x000002012ce10cd0, 0x000002012ce2aca0, 0x000002012ce2ba30,
0x000002012ce344e0, 0x000002012ce4dc90, 0x000002012cf0d000, 0x000002012d11fe40,
0x0000020132d29d70, 0x0000020132d28f00, 0x0000020132d28090, 0x0000020132d28560,
0x0000020132d276f0, 0x0000020132d2a240, 0x0000020132d293d0, 0x00000201338f43a0,
0x00000201338f3ed0, 0x00000201338f56e0, 0x00000201338f4d40, 0x00000201338f3060,
0x00000201338f9f10, 0x00000201338f9570, 0x00000201338f6ef0, 0x00000201338f5bb0,
0x00000201338f90a0, 0x00000201338f6550, 0x00000201338f6a20, 0x00000201365abe40,
0x00000201365a8950, 0x00000201365aa630, 0x00000201365ad180, 0x00000201365a5930,
0x0000020136546080, 0x0000020136547890, 0x000002013654ad80, 0x000002013654b250,
0x0000020136548bd0, 0x000002013654d400, 0x000002013654b720, 0x000002013654d8d0,
0x0000020136546550, 0x000002013654c590, 0x0000020136549f10, 0x0000020135bc4690,
0x0000020135bbce40, 0x0000020135bc7b80, 0x0000020135bc4b60, 0x0000020135bc5030,
0x0000020136830370, 0x000002013682d820, 0x000002013682acd0, 0x000002013682c4e0,
0x000002013682dcf0, 0x000002013682e1c0, 0x00000201368294c0, 0x0000020136828ff0,
0x000002013682b1a0, 0x000002013682c010, 0x000002013682e690, 0x000002013682eb60,
0x000002013682b670, 0x000002013682bb40, 0x000002013682c9b0, 0x000002013682f500,
0x00000201366cfbc0, 0x00000201366d0090, 0x00000201366d30b0, 0x00000201366d5260,
0x00000201366d43f0, 0x000002012d4598d0, 0x000002012d459de0, 0x000002012d45a2f0,
0x000002012d45a800, 0x000002012d45ad10, 0x0000020135edcaf0, 0x00000201366ced50,
0x00000201366d4d90, 0x00000201366d48c0, 0x00000201366cf6f0, 0x00000201366d5c00
}

Java Threads: ( => current thread )
  0x0000020111ea2470 JavaThread "main" [_thread_blocked, id=3168, stack(0x000000b6ec100000,0x000000b6ec200000)]
  0x000002012cd36300 JavaThread "Reference Handler" daemon [_thread_blocked, id=10532, stack(0x000000b6ec800000,0x000000b6ec900000)]
  0x000002012cd37170 JavaThread "Finalizer" daemon [_thread_blocked, id=11112, stack(0x000000b6ec900000,0x000000b6eca00000)]
  0x000002012ce0ed50 JavaThread "Signal Dispatcher" daemon [_thread_blocked, id=10656, stack(0x000000b6eca00000,0x000000b6ecb00000)]
  0x000002012ce0fbc0 JavaThread "Attach Listener" daemon [_thread_blocked, id=2888, stack(0x000000b6ecb00000,0x000000b6ecc00000)]
  0x000002012ce10cd0 JavaThread "Service Thread" daemon [_thread_blocked, id=6964, stack(0x000000b6ecc00000,0x000000b6ecd00000)]
  0x000002012ce2aca0 JavaThread "Monitor Deflation Thread" daemon [_thread_blocked, id=7300, stack(0x000000b6ecd00000,0x000000b6ece00000)]
  0x000002012ce2ba30 JavaThread "C2 CompilerThread0" daemon [_thread_in_native, id=5560, stack(0x000000b6ece00000,0x000000b6ecf00000)]
  0x000002012ce344e0 JavaThread "C1 CompilerThread0" daemon [_thread_in_native, id=16600, stack(0x000000b6ecf00000,0x000000b6ed000000)]
  0x000002012ce4dc90 JavaThread "Sweeper thread" daemon [_thread_blocked, id=16512, stack(0x000000b6ed000000,0x000000b6ed100000)]
  0x000002012cf0d000 JavaThread "Common-Cleaner" daemon [_thread_blocked, id=8176, stack(0x000000b6ed100000,0x000000b6ed200000)]
  0x000002012d11fe40 JavaThread "Notification Thread" daemon [_thread_blocked, id=500, stack(0x000000b6ed400000,0x000000b6ed500000)]
  0x0000020132d29d70 JavaThread "Daemon health stats" [_thread_blocked, id=9736, stack(0x000000b6edf00000,0x000000b6ee000000)]
  0x0000020132d28f00 JavaThread "Incoming local TCP Connector on port 3541" [_thread_in_native, id=7776, stack(0x000000b6ee000000,0x000000b6ee100000)]
  0x0000020132d28090 JavaThread "Daemon periodic checks" [_thread_blocked, id=15244, stack(0x000000b6ee100000,0x000000b6ee200000)]
  0x0000020132d28560 JavaThread "Daemon" [_thread_blocked, id=8352, stack(0x000000b6ee200000,0x000000b6ee300000)]
  0x0000020132d276f0 JavaThread "Daemon worker" [_thread_in_vm, id=12764, stack(0x000000b6ee500000,0x000000b6ee600000)]
  0x0000020132d2a240 JavaThread "Cache worker for journal cache (C:\Users\ASUS\.gradle\caches\journal-1)" [_thread_blocked, id=16920, stack(0x000000b6ef500000,0x000000b6ef600000)]
  0x0000020132d293d0 JavaThread "File lock request listener" [_thread_in_native, id=12644, stack(0x000000b6ef600000,0x000000b6ef700000)]
  0x00000201338f43a0 JavaThread "Cache worker for file hash cache (C:\Users\ASUS\.gradle\caches\8.2\fileHashes)" [_thread_blocked, id=4988, stack(0x000000b6ef700000,0x000000b6ef800000)]
  0x00000201338f3ed0 JavaThread "File watcher server" daemon [_thread_in_native, id=11932, stack(0x000000b6ef800000,0x000000b6ef900000)]
  0x00000201338f56e0 JavaThread "File watcher consumer" daemon [_thread_blocked, id=4428, stack(0x000000b6ef900000,0x000000b6efa00000)]
  0x00000201338f4d40 JavaThread "Cache worker for file content cache (C:\Users\ASUS\.gradle\caches\8.2\fileContent)" [_thread_blocked, id=12104, stack(0x000000b6efc00000,0x000000b6efd00000)]
  0x00000201338f3060 JavaThread "Cache worker for execution history cache (C:\Users\ASUS\.gradle\caches\8.2\executionHistory)" [_thread_blocked, id=16392, stack(0x000000b6eff00000,0x000000b6f0000000)]
  0x00000201338f9f10 JavaThread "jar transforms" [_thread_blocked, id=10304, stack(0x000000b6f0000000,0x000000b6f0100000)]
  0x00000201338f9570 JavaThread "jar transforms Thread 2" [_thread_blocked, id=9648, stack(0x000000b6f0100000,0x000000b6f0200000)]
  0x00000201338f6ef0 JavaThread "Cache worker for kotlin-dsl (C:\Users\ASUS\.gradle\caches\8.2\kotlin-dsl)" [_thread_blocked, id=10136, stack(0x000000b6f0400000,0x000000b6f0500000)]
  0x00000201338f5bb0 JavaThread "jar transforms Thread 3" [_thread_blocked, id=12816, stack(0x000000b6f0500000,0x000000b6f0600000)]
  0x00000201338f90a0 JavaThread "jar transforms Thread 4" [_thread_blocked, id=15460, stack(0x000000b6f0600000,0x000000b6f0700000)]
  0x00000201338f6550 JavaThread "jar transforms Thread 5" [_thread_blocked, id=12448, stack(0x000000b6f0700000,0x000000b6f0800000)]
  0x00000201338f6a20 JavaThread "jar transforms Thread 6" [_thread_blocked, id=5288, stack(0x000000b6f0800000,0x000000b6f0900000)]
  0x00000201365abe40 JavaThread "jar transforms Thread 7" [_thread_blocked, id=10060, stack(0x000000b6f0b00000,0x000000b6f0c00000)]
  0x00000201365a8950 JavaThread "jar transforms Thread 8" [_thread_blocked, id=14688, stack(0x000000b6f0c00000,0x000000b6f0d00000)]
  0x00000201365aa630 JavaThread "jar transforms Thread 9" [_thread_blocked, id=15548, stack(0x000000b6f2000000,0x000000b6f2100000)]
  0x00000201365ad180 JavaThread "jar transforms Thread 10" [_thread_blocked, id=15332, stack(0x000000b6f2100000,0x000000b6f2200000)]
  0x00000201365a5930 JavaThread "jar transforms Thread 11" [_thread_blocked, id=1016, stack(0x000000b6f2200000,0x000000b6f2300000)]
  0x0000020136546080 JavaThread "jar transforms Thread 12" [_thread_blocked, id=16128, stack(0x000000b6f2300000,0x000000b6f2400000)]
  0x0000020136547890 JavaThread "jar transforms Thread 13" [_thread_blocked, id=15296, stack(0x000000b6f2400000,0x000000b6f2500000)]
  0x000002013654ad80 JavaThread "jar transforms Thread 14" [_thread_blocked, id=6552, stack(0x000000b6f2500000,0x000000b6f2600000)]
  0x000002013654b250 JavaThread "jar transforms Thread 15" [_thread_blocked, id=6780, stack(0x000000b6f2600000,0x000000b6f2700000)]
  0x0000020136548bd0 JavaThread "jar transforms Thread 16" [_thread_blocked, id=10400, stack(0x000000b6f2700000,0x000000b6f2800000)]
  0x000002013654d400 JavaThread "jar transforms Thread 17" [_thread_blocked, id=8596, stack(0x000000b6f2800000,0x000000b6f2900000)]
  0x000002013654b720 JavaThread "jar transforms Thread 18" [_thread_blocked, id=16440, stack(0x000000b6f2900000,0x000000b6f2a00000)]
  0x000002013654d8d0 JavaThread "jar transforms Thread 19" [_thread_blocked, id=4784, stack(0x000000b6f2a00000,0x000000b6f2b00000)]
  0x0000020136546550 JavaThread "jar transforms Thread 20" [_thread_blocked, id=17396, stack(0x000000b6f2b00000,0x000000b6f2c00000)]
  0x000002013654c590 JavaThread "Memory manager" [_thread_blocked, id=2268, stack(0x000000b6f2c00000,0x000000b6f2d00000)]
  0x0000020136549f10 JavaThread "included builds" [_thread_blocked, id=12544, stack(0x000000b6f3100000,0x000000b6f3200000)]
  0x0000020135bc4690 JavaThread "RMI Scheduler(0)" daemon [_thread_blocked, id=7364, stack(0x000000b6ed600000,0x000000b6ed700000)]
  0x0000020135bbce40 JavaThread "RMI GC Daemon" daemon [_thread_blocked, id=14600, stack(0x000000b6ed900000,0x000000b6eda00000)]
  0x0000020135bc7b80 JavaThread "RMI TCP Accept-0" daemon [_thread_in_native, id=5756, stack(0x000000b6f0200000,0x000000b6f0300000)]
  0x0000020135bc4b60 JavaThread "RMI Reaper" [_thread_blocked, id=2348, stack(0x000000b6f2d00000,0x000000b6f2e00000)]
  0x0000020135bc5030 JavaThread "RMI TCP Connection(idle)" daemon [_thread_blocked, id=12756, stack(0x000000b6fff00000,0x000000b700000000)]
  0x0000020136830370 JavaThread "ForkJoinPool.commonPool-worker-1" daemon [_thread_blocked, id=5108, stack(0x000000b681500000,0x000000b681600000)]
  0x000002013682d820 JavaThread "ForkJoinPool.commonPool-worker-2" daemon [_thread_blocked, id=4416, stack(0x000000b681600000,0x000000b681700000)]
  0x000002013682acd0 JavaThread "ForkJoinPool.commonPool-worker-3" daemon [_thread_blocked, id=14028, stack(0x000000b681700000,0x000000b681800000)]
  0x000002013682c4e0 JavaThread "ForkJoinPool.commonPool-worker-4" daemon [_thread_blocked, id=7980, stack(0x000000b681800000,0x000000b681900000)]
  0x000002013682dcf0 JavaThread "ForkJoinPool.commonPool-worker-5" daemon [_thread_blocked, id=13092, stack(0x000000b681900000,0x000000b681a00000)]
  0x000002013682e1c0 JavaThread "ForkJoinPool.commonPool-worker-6" daemon [_thread_blocked, id=7512, stack(0x000000b681a00000,0x000000b681b00000)]
  0x00000201368294c0 JavaThread "ForkJoinPool.commonPool-worker-7" daemon [_thread_blocked, id=9476, stack(0x000000b681b00000,0x000000b681c00000)]
  0x0000020136828ff0 JavaThread "ForkJoinPool.commonPool-worker-8" daemon [_thread_blocked, id=8664, stack(0x000000b681c00000,0x000000b681d00000)]
  0x000002013682b1a0 JavaThread "ForkJoinPool.commonPool-worker-9" daemon [_thread_blocked, id=15384, stack(0x000000b681d00000,0x000000b681e00000)]
  0x000002013682c010 JavaThread "ForkJoinPool.commonPool-worker-10" daemon [_thread_blocked, id=9744, stack(0x000000b681e00000,0x000000b681f00000)]
  0x000002013682e690 JavaThread "ForkJoinPool.commonPool-worker-11" daemon [_thread_blocked, id=8976, stack(0x000000b681f00000,0x000000b682000000)]
  0x000002013682eb60 JavaThread "ForkJoinPool.commonPool-worker-12" daemon [_thread_blocked, id=10632, stack(0x000000b682000000,0x000000b682100000)]
  0x000002013682b670 JavaThread "ForkJoinPool.commonPool-worker-13" daemon [_thread_blocked, id=12924, stack(0x000000b682100000,0x000000b682200000)]
  0x000002013682bb40 JavaThread "ForkJoinPool.commonPool-worker-14" daemon [_thread_blocked, id=12432, stack(0x000000b682200000,0x000000b682300000)]
  0x000002013682c9b0 JavaThread "ForkJoinPool.commonPool-worker-15" daemon [_thread_blocked, id=5872, stack(0x000000b682300000,0x000000b682400000)]
  0x000002013682f500 JavaThread "ForkJoinPool.commonPool-worker-16" daemon [_thread_blocked, id=4732, stack(0x000000b682400000,0x000000b682500000)]
  0x00000201366cfbc0 JavaThread "Handler for socket connection from /127.0.0.1:3541 to /127.0.0.1:3590" [_thread_in_native, id=15084, stack(0x000000b680200000,0x000000b680300000)]
  0x00000201366d0090 JavaThread "Cancel handler" [_thread_blocked, id=14972, stack(0x000000b680300000,0x000000b680400000)]
  0x00000201366d30b0 JavaThread "Asynchronous log dispatcher for DefaultDaemonConnection: socket connection from /127.0.0.1:3541 to /127.0.0.1:3590" [_thread_blocked, id=4328, stack(0x000000b680400000,0x000000b680500000)]
  0x00000201366d5260 JavaThread "Stdin handler" [_thread_blocked, id=14912, stack(0x000000b680500000,0x000000b680600000)]
  0x00000201366d43f0 JavaThread "Daemon client event forwarder" [_thread_blocked, id=7768, stack(0x000000b680600000,0x000000b680700000)]
  0x000002012d4598d0 JavaThread "C2 CompilerThread1" daemon [_thread_in_native, id=7632, stack(0x000000b680700000,0x000000b680800000)]
  0x000002012d459de0 JavaThread "C2 CompilerThread2" daemon [_thread_in_native, id=12972, stack(0x000000b680800000,0x000000b680900000)]
  0x000002012d45a2f0 JavaThread "C2 CompilerThread3" daemon [_thread_in_vm, id=9128, stack(0x000000b680900000,0x000000b680a00000)]
  0x000002012d45a800 JavaThread "C2 CompilerThread4" daemon [_thread_in_native, id=968, stack(0x000000b680a00000,0x000000b680b00000)]
  0x000002012d45ad10 JavaThread "C2 CompilerThread5" daemon [_thread_in_native, id=13760, stack(0x000000b680b00000,0x000000b680c00000)]
=>0x0000020135edcaf0 JavaThread "C2 CompilerThread6" daemon [_thread_in_native, id=6024, stack(0x000000b680c00000,0x000000b680d00000)]
  0x00000201366ced50 JavaThread "Cache worker for checksums cache (C:\Users\ASUS\AndroidStudioProjects\Exam02\.gradle\8.2\checksums)" [_thread_blocked, id=12488, stack(0x000000b680d00000,0x000000b680e00000)]
  0x00000201366d4d90 JavaThread "Cache worker for cache directory md-rule (C:\Users\ASUS\.gradle\caches\8.2\md-rule)" [_thread_blocked, id=11716, stack(0x000000b680e00000,0x000000b680f00000)]
  0x00000201366d48c0 JavaThread "Cache worker for file hash cache (C:\Users\ASUS\AndroidStudioProjects\Exam02\.gradle\8.2\fileHashes)" [_thread_blocked, id=5648, stack(0x000000b680f00000,0x000000b681000000)]
  0x00000201366cf6f0 JavaThread "Cache worker for cache directory md-supplier (C:\Users\ASUS\.gradle\caches\8.2\md-supplier)" [_thread_blocked, id=2076, stack(0x000000b681000000,0x000000b681100000)]
  0x00000201366d5c00 JavaThread "Cache worker for dependencies-accessors (C:\Users\ASUS\AndroidStudioProjects\Exam02\.gradle\8.2\dependencies-accessors)" [_thread_blocked, id=11140, stack(0x000000b681100000,0x000000b681200000)]

Other Threads:
  0x000002012cd2fc40 VMThread "VM Thread" [stack: 0x000000b6ec700000,0x000000b6ec800000] [id=15456]
  0x0000020111f3b330 WatcherThread [stack: 0x000000b6ed500000,0x000000b6ed600000] [id=3868]
  0x0000020111efe3a0 GCTaskThread "GC Thread#0" [stack: 0x000000b6ec200000,0x000000b6ec300000] [id=9184]
  0x0000020132d068c0 GCTaskThread "GC Thread#1" [stack: 0x000000b6eda00000,0x000000b6edb00000] [id=436]
  0x0000020132b68f60 GCTaskThread "GC Thread#2" [stack: 0x000000b6edb00000,0x000000b6edc00000] [id=11924]
  0x0000020132b69210 GCTaskThread "GC Thread#3" [stack: 0x000000b6edc00000,0x000000b6edd00000] [id=13792]
  0x000002013253d1b0 GCTaskThread "GC Thread#4" [stack: 0x000000b6edd00000,0x000000b6ede00000] [id=9060]
  0x00000201324f7460 GCTaskThread "GC Thread#5" [stack: 0x000000b6ede00000,0x000000b6edf00000] [id=15568]
  0x0000020132d9ed30 GCTaskThread "GC Thread#6" [stack: 0x000000b6ee900000,0x000000b6eea00000] [id=17164]
  0x0000020132d9efe0 GCTaskThread "GC Thread#7" [stack: 0x000000b6eea00000,0x000000b6eeb00000] [id=3360]
  0x0000020132da0560 GCTaskThread "GC Thread#8" [stack: 0x000000b6eeb00000,0x000000b6eec00000] [id=13140]
  0x0000020132da0000 GCTaskThread "GC Thread#9" [stack: 0x000000b6eec00000,0x000000b6eed00000] [id=3424]
  0x0000020132da0810 GCTaskThread "GC Thread#10" [stack: 0x000000b6eed00000,0x000000b6eee00000] [id=14856]
  0x0000020132d9fd50 GCTaskThread "GC Thread#11" [stack: 0x000000b6eee00000,0x000000b6eef00000] [id=16464]
  0x0000020132d9faa0 GCTaskThread "GC Thread#12" [stack: 0x000000b6eef00000,0x000000b6ef000000] [id=7584]
  0x0000020132d9f290 GCTaskThread "GC Thread#13" [stack: 0x000000b6ef000000,0x000000b6ef100000] [id=4280]
  0x0000020132d9f7f0 GCTaskThread "GC Thread#14" [stack: 0x000000b6ef100000,0x000000b6ef200000] [id=1516]
  0x0000020111f0f2e0 ConcurrentGCThread "G1 Main Marker" [stack: 0x000000b6ec300000,0x000000b6ec400000] [id=12792]
  0x0000020111f10490 ConcurrentGCThread "G1 Conc#0" [stack: 0x000000b6ec400000,0x000000b6ec500000] [id=12580]
  0x0000020132e1f910 ConcurrentGCThread "G1 Conc#1" [stack: 0x000000b6ef200000,0x000000b6ef300000] [id=5412]
  0x0000020132e22160 ConcurrentGCThread "G1 Conc#2" [stack: 0x000000b6ef300000,0x000000b6ef400000] [id=15272]
  0x0000020132e1fe70 ConcurrentGCThread "G1 Conc#3" [stack: 0x000000b6ef400000,0x000000b6ef500000] [id=7368]
  0x0000020111f5e640 ConcurrentGCThread "G1 Refine#0" [stack: 0x000000b6ec500000,0x000000b6ec600000] [id=6004]
  0x000002012cc2cb30 ConcurrentGCThread "G1 Service" [stack: 0x000000b6ec600000,0x000000b6ec700000] [id=3264]

Threads with active compile tasks:
C2 CompilerThread0    55472 14861       4       org.gradle.internal.service.DefaultServiceRegistry$ClassInspector::getDetailsForClass (50 bytes)
C1 CompilerThread0    55472 14909       3       java.util.Properties::<init> (32 bytes)
C2 CompilerThread1    55472 14873       4       java.lang.Class::getAnnotation (22 bytes)
C2 CompilerThread2    55472 14896       4       org.gradle.internal.service.DefaultServiceRegistry$SingletonService::getService (18 bytes)
C2 CompilerThread3    55472 14869       4       org.gradle.internal.service.DefaultServiceRegistry$SingletonService::get (5 bytes)
C2 CompilerThread4    55472 14870   !   4       org.gradle.internal.service.DefaultServiceRegistry$ManagedObjectServiceProvider::getInstance (47 bytes)
C2 CompilerThread5    55472 14901       4       com.google.common.cache.LocalCache::get (21 bytes)
C2 CompilerThread6    55472 14888       4       java.io.DataOutputStream::writeUTF (411 bytes)

VM state: not at safepoint (normal execution)

VM Mutex/Monitor currently owned by a thread: None

Heap address: 0x0000000080000000, size: 2048 MB, Compressed Oops mode: 32-bit

CDS archive(s) not mapped
Compressed class space mapped at: 0x0000000100000000-0x0000000140000000, reserved size: 1073741824
Narrow klass base: 0x0000000000000000, Narrow klass shift: 3, Narrow klass range: 0x140000000

GC Precious Log:
 CPUs: 20 total, 20 available
 Memory: 16003M
 Large Page Support: Disabled
 NUMA Support: Disabled
 Compressed Oops: Enabled (32-bit)
 Heap Region Size: 1M
 Heap Min Capacity: 8M
 Heap Initial Capacity: 252M
 Heap Max Capacity: 2G
 Pre-touch: Disabled
 Parallel Workers: 15
 Concurrent Workers: 4
 Concurrent Refinement Workers: 15
 Periodic GC: Disabled

Heap:
 garbage-first heap   total 266240K, used 184907K [0x0000000080000000, 0x0000000100000000)
  region size 1024K, 34 young (34816K), 5 survivors (5120K)
 Metaspace       used 123723K, committed 124608K, reserved 1179648K
  class space    used 17501K, committed 17920K, reserved 1048576K

Heap Regions: E=young(eden), S=young(survivor), O=old, HS=humongous(starts), HC=humongous(continues), CS=collection set, F=free, OA=open archive, CA=closed archive, TAMS=top-at-mark-start (previous, next)
|   0|0x0000000080000000, 0x0000000080100000, 0x0000000080100000|100%|HS|  |TAMS 0x0000000080100000, 0x0000000080000000| Complete 
|   1|0x0000000080100000, 0x0000000080200000, 0x0000000080200000|100%|HC|  |TAMS 0x0000000080200000, 0x0000000080100000| Complete 
|   2|0x0000000080200000, 0x0000000080300000, 0x0000000080300000|100%|HC|  |TAMS 0x0000000080300000, 0x0000000080200000| Complete 
|   3|0x0000000080300000, 0x0000000080400000, 0x0000000080400000|100%|HC|  |TAMS 0x0000000080400000, 0x0000000080300000| Complete 
|   4|0x0000000080400000, 0x0000000080500000, 0x0000000080500000|100%| O|  |TAMS 0x0000000080500000, 0x0000000080400000| Untracked 
|   5|0x0000000080500000, 0x0000000080600000, 0x0000000080600000|100%| O|  |TAMS 0x0000000080600000, 0x0000000080500000| Untracked 
|   6|0x0000000080600000, 0x0000000080700000, 0x0000000080700000|100%| O|  |TAMS 0x0000000080700000, 0x0000000080600000| Untracked 
|   7|0x0000000080700000, 0x0000000080800000, 0x0000000080800000|100%| O|  |TAMS 0x0000000080800000, 0x0000000080700000| Untracked 
|   8|0x0000000080800000, 0x0000000080900000, 0x0000000080900000|100%| O|  |TAMS 0x0000000080900000, 0x0000000080800000| Untracked 
|   9|0x0000000080900000, 0x0000000080a00000, 0x0000000080a00000|100%| O|  |TAMS 0x0000000080a00000, 0x0000000080900000| Untracked 
|  10|0x0000000080a00000, 0x0000000080b00000, 0x0000000080b00000|100%| O|  |TAMS 0x0000000080b00000, 0x0000000080a00000| Untracked 
|  11|0x0000000080b00000, 0x0000000080c00000, 0x0000000080c00000|100%| O|  |TAMS 0x0000000080c00000, 0x0000000080b00000| Untracked 
|  12|0x0000000080c00000, 0x0000000080d00000, 0x0000000080d00000|100%| O|  |TAMS 0x0000000080d00000, 0x0000000080c00000| Untracked 
|  13|0x0000000080d00000, 0x0000000080e00000, 0x0000000080e00000|100%| O|  |TAMS 0x0000000080e00000, 0x0000000080d00000| Untracked 
|  14|0x0000000080e00000, 0x0000000080f00000, 0x0000000080f00000|100%| O|  |TAMS 0x0000000080f00000, 0x0000000080e00000| Untracked 
|  15|0x0000000080f00000, 0x0000000081000000, 0x0000000081000000|100%| O|  |TAMS 0x0000000081000000, 0x0000000080f00000| Untracked 
|  16|0x0000000081000000, 0x0000000081100000, 0x0000000081100000|100%| O|  |TAMS 0x0000000081100000, 0x0000000081000000| Untracked 
|  17|0x0000000081100000, 0x0000000081200000, 0x0000000081200000|100%| O|  |TAMS 0x0000000081200000, 0x0000000081100000| Untracked 
|  18|0x0000000081200000, 0x0000000081300000, 0x0000000081300000|100%| O|  |TAMS 0x0000000081300000, 0x0000000081200000| Untracked 
|  19|0x0000000081300000, 0x0000000081400000, 0x0000000081400000|100%| O|  |TAMS 0x0000000081400000, 0x0000000081300000| Untracked 
|  20|0x0000000081400000, 0x0000000081500000, 0x0000000081500000|100%| O|  |TAMS 0x0000000081500000, 0x0000000081400000| Untracked 
|  21|0x0000000081500000, 0x0000000081600000, 0x0000000081600000|100%| O|  |TAMS 0x0000000081600000, 0x0000000081500000| Untracked 
|  22|0x0000000081600000, 0x0000000081700000, 0x0000000081700000|100%| O|  |TAMS 0x0000000081700000, 0x0000000081600000| Untracked 
|  23|0x0000000081700000, 0x0000000081800000, 0x0000000081800000|100%| O|  |TAMS 0x0000000081800000, 0x0000000081700000| Untracked 
|  24|0x0000000081800000, 0x0000000081900000, 0x0000000081900000|100%| O|  |TAMS 0x0000000081900000, 0x0000000081800000| Untracked 
|  25|0x0000000081900000, 0x0000000081a00000, 0x0000000081a00000|100%| O|  |TAMS 0x0000000081a00000, 0x0000000081900000| Untracked 
|  26|0x0000000081a00000, 0x0000000081b00000, 0x0000000081b00000|100%| O|  |TAMS 0x0000000081b00000, 0x0000000081a00000| Untracked 
|  27|0x0000000081b00000, 0x0000000081c00000, 0x0000000081c00000|100%|HS|  |TAMS 0x0000000081c00000, 0x0000000081b00000| Complete 
|  28|0x0000000081c00000, 0x0000000081d00000, 0x0000000081d00000|100%|HS|  |TAMS 0x0000000081d00000, 0x0000000081c00000| Complete 
|  29|0x0000000081d00000, 0x0000000081e00000, 0x0000000081e00000|100%| O|  |TAMS 0x0000000081e00000, 0x0000000081d00000| Untracked 
|  30|0x0000000081e00000, 0x0000000081f00000, 0x0000000081f00000|100%| O|  |TAMS 0x0000000081f00000, 0x0000000081e00000| Untracked 
|  31|0x0000000081f00000, 0x0000000082000000, 0x0000000082000000|100%| O|  |TAMS 0x0000000082000000, 0x0000000081f00000| Untracked 
|  32|0x0000000082000000, 0x0000000082100000, 0x0000000082100000|100%| O|  |TAMS 0x0000000082100000, 0x0000000082000000| Untracked 
|  33|0x0000000082100000, 0x0000000082200000, 0x0000000082200000|100%| O|  |TAMS 0x0000000082200000, 0x0000000082100000| Untracked 
|  34|0x0000000082200000, 0x0000000082300000, 0x0000000082300000|100%| O|  |TAMS 0x0000000082300000, 0x0000000082200000| Untracked 
|  35|0x0000000082300000, 0x0000000082400000, 0x0000000082400000|100%| O|  |TAMS 0x0000000082400000, 0x0000000082300000| Untracked 
|  36|0x0000000082400000, 0x0000000082500000, 0x0000000082500000|100%|HS|  |TAMS 0x0000000082500000, 0x0000000082400000| Complete 
|  37|0x0000000082500000, 0x0000000082600000, 0x0000000082600000|100%| O|  |TAMS 0x0000000082600000, 0x0000000082500000| Untracked 
|  38|0x0000000082600000, 0x0000000082700000, 0x0000000082700000|100%| O|  |TAMS 0x0000000082700000, 0x0000000082600000| Untracked 
|  39|0x0000000082700000, 0x0000000082800000, 0x0000000082800000|100%| O|  |TAMS 0x0000000082800000, 0x0000000082700000| Untracked 
|  40|0x0000000082800000, 0x0000000082900000, 0x0000000082900000|100%| O|  |TAMS 0x0000000082900000, 0x0000000082800000| Untracked 
|  41|0x0000000082900000, 0x0000000082a00000, 0x0000000082a00000|100%|HS|  |TAMS 0x0000000082a00000, 0x0000000082900000| Complete 
|  42|0x0000000082a00000, 0x0000000082b00000, 0x0000000082b00000|100%|HC|  |TAMS 0x0000000082b00000, 0x0000000082a00000| Complete 
|  43|0x0000000082b00000, 0x0000000082c00000, 0x0000000082c00000|100%|HS|  |TAMS 0x0000000082c00000, 0x0000000082b00000| Complete 
|  44|0x0000000082c00000, 0x0000000082d00000, 0x0000000082d00000|100%|HC|  |TAMS 0x0000000082d00000, 0x0000000082c00000| Complete 
|  45|0x0000000082d00000, 0x0000000082e00000, 0x0000000082e00000|100%|HS|  |TAMS 0x0000000082e00000, 0x0000000082d00000| Complete 
|  46|0x0000000082e00000, 0x0000000082f00000, 0x0000000082f00000|100%|HC|  |TAMS 0x0000000082f00000, 0x0000000082e00000| Complete 
|  47|0x0000000082f00000, 0x0000000083000000, 0x0000000083000000|100%|HC|  |TAMS 0x0000000083000000, 0x0000000082f00000| Complete 
|  48|0x0000000083000000, 0x0000000083100000, 0x0000000083100000|100%|HC|  |TAMS 0x0000000083100000, 0x0000000083000000| Complete 
|  49|0x0000000083100000, 0x0000000083200000, 0x0000000083200000|100%| O|  |TAMS 0x0000000083200000, 0x0000000083100000| Untracked 
|  50|0x0000000083200000, 0x0000000083300000, 0x0000000083300000|100%| O|  |TAMS 0x0000000083300000, 0x0000000083200000| Complete 
|  51|0x0000000083300000, 0x0000000083400000, 0x0000000083400000|100%|HS|  |TAMS 0x0000000083400000, 0x0000000083300000| Complete 
|  52|0x0000000083400000, 0x0000000083500000, 0x0000000083500000|100%|HS|  |TAMS 0x0000000083500000, 0x0000000083400000| Complete 
|  53|0x0000000083500000, 0x0000000083600000, 0x0000000083600000|100%| O|  |TAMS 0x0000000083600000, 0x0000000083500000| Untracked 
|  54|0x0000000083600000, 0x0000000083700000, 0x0000000083700000|100%| O|  |TAMS 0x0000000083700000, 0x0000000083600000| Untracked 
|  55|0x0000000083700000, 0x0000000083800000, 0x0000000083800000|100%| O|  |TAMS 0x0000000083800000, 0x0000000083700000| Untracked 
|  56|0x0000000083800000, 0x0000000083900000, 0x0000000083900000|100%| O|  |TAMS 0x0000000083900000, 0x0000000083800000| Untracked 
|  57|0x0000000083900000, 0x0000000083a00000, 0x0000000083a00000|100%| O|  |TAMS 0x0000000083a00000, 0x0000000083900000| Untracked 
|  58|0x0000000083a00000, 0x0000000083b00000, 0x0000000083b00000|100%| O|  |TAMS 0x0000000083b00000, 0x0000000083a00000| Untracked 
|  59|0x0000000083b00000, 0x0000000083c00000, 0x0000000083c00000|100%|HS|  |TAMS 0x0000000083c00000, 0x0000000083b00000| Complete 
|  60|0x0000000083c00000, 0x0000000083d00000, 0x0000000083d00000|100%|HC|  |TAMS 0x0000000083d00000, 0x0000000083c00000| Complete 
|  61|0x0000000083d00000, 0x0000000083e00000, 0x0000000083e00000|100%|HC|  |TAMS 0x0000000083e00000, 0x0000000083d00000| Complete 
|  62|0x0000000083e00000, 0x0000000083f00000, 0x0000000083f00000|100%|HC|  |TAMS 0x0000000083f00000, 0x0000000083e00000| Complete 
|  63|0x0000000083f00000, 0x0000000084000000, 0x0000000084000000|100%| O|  |TAMS 0x0000000084000000, 0x0000000083f00000| Untracked 
|  64|0x0000000084000000, 0x0000000084100000, 0x0000000084100000|100%| O|  |TAMS 0x0000000084100000, 0x0000000084000000| Untracked 
|  65|0x0000000084100000, 0x0000000084200000, 0x0000000084200000|100%| O|  |TAMS 0x0000000084200000, 0x0000000084100000| Untracked 
|  66|0x0000000084200000, 0x0000000084300000, 0x0000000084300000|100%| O|  |TAMS 0x0000000084300000, 0x0000000084200000| Untracked 
|  67|0x0000000084300000, 0x0000000084400000, 0x0000000084400000|100%| O|  |TAMS 0x0000000084400000, 0x0000000084300000| Untracked 
|  68|0x0000000084400000, 0x0000000084500000, 0x0000000084500000|100%| O|  |TAMS 0x0000000084500000, 0x0000000084400000| Untracked 
|  69|0x0000000084500000, 0x0000000084600000, 0x0000000084600000|100%| O|  |TAMS 0x0000000084600000, 0x0000000084500000| Untracked 
|  70|0x0000000084600000, 0x0000000084700000, 0x0000000084700000|100%| O|  |TAMS 0x0000000084700000, 0x0000000084600000| Untracked 
|  71|0x0000000084700000, 0x0000000084800000, 0x0000000084800000|100%| O|  |TAMS 0x0000000084800000, 0x0000000084700000| Untracked 
|  72|0x0000000084800000, 0x0000000084900000, 0x0000000084900000|100%| O|  |TAMS 0x0000000084900000, 0x0000000084800000| Untracked 
|  73|0x0000000084900000, 0x0000000084a00000, 0x0000000084a00000|100%| O|  |TAMS 0x0000000084a00000, 0x0000000084900000| Untracked 
|  74|0x0000000084a00000, 0x0000000084b00000, 0x0000000084b00000|100%| O|  |TAMS 0x0000000084b00000, 0x0000000084a00000| Untracked 
|  75|0x0000000084b00000, 0x0000000084c00000, 0x0000000084c00000|100%| O|  |TAMS 0x0000000084c00000, 0x0000000084b00000| Untracked 
|  76|0x0000000084c00000, 0x0000000084d00000, 0x0000000084d00000|100%| O|  |TAMS 0x0000000084d00000, 0x0000000084c00000| Untracked 
|  77|0x0000000084d00000, 0x0000000084e00000, 0x0000000084e00000|100%| O|  |TAMS 0x0000000084e00000, 0x0000000084d00000| Untracked 
|  78|0x0000000084e00000, 0x0000000084f00000, 0x0000000084f00000|100%|HS|  |TAMS 0x0000000084e00000, 0x0000000084e00000| Complete 
|  79|0x0000000084f00000, 0x0000000085000000, 0x0000000085000000|100%| O|  |TAMS 0x0000000085000000, 0x0000000084f00000| Untracked 
|  80|0x0000000085000000, 0x0000000085100000, 0x0000000085100000|100%| O|  |TAMS 0x0000000085100000, 0x0000000085000000| Untracked 
|  81|0x0000000085100000, 0x0000000085200000, 0x0000000085200000|100%| O|  |TAMS 0x0000000085200000, 0x0000000085100000| Untracked 
|  82|0x0000000085200000, 0x0000000085300000, 0x0000000085300000|100%| O|  |TAMS 0x0000000085300000, 0x0000000085200000| Untracked 
|  83|0x0000000085300000, 0x0000000085400000, 0x0000000085400000|100%| O|  |TAMS 0x0000000085400000, 0x0000000085300000| Untracked 
|  84|0x0000000085400000, 0x0000000085500000, 0x0000000085500000|100%| O|  |TAMS 0x0000000085500000, 0x0000000085400000| Untracked 
|  85|0x0000000085500000, 0x0000000085600000, 0x0000000085600000|100%| O|  |TAMS 0x0000000085600000, 0x0000000085500000| Untracked 
|  86|0x0000000085600000, 0x0000000085700000, 0x0000000085700000|100%| O|  |TAMS 0x0000000085700000, 0x0000000085600000| Untracked 
|  87|0x0000000085700000, 0x0000000085800000, 0x0000000085800000|100%| O|  |TAMS 0x0000000085800000, 0x0000000085700000| Untracked 
|  88|0x0000000085800000, 0x0000000085900000, 0x0000000085900000|100%| O|  |TAMS 0x0000000085900000, 0x0000000085800000| Untracked 
|  89|0x0000000085900000, 0x0000000085a00000, 0x0000000085a00000|100%| O|  |TAMS 0x0000000085a00000, 0x0000000085900000| Untracked 
|  90|0x0000000085a00000, 0x0000000085b00000, 0x0000000085b00000|100%| O|  |TAMS 0x0000000085b00000, 0x0000000085a00000| Untracked 
|  91|0x0000000085b00000, 0x0000000085c00000, 0x0000000085c00000|100%| O|  |TAMS 0x0000000085c00000, 0x0000000085b00000| Untracked 
|  92|0x0000000085c00000, 0x0000000085d00000, 0x0000000085d00000|100%| O|  |TAMS 0x0000000085d00000, 0x0000000085c00000| Untracked 
|  93|0x0000000085d00000, 0x0000000085e00000, 0x0000000085e00000|100%| O|  |TAMS 0x0000000085e00000, 0x0000000085d00000| Untracked 
|  94|0x0000000085e00000, 0x0000000085f00000, 0x0000000085f00000|100%| O|  |TAMS 0x0000000085f00000, 0x0000000085e00000| Untracked 
|  95|0x0000000085f00000, 0x0000000086000000, 0x0000000086000000|100%| O|  |TAMS 0x0000000086000000, 0x0000000085f00000| Untracked 
|  96|0x0000000086000000, 0x0000000086100000, 0x0000000086100000|100%| O|  |TAMS 0x0000000086100000, 0x0000000086000000| Untracked 
|  97|0x0000000086100000, 0x0000000086200000, 0x0000000086200000|100%| O|  |TAMS 0x0000000086200000, 0x0000000086100000| Untracked 
|  98|0x0000000086200000, 0x0000000086300000, 0x0000000086300000|100%| O|  |TAMS 0x0000000086300000, 0x0000000086200000| Untracked 
|  99|0x0000000086300000, 0x0000000086400000, 0x0000000086400000|100%| O|  |TAMS 0x0000000086400000, 0x0000000086300000| Complete 
| 100|0x0000000086400000, 0x0000000086500000, 0x0000000086500000|100%| O|  |TAMS 0x0000000086500000, 0x0000000086400000| Untracked 
| 101|0x0000000086500000, 0x0000000086600000, 0x0000000086600000|100%| O|  |TAMS 0x0000000086600000, 0x0000000086500000| Untracked 
| 102|0x0000000086600000, 0x0000000086700000, 0x0000000086700000|100%| O|  |TAMS 0x0000000086700000, 0x0000000086600000| Untracked 
| 103|0x0000000086700000, 0x0000000086800000, 0x0000000086800000|100%| O|  |TAMS 0x0000000086800000, 0x0000000086700000| Complete 
| 104|0x0000000086800000, 0x0000000086900000, 0x0000000086900000|100%| O|  |TAMS 0x0000000086900000, 0x0000000086800000| Untracked 
| 105|0x0000000086900000, 0x0000000086a00000, 0x0000000086a00000|100%| O|  |TAMS 0x0000000086a00000, 0x0000000086900000| Untracked 
| 106|0x0000000086a00000, 0x0000000086b00000, 0x0000000086b00000|100%| O|  |TAMS 0x0000000086b00000, 0x0000000086a00000| Untracked 
| 107|0x0000000086b00000, 0x0000000086c00000, 0x0000000086c00000|100%| O|  |TAMS 0x0000000086c00000, 0x0000000086b00000| Untracked 
| 108|0x0000000086c00000, 0x0000000086d00000, 0x0000000086d00000|100%| O|  |TAMS 0x0000000086d00000, 0x0000000086c00000| Untracked 
| 109|0x0000000086d00000, 0x0000000086e00000, 0x0000000086e00000|100%| O|  |TAMS 0x0000000086e00000, 0x0000000086d00000| Untracked 
| 110|0x0000000086e00000, 0x0000000086f00000, 0x0000000086f00000|100%|HS|  |TAMS 0x0000000086f00000, 0x0000000086e00000| Complete 
| 111|0x0000000086f00000, 0x0000000087000000, 0x0000000087000000|100%|HC|  |TAMS 0x0000000087000000, 0x0000000086f00000| Complete 
| 112|0x0000000087000000, 0x0000000087100000, 0x0000000087100000|100%| O|  |TAMS 0x0000000087100000, 0x0000000087000000| Untracked 
| 113|0x0000000087100000, 0x0000000087200000, 0x0000000087200000|100%| O|  |TAMS 0x0000000087200000, 0x0000000087100000| Untracked 
| 114|0x0000000087200000, 0x0000000087300000, 0x0000000087300000|100%| O|  |TAMS 0x0000000087300000, 0x0000000087200000| Untracked 
| 115|0x0000000087300000, 0x0000000087400000, 0x0000000087400000|100%| O|  |TAMS 0x0000000087400000, 0x0000000087300000| Untracked 
| 116|0x0000000087400000, 0x0000000087500000, 0x0000000087500000|100%| O|  |TAMS 0x0000000087500000, 0x0000000087400000| Untracked 
| 117|0x0000000087500000, 0x0000000087600000, 0x0000000087600000|100%| O|  |TAMS 0x0000000087600000, 0x0000000087500000| Untracked 
| 118|0x0000000087600000, 0x0000000087700000, 0x0000000087700000|100%| O|  |TAMS 0x0000000087700000, 0x0000000087600000| Untracked 
| 119|0x0000000087700000, 0x0000000087800000, 0x0000000087800000|100%| O|  |TAMS 0x0000000087800000, 0x0000000087700000| Untracked 
| 120|0x0000000087800000, 0x0000000087900000, 0x0000000087900000|100%| O|  |TAMS 0x0000000087900000, 0x0000000087800000| Untracked 
| 121|0x0000000087900000, 0x00000000879e0e00, 0x0000000087a00000| 87%| O|  |TAMS 0x00000000879e0e00, 0x0000000087900000| Untracked 
| 122|0x0000000087a00000, 0x0000000087b00000, 0x0000000087b00000|100%|HS|  |TAMS 0x0000000087b00000, 0x0000000087a00000| Complete 
| 123|0x0000000087b00000, 0x0000000087c00000, 0x0000000087c00000|100%|HC|  |TAMS 0x0000000087c00000, 0x0000000087b00000| Complete 
| 124|0x0000000087c00000, 0x0000000087d00000, 0x0000000087d00000|100%|HS|  |TAMS 0x0000000087c00000, 0x0000000087c00000| Complete 
| 125|0x0000000087d00000, 0x0000000087e00000, 0x0000000087e00000|100%|HC|  |TAMS 0x0000000087d00000, 0x0000000087d00000| Complete 
| 126|0x0000000087e00000, 0x0000000087f00000, 0x0000000087f00000|100%|HS|  |TAMS 0x0000000087e00000, 0x0000000087e00000| Complete 
| 127|0x0000000087f00000, 0x0000000088000000, 0x0000000088000000|100%|HC|  |TAMS 0x0000000087f00000, 0x0000000087f00000| Complete 
| 128|0x0000000088000000, 0x0000000088100000, 0x0000000088100000|100%|HS|  |TAMS 0x0000000088000000, 0x0000000088000000| Complete 
| 129|0x0000000088100000, 0x0000000088200000, 0x0000000088200000|100%|HC|  |TAMS 0x0000000088100000, 0x0000000088100000| Complete 
| 130|0x0000000088200000, 0x0000000088300000, 0x0000000088300000|100%|HS|  |TAMS 0x0000000088200000, 0x0000000088200000| Complete 
| 131|0x0000000088300000, 0x0000000088400000, 0x0000000088400000|100%|HC|  |TAMS 0x0000000088300000, 0x0000000088300000| Complete 
| 132|0x0000000088400000, 0x0000000088500000, 0x0000000088500000|100%|HS|  |TAMS 0x0000000088400000, 0x0000000088400000| Complete 
| 133|0x0000000088500000, 0x0000000088600000, 0x0000000088600000|100%|HC|  |TAMS 0x0000000088500000, 0x0000000088500000| Complete 
| 134|0x0000000088600000, 0x0000000088700000, 0x0000000088700000|100%|HS|  |TAMS 0x0000000088600000, 0x0000000088600000| Complete 
| 135|0x0000000088700000, 0x0000000088800000, 0x0000000088800000|100%|HC|  |TAMS 0x0000000088700000, 0x0000000088700000| Complete 
| 136|0x0000000088800000, 0x0000000088900000, 0x0000000088900000|100%|HS|  |TAMS 0x0000000088800000, 0x0000000088800000| Complete 
| 137|0x0000000088900000, 0x0000000088a00000, 0x0000000088a00000|100%|HC|  |TAMS 0x0000000088900000, 0x0000000088900000| Complete 
| 138|0x0000000088a00000, 0x0000000088b00000, 0x0000000088b00000|100%|HS|  |TAMS 0x0000000088a00000, 0x0000000088a00000| Complete 
| 139|0x0000000088b00000, 0x0000000088c00000, 0x0000000088c00000|100%|HC|  |TAMS 0x0000000088b00000, 0x0000000088b00000| Complete 
| 140|0x0000000088c00000, 0x0000000088d00000, 0x0000000088d00000|100%|HS|  |TAMS 0x0000000088c00000, 0x0000000088c00000| Complete 
| 141|0x0000000088d00000, 0x0000000088e00000, 0x0000000088e00000|100%|HC|  |TAMS 0x0000000088d00000, 0x0000000088d00000| Complete 
| 142|0x0000000088e00000, 0x0000000088f00000, 0x0000000088f00000|100%|HS|  |TAMS 0x0000000088e00000, 0x0000000088e00000| Complete 
| 143|0x0000000088f00000, 0x0000000089000000, 0x0000000089000000|100%|HC|  |TAMS 0x0000000088f00000, 0x0000000088f00000| Complete 
| 144|0x0000000089000000, 0x0000000089100000, 0x0000000089100000|100%|HS|  |TAMS 0x0000000089000000, 0x0000000089000000| Complete 
| 145|0x0000000089100000, 0x0000000089200000, 0x0000000089200000|100%|HC|  |TAMS 0x0000000089100000, 0x0000000089100000| Complete 
| 146|0x0000000089200000, 0x0000000089300000, 0x0000000089300000|100%|HS|  |TAMS 0x0000000089200000, 0x0000000089200000| Complete 
| 147|0x0000000089300000, 0x0000000089400000, 0x0000000089400000|100%|HC|  |TAMS 0x0000000089300000, 0x0000000089300000| Complete 
| 148|0x0000000089400000, 0x0000000089400000, 0x0000000089500000|  0%| F|  |TAMS 0x0000000089400000, 0x0000000089400000| Untracked 
| 149|0x0000000089500000, 0x0000000089500000, 0x0000000089600000|  0%| F|  |TAMS 0x0000000089500000, 0x0000000089500000| Untracked 
| 150|0x0000000089600000, 0x0000000089600000, 0x0000000089700000|  0%| F|  |TAMS 0x0000000089600000, 0x0000000089600000| Untracked 
| 151|0x0000000089700000, 0x0000000089700000, 0x0000000089800000|  0%| F|  |TAMS 0x0000000089700000, 0x0000000089700000| Untracked 
| 152|0x0000000089800000, 0x0000000089800000, 0x0000000089900000|  0%| F|  |TAMS 0x0000000089800000, 0x0000000089800000| Untracked 
| 153|0x0000000089900000, 0x0000000089900000, 0x0000000089a00000|  0%| F|  |TAMS 0x0000000089900000, 0x0000000089900000| Untracked 
| 154|0x0000000089a00000, 0x0000000089a00000, 0x0000000089b00000|  0%| F|  |TAMS 0x0000000089a00000, 0x0000000089a00000| Untracked 
| 155|0x0000000089b00000, 0x0000000089b00000, 0x0000000089c00000|  0%| F|  |TAMS 0x0000000089b00000, 0x0000000089b00000| Untracked 
| 156|0x0000000089c00000, 0x0000000089c00000, 0x0000000089d00000|  0%| F|  |TAMS 0x0000000089c00000, 0x0000000089c00000| Untracked 
| 157|0x0000000089d00000, 0x0000000089d00000, 0x0000000089e00000|  0%| F|  |TAMS 0x0000000089d00000, 0x0000000089d00000| Untracked 
| 158|0x0000000089e00000, 0x0000000089e00000, 0x0000000089f00000|  0%| F|  |TAMS 0x0000000089e00000, 0x0000000089e00000| Untracked 
| 159|0x0000000089f00000, 0x0000000089f00000, 0x000000008a000000|  0%| F|  |TAMS 0x0000000089f00000, 0x0000000089f00000| Untracked 
| 160|0x000000008a000000, 0x000000008a000000, 0x000000008a100000|  0%| F|  |TAMS 0x000000008a000000, 0x000000008a000000| Untracked 
| 161|0x000000008a100000, 0x000000008a100000, 0x000000008a200000|  0%| F|  |TAMS 0x000000008a100000, 0x000000008a100000| Untracked 
| 162|0x000000008a200000, 0x000000008a200000, 0x000000008a300000|  0%| F|  |TAMS 0x000000008a200000, 0x000000008a200000| Untracked 
| 163|0x000000008a300000, 0x000000008a300000, 0x000000008a400000|  0%| F|  |TAMS 0x000000008a300000, 0x000000008a300000| Untracked 
| 164|0x000000008a400000, 0x000000008a400000, 0x000000008a500000|  0%| F|  |TAMS 0x000000008a400000, 0x000000008a400000| Untracked 
| 165|0x000000008a500000, 0x000000008a500000, 0x000000008a600000|  0%| F|  |TAMS 0x000000008a500000, 0x000000008a500000| Untracked 
| 166|0x000000008a600000, 0x000000008a600000, 0x000000008a700000|  0%| F|  |TAMS 0x000000008a600000, 0x000000008a600000| Untracked 
| 167|0x000000008a700000, 0x000000008a700000, 0x000000008a800000|  0%| F|  |TAMS 0x000000008a700000, 0x000000008a700000| Untracked 
| 168|0x000000008a800000, 0x000000008a800000, 0x000000008a900000|  0%| F|  |TAMS 0x000000008a800000, 0x000000008a800000| Untracked 
| 169|0x000000008a900000, 0x000000008a900000, 0x000000008aa00000|  0%| F|  |TAMS 0x000000008a900000, 0x000000008a900000| Untracked 
| 170|0x000000008aa00000, 0x000000008aa00000, 0x000000008ab00000|  0%| F|  |TAMS 0x000000008aa00000, 0x000000008aa00000| Untracked 
| 171|0x000000008ab00000, 0x000000008ab00000, 0x000000008ac00000|  0%| F|  |TAMS 0x000000008ab00000, 0x000000008ab00000| Untracked 
| 172|0x000000008ac00000, 0x000000008ac00000, 0x000000008ad00000|  0%| F|  |TAMS 0x000000008ac00000, 0x000000008ac00000| Untracked 
| 173|0x000000008ad00000, 0x000000008ad00000, 0x000000008ae00000|  0%| F|  |TAMS 0x000000008ad00000, 0x000000008ad00000| Untracked 
| 174|0x000000008ae00000, 0x000000008aeb1ed8, 0x000000008af00000| 69%| S|CS|TAMS 0x000000008ae00000, 0x000000008ae00000| Complete 
| 175|0x000000008af00000, 0x000000008b000000, 0x000000008b000000|100%| S|CS|TAMS 0x000000008af00000, 0x000000008af00000| Complete 
| 176|0x000000008b000000, 0x000000008b100000, 0x000000008b100000|100%| S|CS|TAMS 0x000000008b000000, 0x000000008b000000| Complete 
| 177|0x000000008b100000, 0x000000008b200000, 0x000000008b200000|100%| S|CS|TAMS 0x000000008b100000, 0x000000008b100000| Complete 
| 178|0x000000008b200000, 0x000000008b300000, 0x000000008b300000|100%| S|CS|TAMS 0x000000008b200000, 0x000000008b200000| Complete 
| 179|0x000000008b300000, 0x000000008b300000, 0x000000008b400000|  0%| F|  |TAMS 0x000000008b300000, 0x000000008b300000| Untracked 
| 180|0x000000008b400000, 0x000000008b400000, 0x000000008b500000|  0%| F|  |TAMS 0x000000008b400000, 0x000000008b400000| Untracked 
| 181|0x000000008b500000, 0x000000008b500000, 0x000000008b600000|  0%| F|  |TAMS 0x000000008b500000, 0x000000008b500000| Untracked 
| 182|0x000000008b600000, 0x000000008b600000, 0x000000008b700000|  0%| F|  |TAMS 0x000000008b600000, 0x000000008b600000| Untracked 
| 183|0x000000008b700000, 0x000000008b700000, 0x000000008b800000|  0%| F|  |TAMS 0x000000008b700000, 0x000000008b700000| Untracked 
| 184|0x000000008b800000, 0x000000008b800000, 0x000000008b900000|  0%| F|  |TAMS 0x000000008b800000, 0x000000008b800000| Untracked 
| 185|0x000000008b900000, 0x000000008b900000, 0x000000008ba00000|  0%| F|  |TAMS 0x000000008b900000, 0x000000008b900000| Untracked 
| 186|0x000000008ba00000, 0x000000008ba00000, 0x000000008bb00000|  0%| F|  |TAMS 0x000000008ba00000, 0x000000008ba00000| Untracked 
| 187|0x000000008bb00000, 0x000000008bb00000, 0x000000008bc00000|  0%| F|  |TAMS 0x000000008bb00000, 0x000000008bb00000| Untracked 
| 188|0x000000008bc00000, 0x000000008bc00000, 0x000000008bd00000|  0%| F|  |TAMS 0x000000008bc00000, 0x000000008bc00000| Untracked 
| 189|0x000000008bd00000, 0x000000008bd00000, 0x000000008be00000|  0%| F|  |TAMS 0x000000008bd00000, 0x000000008bd00000| Untracked 
| 190|0x000000008be00000, 0x000000008be00000, 0x000000008bf00000|  0%| F|  |TAMS 0x000000008be00000, 0x000000008be00000| Untracked 
| 191|0x000000008bf00000, 0x000000008bf00000, 0x000000008c000000|  0%| F|  |TAMS 0x000000008bf00000, 0x000000008bf00000| Untracked 
| 192|0x000000008c000000, 0x000000008c000000, 0x000000008c100000|  0%| F|  |TAMS 0x000000008c000000, 0x000000008c000000| Untracked 
| 193|0x000000008c100000, 0x000000008c100000, 0x000000008c200000|  0%| F|  |TAMS 0x000000008c100000, 0x000000008c100000| Untracked 
| 194|0x000000008c200000, 0x000000008c200000, 0x000000008c300000|  0%| F|  |TAMS 0x000000008c200000, 0x000000008c200000| Untracked 
| 195|0x000000008c300000, 0x000000008c300000, 0x000000008c400000|  0%| F|  |TAMS 0x000000008c300000, 0x000000008c300000| Untracked 
| 196|0x000000008c400000, 0x000000008c400000, 0x000000008c500000|  0%| F|  |TAMS 0x000000008c400000, 0x000000008c400000| Untracked 
| 197|0x000000008c500000, 0x000000008c500000, 0x000000008c600000|  0%| F|  |TAMS 0x000000008c500000, 0x000000008c500000| Untracked 
| 198|0x000000008c600000, 0x000000008c600000, 0x000000008c700000|  0%| F|  |TAMS 0x000000008c600000, 0x000000008c600000| Untracked 
| 199|0x000000008c700000, 0x000000008c700000, 0x000000008c800000|  0%| F|  |TAMS 0x000000008c700000, 0x000000008c700000| Untracked 
| 200|0x000000008c800000, 0x000000008c800000, 0x000000008c900000|  0%| F|  |TAMS 0x000000008c800000, 0x000000008c800000| Untracked 
| 201|0x000000008c900000, 0x000000008c900000, 0x000000008ca00000|  0%| F|  |TAMS 0x000000008c900000, 0x000000008c900000| Untracked 
| 202|0x000000008ca00000, 0x000000008ca00000, 0x000000008cb00000|  0%| F|  |TAMS 0x000000008ca00000, 0x000000008ca00000| Untracked 
| 203|0x000000008cb00000, 0x000000008cb00000, 0x000000008cc00000|  0%| F|  |TAMS 0x000000008cb00000, 0x000000008cb00000| Untracked 
| 204|0x000000008cc00000, 0x000000008cc00000, 0x000000008cd00000|  0%| F|  |TAMS 0x000000008cc00000, 0x000000008cc00000| Untracked 
| 205|0x000000008cd00000, 0x000000008cd00000, 0x000000008ce00000|  0%| F|  |TAMS 0x000000008cd00000, 0x000000008cd00000| Untracked 
| 206|0x000000008ce00000, 0x000000008ce00000, 0x000000008cf00000|  0%| F|  |TAMS 0x000000008ce00000, 0x000000008ce00000| Untracked 
| 207|0x000000008cf00000, 0x000000008cf00000, 0x000000008d000000|  0%| F|  |TAMS 0x000000008cf00000, 0x000000008cf00000| Untracked 
| 208|0x000000008d000000, 0x000000008d000000, 0x000000008d100000|  0%| F|  |TAMS 0x000000008d000000, 0x000000008d000000| Untracked 
| 209|0x000000008d100000, 0x000000008d100000, 0x000000008d200000|  0%| F|  |TAMS 0x000000008d100000, 0x000000008d100000| Untracked 
| 210|0x000000008d200000, 0x000000008d200000, 0x000000008d300000|  0%| F|  |TAMS 0x000000008d200000, 0x000000008d200000| Untracked 
| 211|0x000000008d300000, 0x000000008d400000, 0x000000008d400000|100%| E|CS|TAMS 0x000000008d300000, 0x000000008d300000| Complete 
| 212|0x000000008d400000, 0x000000008d500000, 0x000000008d500000|100%| E|CS|TAMS 0x000000008d400000, 0x000000008d400000| Complete 
| 213|0x000000008d500000, 0x000000008d500000, 0x000000008d600000|  0%| F|  |TAMS 0x000000008d500000, 0x000000008d500000| Untracked 
| 214|0x000000008d600000, 0x000000008d600000, 0x000000008d700000|  0%| F|  |TAMS 0x000000008d600000, 0x000000008d600000| Untracked 
| 215|0x000000008d700000, 0x000000008d700000, 0x000000008d800000|  0%| F|  |TAMS 0x000000008d700000, 0x000000008d700000| Untracked 
| 216|0x000000008d800000, 0x000000008d800000, 0x000000008d900000|  0%| F|  |TAMS 0x000000008d800000, 0x000000008d800000| Untracked 
| 217|0x000000008d900000, 0x000000008d900000, 0x000000008da00000|  0%| F|  |TAMS 0x000000008d900000, 0x000000008d900000| Untracked 
| 218|0x000000008da00000, 0x000000008da00000, 0x000000008db00000|  0%| F|  |TAMS 0x000000008da00000, 0x000000008da00000| Untracked 
| 219|0x000000008db00000, 0x000000008db00000, 0x000000008dc00000|  0%| F|  |TAMS 0x000000008db00000, 0x000000008db00000| Untracked 
| 220|0x000000008dc00000, 0x000000008dc00000, 0x000000008dd00000|  0%| F|  |TAMS 0x000000008dc00000, 0x000000008dc00000| Untracked 
| 221|0x000000008dd00000, 0x000000008dd00000, 0x000000008de00000|  0%| F|  |TAMS 0x000000008dd00000, 0x000000008dd00000| Untracked 
| 222|0x000000008de00000, 0x000000008de00000, 0x000000008df00000|  0%| F|  |TAMS 0x000000008de00000, 0x000000008de00000| Untracked 
| 223|0x000000008df00000, 0x000000008df00000, 0x000000008e000000|  0%| F|  |TAMS 0x000000008df00000, 0x000000008df00000| Untracked 
| 224|0x000000008e000000, 0x000000008e000000, 0x000000008e100000|  0%| F|  |TAMS 0x000000008e000000, 0x000000008e000000| Untracked 
| 225|0x000000008e100000, 0x000000008e100000, 0x000000008e200000|  0%| F|  |TAMS 0x000000008e100000, 0x000000008e100000| Untracked 
| 226|0x000000008e200000, 0x000000008e200000, 0x000000008e300000|  0%| F|  |TAMS 0x000000008e200000, 0x000000008e200000| Untracked 
| 227|0x000000008e300000, 0x000000008e300000, 0x000000008e400000|  0%| F|  |TAMS 0x000000008e300000, 0x000000008e300000| Untracked 
| 228|0x000000008e400000, 0x000000008e400000, 0x000000008e500000|  0%| F|  |TAMS 0x000000008e400000, 0x000000008e400000| Untracked 
| 229|0x000000008e500000, 0x000000008e500000, 0x000000008e600000|  0%| F|  |TAMS 0x000000008e500000, 0x000000008e500000| Untracked 
| 230|0x000000008e600000, 0x000000008e600000, 0x000000008e700000|  0%| F|  |TAMS 0x000000008e600000, 0x000000008e600000| Untracked 
| 231|0x000000008e700000, 0x000000008e700000, 0x000000008e800000|  0%| F|  |TAMS 0x000000008e700000, 0x000000008e700000| Untracked 
| 232|0x000000008e800000, 0x000000008e800000, 0x000000008e900000|  0%| F|  |TAMS 0x000000008e800000, 0x000000008e800000| Untracked 
| 233|0x000000008e900000, 0x000000008ea00000, 0x000000008ea00000|100%| E|  |TAMS 0x000000008e900000, 0x000000008e900000| Complete 
| 234|0x000000008ea00000, 0x000000008eb00000, 0x000000008eb00000|100%| E|CS|TAMS 0x000000008ea00000, 0x000000008ea00000| Complete 
| 235|0x000000008eb00000, 0x000000008ec00000, 0x000000008ec00000|100%| E|CS|TAMS 0x000000008eb00000, 0x000000008eb00000| Complete 
| 236|0x000000008ec00000, 0x000000008ed00000, 0x000000008ed00000|100%| E|CS|TAMS 0x000000008ec00000, 0x000000008ec00000| Complete 
| 237|0x000000008ed00000, 0x000000008ee00000, 0x000000008ee00000|100%| E|CS|TAMS 0x000000008ed00000, 0x000000008ed00000| Complete 
| 238|0x000000008ee00000, 0x000000008ef00000, 0x000000008ef00000|100%| E|CS|TAMS 0x000000008ee00000, 0x000000008ee00000| Complete 
| 239|0x000000008ef00000, 0x000000008f000000, 0x000000008f000000|100%| E|CS|TAMS 0x000000008ef00000, 0x000000008ef00000| Complete 
| 240|0x000000008f000000, 0x000000008f100000, 0x000000008f100000|100%| E|CS|TAMS 0x000000008f000000, 0x000000008f000000| Complete 
| 241|0x000000008f100000, 0x000000008f200000, 0x000000008f200000|100%| E|CS|TAMS 0x000000008f100000, 0x000000008f100000| Complete 
| 242|0x000000008f200000, 0x000000008f300000, 0x000000008f300000|100%| E|CS|TAMS 0x000000008f200000, 0x000000008f200000| Complete 
| 243|0x000000008f300000, 0x000000008f400000, 0x000000008f400000|100%| E|CS|TAMS 0x000000008f300000, 0x000000008f300000| Complete 
| 244|0x000000008f400000, 0x000000008f500000, 0x000000008f500000|100%| E|CS|TAMS 0x000000008f400000, 0x000000008f400000| Complete 
| 245|0x000000008f500000, 0x000000008f600000, 0x000000008f600000|100%| E|CS|TAMS 0x000000008f500000, 0x000000008f500000| Complete 
| 246|0x000000008f600000, 0x000000008f700000, 0x000000008f700000|100%| E|CS|TAMS 0x000000008f600000, 0x000000008f600000| Complete 
| 247|0x000000008f700000, 0x000000008f800000, 0x000000008f800000|100%| E|CS|TAMS 0x000000008f700000, 0x000000008f700000| Complete 
| 248|0x000000008f800000, 0x000000008f900000, 0x000000008f900000|100%| E|CS|TAMS 0x000000008f800000, 0x000000008f800000| Complete 
| 249|0x000000008f900000, 0x000000008fa00000, 0x000000008fa00000|100%| E|CS|TAMS 0x000000008f900000, 0x000000008f900000| Complete 
| 250|0x000000008fa00000, 0x000000008fb00000, 0x000000008fb00000|100%| E|CS|TAMS 0x000000008fa00000, 0x000000008fa00000| Complete 
| 251|0x000000008fb00000, 0x000000008fc00000, 0x000000008fc00000|100%| E|CS|TAMS 0x000000008fb00000, 0x000000008fb00000| Complete 
| 252|0x000000008fc00000, 0x000000008fd00000, 0x000000008fd00000|100%| E|CS|TAMS 0x000000008fc00000, 0x000000008fc00000| Complete 
| 253|0x000000008fd00000, 0x000000008fe00000, 0x000000008fe00000|100%| E|CS|TAMS 0x000000008fd00000, 0x000000008fd00000| Complete 
| 254|0x000000008fe00000, 0x000000008ff00000, 0x000000008ff00000|100%| E|CS|TAMS 0x000000008fe00000, 0x000000008fe00000| Complete 
| 255|0x000000008ff00000, 0x0000000090000000, 0x0000000090000000|100%| E|CS|TAMS 0x000000008ff00000, 0x000000008ff00000| Complete 
| 256|0x0000000090000000, 0x0000000090100000, 0x0000000090100000|100%| E|CS|TAMS 0x0000000090000000, 0x0000000090000000| Complete 
| 257|0x0000000090100000, 0x0000000090200000, 0x0000000090200000|100%| E|CS|TAMS 0x0000000090100000, 0x0000000090100000| Complete 
| 258|0x0000000090200000, 0x0000000090300000, 0x0000000090300000|100%| E|CS|TAMS 0x0000000090200000, 0x0000000090200000| Complete 
| 259|0x0000000090300000, 0x0000000090400000, 0x0000000090400000|100%| E|CS|TAMS 0x0000000090300000, 0x0000000090300000| Complete 

Card table byte_map: [0x0000020125210000,0x0000020125610000] _byte_map_base: 0x0000020124e10000

Marking Bits (Prev, Next): (CMBitMap*) 0x0000020111efe9f0, (CMBitMap*) 0x0000020111efe9b0
 Prev Bits: [0x0000020127a10000, 0x0000020129a10000)
 Next Bits: [0x0000020125a10000, 0x0000020127a10000)

Polling page: 0x000002010fde0000

Metaspace:

Usage:
  Non-class:    103.74 MB used.
      Class:     17.09 MB used.
       Both:    120.83 MB used.

Virtual space:
  Non-class space:      128.00 MB reserved,     104.19 MB ( 81%) committed,  2 nodes.
      Class space:        1.00 GB reserved,      17.50 MB (  2%) committed,  1 nodes.
             Both:        1.12 GB reserved,     121.69 MB ( 11%) committed. 

Chunk freelists:
   Non-Class:  7.61 MB
       Class:  14.35 MB
        Both:  21.96 MB

MaxMetaspaceSize: unlimited
CompressedClassSpaceSize: 1.00 GB
Initial GC threshold: 21.00 MB
Current GC threshold: 201.50 MB
CDS: off
MetaspaceReclaimPolicy: balanced
 - commit_granule_bytes: 65536.
 - commit_granule_words: 8192.
 - virtual_space_node_default_size: 8388608.
 - enlarge_chunks_in_place: 1.
 - new_chunks_are_fully_committed: 0.
 - uncommit_free_chunks: 1.
 - use_allocation_guard: 0.
 - handle_deallocations: 1.


Internal statistics:

num_allocs_failed_limit: 6.
num_arena_births: 1478.
num_arena_deaths: 56.
num_vsnodes_births: 3.
num_vsnodes_deaths: 0.
num_space_committed: 1946.
num_space_uncommitted: 0.
num_chunks_returned_to_freelist: 85.
num_chunks_taken_from_freelist: 6312.
num_chunk_merges: 40.
num_chunk_splits: 4132.
num_chunks_enlarged: 2751.
num_inconsistent_stats: 0.

CodeHeap 'non-profiled nmethods': size=119168Kb used=8102Kb max_used=8102Kb free=111065Kb
 bounds [0x000002011cf10000, 0x000002011d700000, 0x0000020124370000]
CodeHeap 'profiled nmethods': size=119104Kb used=25025Kb max_used=25025Kb free=94078Kb
 bounds [0x0000020115370000, 0x0000020116bf0000, 0x000002011c7c0000]
CodeHeap 'non-nmethods': size=7488Kb used=2454Kb max_used=4222Kb free=5033Kb
 bounds [0x000002011c7c0000, 0x000002011cbf0000, 0x000002011cf10000]
 total_blobs=13686 nmethods=12684 adapters=912
 compilation: enabled
              stopped_count=0, restarted_count=0
 full_count=0

Compilation events (20 events):
Event: 55.450 Thread 0x000002012ce344e0 nmethod 14897 0x0000020116bdb290 code [0x0000020116bdb460, 0x0000020116bdb848]
Event: 55.450 Thread 0x000002012ce344e0 14898       3       java.lang.invoke.Invokers::cachedInvoker (7 bytes)
Event: 55.451 Thread 0x000002012ce344e0 nmethod 14898 0x0000020116bdb990 code [0x0000020116bdbb20, 0x0000020116bdbc58]
Event: 55.451 Thread 0x000002012d459de0 14896       4       org.gradle.internal.service.DefaultServiceRegistry$SingletonService::getService (18 bytes)
Event: 55.451 Thread 0x000002012ce344e0 14899       3       java.lang.String::equalsIgnoreCase (45 bytes)
Event: 55.452 Thread 0x000002012ce344e0 nmethod 14899 0x0000020116bdbd10 code [0x0000020116bdbf00, 0x0000020116bdc468]
Event: 55.452 Thread 0x000002012ce344e0 14900       3       jdk.internal.reflect.AccessorGenerator::typeSizeInStackSlots (27 bytes)
Event: 55.453 Thread 0x000002012ce344e0 nmethod 14900 0x0000020116bdc690 code [0x0000020116bdc840, 0x0000020116bdca78]
Event: 55.454 Thread 0x000002012ce344e0 14903   !   3       java.util.ArrayList::batchRemove (184 bytes)
Event: 55.454 Thread 0x000002012d45ad10 nmethod 14891 0x000002011d6f9190 code [0x000002011d6f9320, 0x000002011d6f9658]
Event: 55.455 Thread 0x000002012d45ad10 14901       4       com.google.common.cache.LocalCache::get (21 bytes)
Event: 55.455 Thread 0x000002012ce344e0 nmethod 14903 0x0000020116bdcb10 code [0x0000020116bdcd60, 0x0000020116bdd838]
Event: 55.455 Thread 0x000002012ce344e0 14904       3       org.gradle.cache.internal.DefaultCrossBuildInMemoryCacheFactory$AbstractCrossBuildInMemoryCache::getIfPresentWithoutLock (43 bytes)
Event: 55.456 Thread 0x000002012ce344e0 nmethod 14904 0x0000020116bddd10 code [0x0000020116bddee0, 0x0000020116bde328]
Event: 55.456 Thread 0x000002012ce344e0 14905       3       org.gradle.api.internal.artifacts.configurations.DefaultConfiguration::logIfImproperConfiguration (117 bytes)
Event: 55.458 Thread 0x000002012ce344e0 nmethod 14905 0x0000020116bde490 code [0x0000020116bde880, 0x0000020116be0198]
Event: 55.458 Thread 0x000002012ce344e0 14906       3       org.gradle.internal.event.ListenerBroadcast::add (13 bytes)
Event: 55.458 Thread 0x000002012ce344e0 nmethod 14906 0x0000020116be0990 code [0x0000020116be0b40, 0x0000020116be0e48]
Event: 55.458 Thread 0x000002012ce344e0 14907       3       org.gradle.internal.event.BroadcastDispatch::add (7 bytes)
Event: 55.459 Thread 0x000002012ce344e0 nmethod 14907 0x0000020116be0f90 code [0x0000020116be1140, 0x0000020116be1308]

GC Heap History (20 events):
Event: 8.010 GC heap before
{Heap before GC invocations=49 (full 0):
 garbage-first heap   total 198656K, used 160017K [0x0000000080000000, 0x0000000100000000)
  region size 1024K, 55 young (56320K), 2 survivors (2048K)
 Metaspace       used 99277K, committed 100032K, reserved 1179648K
  class space    used 13893K, committed 14272K, reserved 1048576K
}
Event: 8.013 GC heap after
{Heap after GC invocations=50 (full 0):
 garbage-first heap   total 198656K, used 110991K [0x0000000080000000, 0x0000000100000000)
  region size 1024K, 6 young (6144K), 6 survivors (6144K)
 Metaspace       used 99277K, committed 100032K, reserved 1179648K
  class space    used 13893K, committed 14272K, reserved 1048576K
}
Event: 8.326 GC heap before
{Heap before GC invocations=51 (full 0):
 garbage-first heap   total 198656K, used 161167K [0x0000000080000000, 0x0000000100000000)
  region size 1024K, 56 young (57344K), 6 survivors (6144K)
 Metaspace       used 99813K, committed 100544K, reserved 1179648K
  class space    used 13935K, committed 14272K, reserved 1048576K
}
Event: 8.328 GC heap after
{Heap after GC invocations=52 (full 0):
 garbage-first heap   total 198656K, used 114486K [0x0000000080000000, 0x0000000100000000)
  region size 1024K, 6 young (6144K), 6 survivors (6144K)
 Metaspace       used 99813K, committed 100544K, reserved 1179648K
  class space    used 13935K, committed 14272K, reserved 1048576K
}
Event: 8.334 GC heap before
{Heap before GC invocations=52 (full 0):
 garbage-first heap   total 198656K, used 117558K [0x0000000080000000, 0x0000000100000000)
  region size 1024K, 9 young (9216K), 6 survivors (6144K)
 Metaspace       used 99820K, committed 100544K, reserved 1179648K
  class space    used 13935K, committed 14272K, reserved 1048576K
}
Event: 8.337 GC heap after
{Heap after GC invocations=53 (full 0):
 garbage-first heap   total 198656K, used 114129K [0x0000000080000000, 0x0000000100000000)
  region size 1024K, 2 young (2048K), 2 survivors (2048K)
 Metaspace       used 99820K, committed 100544K, reserved 1179648K
  class space    used 13935K, committed 14272K, reserved 1048576K
}
Event: 8.700 GC heap before
{Heap before GC invocations=53 (full 0):
 garbage-first heap   total 198656K, used 161233K [0x0000000080000000, 0x0000000100000000)
  region size 1024K, 49 young (50176K), 2 survivors (2048K)
 Metaspace       used 102816K, committed 103552K, reserved 1179648K
  class space    used 14303K, committed 14656K, reserved 1048576K
}
Event: 8.702 GC heap after
{Heap after GC invocations=54 (full 0):
 garbage-first heap   total 198656K, used 118396K [0x0000000080000000, 0x0000000100000000)
  region size 1024K, 6 young (6144K), 6 survivors (6144K)
 Metaspace       used 102816K, committed 103552K, reserved 1179648K
  class space    used 14303K, committed 14656K, reserved 1048576K
}
Event: 15.333 GC heap before
{Heap before GC invocations=54 (full 0):
 garbage-first heap   total 198656K, used 161404K [0x0000000080000000, 0x0000000100000000)
  region size 1024K, 49 young (50176K), 6 survivors (6144K)
 Metaspace       used 104644K, committed 105472K, reserved 1179648K
  class space    used 14579K, committed 14976K, reserved 1048576K
}
Event: 15.337 GC heap after
{Heap after GC invocations=55 (full 0):
 garbage-first heap   total 198656K, used 121212K [0x0000000080000000, 0x0000000100000000)
  region size 1024K, 4 young (4096K), 4 survivors (4096K)
 Metaspace       used 104644K, committed 105472K, reserved 1179648K
  class space    used 14579K, committed 14976K, reserved 1048576K
}
Event: 15.396 GC heap before
{Heap before GC invocations=55 (full 0):
 garbage-first heap   total 198656K, used 133500K [0x0000000080000000, 0x0000000100000000)
  region size 1024K, 16 young (16384K), 4 survivors (4096K)
 Metaspace       used 104788K, committed 105536K, reserved 1179648K
  class space    used 14596K, committed 14976K, reserved 1048576K
}
Event: 15.399 GC heap after
{Heap after GC invocations=56 (full 0):
 garbage-first heap   total 198656K, used 124428K [0x0000000080000000, 0x0000000100000000)
  region size 1024K, 2 young (2048K), 2 survivors (2048K)
 Metaspace       used 104788K, committed 105536K, reserved 1179648K
  class space    used 14596K, committed 14976K, reserved 1048576K
}
Event: 15.854 GC heap before
{Heap before GC invocations=57 (full 0):
 garbage-first heap   total 219136K, used 166412K [0x0000000080000000, 0x0000000100000000)
  region size 1024K, 41 young (41984K), 2 survivors (2048K)
 Metaspace       used 109865K, committed 110656K, reserved 1179648K
  class space    used 15258K, committed 15680K, reserved 1048576K
}
Event: 15.857 GC heap after
{Heap after GC invocations=58 (full 0):
 garbage-first heap   total 219136K, used 123381K [0x0000000080000000, 0x0000000100000000)
  region size 1024K, 3 young (3072K), 3 survivors (3072K)
 Metaspace       used 109865K, committed 110656K, reserved 1179648K
  class space    used 15258K, committed 15680K, reserved 1048576K
}
Event: 15.892 GC heap before
{Heap before GC invocations=58 (full 0):
 garbage-first heap   total 219136K, used 130549K [0x0000000080000000, 0x0000000100000000)
  region size 1024K, 10 young (10240K), 3 survivors (3072K)
 Metaspace       used 110904K, committed 111680K, reserved 1179648K
  class space    used 15408K, committed 15808K, reserved 1048576K
}
Event: 15.895 GC heap after
{Heap after GC invocations=59 (full 0):
 garbage-first heap   total 219136K, used 122045K [0x0000000080000000, 0x0000000100000000)
  region size 1024K, 1 young (1024K), 1 survivors (1024K)
 Metaspace       used 110904K, committed 111680K, reserved 1179648K
  class space    used 15408K, committed 15808K, reserved 1048576K
}
Event: 16.315 GC heap before
{Heap before GC invocations=59 (full 0):
 garbage-first heap   total 219136K, used 182461K [0x0000000080000000, 0x0000000100000000)
  region size 1024K, 61 young (62464K), 1 survivors (1024K)
 Metaspace       used 119382K, committed 120256K, reserved 1179648K
  class space    used 16760K, committed 17216K, reserved 1048576K
}
Event: 16.318 GC heap after
{Heap after GC invocations=60 (full 0):
 garbage-first heap   total 219136K, used 123551K [0x0000000080000000, 0x0000000100000000)
  region size 1024K, 2 young (2048K), 2 survivors (2048K)
 Metaspace       used 119382K, committed 120256K, reserved 1179648K
  class space    used 16760K, committed 17216K, reserved 1048576K
}
Event: 16.699 GC heap before
{Heap before GC invocations=60 (full 0):
 garbage-first heap   total 219136K, used 161439K [0x0000000080000000, 0x0000000100000000)
  region size 1024K, 37 young (37888K), 2 survivors (2048K)
 Metaspace       used 122747K, committed 123648K, reserved 1179648K
  class space    used 17338K, committed 17792K, reserved 1048576K
}
Event: 16.703 GC heap after
{Heap after GC invocations=61 (full 0):
 garbage-first heap   total 219136K, used 130635K [0x0000000080000000, 0x0000000100000000)
  region size 1024K, 5 young (5120K), 5 survivors (5120K)
 Metaspace       used 122747K, committed 123648K, reserved 1179648K
  class space    used 17338K, committed 17792K, reserved 1048576K
}

Dll operation events (3 events):
Event: 0.009 Loaded shared library C:\Program Files\Android\Android Studio\jbr\bin\java.dll
Event: 0.106 Loaded shared library C:\Program Files\Android\Android Studio\jbr\bin\zip.dll
Event: 0.267 Loaded shared library C:\Program Files\Android\Android Studio\jbr\bin\verify.dll

Deoptimization events (20 events):
Event: 55.424 Thread 0x0000020132d276f0 DEOPT PACKING pc=0x000002011d6eed18 sp=0x000000b6ee5fd7b0
Event: 55.424 Thread 0x0000020132d276f0 DEOPT UNPACKING pc=0x000002011c8169a3 sp=0x000000b6ee5fd768 mode 2
Event: 55.426 Thread 0x0000020132d276f0 Uncommon trap: trap_request=0xffffff45 fr.pc=0x000002011d45affc relative=0x00000000000004fc
Event: 55.426 Thread 0x0000020132d276f0 Uncommon trap: reason=unstable_if action=reinterpret pc=0x000002011d45affc method=org.gradle.cache.internal.DefaultCrossBuildInMemoryCacheFactory$AbstractCrossBuildInMemoryCache.getIfPresentWithoutLock(Ljava/lang/Object;)Ljava/lang/Object; @ 24 c2
Event: 55.426 Thread 0x0000020132d276f0 DEOPT PACKING pc=0x000002011d45affc sp=0x000000b6ee5faf60
Event: 55.426 Thread 0x0000020132d276f0 DEOPT UNPACKING pc=0x000002011c8169a3 sp=0x000000b6ee5faf18 mode 2
Event: 55.427 Thread 0x0000020132d276f0 Uncommon trap: trap_request=0xffffffc6 fr.pc=0x000002011d185df8 relative=0x0000000000000798
Event: 55.427 Thread 0x0000020132d276f0 Uncommon trap: reason=bimorphic_or_optimized_type_check action=maybe_recompile pc=0x000002011d185df8 method=java.util.stream.MatchOps$MatchOp.evaluateSequential(Ljava/util/stream/PipelineHelper;Ljava/util/Spliterator;)Ljava/lang/Boolean; @ 14 c2
Event: 55.427 Thread 0x0000020132d276f0 DEOPT PACKING pc=0x000002011d185df8 sp=0x000000b6ee5fb670
Event: 55.427 Thread 0x0000020132d276f0 DEOPT UNPACKING pc=0x000002011c8169a3 sp=0x000000b6ee5fb5a8 mode 2
Event: 55.431 Thread 0x0000020132d276f0 DEOPT PACKING pc=0x0000020115a75a82 sp=0x000000b6ee5fb110
Event: 55.431 Thread 0x0000020132d276f0 DEOPT UNPACKING pc=0x000002011c817143 sp=0x000000b6ee5fa5f0 mode 0
Event: 55.434 Thread 0x0000020132d276f0 Uncommon trap: trap_request=0xffffff45 fr.pc=0x000002011d6ad02c relative=0x00000000000022cc
Event: 55.434 Thread 0x0000020132d276f0 Uncommon trap: reason=unstable_if action=reinterpret pc=0x000002011d6ad02c method=org.gradle.cache.internal.DefaultCrossBuildInMemoryCacheFactory$AbstractCrossBuildInMemoryCache.getIfPresentWithoutLock(Ljava/lang/Object;)Ljava/lang/Object; @ 24 c2
Event: 55.434 Thread 0x0000020132d276f0 DEOPT PACKING pc=0x000002011d6ad02c sp=0x000000b6ee5f8a60
Event: 55.434 Thread 0x0000020132d276f0 DEOPT UNPACKING pc=0x000002011c8169a3 sp=0x000000b6ee5f89f0 mode 2
Event: 55.444 Thread 0x0000020132d276f0 Uncommon trap: trap_request=0xffffff45 fr.pc=0x000002011d55ed50 relative=0x00000000000006f0
Event: 55.444 Thread 0x0000020132d276f0 Uncommon trap: reason=unstable_if action=reinterpret pc=0x000002011d55ed50 method=org.gradle.tooling.internal.provider.runner.PluginApplicationTracker.started(Lorg/gradle/internal/operations/BuildOperationDescriptor;Lorg/gradle/internal/operations/Operati
Event: 55.444 Thread 0x0000020132d276f0 DEOPT PACKING pc=0x000002011d55ed50 sp=0x000000b6ee5faa60
Event: 55.444 Thread 0x0000020132d276f0 DEOPT UNPACKING pc=0x000002011c8169a3 sp=0x000000b6ee5faa00 mode 2

Classes unloaded (20 events):
Event: 8.041 Thread 0x000002012cd2fc40 Unloading class 0x0000000100dc3800 'java/lang/invoke/LambdaForm$DMH+0x0000000100dc3800'
Event: 8.041 Thread 0x000002012cd2fc40 Unloading class 0x0000000100dc2c00 'java/lang/invoke/LambdaForm$DMH+0x0000000100dc2c00'
Event: 8.041 Thread 0x000002012cd2fc40 Unloading class 0x0000000100dc2400 'java/lang/invoke/LambdaForm$DMH+0x0000000100dc2400'
Event: 8.041 Thread 0x000002012cd2fc40 Unloading class 0x0000000100dc2000 'java/lang/invoke/LambdaForm$DMH+0x0000000100dc2000'
Event: 8.041 Thread 0x000002012cd2fc40 Unloading class 0x0000000100dc1c00 'java/lang/invoke/LambdaForm$DMH+0x0000000100dc1c00'
Event: 8.041 Thread 0x000002012cd2fc40 Unloading class 0x0000000100dc1800 'java/lang/invoke/LambdaForm$DMH+0x0000000100dc1800'
Event: 8.041 Thread 0x000002012cd2fc40 Unloading class 0x0000000100dc1400 'java/lang/invoke/LambdaForm$DMH+0x0000000100dc1400'
Event: 8.041 Thread 0x000002012cd2fc40 Unloading class 0x0000000100dc0000 'java/lang/invoke/LambdaForm$DMH+0x0000000100dc0000'
Event: 8.041 Thread 0x000002012cd2fc40 Unloading class 0x0000000100dc0c00 'java/lang/invoke/LambdaForm$DMH+0x0000000100dc0c00'
Event: 8.041 Thread 0x000002012cd2fc40 Unloading class 0x0000000100dc0800 'java/lang/invoke/LambdaForm$DMH+0x0000000100dc0800'
Event: 8.041 Thread 0x000002012cd2fc40 Unloading class 0x0000000100dc1000 'java/lang/invoke/LambdaForm$DMH+0x0000000100dc1000'
Event: 16.740 Thread 0x000002012cd2fc40 Unloading class 0x0000000100eb6000 'jdk/internal/reflect/GeneratedSerializationConstructorAccessor138'
Event: 16.740 Thread 0x000002012cd2fc40 Unloading class 0x0000000100eb6400 'jdk/internal/reflect/GeneratedSerializationConstructorAccessor137'
Event: 16.740 Thread 0x000002012cd2fc40 Unloading class 0x0000000100eb5800 'jdk/internal/reflect/GeneratedSerializationConstructorAccessor141'
Event: 16.740 Thread 0x000002012cd2fc40 Unloading class 0x0000000100eb5000 'jdk/internal/reflect/GeneratedSerializationConstructorAccessor139'
Event: 16.740 Thread 0x000002012cd2fc40 Unloading class 0x0000000100eb5c00 'jdk/internal/reflect/GeneratedSerializationConstructorAccessor145'
Event: 16.740 Thread 0x000002012cd2fc40 Unloading class 0x0000000100eb5400 'jdk/internal/reflect/GeneratedSerializationConstructorAccessor136'
Event: 16.740 Thread 0x000002012cd2fc40 Unloading class 0x0000000100eb4800 'jdk/internal/reflect/GeneratedSerializationConstructorAccessor144'
Event: 16.740 Thread 0x000002012cd2fc40 Unloading class 0x0000000100eb4000 'jdk/internal/reflect/GeneratedSerializationConstructorAccessor140'
Event: 16.740 Thread 0x000002012cd2fc40 Unloading class 0x0000000100eb4c00 'jdk/internal/reflect/GeneratedSerializationConstructorAccessor143'

Classes redefined (0 events):
No events

Internal exceptions (20 events):
Event: 16.509 Thread 0x000002013fa5c5f0 Exception <a 'java/lang/NoSuchMethodError'{0x000000008c1cd3a8}: static Lcom/android/build/api/variant/impl/VariantOutputConfigurationImpl;.<clinit>()V> (0x000000008c1cd3a8) 
thrown [s\src\hotspot\share\prims\jni.cpp, line 1108]
Event: 16.533 Thread 0x0000020135bcb070 Exception <a 'sun/nio/fs/WindowsException'{0x000000008bec9490}> (0x000000008bec9490) 
thrown [s\src\hotspot\share\prims\jni.cpp, line 517]
Event: 16.590 Thread 0x0000020135bcb070 Exception <a 'java/lang/NoSuchMethodError'{0x000000008bdb54e0}: 'java.lang.Object java.lang.invoke.DirectMethodHandle$Holder.newInvokeSpecial(java.lang.Object, java.lang.Object, java.lang.Object, java.lang.Object, java.lang.Object, int, java.lang.Object)'> (0x000000008bdb54e0) 
thrown [s\src\hotspot\share\interpreter\linkResolver.cpp, line 771]
Event: 16.590 Thread 0x0000020135bcb070 Exception <a 'java/lang/NoSuchMethodError'{0x000000008bdbef98}: 'java.lang.Object java.lang.invoke.Invokers$Holder.linkToTargetMethod(java.lang.Object, java.lang.Object, java.lang.Object, java.lang.Object, int, java.lang.Object, java.lang.Object)'> (0x000000008bdbef98) 
thrown [s\src\hotspot\share\interpreter\linkResolver.cpp, line 771]
Event: 16.596 Thread 0x0000020135bcb070 Implicit null exception at 0x000002011d686035 to 0x000002011d686854
Event: 16.600 Thread 0x0000020135bcb070 Exception <a 'java/lang/NoSuchMethodError'{0x000000008bc5b4b8}: 'java.lang.Object java.lang.invoke.DirectMethodHandle$Holder.newInvokeSpecial(java.lang.Object, java.lang.Object, java.lang.Object, java.lang.Object, java.lang.Object, java.lang.Object, java.lang.Object, int)'> (0x000000008bc5b4b8) 
thrown [s\src\hotspot\share\interpreter\linkResolver.cpp, line 771]
Event: 16.600 Thread 0x0000020135bcb070 Exception <a 'java/lang/NoSuchMethodError'{0x000000008bc60bb8}: 'java.lang.Object java.lang.invoke.DirectMethodHandle$Holder.invokeSpecial(java.lang.Object, java.lang.Object, java.lang.Object, java.lang.Object, java.lang.Object, java.lang.Object, java.lang.Object, java.lang.Object, int)'> (0x000000008bc60bb8) 
thrown [s\src\hotspot\share\interpreter\linkResolver.cpp, line 771]
Event: 16.601 Thread 0x0000020135bcb070 Exception <a 'java/lang/NoSuchMethodError'{0x000000008bc65d80}: 'java.lang.Object java.lang.invoke.Invokers$Holder.linkToTargetMethod(java.lang.Object, java.lang.Object, java.lang.Object, java.lang.Object, java.lang.Object, java.lang.Object, int, java.lang.Object)'> (0x000000008bc65d80) 
thrown [s\src\hotspot\share\interpreter\linkResolver.cpp, line 771]
Event: 16.760 Thread 0x0000020135bcb070 Exception <a 'java/lang/NoSuchMethodError'{0x000000008d367150}: 'java.lang.Object java.lang.invoke.DirectMethodHandle$Holder.invokeVirtual(java.lang.Object, java.lang.Object, int)'> (0x000000008d367150) 
thrown [s\src\hotspot\share\interpreter\linkResolver.cpp, line 771]
Event: 16.762 Thread 0x0000020135bcb070 Implicit null exception at 0x000002011d10e5cb to 0x000002011d10e5f0
Event: 16.824 Thread 0x0000020132d276f0 Exception <a 'java/lang/NoSuchMethodError'{0x00000000902c00a0}: static Lorg/jetbrains/kotlin/gradle/plugin/statistics/MetricContainer;.<clinit>()V> (0x00000000902c00a0) 
thrown [s\src\hotspot\share\prims\jni.cpp, line 1108]
Event: 16.839 Thread 0x0000020132d276f0 Exception <a 'sun/nio/fs/WindowsException'{0x00000000900228f8}> (0x00000000900228f8) 
thrown [s\src\hotspot\share\prims\jni.cpp, line 517]
Event: 16.839 Thread 0x0000020132d276f0 Exception <a 'sun/nio/fs/WindowsException'{0x0000000090022cb8}> (0x0000000090022cb8) 
thrown [s\src\hotspot\share\prims\jni.cpp, line 517]
Event: 16.839 Thread 0x0000020132d276f0 Exception <a 'sun/nio/fs/WindowsException'{0x0000000090024bd0}> (0x0000000090024bd0) 
thrown [s\src\hotspot\share\prims\jni.cpp, line 517]
Event: 16.901 Thread 0x0000020132d276f0 Implicit null exception at 0x000002011d5d2b8f to 0x000002011d5d2bdc
Event: 55.424 Thread 0x0000020132d276f0 Implicit null exception at 0x000002011d6edddc to 0x000002011d6eed04
Event: 55.448 Thread 0x0000020132d276f0 Exception <a 'sun/nio/fs/WindowsException'{0x000000008f2477d8}> (0x000000008f2477d8) 
thrown [s\src\hotspot\share\prims\jni.cpp, line 517]
Event: 55.449 Thread 0x0000020132d276f0 Exception <a 'sun/nio/fs/WindowsException'{0x000000008f248d50}> (0x000000008f248d50) 
thrown [s\src\hotspot\share\prims\jni.cpp, line 517]
Event: 55.449 Thread 0x0000020132d276f0 Exception <a 'sun/nio/fs/WindowsException'{0x000000008f24a2c8}> (0x000000008f24a2c8) 
thrown [s\src\hotspot\share\prims\jni.cpp, line 517]
Event: 55.449 Thread 0x0000020132d276f0 Exception <a 'sun/nio/fs/WindowsException'{0x000000008f24b830}> (0x000000008f24b830) 
thrown [s\src\hotspot\share\prims\jni.cpp, line 517]

VM Operations (20 events):
Event: 16.774 Executing VM operation: G1Concurrent
Event: 16.775 Executing VM operation: G1Concurrent done
Event: 16.820 Executing VM operation: HandshakeAllThreads
Event: 16.821 Executing VM operation: HandshakeAllThreads done
Event: 16.834 Executing VM operation: HandshakeAllThreads
Event: 16.834 Executing VM operation: HandshakeAllThreads done
Event: 16.864 Executing VM operation: HandshakeAllThreads
Event: 16.865 Executing VM operation: HandshakeAllThreads done
Event: 17.865 Executing VM operation: Cleanup
Event: 17.865 Executing VM operation: Cleanup done
Event: 21.867 Executing VM operation: Cleanup
Event: 21.867 Executing VM operation: Cleanup done
Event: 39.878 Executing VM operation: Cleanup
Event: 39.878 Executing VM operation: Cleanup done
Event: 41.879 Executing VM operation: Cleanup
Event: 41.879 Executing VM operation: Cleanup done
Event: 51.885 Executing VM operation: Cleanup
Event: 51.885 Executing VM operation: Cleanup done
Event: 53.886 Executing VM operation: Cleanup
Event: 53.886 Executing VM operation: Cleanup done

Events (20 events):
Event: 55.421 loading class jdk/internal/math/FormattedFloatingDecimal$Form
Event: 55.422 loading class jdk/internal/math/FormattedFloatingDecimal$Form done
Event: 55.422 loading class jdk/internal/math/FormattedFloatingDecimal
Event: 55.422 loading class jdk/internal/math/FormattedFloatingDecimal done
Event: 55.422 loading class jdk/internal/math/FormattedFloatingDecimal$1
Event: 55.422 loading class jdk/internal/math/FormattedFloatingDecimal$1 done
Event: 55.422 loading class jdk/internal/math/FormattedFloatingDecimal$2
Event: 55.422 loading class jdk/internal/math/FormattedFloatingDecimal$2 done
Event: 55.423 Thread 0x00000201366d5260 Thread added: 0x00000201366d5260
Event: 55.423 Thread 0x00000201366d43f0 Thread added: 0x00000201366d43f0
Event: 55.425 Thread 0x000002012d4598d0 Thread added: 0x000002012d4598d0
Event: 55.432 Thread 0x000002012d459de0 Thread added: 0x000002012d459de0
Event: 55.432 Thread 0x000002012d45a2f0 Thread added: 0x000002012d45a2f0
Event: 55.432 Thread 0x000002012d45a800 Thread added: 0x000002012d45a800
Event: 55.432 Thread 0x000002012d45ad10 Thread added: 0x000002012d45ad10
Event: 55.432 Thread 0x0000020135edcaf0 Thread added: 0x0000020135edcaf0
Event: 55.434 Thread 0x00000201366ced50 Thread added: 0x00000201366ced50
Event: 55.437 Thread 0x00000201366d4d90 Thread added: 0x00000201366d4d90
Event: 55.439 Thread 0x00000201366d48c0 Thread added: 0x00000201366d48c0
Event: 55.441 Thread 0x00000201366cf6f0 Thread added: 0x00000201366cf6f0


Dynamic libraries:
0x00007ff7d4730000 - 0x00007ff7d473a000 	C:\Program Files\Android\Android Studio\jbr\bin\java.exe
0x00007ffcd5090000 - 0x00007ffcd52a7000 	C:\Windows\SYSTEM32\ntdll.dll
0x00007ffcd3cd0000 - 0x00007ffcd3d94000 	C:\Windows\System32\KERNEL32.DLL
0x00007ffcd29b0000 - 0x00007ffcd2d56000 	C:\Windows\System32\KERNELBASE.dll
0x00007ffcd2860000 - 0x00007ffcd2971000 	C:\Windows\System32\ucrtbase.dll
0x00007ffc94320000 - 0x00007ffc94337000 	C:\Program Files\Android\Android Studio\jbr\bin\jli.dll
0x00007ffcc2a00000 - 0x00007ffcc2a1b000 	C:\Program Files\Android\Android Studio\jbr\bin\VCRUNTIME140.dll
0x00007ffcd33a0000 - 0x00007ffcd354e000 	C:\Windows\System32\USER32.dll
0x00007ffcba5f0000 - 0x00007ffcba883000 	C:\Windows\WinSxS\amd64_microsoft.windows.common-controls_6595b64144ccf1df_6.0.22621.2506_none_270c5ae97388e100\COMCTL32.dll
0x00007ffcd2830000 - 0x00007ffcd2856000 	C:\Windows\System32\win32u.dll
0x00007ffcd3e50000 - 0x00007ffcd3e79000 	C:\Windows\System32\GDI32.dll
0x00007ffcd3e80000 - 0x00007ffcd3f27000 	C:\Windows\System32\msvcrt.dll
0x00007ffcd2490000 - 0x00007ffcd25a8000 	C:\Windows\System32\gdi32full.dll
0x00007ffcd2620000 - 0x00007ffcd26ba000 	C:\Windows\System32\msvcp_win.dll
0x00007ffcd4e80000 - 0x00007ffcd4eb1000 	C:\Windows\System32\IMM32.DLL
0x00007ffccb9b0000 - 0x00007ffccb9bc000 	C:\Program Files\Android\Android Studio\jbr\bin\vcruntime140_1.dll
0x00007ffcb3cc0000 - 0x00007ffcb3d4d000 	C:\Program Files\Android\Android Studio\jbr\bin\msvcp140.dll
0x00007ffc50700000 - 0x00007ffc51380000 	C:\Program Files\Android\Android Studio\jbr\bin\server\jvm.dll
0x00007ffcd4940000 - 0x00007ffcd49f3000 	C:\Windows\System32\ADVAPI32.dll
0x00007ffcd3100000 - 0x00007ffcd31a8000 	C:\Windows\System32\sechost.dll
0x00007ffcd2980000 - 0x00007ffcd29a8000 	C:\Windows\System32\bcrypt.dll
0x00007ffcd2fe0000 - 0x00007ffcd30f7000 	C:\Windows\System32\RPCRT4.dll
0x00007ffcc1030000 - 0x00007ffcc103a000 	C:\Windows\SYSTEM32\VERSION.dll
0x00007ffcc9af0000 - 0x00007ffcc9b24000 	C:\Windows\SYSTEM32\WINMM.dll
0x00007ffcb9a70000 - 0x00007ffcb9a79000 	C:\Windows\SYSTEM32\WSOCK32.dll
0x00007ffcd4ed0000 - 0x00007ffcd4f41000 	C:\Windows\System32\WS2_32.dll
0x00007ffcd1440000 - 0x00007ffcd1458000 	C:\Windows\SYSTEM32\kernel.appcore.dll
0x00007ffccf4a0000 - 0x00007ffccf4aa000 	C:\Program Files\Android\Android Studio\jbr\bin\jimage.dll
0x00007ffcc71f0000 - 0x00007ffcc7423000 	C:\Windows\SYSTEM32\DBGHELP.DLL
0x00007ffcd3550000 - 0x00007ffcd38d9000 	C:\Windows\System32\combase.dll
0x00007ffcd39e0000 - 0x00007ffcd3ab7000 	C:\Windows\System32\OLEAUT32.dll
0x00007ffcb56f0000 - 0x00007ffcb5722000 	C:\Windows\SYSTEM32\dbgcore.DLL
0x00007ffcd2d60000 - 0x00007ffcd2dda000 	C:\Windows\System32\bcryptPrimitives.dll
0x00007ffc99b10000 - 0x00007ffc99b1e000 	C:\Program Files\Android\Android Studio\jbr\bin\instrument.dll
0x00007ffccf470000 - 0x00007ffccf495000 	C:\Program Files\Android\Android Studio\jbr\bin\java.dll
0x00007ffccd970000 - 0x00007ffccd988000 	C:\Program Files\Android\Android Studio\jbr\bin\zip.dll
0x00007ffcd4080000 - 0x00007ffcd48db000 	C:\Windows\System32\SHELL32.dll
0x00007ffcd02e0000 - 0x00007ffcd0bd6000 	C:\Windows\SYSTEM32\windows.storage.dll
0x00007ffcd01a0000 - 0x00007ffcd02de000 	C:\Windows\SYSTEM32\wintypes.dll
0x00007ffcd4f50000 - 0x00007ffcd5043000 	C:\Windows\System32\SHCORE.dll
0x00007ffcd2f80000 - 0x00007ffcd2fde000 	C:\Windows\System32\shlwapi.dll
0x00007ffcd2300000 - 0x00007ffcd2326000 	C:\Windows\SYSTEM32\profapi.dll
0x00007ffcc7d30000 - 0x00007ffcc7d49000 	C:\Program Files\Android\Android Studio\jbr\bin\net.dll
0x00007ffccc240000 - 0x00007ffccc377000 	C:\Windows\SYSTEM32\WINHTTP.dll
0x00007ffcd18d0000 - 0x00007ffcd1939000 	C:\Windows\system32\mswsock.dll
0x00007ffc9a9d0000 - 0x00007ffc9a9e6000 	C:\Program Files\Android\Android Studio\jbr\bin\nio.dll
0x00007ffc9a9c0000 - 0x00007ffc9a9d0000 	C:\Program Files\Android\Android Studio\jbr\bin\verify.dll
0x00007ffcc9e10000 - 0x00007ffcc9e37000 	C:\Users\ASUS\.gradle\native\68d5fa5c4cc2d200863cafc0d521ce42e7d3e7ee720ec0a83991735586a16f82\windows-amd64\native-platform.dll
0x00007ffc89bf0000 - 0x00007ffc89d34000 	C:\Users\ASUS\.gradle\native\e376f236ea51e6404a007f0833ffe2c6e607c4080706a723a18a27aeea778392\windows-amd64\native-platform-file-events.dll
0x00007ffc99b30000 - 0x00007ffc99b39000 	C:\Program Files\Android\Android Studio\jbr\bin\management.dll
0x00007ffc99b20000 - 0x00007ffc99b2b000 	C:\Program Files\Android\Android Studio\jbr\bin\management_ext.dll
0x00007ffcd4070000 - 0x00007ffcd4078000 	C:\Windows\System32\PSAPI.DLL
0x00007ffcd1b60000 - 0x00007ffcd1b7b000 	C:\Windows\SYSTEM32\CRYPTSP.dll
0x00007ffcd1330000 - 0x00007ffcd1365000 	C:\Windows\system32\rsaenh.dll
0x00007ffcd1a00000 - 0x00007ffcd1a2c000 	C:\Windows\SYSTEM32\USERENV.dll
0x00007ffcd1b80000 - 0x00007ffcd1b8c000 	C:\Windows\SYSTEM32\CRYPTBASE.dll
0x00007ffcd0d40000 - 0x00007ffcd0d6d000 	C:\Windows\SYSTEM32\IPHLPAPI.DLL
0x00007ffcd3f30000 - 0x00007ffcd3f39000 	C:\Windows\System32\NSI.dll
0x00007ffccbce0000 - 0x00007ffccbcf9000 	C:\Windows\SYSTEM32\dhcpcsvc6.DLL
0x00007ffccaf50000 - 0x00007ffccaf6f000 	C:\Windows\SYSTEM32\dhcpcsvc.DLL
0x00007ffcd0e60000 - 0x00007ffcd0f59000 	C:\Windows\SYSTEM32\DNSAPI.dll
0x00007ffc94860000 - 0x00007ffc94868000 	C:\Windows\system32\wshunix.dll
0x00007ffc95df0000 - 0x00007ffc95e07000 	C:\Windows\system32\napinsp.dll
0x00007ffc95a60000 - 0x00007ffc95a7b000 	C:\Windows\system32\pnrpnsp.dll
0x00007ffc95a40000 - 0x00007ffc95a51000 	C:\Windows\System32\winrnr.dll
0x00007ffcc9980000 - 0x00007ffcc9995000 	C:\Windows\system32\wshbth.dll
0x00007ffc948b0000 - 0x00007ffc948d1000 	C:\Windows\system32\nlansp_c.dll
0x0000000059580000 - 0x00000000595a6000 	C:\Program Files\Bonjour\mdnsNSP.dll
0x00007ffcc9970000 - 0x00007ffcc997a000 	C:\Windows\System32\rasadhlp.dll
0x00007ffcc97e0000 - 0x00007ffcc9863000 	C:\Windows\System32\fwpuclnt.dll
0x00007ffcc28a0000 - 0x00007ffcc28be000 	C:\Users\ASUS\AppData\Local\Temp\native-platform16581741670738293186dir\native-platform.dll
0x00007ffcc9cf0000 - 0x00007ffcc9cf7000 	C:\Program Files\Android\Android Studio\jbr\bin\rmi.dll

dbghelp: loaded successfully - version: 4.0.5 - missing functions: none
symbol engine: initialized successfully - sym options: 0x614 - pdb path: .;C:\Program Files\Android\Android Studio\jbr\bin;C:\Windows\SYSTEM32;C:\Windows\WinSxS\amd64_microsoft.windows.common-controls_6595b64144ccf1df_6.0.22621.2506_none_270c5ae97388e100;C:\Program Files\Android\Android Studio\jbr\bin\server;C:\Users\ASUS\.gradle\native\68d5fa5c4cc2d200863cafc0d521ce42e7d3e7ee720ec0a83991735586a16f82\windows-amd64;C:\Users\ASUS\.gradle\native\e376f236ea51e6404a007f0833ffe2c6e607c4080706a723a18a27aeea778392\windows-amd64;C:\Program Files\Bonjour;C:\Users\ASUS\AppData\Local\Temp\native-platform16581741670738293186dir

VM Arguments:
jvm_args: --add-opens=java.base/java.util=ALL-UNNAMED --add-opens=java.base/java.lang=ALL-UNNAMED --add-opens=java.base/java.lang.invoke=ALL-UNNAMED --add-opens=java.prefs/java.util.prefs=ALL-UNNAMED --add-opens=java.base/java.nio.charset=ALL-UNNAMED --add-opens=java.base/java.net=ALL-UNNAMED --add-opens=java.base/java.util.concurrent.atomic=ALL-UNNAMED -Xmx2048m -Dfile.encoding=UTF-8 -Duser.country=US -Duser.language=en -Duser.variant -javaagent:C:\Users\ASUS\.gradle\wrapper\dists\gradle-8.2-bin\bbg7u40eoinfdyxsxr3z4i7ta\gradle-8.2\lib\agents\gradle-instrumentation-agent-8.2.jar 
java_command: org.gradle.launcher.daemon.bootstrap.GradleDaemon 8.2
java_class_path (initial): C:\Users\ASUS\.gradle\wrapper\dists\gradle-8.2-bin\bbg7u40eoinfdyxsxr3z4i7ta\gradle-8.2\lib\gradle-launcher-8.2.jar
Launcher Type: SUN_STANDARD

[Global flags]
     intx CICompilerCount                          = 12                                        {product} {ergonomic}
     uint ConcGCThreads                            = 4                                         {product} {ergonomic}
     uint G1ConcRefinementThreads                  = 15                                        {product} {ergonomic}
   size_t G1HeapRegionSize                         = 1048576                                   {product} {ergonomic}
    uintx GCDrainStackTargetSize                   = 64                                        {product} {ergonomic}
   size_t InitialHeapSize                          = 264241152                                 {product} {ergonomic}
   size_t MarkStackSize                            = 4194304                                   {product} {ergonomic}
   size_t MaxHeapSize                              = 2147483648                                {product} {command line}
   size_t MaxNewSize                               = 1287651328                                {product} {ergonomic}
   size_t MinHeapDeltaBytes                        = 1048576                                   {product} {ergonomic}
   size_t MinHeapSize                              = 8388608                                   {product} {ergonomic}
    uintx NonNMethodCodeHeapSize                   = 7602480                                {pd product} {ergonomic}
    uintx NonProfiledCodeHeapSize                  = 122027880                              {pd product} {ergonomic}
    uintx ProfiledCodeHeapSize                     = 122027880                              {pd product} {ergonomic}
    uintx ReservedCodeCacheSize                    = 251658240                              {pd product} {ergonomic}
     bool SegmentedCodeCache                       = true                                      {product} {ergonomic}
   size_t SoftMaxHeapSize                          = 2147483648                             {manageable} {ergonomic}
     bool UseCompressedClassPointers               = true                           {product lp64_product} {ergonomic}
     bool UseCompressedOops                        = true                           {product lp64_product} {ergonomic}
     bool UseG1GC                                  = true                                      {product} {ergonomic}
     bool UseLargePagesIndividualAllocation        = false                                  {pd product} {ergonomic}

Logging:
Log output configuration:
 #0: stdout all=warning uptime,level,tags
 #1: stderr all=off uptime,level,tags

Environment Variables:
PATH=C:\Program Files\Common Files\Oracle\Java\javapath;C:\Windows\system32;C:\Windows;C:\Windows\System32\Wbem;C:\Windows\System32\WindowsPowerShell\v1.0\;C:\Windows\System32\OpenSSH\;C:\Program Files\Azure Data Studio\bin;C:\Program Files\Microsoft SQL Server\Client SDK\ODBC\170\Tools\Binn\;C:\Program Files (x86)\Microsoft SQL Server\150\Tools\Binn\;C:\Program Files\Microsoft SQL Server\150\Tools\Binn\;C:\Program Files\Microsoft SQL Server\150\DTS\Binn\;C:\Program Files (x86)\Microsoft SQL Server\160\DTS\Binn\;C:\Program Files\Git\cmd;C:\Program Files\nodejs\;C:\Program Files\Cloudflare\Cloudflare WARP\;C:\Users\ASUS\AppData\Local\Programs\Python\Launcher\;C:\Program Files\MySQL\MySQL Shell 8.0\bin\;C:\Users\ASUS\AppData\Local\Microsoft\WindowsApps;;C:\Program Files\Azure Data Studio\bin;C:\Users\ASUS\AppData\Local\Programs\Microsoft VS Code\bin;C:\Users\ASUS\AppData\Roaming\npm;C:\Users\ASUS\AppData\Local\JetBrains\PyCharm Community Edition 2023.3.2\bin;
USERNAME=ASUS
OS=Windows_NT
PROCESSOR_IDENTIFIER=Intel64 Family 6 Model 186 Stepping 2, GenuineIntel
TMP=C:\Users\ASUS\AppData\Local\Temp
TEMP=C:\Users\ASUS\AppData\Local\Temp


JNI global refs:
JNI global refs: 39, weak refs: 25

JNI global refs memory usage: 843, weak refs: 841

OOME stack traces (most recent first):
Classloader memory used:
Loader org.gradle.internal.classloader.VisitableURLClassLoader$InstrumentingVisitableURLClassLoader: 5462K
Loader org.gradle.internal.classloader.VisitableURLClassLoader                         : 5105K
Loader bootstrap                                                                       : 3354K
Loader org.gradle.initialization.MixInLegacyTypesClassLoader                           : 1321K
Loader jdk.internal.reflect.DelegatingClassLoader                                      : 125K
Loader jdk.internal.loader.ClassLoaders$PlatformClassLoader                            : 67258B
Loader jdk.internal.loader.ClassLoaders$AppClassLoader                                 : 28359B
Loader org.gradle.groovy.scripts.internal.DefaultScriptCompilationHandler$ScriptClassLoader: 3067B
Loader org.codehaus.groovy.runtime.callsite.CallSiteClassLoader                        : 802B
Loader sun.reflect.misc.MethodUtil                                                     : 373B


[error occurred during error reporting (Classloader stats), id 0xe0000001, Out of Memory Error (s\src\hotspot\share\memory\arena.cpp:78)]


---------------  S Y S T E M  ---------------

OS:
 Windows 11 , 64 bit Build 22621 (10.0.22621.3085)
OS uptime: 0 days 2:05 hours
Hyper-V role detected

CPU: total 20 (initial active 20) (10 cores per cpu, 2 threads per core) family 6 model 186 stepping 2 microcode 0x410e, cx8, cmov, fxsr, ht, mmx, 3dnowpref, sse, sse2, sse3, ssse3, sse4.1, sse4.2, popcnt, lzcnt, tsc, tscinvbit, avx, avx2, aes, erms, clmul, bmi1, bmi2, adx, sha, fma, vzeroupper, clflush, clflushopt, clwb, hv

Memory: 4k page, system-wide physical 16003M (2389M free)
TotalPageFile size 16003M (AvailPageFile size 5M)
current process WorkingSet (physical memory assigned to process): 562M, peak: 600M
current process commit charge ("private bytes"): 637M, peak: 696M

vm_info: OpenJDK 64-Bit Server VM (17.0.7+0-b2043.56-10550314) for windows-amd64 JRE (17.0.7+0-b2043.56-10550314), built on Jul 24 2023 18:27:45 by "androidbuild" with MS VC++ 16.10 / 16.11 (VS2019)

END.
