#
# There is insufficient memory for the Java Runtime Environment to continue.
# Native memory allocation (malloc) failed to allocate 1612016 bytes for Chunk::new
# Possible reasons:
#   The system is out of physical RAM or swap space
#   The process is running with CompressedOops enabled, and the Java Heap may be blocking the growth of the native heap
# Possible solutions:
#   Reduce memory load on the system
#   Increase physical memory or swap space
#   Check if swap backing store is full
#   Decrease Java heap size (-Xmx/-Xms)
#   Decrease number of Java threads
#   Decrease Java thread stack sizes (-Xss)
#   Set larger code cache with -XX:ReservedCodeCacheSize=
#   JVM is running with Unscaled Compressed Oops mode in which the Java heap is
#     placed in the first 4GB address space. The Java Heap base address is the
#     maximum limit for the native heap growth. Please use -XX:HeapBaseMinAddress
#     to set the Java Heap base and to place the Java Heap above 4GB virtual address.
# This output file may be truncated or incomplete.
#
#  Out of Memory Error (arena.cpp:189), pid=5000, tid=11656
#
# JRE version: OpenJDK Runtime Environment (17.0.7) (build 17.0.7+0-b2043.56-10550314)
# Java VM: OpenJDK 64-Bit Server VM (17.0.7+0-b2043.56-10550314, mixed mode, tiered, compressed oops, compressed class ptrs, g1 gc, windows-amd64)
# No core dump will be written. Minidumps are not enabled by default on client versions of Windows
#

---------------  S U M M A R Y ------------

Command Line: --add-opens=java.base/java.util=ALL-UNNAMED --add-opens=java.base/java.lang=ALL-UNNAMED --add-opens=java.base/java.lang.invoke=ALL-UNNAMED --add-opens=java.prefs/java.util.prefs=ALL-UNNAMED --add-opens=java.base/java.nio.charset=ALL-UNNAMED --add-opens=java.base/java.net=ALL-UNNAMED --add-opens=java.base/java.util.concurrent.atomic=ALL-UNNAMED -Xmx2048m -Dfile.encoding=UTF-8 -Duser.country=US -Duser.language=en -Duser.variant -javaagent:C:\Users\ASUS\.gradle\wrapper\dists\gradle-8.2-bin\bbg7u40eoinfdyxsxr3z4i7ta\gradle-8.2\lib\agents\gradle-instrumentation-agent-8.2.jar org.gradle.launcher.daemon.bootstrap.GradleDaemon 8.2

Host: 13th Gen Intel(R) Core(TM) i7-13700H, 20 cores, 15G,  Windows 11 , 64 bit Build 22621 (10.0.22621.3235)
Time: Wed Apr 17 13:30:27 2024 Sri Lanka Standard Time elapsed time: 3.038863 seconds (0d 0h 0m 3s)

---------------  T H R E A D  ---------------

Current thread (0x00000231eaf59b80):  JavaThread "C2 CompilerThread3" daemon [_thread_in_native, id=11656, stack(0x0000004a7fe00000,0x0000004a7ff00000)]


Current CompileTask:
C2:   3038 4722       4       java.lang.String::split (327 bytes)

Stack: [0x0000004a7fe00000,0x0000004a7ff00000]
Native frames: (J=compiled Java code, j=interpreted, Vv=VM code, C=native code)
V  [jvm.dll+0x683bfa]
V  [jvm.dll+0x8430a4]
V  [jvm.dll+0x8449be]
V  [jvm.dll+0x845023]
V  [jvm.dll+0x24ad2f]
V  [jvm.dll+0xac25c]
V  [jvm.dll+0xac82c]
V  [jvm.dll+0x36a132]
V  [jvm.dll+0x334821]
V  [jvm.dll+0x333cca]
V  [jvm.dll+0x21d251]
V  [jvm.dll+0x21c671]
V  [jvm.dll+0x1a605d]
V  [jvm.dll+0x22c148]
V  [jvm.dll+0x22a209]
V  [jvm.dll+0x7f858c]
V  [jvm.dll+0x7f2aea]
V  [jvm.dll+0x682a35]
C  [ucrtbase.dll+0x29363]
C  [KERNEL32.DLL+0x1257d]
C  [ntdll.dll+0x5aa58]


---------------  P R O C E S S  ---------------

Threads class SMR info:
_java_thread_list=0x00000231f45e43f0, length=51, elements={
0x00000231cffffd80, 0x00000231eaf0d6e0, 0x00000231eaf0e550, 0x00000231ead5d620,
0x00000231ead5e3a0, 0x00000231eaf53520, 0x00000231eaf56a10, 0x00000231eaf57ef0,
0x00000231eaf5c910, 0x00000231eaf5d630, 0x00000231eaef08b0, 0x00000231eaf5aab0,
0x00000231eaf5a5a0, 0x00000231eaf5ce20, 0x00000231eb491c80, 0x00000231eaf5c400,
0x00000231eaf5afc0, 0x00000231eaf59b80, 0x00000231f0c28ab0, 0x00000231f102dc50,
0x00000231f0c3b860, 0x00000231f1361a60, 0x00000231f1cabe30, 0x00000231f132c5a0,
0x00000231f1fba440, 0x00000231f09fb350, 0x00000231f09fc1c0, 0x00000231f09fd500,
0x00000231f09fbcf0, 0x00000231f09fa010, 0x00000231f09fa4e0, 0x00000231f09fae80,
0x00000231f09fc690, 0x00000231f2e780d0, 0x00000231f2e750b0, 0x00000231f2e78a70,
0x00000231f2e77c00, 0x00000231f2e75a50, 0x00000231f2e78f40, 0x00000231f2e74be0,
0x00000231f2e72a30, 0x00000231f1fd19d0, 0x00000231f2e77260, 0x00000231f2e77730,
0x00000231f2e71bc0, 0x00000231f2e72560, 0x00000231f2e72f00, 0x00000231f2e733d0,
0x00000231f2e738a0, 0x00000231f4442070, 0x00000231f4446d70
}

Java Threads: ( => current thread )
  0x00000231cffffd80 JavaThread "main" [_thread_blocked, id=19000, stack(0x0000004a7e100000,0x0000004a7e200000)]
  0x00000231eaf0d6e0 JavaThread "Reference Handler" daemon [_thread_blocked, id=24336, stack(0x0000004a7e800000,0x0000004a7e900000)]
  0x00000231eaf0e550 JavaThread "Finalizer" daemon [_thread_blocked, id=20868, stack(0x0000004a7e900000,0x0000004a7ea00000)]
  0x00000231ead5d620 JavaThread "Signal Dispatcher" daemon [_thread_blocked, id=5360, stack(0x0000004a7ea00000,0x0000004a7eb00000)]
  0x00000231ead5e3a0 JavaThread "Attach Listener" daemon [_thread_blocked, id=248, stack(0x0000004a7eb00000,0x0000004a7ec00000)]
  0x00000231eaf53520 JavaThread "Service Thread" daemon [_thread_blocked, id=25472, stack(0x0000004a7ec00000,0x0000004a7ed00000)]
  0x00000231eaf56a10 JavaThread "Monitor Deflation Thread" daemon [_thread_blocked, id=7480, stack(0x0000004a7ed00000,0x0000004a7ee00000)]
  0x00000231eaf57ef0 JavaThread "C2 CompilerThread0" daemon [_thread_blocked, id=16712, stack(0x0000004a7ee00000,0x0000004a7ef00000)]
  0x00000231eaf5c910 JavaThread "C1 CompilerThread0" daemon [_thread_blocked, id=1120, stack(0x0000004a7ef00000,0x0000004a7f000000)]
  0x00000231eaf5d630 JavaThread "Sweeper thread" daemon [_thread_blocked, id=8412, stack(0x0000004a7f000000,0x0000004a7f100000)]
  0x00000231eaef08b0 JavaThread "Common-Cleaner" daemon [_thread_blocked, id=2608, stack(0x0000004a7f100000,0x0000004a7f200000)]
  0x00000231eaf5aab0 JavaThread "C1 CompilerThread1" daemon [_thread_in_native, id=23572, stack(0x0000004a7f200000,0x0000004a7f300000)]
  0x00000231eaf5a5a0 JavaThread "C1 CompilerThread2" daemon [_thread_in_vm, id=10344, stack(0x0000004a7f300000,0x0000004a7f400000)]
  0x00000231eaf5ce20 JavaThread "C1 CompilerThread3" daemon [_thread_blocked, id=13880, stack(0x0000004a7f400000,0x0000004a7f500000)]
  0x00000231eb491c80 JavaThread "Notification Thread" daemon [_thread_blocked, id=8552, stack(0x0000004a7f500000,0x0000004a7f600000)]
  0x00000231eaf5c400 JavaThread "C2 CompilerThread1" daemon [_thread_in_native, id=22728, stack(0x0000004a7f700000,0x0000004a7f800000)]
  0x00000231eaf5afc0 JavaThread "C2 CompilerThread2" daemon [_thread_blocked, id=15632, stack(0x0000004a7f800000,0x0000004a7f900000)]
=>0x00000231eaf59b80 JavaThread "C2 CompilerThread3" daemon [_thread_in_native, id=11656, stack(0x0000004a7fe00000,0x0000004a7ff00000)]
  0x00000231f0c28ab0 JavaThread "Daemon health stats" [_thread_blocked, id=14220, stack(0x0000004a7ff00000,0x0000004a80000000)]
  0x00000231f102dc50 JavaThread "Incoming local TCP Connector on port 10933" [_thread_in_native, id=23124, stack(0x0000004a00000000,0x0000004a00100000)]
  0x00000231f0c3b860 JavaThread "Daemon periodic checks" [_thread_blocked, id=17568, stack(0x0000004a00100000,0x0000004a00200000)]
  0x00000231f1361a60 JavaThread "Daemon" [_thread_blocked, id=15024, stack(0x0000004a00200000,0x0000004a00300000)]
  0x00000231f1cabe30 JavaThread "Handler for socket connection from /127.0.0.1:10933 to /127.0.0.1:10934" [_thread_in_native, id=18444, stack(0x0000004a00300000,0x0000004a00400000)]
  0x00000231f132c5a0 JavaThread "Cancel handler" [_thread_blocked, id=9556, stack(0x0000004a00400000,0x0000004a00500000)]
  0x00000231f1fba440 JavaThread "Daemon worker" [_thread_in_vm, id=22896, stack(0x0000004a00500000,0x0000004a00600000)]
  0x00000231f09fb350 JavaThread "Asynchronous log dispatcher for DefaultDaemonConnection: socket connection from /127.0.0.1:10933 to /127.0.0.1:10934" [_thread_blocked, id=20108, stack(0x0000004a00600000,0x0000004a00700000)]
  0x00000231f09fc1c0 JavaThread "Stdin handler" [_thread_blocked, id=8096, stack(0x0000004a00700000,0x0000004a00800000)]
  0x00000231f09fd500 JavaThread "Daemon client event forwarder" [_thread_blocked, id=10164, stack(0x0000004a00800000,0x0000004a00900000)]
  0x00000231f09fbcf0 JavaThread "Cache worker for journal cache (C:\Users\ASUS\.gradle\caches\journal-1)" [_thread_blocked, id=18304, stack(0x0000004a01500000,0x0000004a01600000)]
  0x00000231f09fa010 JavaThread "File lock request listener" [_thread_in_native, id=12060, stack(0x0000004a01600000,0x0000004a01700000)]
  0x00000231f09fa4e0 JavaThread "Cache worker for file hash cache (C:\Users\ASUS\.gradle\caches\8.2\fileHashes)" [_thread_blocked, id=1188, stack(0x0000004a01700000,0x0000004a01800000)]
  0x00000231f09fae80 JavaThread "File watcher server" daemon [_thread_in_native, id=19200, stack(0x0000004a01800000,0x0000004a01900000)]
  0x00000231f09fc690 JavaThread "File watcher consumer" daemon [_thread_blocked, id=21676, stack(0x0000004a01900000,0x0000004a01a00000)]
  0x00000231f2e780d0 JavaThread "Cache worker for checksums cache (C:\Users\ASUS\AndroidStudioProjects\Exam02\.gradle\8.2\checksums)" [_thread_blocked, id=25512, stack(0x0000004a01a00000,0x0000004a01b00000)]
  0x00000231f2e750b0 JavaThread "Cache worker for cache directory md-rule (C:\Users\ASUS\.gradle\caches\8.2\md-rule)" [_thread_blocked, id=24172, stack(0x0000004a01b00000,0x0000004a01c00000)]
  0x00000231f2e78a70 JavaThread "Cache worker for file content cache (C:\Users\ASUS\.gradle\caches\8.2\fileContent)" [_thread_blocked, id=7012, stack(0x0000004a01c00000,0x0000004a01d00000)]
  0x00000231f2e77c00 JavaThread "Cache worker for file hash cache (C:\Users\ASUS\AndroidStudioProjects\Exam02\.gradle\8.2\fileHashes)" [_thread_blocked, id=20288, stack(0x0000004a01d00000,0x0000004a01e00000)]
  0x00000231f2e75a50 JavaThread "Cache worker for cache directory md-supplier (C:\Users\ASUS\.gradle\caches\8.2\md-supplier)" [_thread_blocked, id=19836, stack(0x0000004a01e00000,0x0000004a01f00000)]
  0x00000231f2e78f40 JavaThread "Cache worker for execution history cache (C:\Users\ASUS\.gradle\caches\8.2\executionHistory)" [_thread_blocked, id=17448, stack(0x0000004a01f00000,0x0000004a02000000)]
  0x00000231f2e74be0 JavaThread "jar transforms" [_thread_blocked, id=1280, stack(0x0000004a02000000,0x0000004a02100000)]
  0x00000231f2e72a30 JavaThread "jar transforms Thread 2" [_thread_blocked, id=19592, stack(0x0000004a02100000,0x0000004a02200000)]
  0x00000231f1fd19d0 JavaThread "C2 CompilerThread4" daemon [_thread_in_native, id=24552, stack(0x0000004a02200000,0x0000004a02300000)]
  0x00000231f2e77260 JavaThread "Cache worker for kotlin-dsl (C:\Users\ASUS\.gradle\caches\8.2\kotlin-dsl)" [_thread_blocked, id=18408, stack(0x0000004a02300000,0x0000004a02400000)]
  0x00000231f2e77730 JavaThread "jar transforms Thread 3" [_thread_blocked, id=16584, stack(0x0000004a02400000,0x0000004a02500000)]
  0x00000231f2e71bc0 JavaThread "jar transforms Thread 4" [_thread_blocked, id=11136, stack(0x0000004a02500000,0x0000004a02600000)]
  0x00000231f2e72560 JavaThread "jar transforms Thread 5" [_thread_blocked, id=9620, stack(0x0000004a02600000,0x0000004a02700000)]
  0x00000231f2e72f00 JavaThread "jar transforms Thread 6" [_thread_blocked, id=760, stack(0x0000004a02700000,0x0000004a02800000)]
  0x00000231f2e733d0 JavaThread "Cache worker for dependencies-accessors (C:\Users\ASUS\AndroidStudioProjects\Exam02\.gradle\8.2\dependencies-accessors)" [_thread_blocked, id=21532, stack(0x0000004a02800000,0x0000004a02900000)]
  0x00000231f2e738a0 JavaThread "Cache worker for Build Output Cleanup Cache (C:\Users\ASUS\AndroidStudioProjects\Exam02\.gradle\buildOutputCleanup)" [_thread_blocked, id=14832, stack(0x0000004a02900000,0x0000004a02a00000)]
  0x00000231f4442070 JavaThread "jar transforms Thread 7" [_thread_blocked, id=10808, stack(0x0000004a02a00000,0x0000004a02b00000)]
  0x00000231f4446d70 JavaThread "jar transforms Thread 8" [_thread_blocked, id=4676, stack(0x0000004a02b00000,0x0000004a02c00000)]

Other Threads:
  0x00000231eaf06030 VMThread "VM Thread" [stack: 0x0000004a7e700000,0x0000004a7e800000] [id=24596]
  0x00000231d0089ca0 WatcherThread [stack: 0x0000004a7f600000,0x0000004a7f700000] [id=4448]
  0x00000231d005c3d0 GCTaskThread "GC Thread#0" [stack: 0x0000004a7e200000,0x0000004a7e300000] [id=11992]
  0x00000231eb77bf30 GCTaskThread "GC Thread#1" [stack: 0x0000004a7f900000,0x0000004a7fa00000] [id=6212]
  0x00000231f025e2e0 GCTaskThread "GC Thread#2" [stack: 0x0000004a7fa00000,0x0000004a7fb00000] [id=19860]
  0x00000231f0b26b50 GCTaskThread "GC Thread#3" [stack: 0x0000004a7fb00000,0x0000004a7fc00000] [id=19016]
  0x00000231f0cf5010 GCTaskThread "GC Thread#4" [stack: 0x0000004a7fc00000,0x0000004a7fd00000] [id=18068]
  0x00000231f0cf5ad0 GCTaskThread "GC Thread#5" [stack: 0x0000004a7fd00000,0x0000004a7fe00000] [id=460]
  0x00000231f1cac300 GCTaskThread "GC Thread#6" [stack: 0x0000004a00900000,0x0000004a00a00000] [id=20788]
  0x00000231f0f70180 GCTaskThread "GC Thread#7" [stack: 0x0000004a00a00000,0x0000004a00b00000] [id=16496]
  0x00000231f1229780 GCTaskThread "GC Thread#8" [stack: 0x0000004a00b00000,0x0000004a00c00000] [id=15892]
  0x00000231f1665360 GCTaskThread "GC Thread#9" [stack: 0x0000004a00c00000,0x0000004a00d00000] [id=23852]
  0x00000231f12c76f0 GCTaskThread "GC Thread#10" [stack: 0x0000004a00d00000,0x0000004a00e00000] [id=12408]
  0x00000231f12c79a0 GCTaskThread "GC Thread#11" [stack: 0x0000004a00e00000,0x0000004a00f00000] [id=6152]
  0x00000231f12c89c0 GCTaskThread "GC Thread#12" [stack: 0x0000004a00f00000,0x0000004a01000000] [id=16328]
  0x00000231f12c7c50 GCTaskThread "GC Thread#13" [stack: 0x0000004a01000000,0x0000004a01100000] [id=14444]
  0x00000231f12c7f00 GCTaskThread "GC Thread#14" [stack: 0x0000004a01100000,0x0000004a01200000] [id=1836]
  0x00000231d006d310 ConcurrentGCThread "G1 Main Marker" [stack: 0x0000004a7e300000,0x0000004a7e400000] [id=23628]
  0x00000231d006dd20 ConcurrentGCThread "G1 Conc#0" [stack: 0x0000004a7e400000,0x0000004a7e500000] [id=4820]
  0x00000231f12c81b0 ConcurrentGCThread "G1 Conc#1" [stack: 0x0000004a01200000,0x0000004a01300000] [id=23208]
  0x00000231f12c8460 ConcurrentGCThread "G1 Conc#2" [stack: 0x0000004a01300000,0x0000004a01400000] [id=25028]
  0x00000231f12c8710 ConcurrentGCThread "G1 Conc#3" [stack: 0x0000004a01400000,0x0000004a01500000] [id=22732]
  0x00000231d00be080 ConcurrentGCThread "G1 Refine#0" [stack: 0x0000004a7e500000,0x0000004a7e600000] [id=12700]
  0x00000231d00beaa0 ConcurrentGCThread "G1 Service" [stack: 0x0000004a7e600000,0x0000004a7e700000] [id=15300]

Threads with active compile tasks:
C2 CompilerThread1     3047 4707   !   4       java.lang.ClassLoader::loadClass (121 bytes)
C2 CompilerThread3     3047 4722       4       java.lang.String::split (327 bytes)
C2 CompilerThread4     3047 4706       4       org.gradle.internal.service.DefaultServiceRegistry$OwnServices::getService (309 bytes)

VM state: not at safepoint (normal execution)

VM Mutex/Monitor currently owned by a thread: None

Heap address: 0x0000000080000000, size: 2048 MB, Compressed Oops mode: 32-bit

CDS archive(s) not mapped
Compressed class space mapped at: 0x0000000100000000-0x0000000140000000, reserved size: 1073741824
Narrow klass base: 0x0000000000000000, Narrow klass shift: 3, Narrow klass range: 0x140000000

GC Precious Log:
 CPUs: 20 total, 20 available
 Memory: 16003M
 Large Page Support: Disabled
 NUMA Support: Disabled
 Compressed Oops: Enabled (32-bit)
 Heap Region Size: 1M
 Heap Min Capacity: 8M
 Heap Initial Capacity: 252M
 Heap Max Capacity: 2G
 Pre-touch: Disabled
 Parallel Workers: 15
 Concurrent Workers: 4
 Concurrent Refinement Workers: 15
 Periodic GC: Disabled

Heap:
 garbage-first heap   total 122880K, used 83531K [0x0000000080000000, 0x0000000100000000)
  region size 1024K, 60 young (61440K), 9 survivors (9216K)
 Metaspace       used 53263K, committed 53696K, reserved 1114112K
  class space    used 7190K, committed 7360K, reserved 1048576K

Heap Regions: E=young(eden), S=young(survivor), O=old, HS=humongous(starts), HC=humongous(continues), CS=collection set, F=free, OA=open archive, CA=closed archive, TAMS=top-at-mark-start (previous, next)
|   0|0x0000000080000000, 0x0000000080100000, 0x0000000080100000|100%|HS|  |TAMS 0x0000000080100000, 0x0000000080000000| Complete 
|   1|0x0000000080100000, 0x0000000080200000, 0x0000000080200000|100%|HC|  |TAMS 0x0000000080200000, 0x0000000080100000| Complete 
|   2|0x0000000080200000, 0x0000000080300000, 0x0000000080300000|100%|HC|  |TAMS 0x0000000080300000, 0x0000000080200000| Complete 
|   3|0x0000000080300000, 0x0000000080400000, 0x0000000080400000|100%|HC|  |TAMS 0x0000000080400000, 0x0000000080300000| Complete 
|   4|0x0000000080400000, 0x0000000080500000, 0x0000000080500000|100%| O|  |TAMS 0x0000000080500000, 0x0000000080400000| Untracked 
|   5|0x0000000080500000, 0x0000000080600000, 0x0000000080600000|100%| O|  |TAMS 0x0000000080600000, 0x0000000080500000| Untracked 
|   6|0x0000000080600000, 0x0000000080700000, 0x0000000080700000|100%| O|  |TAMS 0x0000000080700000, 0x0000000080600000| Untracked 
|   7|0x0000000080700000, 0x0000000080800000, 0x0000000080800000|100%| O|  |TAMS 0x0000000080800000, 0x0000000080700000| Untracked 
|   8|0x0000000080800000, 0x0000000080900000, 0x0000000080900000|100%| O|  |TAMS 0x0000000080900000, 0x0000000080800000| Untracked 
|   9|0x0000000080900000, 0x0000000080a00000, 0x0000000080a00000|100%| O|  |TAMS 0x0000000080a00000, 0x0000000080900000| Untracked 
|  10|0x0000000080a00000, 0x0000000080b00000, 0x0000000080b00000|100%| O|  |TAMS 0x0000000080b00000, 0x0000000080a00000| Untracked 
|  11|0x0000000080b00000, 0x0000000080c00000, 0x0000000080c00000|100%| O|  |TAMS 0x0000000080b00000, 0x0000000080b00000| Untracked 
|  12|0x0000000080c00000, 0x0000000080d00000, 0x0000000080d00000|100%| O|  |TAMS 0x0000000080d00000, 0x0000000080c00000| Untracked 
|  13|0x0000000080d00000, 0x0000000080e00000, 0x0000000080e00000|100%| O|  |TAMS 0x0000000080e00000, 0x0000000080d00000| Untracked 
|  14|0x0000000080e00000, 0x0000000080f00000, 0x0000000080f00000|100%| O|  |TAMS 0x0000000080f00000, 0x0000000080e00000| Untracked 
|  15|0x0000000080f00000, 0x0000000081000000, 0x0000000081000000|100%| O|  |TAMS 0x0000000081000000, 0x0000000080f00000| Untracked 
|  16|0x0000000081000000, 0x0000000081100000, 0x0000000081100000|100%| O|  |TAMS 0x0000000081000000, 0x0000000081000000| Untracked 
|  17|0x0000000081100000, 0x0000000081192e00, 0x0000000081200000| 57%| O|  |TAMS 0x0000000081100000, 0x0000000081100000| Untracked 
|  18|0x0000000081200000, 0x0000000081200000, 0x0000000081300000|  0%| F|  |TAMS 0x0000000081200000, 0x0000000081200000| Untracked 
|  19|0x0000000081300000, 0x0000000081300000, 0x0000000081400000|  0%| F|  |TAMS 0x0000000081300000, 0x0000000081300000| Untracked 
|  20|0x0000000081400000, 0x0000000081400000, 0x0000000081500000|  0%| F|  |TAMS 0x0000000081400000, 0x0000000081400000| Untracked 
|  21|0x0000000081500000, 0x0000000081500000, 0x0000000081600000|  0%| F|  |TAMS 0x0000000081500000, 0x0000000081500000| Untracked 
|  22|0x0000000081600000, 0x0000000081600000, 0x0000000081700000|  0%| F|  |TAMS 0x0000000081600000, 0x0000000081600000| Untracked 
|  23|0x0000000081700000, 0x0000000081700000, 0x0000000081800000|  0%| F|  |TAMS 0x0000000081700000, 0x0000000081700000| Untracked 
|  24|0x0000000081800000, 0x0000000081900000, 0x0000000081900000|100%| O|  |TAMS 0x0000000081900000, 0x0000000081800000| Untracked 
|  25|0x0000000081900000, 0x0000000081a00000, 0x0000000081a00000|100%| O|  |TAMS 0x0000000081a00000, 0x0000000081900000| Untracked 
|  26|0x0000000081a00000, 0x0000000081b00000, 0x0000000081b00000|100%| O|  |TAMS 0x0000000081b00000, 0x0000000081a00000| Untracked 
|  27|0x0000000081b00000, 0x0000000081c00000, 0x0000000081c00000|100%| O|  |TAMS 0x0000000081c00000, 0x0000000081b00000| Untracked 
|  28|0x0000000081c00000, 0x0000000081d00000, 0x0000000081d00000|100%| O|  |TAMS 0x0000000081cae200, 0x0000000081c00000| Untracked 
|  29|0x0000000081d00000, 0x0000000081d00000, 0x0000000081e00000|  0%| F|  |TAMS 0x0000000081d00000, 0x0000000081d00000| Untracked 
|  30|0x0000000081e00000, 0x0000000081e00000, 0x0000000081f00000|  0%| F|  |TAMS 0x0000000081e00000, 0x0000000081e00000| Untracked 
|  31|0x0000000081f00000, 0x0000000081f00000, 0x0000000082000000|  0%| F|  |TAMS 0x0000000081f00000, 0x0000000081f00000| Untracked 
|  32|0x0000000082000000, 0x0000000082000000, 0x0000000082100000|  0%| F|  |TAMS 0x0000000082000000, 0x0000000082000000| Untracked 
|  33|0x0000000082100000, 0x0000000082100000, 0x0000000082200000|  0%| F|  |TAMS 0x0000000082100000, 0x0000000082100000| Untracked 
|  34|0x0000000082200000, 0x0000000082200000, 0x0000000082300000|  0%| F|  |TAMS 0x0000000082200000, 0x0000000082200000| Untracked 
|  35|0x0000000082300000, 0x0000000082300000, 0x0000000082400000|  0%| F|  |TAMS 0x0000000082300000, 0x0000000082300000| Untracked 
|  36|0x0000000082400000, 0x0000000082400000, 0x0000000082500000|  0%| F|  |TAMS 0x0000000082400000, 0x0000000082400000| Untracked 
|  37|0x0000000082500000, 0x0000000082500000, 0x0000000082600000|  0%| F|  |TAMS 0x0000000082500000, 0x0000000082500000| Untracked 
|  38|0x0000000082600000, 0x0000000082600000, 0x0000000082700000|  0%| F|  |TAMS 0x0000000082600000, 0x0000000082600000| Untracked 
|  39|0x0000000082700000, 0x0000000082700000, 0x0000000082800000|  0%| F|  |TAMS 0x0000000082700000, 0x0000000082700000| Untracked 
|  40|0x0000000082800000, 0x0000000082800000, 0x0000000082900000|  0%| F|  |TAMS 0x0000000082800000, 0x0000000082800000| Untracked 
|  41|0x0000000082900000, 0x0000000082900000, 0x0000000082a00000|  0%| F|  |TAMS 0x0000000082900000, 0x0000000082900000| Untracked 
|  42|0x0000000082a00000, 0x0000000082a00000, 0x0000000082b00000|  0%| F|  |TAMS 0x0000000082a00000, 0x0000000082a00000| Untracked 
|  43|0x0000000082b00000, 0x0000000082b00000, 0x0000000082c00000|  0%| F|  |TAMS 0x0000000082b00000, 0x0000000082b00000| Untracked 
|  44|0x0000000082c00000, 0x0000000082c00000, 0x0000000082d00000|  0%| F|  |TAMS 0x0000000082c00000, 0x0000000082c00000| Untracked 
|  45|0x0000000082d00000, 0x0000000082d00000, 0x0000000082e00000|  0%| F|  |TAMS 0x0000000082d00000, 0x0000000082d00000| Untracked 
|  46|0x0000000082e00000, 0x0000000082e00000, 0x0000000082f00000|  0%| F|  |TAMS 0x0000000082e00000, 0x0000000082e00000| Untracked 
|  47|0x0000000082f00000, 0x0000000082f00000, 0x0000000083000000|  0%| F|  |TAMS 0x0000000082f00000, 0x0000000082f00000| Untracked 
|  48|0x0000000083000000, 0x0000000083000000, 0x0000000083100000|  0%| F|  |TAMS 0x0000000083000000, 0x0000000083000000| Untracked 
|  49|0x0000000083100000, 0x0000000083200000, 0x0000000083200000|100%| S|CS|TAMS 0x0000000083100000, 0x0000000083100000| Complete 
|  50|0x0000000083200000, 0x0000000083300000, 0x0000000083300000|100%| S|CS|TAMS 0x0000000083200000, 0x0000000083200000| Complete 
|  51|0x0000000083300000, 0x0000000083400000, 0x0000000083400000|100%| S|CS|TAMS 0x0000000083300000, 0x0000000083300000| Complete 
|  52|0x0000000083400000, 0x0000000083500000, 0x0000000083500000|100%| S|CS|TAMS 0x0000000083400000, 0x0000000083400000| Complete 
|  53|0x0000000083500000, 0x0000000083600000, 0x0000000083600000|100%| S|CS|TAMS 0x0000000083500000, 0x0000000083500000| Complete 
|  54|0x0000000083600000, 0x0000000083700000, 0x0000000083700000|100%| S|CS|TAMS 0x0000000083600000, 0x0000000083600000| Complete 
|  55|0x0000000083700000, 0x0000000083800000, 0x0000000083800000|100%| S|CS|TAMS 0x0000000083700000, 0x0000000083700000| Complete 
|  56|0x0000000083800000, 0x0000000083900000, 0x0000000083900000|100%| S|CS|TAMS 0x0000000083800000, 0x0000000083800000| Complete 
|  57|0x0000000083900000, 0x0000000083a00000, 0x0000000083a00000|100%| S|CS|TAMS 0x0000000083900000, 0x0000000083900000| Complete 
|  58|0x0000000083a00000, 0x0000000083a00000, 0x0000000083b00000|  0%| F|  |TAMS 0x0000000083a00000, 0x0000000083a00000| Untracked 
|  59|0x0000000083b00000, 0x0000000083b00000, 0x0000000083c00000|  0%| F|  |TAMS 0x0000000083b00000, 0x0000000083b00000| Untracked 
|  60|0x0000000083c00000, 0x0000000083c00000, 0x0000000083d00000|  0%| F|  |TAMS 0x0000000083c00000, 0x0000000083c00000| Untracked 
|  61|0x0000000083d00000, 0x0000000083d00000, 0x0000000083e00000|  0%| F|  |TAMS 0x0000000083d00000, 0x0000000083d00000| Untracked 
|  62|0x0000000083e00000, 0x0000000083e00000, 0x0000000083f00000|  0%| F|  |TAMS 0x0000000083e00000, 0x0000000083e00000| Untracked 
|  63|0x0000000083f00000, 0x0000000083f00000, 0x0000000084000000|  0%| F|  |TAMS 0x0000000083f00000, 0x0000000083f00000| Untracked 
|  64|0x0000000084000000, 0x0000000084000000, 0x0000000084100000|  0%| F|  |TAMS 0x0000000084000000, 0x0000000084000000| Untracked 
|  65|0x0000000084100000, 0x0000000084100000, 0x0000000084200000|  0%| F|  |TAMS 0x0000000084100000, 0x0000000084100000| Untracked 
|  66|0x0000000084200000, 0x0000000084200000, 0x0000000084300000|  0%| F|  |TAMS 0x0000000084200000, 0x0000000084200000| Untracked 
|  67|0x0000000084300000, 0x0000000084300000, 0x0000000084400000|  0%| F|  |TAMS 0x0000000084300000, 0x0000000084300000| Untracked 
|  68|0x0000000084400000, 0x0000000084400000, 0x0000000084500000|  0%| F|  |TAMS 0x0000000084400000, 0x0000000084400000| Untracked 
|  69|0x0000000084500000, 0x0000000084600000, 0x0000000084600000|100%| E|  |TAMS 0x0000000084500000, 0x0000000084500000| Complete 
|  70|0x0000000084600000, 0x0000000084700000, 0x0000000084700000|100%| E|CS|TAMS 0x0000000084600000, 0x0000000084600000| Complete 
|  71|0x0000000084700000, 0x0000000084800000, 0x0000000084800000|100%| E|CS|TAMS 0x0000000084700000, 0x0000000084700000| Complete 
|  72|0x0000000084800000, 0x0000000084900000, 0x0000000084900000|100%| E|CS|TAMS 0x0000000084800000, 0x0000000084800000| Complete 
|  73|0x0000000084900000, 0x0000000084a00000, 0x0000000084a00000|100%| E|CS|TAMS 0x0000000084900000, 0x0000000084900000| Complete 
|  74|0x0000000084a00000, 0x0000000084b00000, 0x0000000084b00000|100%| E|CS|TAMS 0x0000000084a00000, 0x0000000084a00000| Complete 
|  75|0x0000000084b00000, 0x0000000084c00000, 0x0000000084c00000|100%| E|CS|TAMS 0x0000000084b00000, 0x0000000084b00000| Complete 
|  76|0x0000000084c00000, 0x0000000084d00000, 0x0000000084d00000|100%| E|CS|TAMS 0x0000000084c00000, 0x0000000084c00000| Complete 
|  77|0x0000000084d00000, 0x0000000084e00000, 0x0000000084e00000|100%| E|CS|TAMS 0x0000000084d00000, 0x0000000084d00000| Complete 
|  78|0x0000000084e00000, 0x0000000084f00000, 0x0000000084f00000|100%| E|CS|TAMS 0x0000000084e00000, 0x0000000084e00000| Complete 
|  79|0x0000000084f00000, 0x0000000085000000, 0x0000000085000000|100%| E|CS|TAMS 0x0000000084f00000, 0x0000000084f00000| Complete 
|  80|0x0000000085000000, 0x0000000085100000, 0x0000000085100000|100%| E|CS|TAMS 0x0000000085000000, 0x0000000085000000| Complete 
|  81|0x0000000085100000, 0x0000000085200000, 0x0000000085200000|100%| E|CS|TAMS 0x0000000085100000, 0x0000000085100000| Complete 
|  82|0x0000000085200000, 0x0000000085300000, 0x0000000085300000|100%| E|CS|TAMS 0x0000000085200000, 0x0000000085200000| Complete 
|  83|0x0000000085300000, 0x0000000085400000, 0x0000000085400000|100%| E|CS|TAMS 0x0000000085300000, 0x0000000085300000| Complete 
|  84|0x0000000085400000, 0x0000000085500000, 0x0000000085500000|100%| E|CS|TAMS 0x0000000085400000, 0x0000000085400000| Complete 
|  85|0x0000000085500000, 0x0000000085600000, 0x0000000085600000|100%| E|CS|TAMS 0x0000000085500000, 0x0000000085500000| Complete 
|  86|0x0000000085600000, 0x0000000085700000, 0x0000000085700000|100%| E|CS|TAMS 0x0000000085600000, 0x0000000085600000| Complete 
|  87|0x0000000085700000, 0x0000000085800000, 0x0000000085800000|100%| E|CS|TAMS 0x0000000085700000, 0x0000000085700000| Complete 
|  88|0x0000000085800000, 0x0000000085900000, 0x0000000085900000|100%| E|CS|TAMS 0x0000000085800000, 0x0000000085800000| Complete 
|  89|0x0000000085900000, 0x0000000085a00000, 0x0000000085a00000|100%| E|CS|TAMS 0x0000000085900000, 0x0000000085900000| Complete 
|  90|0x0000000085a00000, 0x0000000085b00000, 0x0000000085b00000|100%| E|CS|TAMS 0x0000000085a00000, 0x0000000085a00000| Complete 
|  91|0x0000000085b00000, 0x0000000085c00000, 0x0000000085c00000|100%| E|CS|TAMS 0x0000000085b00000, 0x0000000085b00000| Complete 
|  92|0x0000000085c00000, 0x0000000085d00000, 0x0000000085d00000|100%| E|CS|TAMS 0x0000000085c00000, 0x0000000085c00000| Complete 
|  93|0x0000000085d00000, 0x0000000085e00000, 0x0000000085e00000|100%| E|CS|TAMS 0x0000000085d00000, 0x0000000085d00000| Complete 
|  94|0x0000000085e00000, 0x0000000085f00000, 0x0000000085f00000|100%| E|CS|TAMS 0x0000000085e00000, 0x0000000085e00000| Complete 
|  95|0x0000000085f00000, 0x0000000086000000, 0x0000000086000000|100%| E|CS|TAMS 0x0000000085f00000, 0x0000000085f00000| Complete 
|  96|0x0000000086000000, 0x0000000086100000, 0x0000000086100000|100%| E|CS|TAMS 0x0000000086000000, 0x0000000086000000| Complete 
|  97|0x0000000086100000, 0x0000000086200000, 0x0000000086200000|100%| E|CS|TAMS 0x0000000086100000, 0x0000000086100000| Complete 
|  98|0x0000000086200000, 0x0000000086300000, 0x0000000086300000|100%| E|CS|TAMS 0x0000000086200000, 0x0000000086200000| Complete 
|  99|0x0000000086300000, 0x0000000086400000, 0x0000000086400000|100%| E|CS|TAMS 0x0000000086300000, 0x0000000086300000| Complete 
| 100|0x0000000086400000, 0x0000000086500000, 0x0000000086500000|100%| E|CS|TAMS 0x0000000086400000, 0x0000000086400000| Complete 
| 101|0x0000000086500000, 0x0000000086600000, 0x0000000086600000|100%| E|CS|TAMS 0x0000000086500000, 0x0000000086500000| Complete 
| 102|0x0000000086600000, 0x0000000086700000, 0x0000000086700000|100%| E|CS|TAMS 0x0000000086600000, 0x0000000086600000| Complete 
| 103|0x0000000086700000, 0x0000000086800000, 0x0000000086800000|100%| E|CS|TAMS 0x0000000086700000, 0x0000000086700000| Complete 
| 104|0x0000000086800000, 0x0000000086900000, 0x0000000086900000|100%| E|CS|TAMS 0x0000000086800000, 0x0000000086800000| Complete 
| 105|0x0000000086900000, 0x0000000086a00000, 0x0000000086a00000|100%| E|CS|TAMS 0x0000000086900000, 0x0000000086900000| Complete 
| 106|0x0000000086a00000, 0x0000000086b00000, 0x0000000086b00000|100%| E|CS|TAMS 0x0000000086a00000, 0x0000000086a00000| Complete 
| 107|0x0000000086b00000, 0x0000000086c00000, 0x0000000086c00000|100%| E|CS|TAMS 0x0000000086b00000, 0x0000000086b00000| Complete 
| 108|0x0000000086c00000, 0x0000000086d00000, 0x0000000086d00000|100%| E|CS|TAMS 0x0000000086c00000, 0x0000000086c00000| Complete 
| 109|0x0000000086d00000, 0x0000000086e00000, 0x0000000086e00000|100%| E|CS|TAMS 0x0000000086d00000, 0x0000000086d00000| Complete 
| 110|0x0000000086e00000, 0x0000000086f00000, 0x0000000086f00000|100%| E|CS|TAMS 0x0000000086e00000, 0x0000000086e00000| Complete 
| 196|0x000000008c400000, 0x000000008c500000, 0x000000008c500000|100%| E|CS|TAMS 0x000000008c400000, 0x000000008c400000| Complete 
| 197|0x000000008c500000, 0x000000008c600000, 0x000000008c600000|100%| E|CS|TAMS 0x000000008c500000, 0x000000008c500000| Complete 
| 198|0x000000008c600000, 0x000000008c700000, 0x000000008c700000|100%| E|CS|TAMS 0x000000008c600000, 0x000000008c600000| Complete 
| 199|0x000000008c700000, 0x000000008c800000, 0x000000008c800000|100%| E|CS|TAMS 0x000000008c700000, 0x000000008c700000| Complete 
| 200|0x000000008c800000, 0x000000008c900000, 0x000000008c900000|100%| E|CS|TAMS 0x000000008c800000, 0x000000008c800000| Complete 
| 201|0x000000008c900000, 0x000000008ca00000, 0x000000008ca00000|100%| E|CS|TAMS 0x000000008c900000, 0x000000008c900000| Complete 
| 202|0x000000008ca00000, 0x000000008cb00000, 0x000000008cb00000|100%| E|CS|TAMS 0x000000008ca00000, 0x000000008ca00000| Complete 
| 203|0x000000008cb00000, 0x000000008cc00000, 0x000000008cc00000|100%| E|CS|TAMS 0x000000008cb00000, 0x000000008cb00000| Complete 
| 251|0x000000008fb00000, 0x000000008fc00000, 0x000000008fc00000|100%| E|CS|TAMS 0x000000008fb00000, 0x000000008fb00000| Complete 

Card table byte_map: [0x00000231e3370000,0x00000231e3770000] _byte_map_base: 0x00000231e2f70000

Marking Bits (Prev, Next): (CMBitMap*) 0x00000231d005c9e0, (CMBitMap*) 0x00000231d005ca20
 Prev Bits: [0x00000231e3b70000, 0x00000231e5b70000)
 Next Bits: [0x00000231e5b70000, 0x00000231e7b70000)

Polling page: 0x00000231cdca0000

Metaspace:

Usage:
  Non-class:     45.01 MB used.
      Class:      7.02 MB used.
       Both:     52.04 MB used.

Virtual space:
  Non-class space:       64.00 MB reserved,      45.25 MB ( 71%) committed,  1 nodes.
      Class space:        1.00 GB reserved,       7.19 MB ( <1%) committed,  1 nodes.
             Both:        1.06 GB reserved,      52.44 MB (  5%) committed. 

Chunk freelists:
   Non-Class:  2.64 MB
       Class:  8.81 MB
        Both:  11.45 MB

MaxMetaspaceSize: unlimited
CompressedClassSpaceSize: 1.00 GB
Initial GC threshold: 21.00 MB
Current GC threshold: 58.69 MB
CDS: off
MetaspaceReclaimPolicy: balanced
 - commit_granule_bytes: 65536.
 - commit_granule_words: 8192.
 - virtual_space_node_default_size: 8388608.
 - enlarge_chunks_in_place: 1.
 - new_chunks_are_fully_committed: 0.
 - uncommit_free_chunks: 1.
 - use_allocation_guard: 0.
 - handle_deallocations: 1.


Internal statistics:

num_allocs_failed_limit: 6.
num_arena_births: 582.
num_arena_deaths: 0.
num_vsnodes_births: 2.
num_vsnodes_deaths: 0.
num_space_committed: 839.
num_space_uncommitted: 0.
num_chunks_returned_to_freelist: 6.
num_chunks_taken_from_freelist: 2258.
num_chunk_merges: 3.
num_chunk_splits: 1517.
num_chunks_enlarged: 1069.
num_inconsistent_stats: 0.

CodeHeap 'non-profiled nmethods': size=119168Kb used=2938Kb max_used=2938Kb free=116229Kb
 bounds [0x00000231db070000, 0x00000231db350000, 0x00000231e24d0000]
CodeHeap 'profiled nmethods': size=119104Kb used=9836Kb max_used=9836Kb free=109267Kb
 bounds [0x00000231d34d0000, 0x00000231d3e70000, 0x00000231da920000]
CodeHeap 'non-nmethods': size=7488Kb used=4004Kb max_used=4048Kb free=3484Kb
 bounds [0x00000231da920000, 0x00000231dad20000, 0x00000231db070000]
 total_blobs=5607 nmethods=4776 adapters=740
 compilation: enabled
              stopped_count=0, restarted_count=0
 full_count=0

Compilation events (20 events):
Event: 3.018 Thread 0x00000231eaf5a5a0 nmethod 4752 0x00000231d3e62510 code [0x00000231d3e626a0, 0x00000231d3e627a8]
Event: 3.020 Thread 0x00000231eaf57ef0 nmethod 4751 0x00000231db349610 code [0x00000231db3497e0, 0x00000231db349ab0]
Event: 3.027 Thread 0x00000231eaf5ce20 4753       3       org.gradle.internal.logging.slf4j.OutputEventListenerBackedLogger::debug (7 bytes)
Event: 3.028 Thread 0x00000231eaf5a5a0 4754       3       org.gradle.internal.logging.slf4j.BuildOperationAwareLogger::debug (18 bytes)
Event: 3.028 Thread 0x00000231eaf5ce20 nmethod 4753 0x00000231d3e62890 code [0x00000231d3e62a20, 0x00000231d3e62b68]
Event: 3.028 Thread 0x00000231eaf5a5a0 nmethod 4754 0x00000231d3e62c10 code [0x00000231d3e62de0, 0x00000231d3e63118]
Event: 3.029 Thread 0x00000231eaf5a5a0 4755       3       com.google.common.collect.ImmutableSet$Builder::copyIfNecessary (17 bytes)
Event: 3.029 Thread 0x00000231eaf5aab0 4756       3       com.google.common.collect.ImmutableSet$Builder::add (31 bytes)
Event: 3.029 Thread 0x00000231eaf5a5a0 nmethod 4755 0x00000231d3e63290 code [0x00000231d3e63440, 0x00000231d3e63648]
Event: 3.029 Thread 0x00000231eaf5a5a0 4757       3       jdk.internal.misc.Unsafe::weakCompareAndSetLong (11 bytes)
Event: 3.030 Thread 0x00000231eaf5a5a0 nmethod 4757 0x00000231d3e63710 code [0x00000231d3e638a0, 0x00000231d3e639d8]
Event: 3.030 Thread 0x00000231eaf5c910 4758       3       com.esotericsoftware.kryo.io.Output::require (209 bytes)
Event: 3.030 Thread 0x00000231eaf5aab0 nmethod 4756 0x00000231d3e63a90 code [0x00000231d3e63ca0, 0x00000231d3e642d8]
Event: 3.030 Thread 0x00000231eaf5aab0 4759       1       org.gradle.api.internal.attributes.DefaultImmutableAttributes::hashCode (5 bytes)
Event: 3.030 Thread 0x00000231eaf5c910 nmethod 4758 0x00000231d3e64510 code [0x00000231d3e647e0, 0x00000231d3e65218]
Event: 3.030 Thread 0x00000231eaf5aab0 nmethod 4759 0x00000231db349e90 code [0x00000231db34a020, 0x00000231db34a0f8]
Event: 3.033 Thread 0x00000231eaf5aab0 4760       1       org.gradle.internal.logging.progress.DefaultProgressLoggerFactory::access$200 (5 bytes)
Event: 3.033 Thread 0x00000231eaf5aab0 nmethod 4760 0x00000231db34a190 code [0x00000231db34a320, 0x00000231db34a3d8]
Event: 3.036 Thread 0x00000231eaf5aab0 4761       3       java.lang.invoke.MethodHandleImpl$IntrinsicMethodHandle::<init> (25 bytes)
Event: 3.036 Thread 0x00000231eaf5aab0 nmethod 4761 0x00000231d3e65610 code [0x00000231d3e657e0, 0x00000231d3e65e18]

GC Heap History (20 events):
Event: 0.359 GC heap before
{Heap before GC invocations=0 (full 0):
 garbage-first heap   total 258048K, used 26624K [0x0000000080000000, 0x0000000100000000)
  region size 1024K, 23 young (23552K), 0 survivors (0K)
 Metaspace       used 10465K, committed 10688K, reserved 1114112K
  class space    used 1086K, committed 1216K, reserved 1048576K
}
Event: 0.362 GC heap after
{Heap after GC invocations=1 (full 0):
 garbage-first heap   total 258048K, used 10448K [0x0000000080000000, 0x0000000100000000)
  region size 1024K, 3 young (3072K), 3 survivors (3072K)
 Metaspace       used 10465K, committed 10688K, reserved 1114112K
  class space    used 1086K, committed 1216K, reserved 1048576K
}
Event: 0.540 GC heap before
{Heap before GC invocations=1 (full 0):
 garbage-first heap   total 258048K, used 40144K [0x0000000080000000, 0x0000000100000000)
  region size 1024K, 31 young (31744K), 3 survivors (3072K)
 Metaspace       used 11487K, committed 11648K, reserved 1114112K
  class space    used 1194K, committed 1280K, reserved 1048576K
}
Event: 0.543 GC heap after
{Heap after GC invocations=2 (full 0):
 garbage-first heap   total 258048K, used 12454K [0x0000000080000000, 0x0000000100000000)
  region size 1024K, 3 young (3072K), 3 survivors (3072K)
 Metaspace       used 11487K, committed 11648K, reserved 1114112K
  class space    used 1194K, committed 1280K, reserved 1048576K
}
Event: 1.034 GC heap before
{Heap before GC invocations=2 (full 0):
 garbage-first heap   total 258048K, used 57510K [0x0000000080000000, 0x0000000100000000)
  region size 1024K, 48 young (49152K), 3 survivors (3072K)
 Metaspace       used 21264K, committed 21504K, reserved 1114112K
  class space    used 2552K, committed 2688K, reserved 1048576K
}
Event: 1.039 GC heap after
{Heap after GC invocations=3 (full 0):
 garbage-first heap   total 258048K, used 18283K [0x0000000080000000, 0x0000000100000000)
  region size 1024K, 8 young (8192K), 8 survivors (8192K)
 Metaspace       used 21264K, committed 21504K, reserved 1114112K
  class space    used 2552K, committed 2688K, reserved 1048576K
}
Event: 1.341 GC heap before
{Heap before GC invocations=4 (full 0):
 garbage-first heap   total 68608K, used 53099K [0x0000000080000000, 0x0000000100000000)
  region size 1024K, 43 young (44032K), 8 survivors (8192K)
 Metaspace       used 26252K, committed 26560K, reserved 1114112K
  class space    used 3415K, committed 3520K, reserved 1048576K
}
Event: 1.345 GC heap after
{Heap after GC invocations=5 (full 0):
 garbage-first heap   total 68608K, used 20397K [0x0000000080000000, 0x0000000100000000)
  region size 1024K, 8 young (8192K), 8 survivors (8192K)
 Metaspace       used 26252K, committed 26560K, reserved 1114112K
  class space    used 3415K, committed 3520K, reserved 1048576K
}
Event: 1.354 GC heap before
{Heap before GC invocations=5 (full 0):
 garbage-first heap   total 68608K, used 21421K [0x0000000080000000, 0x0000000100000000)
  region size 1024K, 9 young (9216K), 8 survivors (8192K)
 Metaspace       used 26378K, committed 26688K, reserved 1114112K
  class space    used 3433K, committed 3584K, reserved 1048576K
}
Event: 1.357 GC heap after
{Heap after GC invocations=6 (full 0):
 garbage-first heap   total 68608K, used 20659K [0x0000000080000000, 0x0000000100000000)
  region size 1024K, 1 young (1024K), 1 survivors (1024K)
 Metaspace       used 26378K, committed 26688K, reserved 1114112K
  class space    used 3433K, committed 3584K, reserved 1048576K
}
Event: 1.588 GC heap before
{Heap before GC invocations=6 (full 0):
 garbage-first heap   total 68608K, used 48307K [0x0000000080000000, 0x0000000100000000)
  region size 1024K, 28 young (28672K), 1 survivors (1024K)
 Metaspace       used 30119K, committed 30400K, reserved 1114112K
  class space    used 4051K, committed 4160K, reserved 1048576K
}
Event: 1.589 GC heap after
{Heap after GC invocations=7 (full 0):
 garbage-first heap   total 68608K, used 21668K [0x0000000080000000, 0x0000000100000000)
  region size 1024K, 2 young (2048K), 2 survivors (2048K)
 Metaspace       used 30119K, committed 30400K, reserved 1114112K
  class space    used 4051K, committed 4160K, reserved 1048576K
}
Event: 1.842 GC heap before
{Heap before GC invocations=7 (full 0):
 garbage-first heap   total 68608K, used 50340K [0x0000000080000000, 0x0000000100000000)
  region size 1024K, 30 young (30720K), 2 survivors (2048K)
 Metaspace       used 34152K, committed 34496K, reserved 1114112K
  class space    used 4668K, committed 4800K, reserved 1048576K
}
Event: 1.844 GC heap after
{Heap after GC invocations=8 (full 0):
 garbage-first heap   total 68608K, used 22755K [0x0000000080000000, 0x0000000100000000)
  region size 1024K, 3 young (3072K), 3 survivors (3072K)
 Metaspace       used 34152K, committed 34496K, reserved 1114112K
  class space    used 4668K, committed 4800K, reserved 1048576K
}
Event: 1.920 GC heap before
{Heap before GC invocations=8 (full 0):
 garbage-first heap   total 68608K, used 30947K [0x0000000080000000, 0x0000000100000000)
  region size 1024K, 13 young (13312K), 3 survivors (3072K)
 Metaspace       used 35650K, committed 35968K, reserved 1114112K
  class space    used 4921K, committed 5056K, reserved 1048576K
}
Event: 1.922 GC heap after
{Heap after GC invocations=9 (full 0):
 garbage-first heap   total 68608K, used 23706K [0x0000000080000000, 0x0000000100000000)
  region size 1024K, 3 young (3072K), 3 survivors (3072K)
 Metaspace       used 35650K, committed 35968K, reserved 1114112K
  class space    used 4921K, committed 5056K, reserved 1048576K
}
Event: 2.149 GC heap before
{Heap before GC invocations=10 (full 0):
 garbage-first heap   total 68608K, used 50330K [0x0000000080000000, 0x0000000100000000)
  region size 1024K, 30 young (30720K), 3 survivors (3072K)
 Metaspace       used 41303K, committed 41664K, reserved 1114112K
  class space    used 5474K, committed 5632K, reserved 1048576K
}
Event: 2.153 GC heap after
{Heap after GC invocations=11 (full 0):
 garbage-first heap   total 122880K, used 27139K [0x0000000080000000, 0x0000000100000000)
  region size 1024K, 4 young (4096K), 4 survivors (4096K)
 Metaspace       used 41303K, committed 41664K, reserved 1114112K
  class space    used 5474K, committed 5632K, reserved 1048576K
}
Event: 2.590 GC heap before
{Heap before GC invocations=11 (full 0):
 garbage-first heap   total 122880K, used 96771K [0x0000000080000000, 0x0000000100000000)
  region size 1024K, 66 young (67584K), 4 survivors (4096K)
 Metaspace       used 47103K, committed 47552K, reserved 1114112K
  class space    used 6205K, committed 6400K, reserved 1048576K
}
Event: 2.594 GC heap after
{Heap after GC invocations=12 (full 0):
 garbage-first heap   total 122880K, used 32331K [0x0000000080000000, 0x0000000100000000)
  region size 1024K, 9 young (9216K), 9 survivors (9216K)
 Metaspace       used 47103K, committed 47552K, reserved 1114112K
  class space    used 6205K, committed 6400K, reserved 1048576K
}

Dll operation events (3 events):
Event: 0.004 Loaded shared library C:\Program Files\Android\Android Studio\jbr\bin\java.dll
Event: 0.073 Loaded shared library C:\Program Files\Android\Android Studio\jbr\bin\zip.dll
Event: 0.219 Loaded shared library C:\Program Files\Android\Android Studio\jbr\bin\verify.dll

Deoptimization events (20 events):
Event: 2.846 Thread 0x00000231f1fba440 DEOPT PACKING pc=0x00000231d38bca9b sp=0x0000004a005f77c0
Event: 2.846 Thread 0x00000231f1fba440 DEOPT UNPACKING pc=0x00000231da977143 sp=0x0000004a005f6c30 mode 0
Event: 2.862 Thread 0x00000231f1fba440 Uncommon trap: trap_request=0xffffff45 fr.pc=0x00000231db2d1830 relative=0x0000000000000370
Event: 2.862 Thread 0x00000231f1fba440 Uncommon trap: reason=unstable_if action=reinterpret pc=0x00000231db2d1830 method=org.gradle.internal.snapshot.PathUtil.equalChars(CCLorg/gradle/internal/snapshot/CaseSensitivity;)Z @ 40 c2
Event: 2.862 Thread 0x00000231f1fba440 DEOPT PACKING pc=0x00000231db2d1830 sp=0x0000004a005f7230
Event: 2.862 Thread 0x00000231f1fba440 DEOPT UNPACKING pc=0x00000231da9769a3 sp=0x0000004a005f71c0 mode 2
Event: 2.864 Thread 0x00000231f4446d70 DEOPT PACKING pc=0x00000231d39318d4 sp=0x0000004a02bfe8b0
Event: 2.864 Thread 0x00000231f4446d70 DEOPT UNPACKING pc=0x00000231da977143 sp=0x0000004a02bfde08 mode 0
Event: 2.867 Thread 0x00000231f1fba440 Uncommon trap: trap_request=0xffffffc6 fr.pc=0x00000231db1dff58 relative=0x0000000000000218
Event: 2.867 Thread 0x00000231f1fba440 Uncommon trap: reason=bimorphic_or_optimized_type_check action=maybe_recompile pc=0x00000231db1dff58 method=com.google.common.base.CharMatcher.indexIn(Ljava/lang/CharSequence;I)I @ 31 c2
Event: 2.867 Thread 0x00000231f1fba440 DEOPT PACKING pc=0x00000231db1dff58 sp=0x0000004a005f9710
Event: 2.867 Thread 0x00000231f1fba440 DEOPT UNPACKING pc=0x00000231da9769a3 sp=0x0000004a005f96b8 mode 2
Event: 2.867 Thread 0x00000231f1fba440 Uncommon trap: trap_request=0xffffffc6 fr.pc=0x00000231db1dff58 relative=0x0000000000000218
Event: 2.867 Thread 0x00000231f1fba440 Uncommon trap: reason=bimorphic_or_optimized_type_check action=maybe_recompile pc=0x00000231db1dff58 method=com.google.common.base.CharMatcher.indexIn(Ljava/lang/CharSequence;I)I @ 31 c2
Event: 2.867 Thread 0x00000231f1fba440 DEOPT PACKING pc=0x00000231db1dff58 sp=0x0000004a005f9710
Event: 2.867 Thread 0x00000231f1fba440 DEOPT UNPACKING pc=0x00000231da9769a3 sp=0x0000004a005f96b8 mode 2
Event: 2.873 Thread 0x00000231f1fba440 Uncommon trap: trap_request=0xffffffc6 fr.pc=0x00000231db1dff58 relative=0x0000000000000218
Event: 2.873 Thread 0x00000231f1fba440 Uncommon trap: reason=bimorphic_or_optimized_type_check action=maybe_recompile pc=0x00000231db1dff58 method=com.google.common.base.CharMatcher.indexIn(Ljava/lang/CharSequence;I)I @ 31 c2
Event: 2.873 Thread 0x00000231f1fba440 DEOPT PACKING pc=0x00000231db1dff58 sp=0x0000004a005f8d70
Event: 2.873 Thread 0x00000231f1fba440 DEOPT UNPACKING pc=0x00000231da9769a3 sp=0x0000004a005f8d18 mode 2

Classes unloaded (0 events):
No events

Classes redefined (0 events):
No events

Internal exceptions (20 events):
Event: 2.538 Thread 0x00000231f1fba440 Implicit null exception at 0x00000231db22046c to 0x00000231db220510
Event: 2.598 Thread 0x00000231f1fba440 Exception <a 'java/lang/NoSuchMethodError'{0x000000008fb69f20}: 'void java.lang.invoke.DirectMethodHandle$Holder.invokeInterface(java.lang.Object, java.lang.Object)'> (0x000000008fb69f20) 
thrown [s\src\hotspot\share\interpreter\linkResolver.cpp, line 771]
Event: 2.599 Thread 0x00000231f1fba440 Exception <a 'java/lang/IncompatibleClassChangeError'{0x000000008fb75210}: Found class java.lang.Object, but interface was expected> (0x000000008fb75210) 
thrown [s\src\hotspot\share\interpreter\linkResolver.cpp, line 838]
Event: 2.614 Thread 0x00000231f1fba440 Exception <a 'java/lang/NoSuchMethodError'{0x000000008ca35440}: 'java.lang.Object java.lang.invoke.DirectMethodHandle$Holder.newInvokeSpecial(java.lang.Object, int, java.lang.Object)'> (0x000000008ca35440) 
thrown [s\src\hotspot\share\interpreter\linkResolver.cpp, line 771]
Event: 2.716 Thread 0x00000231f09fd500 Exception <a 'java/lang/NoSuchMethodError'{0x00000000868a3a48}: static Lorg/gradle/internal/build/event/types/DefaultOperationStartedProgressEvent;.<clinit>()V> (0x00000000868a3a48) 
thrown [s\src\hotspot\share\prims\jni.cpp, line 1108]
Event: 2.716 Thread 0x00000231f09fd500 Exception <a 'java/lang/NoSuchMethodError'{0x00000000868a5d20}: static Lorg/gradle/internal/build/event/types/AbstractProgressEvent;.<clinit>()V> (0x00000000868a5d20) 
thrown [s\src\hotspot\share\prims\jni.cpp, line 1108]
Event: 2.717 Thread 0x00000231f09fd500 Exception <a 'java/lang/NoSuchMethodError'{0x00000000868b7398}: static Lorg/gradle/internal/build/event/types/DefaultProjectConfigurationDescriptor;.<clinit>()V> (0x00000000868b7398) 
thrown [s\src\hotspot\share\prims\jni.cpp, line 1108]
Event: 2.717 Thread 0x00000231f09fd500 Exception <a 'java/lang/NoSuchMethodError'{0x00000000868b96c0}: static Lorg/gradle/internal/build/event/types/DefaultOperationDescriptor;.<clinit>()V> (0x00000000868b96c0) 
thrown [s\src\hotspot\share\prims\jni.cpp, line 1108]
Event: 2.718 Thread 0x00000231f09fd500 Exception <a 'java/lang/NoSuchMethodError'{0x00000000868d0400}: static Lorg/gradle/internal/operations/OperationIdentifier;.<clinit>()V> (0x00000000868d0400) 
thrown [s\src\hotspot\share\prims\jni.cpp, line 1108]
Event: 2.758 Thread 0x00000231f1fba440 Exception <a 'java/lang/NoSuchMethodError'{0x00000000862d6bb0}: 'long java.lang.invoke.DirectMethodHandle$Holder.invokeStatic(java.lang.Object, long)'> (0x00000000862d6bb0) 
thrown [s\src\hotspot\share\interpreter\linkResolver.cpp, line 771]
Event: 2.840 Thread 0x00000231f1fba440 Exception <a 'java/lang/NoSuchMethodError'{0x000000008596ce78}: 'java.lang.Object java.lang.invoke.DelegatingMethodHandle$Holder.reinvoke_L(java.lang.Object, java.lang.Object, java.lang.Object, java.lang.Object, java.lang.Object, java.lang.Object, java.lang.Object, java.lang.Object, java.lang.Object, java.lang.Object, java.lang.Object, java.lang.Object, java.lang.Object, java.lang.Object, java.lang.Object, java.lang.Object, java.lang.Object, java.lang.Object, java.lang.Object, java.lang.Object, java.lang.O
Event: 2.841 Thread 0x00000231f1fba440 Exception <a 'java/lang/NoSuchMethodError'{0x0000000085978650}: 'java.lang.Object java.lang.invoke.DirectMethodHandle$Holder.invokeSpecial(java.lang.Object, java.lang.Object, java.lang.Object, java.lang.Object, java.lang.Object, java.lang.Object, java.lang.Object, java.lang.Object, java.lang.Object, java.lang.Object, java.lang.Object, java.lang.Object, java.lang.Object, java.lang.Object, java.lang.Object, java.lang.Object, java.lang.Object, java.lang.Object, java.lang.Object, java.lang.Object, java.lang.Ob
Event: 2.841 Thread 0x00000231f1fba440 Exception <a 'java/lang/NoSuchMethodError'{0x000000008597e298}: 'java.lang.Object java.lang.invoke.Invokers$Holder.invoker(java.lang.Object, java.lang.Object, java.lang.Object, java.lang.Object, java.lang.Object, java.lang.Object, java.lang.Object, java.lang.Object, java.lang.Object, java.lang.Object, java.lang.Object, java.lang.Object, java.lang.Object, java.lang.Object, java.lang.Object, java.lang.Object, java.lang.Object, java.lang.Object, java.lang.Object, java.lang.Object, java.lang.Object)'> (0x00000
Event: 2.841 Thread 0x00000231f1fba440 Exception <a 'java/lang/NoSuchMethodError'{0x00000000859a1830}: 'java.lang.Object java.lang.invoke.DelegatingMethodHandle$Holder.delegate(java.lang.Object, java.lang.Object, java.lang.Object, java.lang.Object, java.lang.Object, java.lang.Object, java.lang.Object, java.lang.Object, java.lang.Object, java.lang.Object, java.lang.Object, java.lang.Object, java.lang.Object, java.lang.Object, java.lang.Object, java.lang.Object, java.lang.Object, java.lang.Object, java.lang.Object, java.lang.Object, java.lang.Obj
Event: 2.967 Thread 0x00000231f1fba440 Exception <a 'java/lang/NoSuchMethodError'{0x0000000084cd10e0}: 'int java.lang.invoke.DirectMethodHandle$Holder.invokeSpecialIFC(java.lang.Object, java.lang.Object, java.lang.Object)'> (0x0000000084cd10e0) 
thrown [s\src\hotspot\share\interpreter\linkResolver.cpp, line 771]
Event: 2.995 Thread 0x00000231f1fba440 Exception <a 'java/lang/NoSuchMethodError'{0x00000000849ec160}: 'int java.lang.invoke.DirectMethodHandle$Holder.invokeStatic(java.lang.Object)'> (0x00000000849ec160) 
thrown [s\src\hotspot\share\interpreter\linkResolver.cpp, line 771]
Event: 2.996 Thread 0x00000231f1fba440 Exception <a 'java/lang/NoSuchMethodError'{0x00000000849f07f8}: 'int java.lang.invoke.DirectMethodHandle$Holder.invokeStaticInit(java.lang.Object)'> (0x00000000849f07f8) 
thrown [s\src\hotspot\share\interpreter\linkResolver.cpp, line 771]
Event: 3.005 Thread 0x00000231f1fba440 Exception <a 'java/lang/NoSuchMethodError'{0x00000000848825e8}: 'java.lang.Object java.lang.invoke.DirectMethodHandle$Holder.newInvokeSpecial(java.lang.Object, java.lang.Object, java.lang.Object, java.lang.Object, java.lang.Object, int)'> (0x00000000848825e8) 
thrown [s\src\hotspot\share\interpreter\linkResolver.cpp, line 771]
Event: 3.005 Thread 0x00000231f1fba440 Exception <a 'java/lang/NoSuchMethodError'{0x0000000084887c40}: 'java.lang.Object java.lang.invoke.DirectMethodHandle$Holder.invokeSpecial(java.lang.Object, java.lang.Object, java.lang.Object, java.lang.Object, java.lang.Object, java.lang.Object, int)'> (0x0000000084887c40) 
thrown [s\src\hotspot\share\interpreter\linkResolver.cpp, line 771]
Event: 3.016 Thread 0x00000231f1fba440 Exception <a 'java/lang/NoSuchMethodError'{0x0000000084770000}: 'void java.lang.invoke.DirectMethodHandle$Holder.invokeStatic(java.lang.Object, java.lang.Object, java.lang.Object, int, java.lang.Object)'> (0x0000000084770000) 
thrown [s\src\hotspot\share\interpreter\linkResolver.cpp, line 771]

VM Operations (20 events):
Event: 2.136 Executing VM operation: HandshakeAllThreads
Event: 2.136 Executing VM operation: HandshakeAllThreads done
Event: 2.149 Executing VM operation: G1CollectForAllocation
Event: 2.154 Executing VM operation: G1CollectForAllocation done
Event: 2.386 Executing VM operation: ICBufferFull
Event: 2.386 Executing VM operation: ICBufferFull done
Event: 2.435 Executing VM operation: HandshakeAllThreads
Event: 2.435 Executing VM operation: HandshakeAllThreads done
Event: 2.522 Executing VM operation: HandshakeAllThreads
Event: 2.523 Executing VM operation: HandshakeAllThreads done
Event: 2.589 Executing VM operation: G1CollectForAllocation
Event: 2.594 Executing VM operation: G1CollectForAllocation done
Event: 2.689 Executing VM operation: HandshakeAllThreads
Event: 2.690 Executing VM operation: HandshakeAllThreads done
Event: 2.708 Executing VM operation: HandshakeAllThreads
Event: 2.708 Executing VM operation: HandshakeAllThreads done
Event: 2.789 Executing VM operation: ICBufferFull
Event: 2.790 Executing VM operation: ICBufferFull done
Event: 2.978 Executing VM operation: HandshakeAllThreads
Event: 2.978 Executing VM operation: HandshakeAllThreads done

Events (20 events):
Event: 2.824 loading class javax/net/ssl/SSLException done
Event: 2.824 loading class javax/net/ssl/SSLPeerUnverifiedException
Event: 2.824 loading class javax/net/ssl/SSLPeerUnverifiedException done
Event: 2.824 loading class javax/naming/NamingException
Event: 2.824 loading class javax/naming/NamingException done
Event: 2.824 loading class javax/naming/InvalidNameException
Event: 2.824 loading class javax/naming/InvalidNameException done
Event: 2.824 loading class java/security/cert/CertificateParsingException
Event: 2.824 loading class java/security/cert/CertificateException
Event: 2.824 loading class java/security/cert/CertificateException done
Event: 2.824 loading class java/security/cert/CertificateParsingException done
Event: 2.838 loading class java/util/Collections$SingletonMap
Event: 2.838 loading class java/util/Collections$SingletonMap done
Event: 2.839 Thread 0x00000231f2e738a0 Thread added: 0x00000231f2e738a0
Event: 2.864 Thread 0x00000231f4442070 Thread added: 0x00000231f4442070
Event: 2.864 Thread 0x00000231f4446d70 Thread added: 0x00000231f4446d70
Event: 2.881 loading class java/io/DeleteOnExitHook
Event: 2.881 loading class java/io/DeleteOnExitHook done
Event: 2.881 loading class java/io/DeleteOnExitHook$1
Event: 2.881 loading class java/io/DeleteOnExitHook$1 done


Dynamic libraries:
0x00007ff647c80000 - 0x00007ff647c8a000 	C:\Program Files\Android\Android Studio\jbr\bin\java.exe
0x00007ffc3e050000 - 0x00007ffc3e266000 	C:\Windows\SYSTEM32\ntdll.dll
0x00007ffc3bda0000 - 0x00007ffc3be64000 	C:\Windows\System32\KERNEL32.DLL
0x00007ffc3b540000 - 0x00007ffc3b8e6000 	C:\Windows\System32\KERNELBASE.dll
0x00007ffc3bc50000 - 0x00007ffc3bd61000 	C:\Windows\System32\ucrtbase.dll
0x00007ffc2dc10000 - 0x00007ffc2dc2b000 	C:\Program Files\Android\Android Studio\jbr\bin\VCRUNTIME140.dll
0x00007ffc2c370000 - 0x00007ffc2c387000 	C:\Program Files\Android\Android Studio\jbr\bin\jli.dll
0x00007ffc3c420000 - 0x00007ffc3c5cd000 	C:\Windows\System32\USER32.dll
0x00007ffc3bd70000 - 0x00007ffc3bd96000 	C:\Windows\System32\win32u.dll
0x00007ffc0dec0000 - 0x00007ffc0e153000 	C:\Windows\WinSxS\amd64_microsoft.windows.common-controls_6595b64144ccf1df_6.0.22621.3235_none_270f74e173860f98\COMCTL32.dll
0x00007ffc3bff0000 - 0x00007ffc3c019000 	C:\Windows\System32\GDI32.dll
0x00007ffc3c0f0000 - 0x00007ffc3c197000 	C:\Windows\System32\msvcrt.dll
0x00007ffc3b920000 - 0x00007ffc3ba38000 	C:\Windows\System32\gdi32full.dll
0x00007ffc3bbb0000 - 0x00007ffc3bc4a000 	C:\Windows\System32\msvcp_win.dll
0x00007ffc3d400000 - 0x00007ffc3d431000 	C:\Windows\System32\IMM32.DLL
0x00007ffc2dc00000 - 0x00007ffc2dc0c000 	C:\Program Files\Android\Android Studio\jbr\bin\vcruntime140_1.dll
0x00007ffbf6940000 - 0x00007ffbf69cd000 	C:\Program Files\Android\Android Studio\jbr\bin\msvcp140.dll
0x00007ffbb0870000 - 0x00007ffbb14f0000 	C:\Program Files\Android\Android Studio\jbr\bin\server\jvm.dll
0x00007ffc3c020000 - 0x00007ffc3c0d2000 	C:\Windows\System32\ADVAPI32.dll
0x00007ffc3cc10000 - 0x00007ffc3ccb8000 	C:\Windows\System32\sechost.dll
0x00007ffc3b8f0000 - 0x00007ffc3b918000 	C:\Windows\System32\bcrypt.dll
0x00007ffc3bed0000 - 0x00007ffc3bfe5000 	C:\Windows\System32\RPCRT4.dll
0x00007ffc13670000 - 0x00007ffc13679000 	C:\Windows\SYSTEM32\WSOCK32.dll
0x00007ffc2da60000 - 0x00007ffc2da94000 	C:\Windows\SYSTEM32\WINMM.dll
0x00007ffc3c1c0000 - 0x00007ffc3c231000 	C:\Windows\System32\WS2_32.dll
0x00007ffc287f0000 - 0x00007ffc287fa000 	C:\Windows\SYSTEM32\VERSION.dll
0x00007ffc3a490000 - 0x00007ffc3a4a8000 	C:\Windows\SYSTEM32\kernel.appcore.dll
0x00007ffc32700000 - 0x00007ffc3270a000 	C:\Program Files\Android\Android Studio\jbr\bin\jimage.dll
0x00007ffc38770000 - 0x00007ffc389a3000 	C:\Windows\SYSTEM32\DBGHELP.DLL
0x00007ffc3cd70000 - 0x00007ffc3d0f8000 	C:\Windows\System32\combase.dll
0x00007ffc3de20000 - 0x00007ffc3def7000 	C:\Windows\System32\OLEAUT32.dll
0x00007ffc204f0000 - 0x00007ffc20522000 	C:\Windows\SYSTEM32\dbgcore.DLL
0x00007ffc3b4c0000 - 0x00007ffc3b53a000 	C:\Windows\System32\bcryptPrimitives.dll
0x00007ffc2c390000 - 0x00007ffc2c39e000 	C:\Program Files\Android\Android Studio\jbr\bin\instrument.dll
0x00007ffc2ea20000 - 0x00007ffc2ea45000 	C:\Program Files\Android\Android Studio\jbr\bin\java.dll
0x00007ffc31bb0000 - 0x00007ffc31bc8000 	C:\Program Files\Android\Android Studio\jbr\bin\zip.dll
0x00007ffc3d5a0000 - 0x00007ffc3ddfd000 	C:\Windows\System32\SHELL32.dll
0x00007ffc392b0000 - 0x00007ffc39ba8000 	C:\Windows\SYSTEM32\windows.storage.dll
0x00007ffc39170000 - 0x00007ffc392ae000 	C:\Windows\SYSTEM32\wintypes.dll
0x00007ffc3d100000 - 0x00007ffc3d1f3000 	C:\Windows\System32\SHCORE.dll
0x00007ffc3c3c0000 - 0x00007ffc3c41e000 	C:\Windows\System32\shlwapi.dll
0x00007ffc3b2c0000 - 0x00007ffc3b2e6000 	C:\Windows\SYSTEM32\profapi.dll
0x00007ffc2ee80000 - 0x00007ffc2ee99000 	C:\Program Files\Android\Android Studio\jbr\bin\net.dll
0x00007ffc32180000 - 0x00007ffc322b7000 	C:\Windows\SYSTEM32\WINHTTP.dll
0x00007ffc3a920000 - 0x00007ffc3a989000 	C:\Windows\system32\mswsock.dll
0x00007ffc2c3a0000 - 0x00007ffc2c3b6000 	C:\Program Files\Android\Android Studio\jbr\bin\nio.dll
0x00007ffc2edb0000 - 0x00007ffc2edc0000 	C:\Program Files\Android\Android Studio\jbr\bin\verify.dll
0x00007ffbf72a0000 - 0x00007ffbf72c7000 	C:\Users\ASUS\.gradle\native\68d5fa5c4cc2d200863cafc0d521ce42e7d3e7ee720ec0a83991735586a16f82\windows-amd64\native-platform.dll
0x00007ffbe6350000 - 0x00007ffbe6494000 	C:\Users\ASUS\.gradle\native\e376f236ea51e6404a007f0833ffe2c6e607c4080706a723a18a27aeea778392\windows-amd64\native-platform-file-events.dll
0x00007ffc2dc40000 - 0x00007ffc2dc49000 	C:\Program Files\Android\Android Studio\jbr\bin\management.dll
0x00007ffc2db90000 - 0x00007ffc2db9b000 	C:\Program Files\Android\Android Studio\jbr\bin\management_ext.dll
0x00007ffc3c240000 - 0x00007ffc3c248000 	C:\Windows\System32\PSAPI.DLL
0x00007ffc3ab70000 - 0x00007ffc3ab8b000 	C:\Windows\SYSTEM32\CRYPTSP.dll
0x00007ffc3a3f0000 - 0x00007ffc3a425000 	C:\Windows\system32\rsaenh.dll
0x00007ffc3aa10000 - 0x00007ffc3aa3c000 	C:\Windows\SYSTEM32\USERENV.dll
0x00007ffc3ab90000 - 0x00007ffc3ab9c000 	C:\Windows\SYSTEM32\CRYPTBASE.dll
0x00007ffc39e70000 - 0x00007ffc39e9d000 	C:\Windows\SYSTEM32\IPHLPAPI.DLL
0x00007ffc3c250000 - 0x00007ffc3c259000 	C:\Windows\System32\NSI.dll
0x00007ffc31e50000 - 0x00007ffc31e69000 	C:\Windows\SYSTEM32\dhcpcsvc6.DLL
0x00007ffc31db0000 - 0x00007ffc31dcf000 	C:\Windows\SYSTEM32\dhcpcsvc.DLL
0x00007ffc39ee0000 - 0x00007ffc39fd9000 	C:\Windows\SYSTEM32\DNSAPI.dll
0x00007ffc00160000 - 0x00007ffc00168000 	C:\Windows\system32\wshunix.dll

dbghelp: loaded successfully - version: 4.0.5 - missing functions: none
symbol engine: initialized successfully - sym options: 0x614 - pdb path: .;C:\Program Files\Android\Android Studio\jbr\bin;C:\Windows\SYSTEM32;C:\Windows\WinSxS\amd64_microsoft.windows.common-controls_6595b64144ccf1df_6.0.22621.3235_none_270f74e173860f98;C:\Program Files\Android\Android Studio\jbr\bin\server;C:\Users\ASUS\.gradle\native\68d5fa5c4cc2d200863cafc0d521ce42e7d3e7ee720ec0a83991735586a16f82\windows-amd64;C:\Users\ASUS\.gradle\native\e376f236ea51e6404a007f0833ffe2c6e607c4080706a723a18a27aeea778392\windows-amd64

VM Arguments:
jvm_args: --add-opens=java.base/java.util=ALL-UNNAMED --add-opens=java.base/java.lang=ALL-UNNAMED --add-opens=java.base/java.lang.invoke=ALL-UNNAMED --add-opens=java.prefs/java.util.prefs=ALL-UNNAMED --add-opens=java.base/java.nio.charset=ALL-UNNAMED --add-opens=java.base/java.net=ALL-UNNAMED --add-opens=java.base/java.util.concurrent.atomic=ALL-UNNAMED -Xmx2048m -Dfile.encoding=UTF-8 -Duser.country=US -Duser.language=en -Duser.variant -javaagent:C:\Users\ASUS\.gradle\wrapper\dists\gradle-8.2-bin\bbg7u40eoinfdyxsxr3z4i7ta\gradle-8.2\lib\agents\gradle-instrumentation-agent-8.2.jar 
java_command: org.gradle.launcher.daemon.bootstrap.GradleDaemon 8.2
java_class_path (initial): C:\Users\ASUS\.gradle\wrapper\dists\gradle-8.2-bin\bbg7u40eoinfdyxsxr3z4i7ta\gradle-8.2\lib\gradle-launcher-8.2.jar
Launcher Type: SUN_STANDARD

[Global flags]
     intx CICompilerCount                          = 12                                        {product} {ergonomic}
     uint ConcGCThreads                            = 4                                         {product} {ergonomic}
     uint G1ConcRefinementThreads                  = 15                                        {product} {ergonomic}
   size_t G1HeapRegionSize                         = 1048576                                   {product} {ergonomic}
    uintx GCDrainStackTargetSize                   = 64                                        {product} {ergonomic}
   size_t InitialHeapSize                          = 264241152                                 {product} {ergonomic}
   size_t MarkStackSize                            = 4194304                                   {product} {ergonomic}
   size_t MaxHeapSize                              = 2147483648                                {product} {command line}
   size_t MaxNewSize                               = 1287651328                                {product} {ergonomic}
   size_t MinHeapDeltaBytes                        = 1048576                                   {product} {ergonomic}
   size_t MinHeapSize                              = 8388608                                   {product} {ergonomic}
    uintx NonNMethodCodeHeapSize                   = 7602480                                {pd product} {ergonomic}
    uintx NonProfiledCodeHeapSize                  = 122027880                              {pd product} {ergonomic}
    uintx ProfiledCodeHeapSize                     = 122027880                              {pd product} {ergonomic}
    uintx ReservedCodeCacheSize                    = 251658240                              {pd product} {ergonomic}
     bool SegmentedCodeCache                       = true                                      {product} {ergonomic}
   size_t SoftMaxHeapSize                          = 2147483648                             {manageable} {ergonomic}
     bool UseCompressedClassPointers               = true                           {product lp64_product} {ergonomic}
     bool UseCompressedOops                        = true                           {product lp64_product} {ergonomic}
     bool UseG1GC                                  = true                                      {product} {ergonomic}
     bool UseLargePagesIndividualAllocation        = false                                  {pd product} {ergonomic}

Logging:
Log output configuration:
 #0: stdout all=warning uptime,level,tags
 #1: stderr all=off uptime,level,tags

Environment Variables:
PATH=C:\Program Files\Common Files\Oracle\Java\javapath;C:\Windows\system32;C:\Windows;C:\Windows\System32\Wbem;C:\Windows\System32\WindowsPowerShell\v1.0\;C:\Windows\System32\OpenSSH\;C:\Program Files\Azure Data Studio\bin;C:\Program Files\Microsoft SQL Server\Client SDK\ODBC\170\Tools\Binn\;C:\Program Files (x86)\Microsoft SQL Server\150\Tools\Binn\;C:\Program Files\Microsoft SQL Server\150\Tools\Binn\;C:\Program Files\Microsoft SQL Server\150\DTS\Binn\;C:\Program Files (x86)\Microsoft SQL Server\160\DTS\Binn\;C:\Program Files\Git\cmd;C:\Program Files\nodejs\;C:\Program Files\Cloudflare\Cloudflare WARP\;C:\Program Files\MongoDB\Server\7.0\bin;C:\Users\ASUS\AppData\Local\Programs\Python\Launcher\;C:\Program Files\MySQL\MySQL Shell 8.0\bin\;C:\Users\ASUS\AppData\Local\Microsoft\WindowsApps;C:\Program Files\Azure Data Studio\bin;C:\Users\ASUS\AppData\Local\Programs\Microsoft VS Code\bin;C:\Users\ASUS\AppData\Roaming\npm;C:\Users\ASUS\AppData\Local\JetBrains\PyCharm Community Edition 2023.3.2\bin;;C:\Users\ASUS\AppData\Local\GitHubDesktop\bin
USERNAME=ASUS
OS=Windows_NT
PROCESSOR_IDENTIFIER=Intel64 Family 6 Model 186 Stepping 2, GenuineIntel
TMP=C:\Users\ASUS\AppData\Local\Temp
TEMP=C:\Users\ASUS\AppData\Local\Temp


JNI global refs:
JNI global refs: 35, weak refs: 0

JNI global refs memory usage: 843, weak refs: 841

OOME stack traces (most recent first):
Classloader memory used:
Loader org.gradle.internal.classloader.VisitableURLClassLoader                         : 3245K
Loader bootstrap                                                                       : 2398K
Loader org.gradle.initialization.MixInLegacyTypesClassLoader                           : 915K
Loader jdk.internal.loader.ClassLoaders$PlatformClassLoader                            : 67122B
Loader jdk.internal.loader.ClassLoaders$AppClassLoader                                 : 28352B
Loader jdk.internal.reflect.DelegatingClassLoader                                      : 8588B
Loader org.gradle.internal.classloader.VisitableURLClassLoader$InstrumentingVisitableURLClassLoader: 3222B
Loader org.gradle.groovy.scripts.internal.DefaultScriptCompilationHandler$ScriptClassLoader: 1712B
Loader org.codehaus.groovy.runtime.callsite.CallSiteClassLoader                        : 356B

Classes loaded by more than one classloader:
Class Program                                                                         : loaded 3 times (x 70B)
Class org.gradle.internal.classpath.ClassPath                                         : loaded 2 times (x 68B)
Class org.gradle.api.internal.classpath.DefaultModuleRegistry                         : loaded 2 times (x 84B)
Class Settings_gradle$1$1                                                             : loaded 2 times (x 72B)
Class org.gradle.api.Action                                                           : loaded 2 times (x 68B)
Class org.gradle.api.internal.DefaultClassPathProvider                                : loaded 2 times (x 74B)
Class org.gradle.internal.installation.GradleInstallation$1                           : loaded 2 times (x 73B)
Class org.gradle.internal.classloader.FilteringClassLoader                            : loaded 2 times (x 102B)
Class org.gradle.internal.classpath.DefaultClassPath$ImmutableUniqueList$Builder      : loaded 2 times (x 73B)
Class org.gradle.internal.classloader.ClassLoaderVisitor                              : loaded 2 times (x 74B)
Class org.gradle.internal.service.DefaultServiceLocator                               : loaded 2 times (x 81B)
Class org.gradle.internal.service.UnknownServiceException                             : loaded 2 times (x 81B)
Class org.gradle.internal.classloader.DefaultClassLoaderFactory                       : loaded 2 times (x 80B)
Class org.gradle.internal.classloader.VisitableURLClassLoader$Spec                    : loaded 2 times (x 72B)
Class org.gradle.api.GradleException                                                  : loaded 2 times (x 80B)
Class org.gradle.api.internal.classpath.ModuleRegistry                                : loaded 2 times (x 68B)
Class org.gradle.api.internal.ClassPathProvider                                       : loaded 2 times (x 68B)
Class org.gradle.internal.classloader.ClasspathUtil$1                                 : loaded 2 times (x 74B)
Class org.gradle.internal.classloader.ClassLoaderFactory                              : loaded 2 times (x 68B)
Class org.gradle.api.internal.classpath.ManifestUtil                                  : loaded 2 times (x 69B)
Class org.gradle.api.specs.Spec                                                       : loaded 2 times (x 68B)
Class org.gradle.internal.IoActions                                                   : loaded 2 times (x 69B)
Class org.gradle.api.internal.classpath.EffectiveClassPath                            : loaded 2 times (x 88B)
Class org.gradle.internal.installation.CurrentGradleInstallation                      : loaded 2 times (x 71B)
Class org.gradle.internal.agents.InstrumentingClassLoader                             : loaded 2 times (x 68B)
Class org.gradle.internal.installation.CurrentGradleInstallationLocator               : loaded 2 times (x 69B)
Class org.gradle.api.internal.classpath.Module                                        : loaded 2 times (x 68B)
Class org.gradle.internal.service.CachingServiceLocator                               : loaded 2 times (x 80B)
Class org.gradle.internal.classpath.DefaultClassPath                                  : loaded 2 times (x 88B)
Class org.gradle.internal.classloader.SystemClassLoaderSpec                           : loaded 2 times (x 69B)
Class org.gradle.api.UncheckedIOException                                             : loaded 2 times (x 80B)
Class org.gradle.internal.installation.GradleInstallation                             : loaded 2 times (x 73B)
Class org.gradle.internal.classloader.ClasspathUtil                                   : loaded 2 times (x 69B)
Class org.gradle.api.internal.DefaultClassPathRegistry                                : loaded 2 times (x 74B)
Class org.gradle.api.internal.classpath.DefaultModuleRegistry$DefaultModule           : loaded 2 times (x 84B)
Class org.gradle.api.internal.classpath.UnknownModuleException                        : loaded 2 times (x 80B)
Class org.gradle.internal.service.ServiceLookupException                              : loaded 2 times (x 80B)
Class org.gradle.cache.GlobalCache                                                    : loaded 2 times (x 68B)
Class [Lorg.gradle.api.internal.ClassPathProvider;                                    : loaded 2 times (x 67B)
Class org.gradle.util.internal.GUtil                                                  : loaded 2 times (x 69B)
Class org.gradle.internal.classloader.ClassLoaderSpec                                 : loaded 2 times (x 69B)
Class org.gradle.internal.classloader.VisitableURLClassLoader                         : loaded 2 times (x 114B)
Class org.gradle.internal.Cast                                                        : loaded 2 times (x 69B)
Class org.gradle.api.internal.ClassPathRegistry                                       : loaded 2 times (x 68B)
Class org.gradle.internal.classloader.VisitableURLClassLoader$InstrumentingVisitableURLClassLoader: loaded 2 times (x 120B)
Class org.gradle.internal.classloader.ClassLoaderHierarchy                            : loaded 2 times (x 68B)
Class org.gradle.internal.InternalTransformer                                         : loaded 2 times (x 68B)
Class org.gradle.internal.service.ServiceLocator                                      : loaded 2 times (x 68B)
Class Settings_gradle$1                                                               : loaded 2 times (x 72B)
Class org.gradle.internal.classpath.DefaultClassPath$ImmutableUniqueList              : loaded 2 times (x 159B)
Class org.gradle.internal.classpath.TransformedClassPath                              : loaded 2 times (x 94B)
Class Settings_gradle                                                                 : loaded 2 times (x 126B)


---------------  S Y S T E M  ---------------

OS:
 Windows 11 , 64 bit Build 22621 (10.0.22621.3235)
OS uptime: 13 days 20:20 hours
Hyper-V role detected

CPU: total 20 (initial active 20) (10 cores per cpu, 2 threads per core) family 6 model 186 stepping 2 microcode 0x410e, cx8, cmov, fxsr, ht, mmx, 3dnowpref, sse, sse2, sse3, ssse3, sse4.1, sse4.2, popcnt, lzcnt, tsc, tscinvbit, avx, avx2, aes, erms, clmul, bmi1, bmi2, adx, sha, fma, vzeroupper, clflush, clflushopt, clwb, hv

Memory: 4k page, system-wide physical 16003M (2510M free)
TotalPageFile size 16003M (AvailPageFile size 12M)
current process WorkingSet (physical memory assigned to process): 330M, peak: 339M
current process commit charge ("private bytes"): 384M, peak: 410M

vm_info: OpenJDK 64-Bit Server VM (17.0.7+0-b2043.56-10550314) for windows-amd64 JRE (17.0.7+0-b2043.56-10550314), built on Jul 24 2023 18:27:45 by "androidbuild" with MS VC++ 16.10 / 16.11 (VS2019)

END.
