#
# There is insufficient memory for the Java Runtime Environment to continue.
# Native memory allocation (mmap) failed to map 20971520 bytes for G1 virtual space
# Possible reasons:
#   The system is out of physical RAM or swap space
#   The process is running with CompressedOops enabled, and the Java Heap may be blocking the growth of the native heap
# Possible solutions:
#   Reduce memory load on the system
#   Increase physical memory or swap space
#   Check if swap backing store is full
#   Decrease Java heap size (-Xmx/-Xms)
#   Decrease number of Java threads
#   Decrease Java thread stack sizes (-Xss)
#   Set larger code cache with -XX:ReservedCodeCacheSize=
#   JVM is running with Unscaled Compressed Oops mode in which the Java heap is
#     placed in the first 4GB address space. The Java Heap base address is the
#     maximum limit for the native heap growth. Please use -XX:HeapBaseMinAddress
#     to set the Java Heap base and to place the Java Heap above 4GB virtual address.
# This output file may be truncated or incomplete.
#
#  Out of Memory Error (os_windows.cpp:3771), pid=5324, tid=17468
#
# JRE version: OpenJDK Runtime Environment (17.0.7) (build 17.0.7+0-b2043.56-10550314)
# Java VM: OpenJDK 64-Bit Server VM (17.0.7+0-b2043.56-10550314, mixed mode, tiered, compressed oops, compressed class ptrs, g1 gc, windows-amd64)
# No core dump will be written. Minidumps are not enabled by default on client versions of Windows
#

---------------  S U M M A R Y ------------

Command Line: --add-opens=java.base/java.util=ALL-UNNAMED --add-opens=java.base/java.lang=ALL-UNNAMED --add-opens=java.base/java.lang.invoke=ALL-UNNAMED --add-opens=java.prefs/java.util.prefs=ALL-UNNAMED --add-opens=java.base/java.nio.charset=ALL-UNNAMED --add-opens=java.base/java.net=ALL-UNNAMED --add-opens=java.base/java.util.concurrent.atomic=ALL-UNNAMED -Xmx2048m -Dfile.encoding=UTF-8 -Duser.country=US -Duser.language=en -Duser.variant -javaagent:C:\Users\ASUS\.gradle\wrapper\dists\gradle-8.2-bin\bbg7u40eoinfdyxsxr3z4i7ta\gradle-8.2\lib\agents\gradle-instrumentation-agent-8.2.jar org.gradle.launcher.daemon.bootstrap.GradleDaemon 8.2

Host: 13th Gen Intel(R) Core(TM) i7-13700H, 20 cores, 15G,  Windows 11 , 64 bit Build 22621 (10.0.22621.3235)
Time: Wed Apr 17 13:31:03 2024 Sri Lanka Standard Time elapsed time: 3.448971 seconds (0d 0h 0m 3s)

---------------  T H R E A D  ---------------

Current thread (0x0000022f06b891f0):  VMThread "VM Thread" [stack: 0x000000995c700000,0x000000995c800000] [id=17468]

Stack: [0x000000995c700000,0x000000995c800000]
Native frames: (J=compiled Java code, j=interpreted, Vv=VM code, C=native code)
V  [jvm.dll+0x683bfa]
V  [jvm.dll+0x8430a4]
V  [jvm.dll+0x8449be]
V  [jvm.dll+0x845023]
V  [jvm.dll+0x24ad2f]
V  [jvm.dll+0x680ac9]
V  [jvm.dll+0x67519a]
V  [jvm.dll+0x30b3cb]
V  [jvm.dll+0x312876]
V  [jvm.dll+0x36221e]
V  [jvm.dll+0x36244f]
V  [jvm.dll+0x2e14a8]
V  [jvm.dll+0x2df684]
V  [jvm.dll+0x2dec8c]
V  [jvm.dll+0x323b51]
V  [jvm.dll+0x8496eb]
V  [jvm.dll+0x84a424]
V  [jvm.dll+0x84a93d]
V  [jvm.dll+0x84ad14]
V  [jvm.dll+0x84ade0]
V  [jvm.dll+0x7f2aea]
V  [jvm.dll+0x682a35]
C  [ucrtbase.dll+0x29363]
C  [KERNEL32.DLL+0x1257d]
C  [ntdll.dll+0x5aa58]

VM_Operation (0x000000995e5f0790): G1TryInitiateConcMark, mode: safepoint, requested by thread 0x0000022f0ce175c0


---------------  P R O C E S S  ---------------

Threads class SMR info:
_java_thread_list=0x0000022f0db97ae0, length=82, elements={
0x0000022f6bd00e20, 0x0000022f06b89970, 0x0000022f06c4f7f0, 0x0000022f06b8df50,
0x0000022f06c54740, 0x0000022f06c78040, 0x0000022f06c78900, 0x0000022f06c79d10,
0x0000022f06c84260, 0x0000022f06c84b60, 0x0000022f06e1d890, 0x0000022f06e3e2a0,
0x0000022f06e3e7b0, 0x0000022f06e3ecc0, 0x0000022f06f72390, 0x0000022f06f87320,
0x0000022f0730e890, 0x0000022f076e4140, 0x0000022f0d0a6a50, 0x0000022f0cde49d0,
0x0000022f0db8a830, 0x0000022f0e379730, 0x0000022f0d3e00a0, 0x0000022f0d1a8310,
0x0000022f0ce175c0, 0x0000022f0ce20840, 0x0000022f0e0aec20, 0x0000022f0e0afa90,
0x0000022f0e0b0430, 0x0000022f0e0b1c40, 0x0000022f0e0ae750, 0x0000022f0e0b0900,
0x0000022f0e0b0dd0, 0x0000022f0e0af0f0, 0x0000022f0e0b12a0, 0x0000022f0e0af5c0,
0x0000022f0e0b1770, 0x0000022f0e0ae280, 0x0000022f0e0aff60, 0x0000022f0fd980c0,
0x0000022f0fd98a60, 0x0000022f0e5b9810, 0x0000022f0fd998d0, 0x0000022f0fd99da0,
0x0000022f0fd9a270, 0x0000022f0fd98590, 0x0000022f0fd9ac10, 0x0000022f0fd9b0e0,
0x0000022f0fd9b5b0, 0x0000022f1040ee30, 0x0000022f1040be10, 0x0000022f1040f300,
0x0000022f1040f7d0, 0x0000022f104092c0, 0x0000022f1040c2e0, 0x0000022f1040cc80,
0x0000022f1040fca0, 0x0000022f10410640, 0x0000022f1040e490, 0x0000022f1040d620,
0x0000022f1040daf0, 0x0000022f1040a130, 0x0000022f1040aad0, 0x0000022f10409c60,
0x0000022f10410170, 0x0000022f1040a600, 0x0000022f1040c7b0, 0x0000022f1040dfc0,
0x0000022f10408df0, 0x0000022f1040afa0, 0x0000022f1040b470, 0x0000022f1040b940,
0x0000022f1040e960, 0x0000022f0fe028c0, 0x0000022f0fe01a50, 0x0000022f0fdfc3b0,
0x0000022f0fdfcd50, 0x0000022f0fe00710, 0x0000022f0fe023f0, 0x0000022f0fdfb540,
0x0000022f0fe01580, 0x0000022f0fe00be0
}

Java Threads: ( => current thread )
  0x0000022f6bd00e20 JavaThread "main" [_thread_blocked, id=13704, stack(0x000000995c100000,0x000000995c200000)]
  0x0000022f06b89970 JavaThread "Reference Handler" daemon [_thread_blocked, id=6720, stack(0x000000995c800000,0x000000995c900000)]
  0x0000022f06c4f7f0 JavaThread "Finalizer" daemon [_thread_blocked, id=15816, stack(0x000000995c900000,0x000000995ca00000)]
  0x0000022f06b8df50 JavaThread "Signal Dispatcher" daemon [_thread_blocked, id=19572, stack(0x000000995ca00000,0x000000995cb00000)]
  0x0000022f06c54740 JavaThread "Attach Listener" daemon [_thread_blocked, id=18140, stack(0x000000995cb00000,0x000000995cc00000)]
  0x0000022f06c78040 JavaThread "Service Thread" daemon [_thread_blocked, id=19112, stack(0x000000995cc00000,0x000000995cd00000)]
  0x0000022f06c78900 JavaThread "Monitor Deflation Thread" daemon [_thread_blocked, id=5716, stack(0x000000995cd00000,0x000000995ce00000)]
  0x0000022f06c79d10 JavaThread "C2 CompilerThread0" daemon [_thread_blocked, id=12660, stack(0x000000995ce00000,0x000000995cf00000)]
  0x0000022f06c84260 JavaThread "C1 CompilerThread0" daemon [_thread_blocked, id=19004, stack(0x000000995cf00000,0x000000995d000000)]
  0x0000022f06c84b60 JavaThread "Sweeper thread" daemon [_thread_blocked, id=6996, stack(0x000000995d000000,0x000000995d100000)]
  0x0000022f06e1d890 JavaThread "Common-Cleaner" daemon [_thread_blocked, id=22372, stack(0x000000995d100000,0x000000995d200000)]
  0x0000022f06e3e2a0 JavaThread "C1 CompilerThread1" daemon [_thread_blocked, id=14216, stack(0x000000995d200000,0x000000995d300000)]
  0x0000022f06e3e7b0 JavaThread "C1 CompilerThread2" daemon [_thread_blocked, id=23204, stack(0x000000995d300000,0x000000995d400000)]
  0x0000022f06e3ecc0 JavaThread "C1 CompilerThread3" daemon [_thread_blocked, id=11516, stack(0x000000995d400000,0x000000995d500000)]
  0x0000022f06f72390 JavaThread "Notification Thread" daemon [_thread_blocked, id=14240, stack(0x000000995d500000,0x000000995d600000)]
  0x0000022f06f87320 JavaThread "C2 CompilerThread1" daemon [_thread_blocked, id=14592, stack(0x000000995d700000,0x000000995d800000)]
  0x0000022f0730e890 JavaThread "C2 CompilerThread2" daemon [_thread_blocked, id=4440, stack(0x000000995d800000,0x000000995d900000)]
  0x0000022f076e4140 JavaThread "C2 CompilerThread3" daemon [_thread_blocked, id=14624, stack(0x000000995d900000,0x000000995da00000)]
  0x0000022f0d0a6a50 JavaThread "Daemon health stats" [_thread_blocked, id=12736, stack(0x000000995df00000,0x000000995e000000)]
  0x0000022f0cde49d0 JavaThread "Incoming local TCP Connector on port 10943" [_thread_in_native, id=11588, stack(0x000000995e000000,0x000000995e100000)]
  0x0000022f0db8a830 JavaThread "Daemon periodic checks" [_thread_blocked, id=13068, stack(0x000000995e100000,0x000000995e200000)]
  0x0000022f0e379730 JavaThread "Daemon" [_thread_blocked, id=2776, stack(0x000000995e200000,0x000000995e300000)]
  0x0000022f0d3e00a0 JavaThread "Handler for socket connection from /127.0.0.1:10943 to /127.0.0.1:10944" [_thread_in_native, id=21468, stack(0x000000995e300000,0x000000995e400000)]
  0x0000022f0d1a8310 JavaThread "Cancel handler" [_thread_blocked, id=17788, stack(0x000000995e400000,0x000000995e500000)]
  0x0000022f0ce175c0 JavaThread "Daemon worker" [_thread_blocked, id=5816, stack(0x000000995e500000,0x000000995e600000)]
  0x0000022f0ce20840 JavaThread "Asynchronous log dispatcher for DefaultDaemonConnection: socket connection from /127.0.0.1:10943 to /127.0.0.1:10944" [_thread_blocked, id=18536, stack(0x000000995e600000,0x000000995e700000)]
  0x0000022f0e0aec20 JavaThread "Stdin handler" [_thread_blocked, id=22720, stack(0x000000995e700000,0x000000995e800000)]
  0x0000022f0e0afa90 JavaThread "Daemon client event forwarder" [_thread_blocked, id=24800, stack(0x000000995e800000,0x000000995e900000)]
  0x0000022f0e0b0430 JavaThread "Cache worker for journal cache (C:\Users\ASUS\.gradle\caches\journal-1)" [_thread_blocked, id=11184, stack(0x000000995f500000,0x000000995f600000)]
  0x0000022f0e0b1c40 JavaThread "File lock request listener" [_thread_in_native, id=17260, stack(0x000000995f600000,0x000000995f700000)]
  0x0000022f0e0ae750 JavaThread "Cache worker for file hash cache (C:\Users\ASUS\.gradle\caches\8.2\fileHashes)" [_thread_blocked, id=25092, stack(0x000000995f700000,0x000000995f800000)]
  0x0000022f0e0b0900 JavaThread "File watcher server" daemon [_thread_in_native, id=7492, stack(0x000000995f800000,0x000000995f900000)]
  0x0000022f0e0b0dd0 JavaThread "File watcher consumer" daemon [_thread_blocked, id=17168, stack(0x000000995f900000,0x000000995fa00000)]
  0x0000022f0e0af0f0 JavaThread "Cache worker for checksums cache (C:\Users\ASUS\AndroidStudioProjects\Exam02\.gradle\8.2\checksums)" [_thread_blocked, id=9220, stack(0x000000995fa00000,0x000000995fb00000)]
  0x0000022f0e0b12a0 JavaThread "Cache worker for cache directory md-rule (C:\Users\ASUS\.gradle\caches\8.2\md-rule)" [_thread_blocked, id=14384, stack(0x000000995fb00000,0x000000995fc00000)]
  0x0000022f0e0af5c0 JavaThread "Cache worker for file content cache (C:\Users\ASUS\.gradle\caches\8.2\fileContent)" [_thread_blocked, id=21152, stack(0x000000995fc00000,0x000000995fd00000)]
  0x0000022f0e0b1770 JavaThread "Cache worker for file hash cache (C:\Users\ASUS\AndroidStudioProjects\Exam02\.gradle\8.2\fileHashes)" [_thread_blocked, id=11432, stack(0x000000995fd00000,0x000000995fe00000)]
  0x0000022f0e0ae280 JavaThread "Cache worker for cache directory md-supplier (C:\Users\ASUS\.gradle\caches\8.2\md-supplier)" [_thread_blocked, id=16452, stack(0x000000995fe00000,0x000000995ff00000)]
  0x0000022f0e0aff60 JavaThread "Cache worker for execution history cache (C:\Users\ASUS\.gradle\caches\8.2\executionHistory)" [_thread_blocked, id=13604, stack(0x000000995ff00000,0x0000009960000000)]
  0x0000022f0fd980c0 JavaThread "jar transforms" [_thread_blocked, id=22076, stack(0x0000009960000000,0x0000009960100000)]
  0x0000022f0fd98a60 JavaThread "jar transforms Thread 2" [_thread_blocked, id=12548, stack(0x0000009960100000,0x0000009960200000)]
  0x0000022f0e5b9810 JavaThread "C2 CompilerThread4" daemon [_thread_blocked, id=8292, stack(0x0000009960200000,0x0000009960300000)]
  0x0000022f0fd998d0 JavaThread "Cache worker for kotlin-dsl (C:\Users\ASUS\.gradle\caches\8.2\kotlin-dsl)" [_thread_blocked, id=20604, stack(0x0000009960300000,0x0000009960400000)]
  0x0000022f0fd99da0 JavaThread "jar transforms Thread 3" [_thread_blocked, id=20440, stack(0x0000009960400000,0x0000009960500000)]
  0x0000022f0fd9a270 JavaThread "jar transforms Thread 4" [_thread_blocked, id=23868, stack(0x0000009960500000,0x0000009960600000)]
  0x0000022f0fd98590 JavaThread "jar transforms Thread 5" [_thread_blocked, id=13540, stack(0x0000009960600000,0x0000009960700000)]
  0x0000022f0fd9ac10 JavaThread "jar transforms Thread 6" [_thread_blocked, id=6508, stack(0x0000009960700000,0x0000009960800000)]
  0x0000022f0fd9b0e0 JavaThread "Cache worker for dependencies-accessors (C:\Users\ASUS\AndroidStudioProjects\Exam02\.gradle\8.2\dependencies-accessors)" [_thread_blocked, id=24452, stack(0x0000009960800000,0x0000009960900000)]
  0x0000022f0fd9b5b0 JavaThread "Cache worker for Build Output Cleanup Cache (C:\Users\ASUS\AndroidStudioProjects\Exam02\.gradle\buildOutputCleanup)" [_thread_blocked, id=2760, stack(0x0000009960900000,0x0000009960a00000)]
  0x0000022f1040ee30 JavaThread "jar transforms Thread 7" [_thread_blocked, id=5780, stack(0x0000009960a00000,0x0000009960b00000)]
  0x0000022f1040be10 JavaThread "jar transforms Thread 8" [_thread_blocked, id=19664, stack(0x0000009960b00000,0x0000009960c00000)]
  0x0000022f1040f300 JavaThread "Unconstrained build operations" [_thread_blocked, id=22148, stack(0x0000009960c00000,0x0000009960d00000)]
  0x0000022f1040f7d0 JavaThread "Unconstrained build operations Thread 2" [_thread_blocked, id=20412, stack(0x0000009960d00000,0x0000009960e00000)]
  0x0000022f104092c0 JavaThread "Unconstrained build operations Thread 3" [_thread_blocked, id=11076, stack(0x0000009960e00000,0x0000009960f00000)]
  0x0000022f1040c2e0 JavaThread "Unconstrained build operations Thread 4" [_thread_blocked, id=9588, stack(0x0000009960f00000,0x0000009961000000)]
  0x0000022f1040cc80 JavaThread "Unconstrained build operations Thread 5" [_thread_blocked, id=24008, stack(0x0000009961000000,0x0000009961100000)]
  0x0000022f1040fca0 JavaThread "Unconstrained build operations Thread 6" [_thread_blocked, id=18636, stack(0x0000009961100000,0x0000009961200000)]
  0x0000022f10410640 JavaThread "Unconstrained build operations Thread 7" [_thread_blocked, id=7496, stack(0x0000009961200000,0x0000009961300000)]
  0x0000022f1040e490 JavaThread "Unconstrained build operations Thread 8" [_thread_blocked, id=1872, stack(0x0000009961300000,0x0000009961400000)]
  0x0000022f1040d620 JavaThread "Unconstrained build operations Thread 9" [_thread_blocked, id=7100, stack(0x0000009961400000,0x0000009961500000)]
  0x0000022f1040daf0 JavaThread "Unconstrained build operations Thread 10" [_thread_blocked, id=11568, stack(0x0000009961500000,0x0000009961600000)]
  0x0000022f1040a130 JavaThread "Unconstrained build operations Thread 11" [_thread_blocked, id=5376, stack(0x0000009961600000,0x0000009961700000)]
  0x0000022f1040aad0 JavaThread "Unconstrained build operations Thread 12" [_thread_blocked, id=17444, stack(0x0000009961700000,0x0000009961800000)]
  0x0000022f10409c60 JavaThread "Unconstrained build operations Thread 13" [_thread_blocked, id=21756, stack(0x0000009961800000,0x0000009961900000)]
  0x0000022f10410170 JavaThread "Unconstrained build operations Thread 14" [_thread_blocked, id=1468, stack(0x0000009961900000,0x0000009961a00000)]
  0x0000022f1040a600 JavaThread "Unconstrained build operations Thread 15" [_thread_blocked, id=1168, stack(0x0000009961a00000,0x0000009961b00000)]
  0x0000022f1040c7b0 JavaThread "Unconstrained build operations Thread 16" [_thread_blocked, id=17808, stack(0x0000009961b00000,0x0000009961c00000)]
  0x0000022f1040dfc0 JavaThread "Unconstrained build operations Thread 17" [_thread_blocked, id=16740, stack(0x0000009961c00000,0x0000009961d00000)]
  0x0000022f10408df0 JavaThread "Unconstrained build operations Thread 18" [_thread_blocked, id=23960, stack(0x0000009961d00000,0x0000009961e00000)]
  0x0000022f1040afa0 JavaThread "Unconstrained build operations Thread 19" [_thread_blocked, id=22944, stack(0x0000009961e00000,0x0000009961f00000)]
  0x0000022f1040b470 JavaThread "jar transforms Thread 9" [_thread_blocked, id=6500, stack(0x0000009961f00000,0x0000009962000000)]
  0x0000022f1040b940 JavaThread "jar transforms Thread 10" [_thread_blocked, id=18880, stack(0x0000009962000000,0x0000009962100000)]
  0x0000022f1040e960 JavaThread "jar transforms Thread 11" [_thread_blocked, id=19224, stack(0x0000009962100000,0x0000009962200000)]
  0x0000022f0fe028c0 JavaThread "jar transforms Thread 12" [_thread_blocked, id=17080, stack(0x0000009962200000,0x0000009962300000)]
  0x0000022f0fe01a50 JavaThread "jar transforms Thread 13" [_thread_blocked, id=24964, stack(0x0000009962300000,0x0000009962400000)]
  0x0000022f0fdfc3b0 JavaThread "jar transforms Thread 14" [_thread_blocked, id=6164, stack(0x0000009962400000,0x0000009962500000)]
  0x0000022f0fdfcd50 JavaThread "jar transforms Thread 15" [_thread_blocked, id=24256, stack(0x0000009962500000,0x0000009962600000)]
  0x0000022f0fe00710 JavaThread "jar transforms Thread 16" [_thread_blocked, id=14312, stack(0x0000009962600000,0x0000009962700000)]
  0x0000022f0fe023f0 JavaThread "jar transforms Thread 17" [_thread_blocked, id=18104, stack(0x0000009962700000,0x0000009962800000)]
  0x0000022f0fdfb540 JavaThread "jar transforms Thread 18" [_thread_blocked, id=14780, stack(0x0000009962800000,0x0000009962900000)]
  0x0000022f0fe01580 JavaThread "jar transforms Thread 19" [_thread_blocked, id=19556, stack(0x0000009962900000,0x0000009962a00000)]
  0x0000022f0fe00be0 JavaThread "jar transforms Thread 20" [_thread_blocked, id=7384, stack(0x0000009962a00000,0x0000009962b00000)]

Other Threads:
=>0x0000022f06b891f0 VMThread "VM Thread" [stack: 0x000000995c700000,0x000000995c800000] [id=17468]
  0x0000022f6bd8f5b0 WatcherThread [stack: 0x000000995d600000,0x000000995d700000] [id=22588]
  0x0000022f6bd5ed70 GCTaskThread "GC Thread#0" [stack: 0x000000995c200000,0x000000995c300000] [id=15640]
  0x0000022f0c1c2ad0 GCTaskThread "GC Thread#1" [stack: 0x000000995da00000,0x000000995db00000] [id=1148]
  0x0000022f0c1c2d80 GCTaskThread "GC Thread#2" [stack: 0x000000995db00000,0x000000995dc00000] [id=7188]
  0x0000022f0c708910 GCTaskThread "GC Thread#3" [stack: 0x000000995dc00000,0x000000995dd00000] [id=22744]
  0x0000022f07608100 GCTaskThread "GC Thread#4" [stack: 0x000000995dd00000,0x000000995de00000] [id=7736]
  0x0000022f076083b0 GCTaskThread "GC Thread#5" [stack: 0x000000995de00000,0x000000995df00000] [id=19044]
  0x0000022f0d2208a0 GCTaskThread "GC Thread#6" [stack: 0x000000995e900000,0x000000995ea00000] [id=504]
  0x0000022f0d191d90 GCTaskThread "GC Thread#7" [stack: 0x000000995ea00000,0x000000995eb00000] [id=9692]
  0x0000022f0d255de0 GCTaskThread "GC Thread#8" [stack: 0x000000995eb00000,0x000000995ec00000] [id=5008]
  0x0000022f0d256340 GCTaskThread "GC Thread#9" [stack: 0x000000995ec00000,0x000000995ed00000] [id=17184]
  0x0000022f0d256090 GCTaskThread "GC Thread#10" [stack: 0x000000995ed00000,0x000000995ee00000] [id=22176]
  0x0000022f0d2568a0 GCTaskThread "GC Thread#11" [stack: 0x000000995ee00000,0x000000995ef00000] [id=12448]
  0x0000022f0d2565f0 GCTaskThread "GC Thread#12" [stack: 0x000000995ef00000,0x000000995f000000] [id=11984]
  0x0000022f0e2da3e0 GCTaskThread "GC Thread#13" [stack: 0x000000995f000000,0x000000995f100000] [id=12188]
  0x0000022f0e2dbec0 GCTaskThread "GC Thread#14" [stack: 0x000000995f100000,0x000000995f200000] [id=9068]
  0x0000022f6bd6fbc0 ConcurrentGCThread "G1 Main Marker" [stack: 0x000000995c300000,0x000000995c400000] [id=12956]
  0x0000022f6bd704e0 ConcurrentGCThread "G1 Conc#0" [stack: 0x000000995c400000,0x000000995c500000] [id=8456]
  0x0000022f0e2dbc10 ConcurrentGCThread "G1 Conc#1" [stack: 0x000000995f200000,0x000000995f300000] [id=9044]
  0x0000022f0e2d9e80 ConcurrentGCThread "G1 Conc#2" [stack: 0x000000995f300000,0x000000995f400000] [id=19228]
  0x0000022f0e2d8900 ConcurrentGCThread "G1 Conc#3" [stack: 0x000000995f400000,0x000000995f500000] [id=12140]
  0x0000022f6bdbd0d0 ConcurrentGCThread "G1 Refine#0" [stack: 0x000000995c500000,0x000000995c600000] [id=1452]
  0x0000022f6bdbea10 ConcurrentGCThread "G1 Service" [stack: 0x000000995c600000,0x000000995c700000] [id=22356]

Threads with active compile tasks:
C2 CompilerThread1     3457 6473       4       java.util.zip.ZipFile$Source::initCEN (591 bytes)

VM state: at safepoint (normal execution)

VM Mutex/Monitor currently owned by a thread:  ([mutex/lock_event])
[0x0000022f6bcfaea0] Threads_lock - owner thread: 0x0000022f06b891f0
[0x0000022f6bcfb200] Heap_lock - owner thread: 0x0000022f0ce175c0

Heap address: 0x0000000080000000, size: 2048 MB, Compressed Oops mode: 32-bit

CDS archive(s) not mapped
Compressed class space mapped at: 0x0000000100000000-0x0000000140000000, reserved size: 1073741824
Narrow klass base: 0x0000000000000000, Narrow klass shift: 3, Narrow klass range: 0x140000000

GC Precious Log:
 CPUs: 20 total, 20 available
 Memory: 16003M
 Large Page Support: Disabled
 NUMA Support: Disabled
 Compressed Oops: Enabled (32-bit)
 Heap Region Size: 1M
 Heap Min Capacity: 8M
 Heap Initial Capacity: 252M
 Heap Max Capacity: 2G
 Pre-touch: Disabled
 Parallel Workers: 15
 Concurrent Workers: 4
 Concurrent Refinement Workers: 15
 Periodic GC: Disabled

Heap:
 garbage-first heap   total 101376K, used 59548K [0x0000000080000000, 0x0000000100000000)
  region size 1024K, 2 young (2048K), 2 survivors (2048K)
 Metaspace       used 55650K, committed 56128K, reserved 1114112K
  class space    used 7432K, committed 7680K, reserved 1048576K

Heap Regions: E=young(eden), S=young(survivor), O=old, HS=humongous(starts), HC=humongous(continues), CS=collection set, F=free, OA=open archive, CA=closed archive, TAMS=top-at-mark-start (previous, next)
|   0|0x0000000080000000, 0x0000000080100000, 0x0000000080100000|100%|HS|  |TAMS 0x0000000080100000, 0x0000000080100000| Complete 
|   1|0x0000000080100000, 0x0000000080200000, 0x0000000080200000|100%|HC|  |TAMS 0x0000000080200000, 0x0000000080200000| Complete 
|   2|0x0000000080200000, 0x0000000080300000, 0x0000000080300000|100%|HC|  |TAMS 0x0000000080300000, 0x0000000080300000| Complete 
|   3|0x0000000080300000, 0x0000000080400000, 0x0000000080400000|100%|HC|  |TAMS 0x0000000080400000, 0x0000000080400000| Complete 
|   4|0x0000000080400000, 0x0000000080500000, 0x0000000080500000|100%| O|  |TAMS 0x0000000080500000, 0x0000000080500000| Untracked 
|   5|0x0000000080500000, 0x0000000080600000, 0x0000000080600000|100%| O|  |TAMS 0x0000000080600000, 0x0000000080600000| Untracked 
|   6|0x0000000080600000, 0x0000000080700000, 0x0000000080700000|100%| O|  |TAMS 0x0000000080700000, 0x0000000080700000| Untracked 
|   7|0x0000000080700000, 0x0000000080800000, 0x0000000080800000|100%| O|  |TAMS 0x0000000080800000, 0x0000000080800000| Untracked 
|   8|0x0000000080800000, 0x0000000080900000, 0x0000000080900000|100%| O|  |TAMS 0x0000000080900000, 0x0000000080900000| Untracked 
|   9|0x0000000080900000, 0x0000000080a00000, 0x0000000080a00000|100%| O|  |TAMS 0x0000000080a00000, 0x0000000080a00000| Untracked 
|  10|0x0000000080a00000, 0x0000000080b00000, 0x0000000080b00000|100%| O|  |TAMS 0x0000000080b00000, 0x0000000080b00000| Untracked 
|  11|0x0000000080b00000, 0x0000000080c00000, 0x0000000080c00000|100%| O|  |TAMS 0x0000000080c00000, 0x0000000080c00000| Untracked 
|  12|0x0000000080c00000, 0x0000000080d00000, 0x0000000080d00000|100%| O|  |TAMS 0x0000000080d00000, 0x0000000080d00000| Untracked 
|  13|0x0000000080d00000, 0x0000000080e00000, 0x0000000080e00000|100%| O|  |TAMS 0x0000000080e00000, 0x0000000080e00000| Untracked 
|  14|0x0000000080e00000, 0x0000000080f00000, 0x0000000080f00000|100%| O|  |TAMS 0x0000000080f00000, 0x0000000080f00000| Untracked 
|  15|0x0000000080f00000, 0x0000000081000000, 0x0000000081000000|100%| O|  |TAMS 0x0000000081000000, 0x0000000081000000| Untracked 
|  16|0x0000000081000000, 0x0000000081100000, 0x0000000081100000|100%| O|  |TAMS 0x0000000081100000, 0x0000000081100000| Untracked 
|  17|0x0000000081100000, 0x0000000081200000, 0x0000000081200000|100%| O|  |TAMS 0x0000000081200000, 0x0000000081200000| Untracked 
|  18|0x0000000081200000, 0x0000000081300000, 0x0000000081300000|100%| O|  |TAMS 0x0000000081300000, 0x0000000081300000| Untracked 
|  19|0x0000000081300000, 0x0000000081400000, 0x0000000081400000|100%| O|  |TAMS 0x0000000081400000, 0x0000000081400000| Untracked 
|  20|0x0000000081400000, 0x0000000081500000, 0x0000000081500000|100%| O|  |TAMS 0x0000000081500000, 0x0000000081500000| Untracked 
|  21|0x0000000081500000, 0x0000000081600000, 0x0000000081600000|100%| O|  |TAMS 0x0000000081600000, 0x0000000081600000| Untracked 
|  22|0x0000000081600000, 0x0000000081700000, 0x0000000081700000|100%| O|  |TAMS 0x0000000081700000, 0x0000000081700000| Untracked 
|  23|0x0000000081700000, 0x0000000081800000, 0x0000000081800000|100%| O|  |TAMS 0x0000000081800000, 0x0000000081800000| Untracked 
|  24|0x0000000081800000, 0x0000000081900000, 0x0000000081900000|100%| O|  |TAMS 0x0000000081900000, 0x0000000081900000| Untracked 
|  25|0x0000000081900000, 0x0000000081a00000, 0x0000000081a00000|100%| O|  |TAMS 0x0000000081a00000, 0x0000000081a00000| Untracked 
|  26|0x0000000081a00000, 0x0000000081b00000, 0x0000000081b00000|100%| O|  |TAMS 0x0000000081b00000, 0x0000000081b00000| Untracked 
|  27|0x0000000081b00000, 0x0000000081c00000, 0x0000000081c00000|100%| O|  |TAMS 0x0000000081c00000, 0x0000000081c00000| Untracked 
|  28|0x0000000081c00000, 0x0000000081d00000, 0x0000000081d00000|100%| O|  |TAMS 0x0000000081d00000, 0x0000000081d00000| Untracked 
|  29|0x0000000081d00000, 0x0000000081e00000, 0x0000000081e00000|100%| O|  |TAMS 0x0000000081e00000, 0x0000000081e00000| Untracked 
|  30|0x0000000081e00000, 0x0000000081f00000, 0x0000000081f00000|100%| O|  |TAMS 0x0000000081f00000, 0x0000000081f00000| Untracked 
|  31|0x0000000081f00000, 0x0000000082000000, 0x0000000082000000|100%| O|  |TAMS 0x0000000082000000, 0x0000000082000000| Untracked 
|  32|0x0000000082000000, 0x0000000082100000, 0x0000000082100000|100%| O|  |TAMS 0x0000000082100000, 0x0000000082100000| Untracked 
|  33|0x0000000082100000, 0x0000000082200000, 0x0000000082200000|100%|HS|  |TAMS 0x0000000082200000, 0x0000000082200000| Complete 
|  34|0x0000000082200000, 0x0000000082300000, 0x0000000082300000|100%|HS|  |TAMS 0x0000000082300000, 0x0000000082300000| Complete 
|  35|0x0000000082300000, 0x0000000082400000, 0x0000000082400000|100%|HS|  |TAMS 0x0000000082400000, 0x0000000082400000| Complete 
|  36|0x0000000082400000, 0x0000000082500000, 0x0000000082500000|100%|HC|  |TAMS 0x0000000082500000, 0x0000000082500000| Complete 
|  37|0x0000000082500000, 0x0000000082600000, 0x0000000082600000|100%| O|  |TAMS 0x0000000082600000, 0x0000000082600000| Untracked 
|  38|0x0000000082600000, 0x0000000082700000, 0x0000000082700000|100%| O|  |TAMS 0x0000000082700000, 0x0000000082700000| Untracked 
|  39|0x0000000082700000, 0x0000000082800000, 0x0000000082800000|100%| O|  |TAMS 0x0000000082800000, 0x0000000082800000| Untracked 
|  40|0x0000000082800000, 0x0000000082900000, 0x0000000082900000|100%| O|  |TAMS 0x0000000082900000, 0x0000000082900000| Untracked 
|  41|0x0000000082900000, 0x0000000082a00000, 0x0000000082a00000|100%| O|  |TAMS 0x0000000082a00000, 0x0000000082a00000| Untracked 
|  42|0x0000000082a00000, 0x0000000082b00000, 0x0000000082b00000|100%|HS|  |TAMS 0x0000000082b00000, 0x0000000082b00000| Complete 
|  43|0x0000000082b00000, 0x0000000082c00000, 0x0000000082c00000|100%|HC|  |TAMS 0x0000000082c00000, 0x0000000082c00000| Complete 
|  44|0x0000000082c00000, 0x0000000082d00000, 0x0000000082d00000|100%| O|  |TAMS 0x0000000082d00000, 0x0000000082d00000| Untracked 
|  45|0x0000000082d00000, 0x0000000082e00000, 0x0000000082e00000|100%|HS|  |TAMS 0x0000000082e00000, 0x0000000082e00000| Complete 
|  46|0x0000000082e00000, 0x0000000082f00000, 0x0000000082f00000|100%| O|  |TAMS 0x0000000082f00000, 0x0000000082f00000| Untracked 
|  47|0x0000000082f00000, 0x0000000083000000, 0x0000000083000000|100%| O|  |TAMS 0x0000000082f0e200, 0x0000000083000000| Untracked 
|  48|0x0000000083000000, 0x0000000083100000, 0x0000000083100000|100%|HS|  |TAMS 0x0000000083100000, 0x0000000083100000| Complete 
|  49|0x0000000083100000, 0x0000000083200000, 0x0000000083200000|100%|HC|  |TAMS 0x0000000083200000, 0x0000000083200000| Complete 
|  50|0x0000000083200000, 0x0000000083300000, 0x0000000083300000|100%|HC|  |TAMS 0x0000000083300000, 0x0000000083300000| Complete 
|  51|0x0000000083300000, 0x0000000083400000, 0x0000000083400000|100%|HC|  |TAMS 0x0000000083400000, 0x0000000083400000| Complete 
|  52|0x0000000083400000, 0x0000000083500000, 0x0000000083500000|100%|HS|  |TAMS 0x0000000083400000, 0x0000000083500000| Complete 
|  53|0x0000000083500000, 0x0000000083600000, 0x0000000083600000|100%| O|  |TAMS 0x0000000083500000, 0x00000000835fb000| Untracked 
|  54|0x0000000083600000, 0x0000000083700000, 0x0000000083700000|100%| O|  |TAMS 0x0000000083600000, 0x0000000083600000| Untracked 
|  55|0x0000000083700000, 0x0000000083800000, 0x0000000083800000|100%| O|  |TAMS 0x0000000083700000, 0x0000000083700000| Untracked 
|  56|0x0000000083800000, 0x0000000083900000, 0x0000000083900000|100%| O|  |TAMS 0x0000000083800000, 0x0000000083800000| Untracked 
|  57|0x0000000083900000, 0x0000000083915c00, 0x0000000083a00000|  8%| O|  |TAMS 0x0000000083900000, 0x0000000083900000| Untracked 
|  58|0x0000000083a00000, 0x0000000083a00000, 0x0000000083b00000|  0%| F|  |TAMS 0x0000000083a00000, 0x0000000083a00000| Untracked 
|  59|0x0000000083b00000, 0x0000000083b00000, 0x0000000083c00000|  0%| F|  |TAMS 0x0000000083b00000, 0x0000000083b00000| Untracked 
|  60|0x0000000083c00000, 0x0000000083c00000, 0x0000000083d00000|  0%| F|  |TAMS 0x0000000083c00000, 0x0000000083c00000| Untracked 
|  61|0x0000000083d00000, 0x0000000083d00000, 0x0000000083e00000|  0%| F|  |TAMS 0x0000000083d00000, 0x0000000083d00000| Untracked 
|  62|0x0000000083e00000, 0x0000000083e00000, 0x0000000083f00000|  0%| F|  |TAMS 0x0000000083e00000, 0x0000000083e00000| Untracked 
|  63|0x0000000083f00000, 0x0000000083f00000, 0x0000000084000000|  0%| F|  |TAMS 0x0000000083f00000, 0x0000000083f00000| Untracked 
|  64|0x0000000084000000, 0x0000000084000000, 0x0000000084100000|  0%| F|  |TAMS 0x0000000084000000, 0x0000000084000000| Untracked 
|  65|0x0000000084100000, 0x0000000084100000, 0x0000000084200000|  0%| F|  |TAMS 0x0000000084100000, 0x0000000084100000| Untracked 
|  66|0x0000000084200000, 0x0000000084200000, 0x0000000084300000|  0%| F|  |TAMS 0x0000000084200000, 0x0000000084200000| Untracked 
|  67|0x0000000084300000, 0x0000000084300000, 0x0000000084400000|  0%| F|  |TAMS 0x0000000084300000, 0x0000000084300000| Untracked 
|  68|0x0000000084400000, 0x0000000084400000, 0x0000000084500000|  0%| F|  |TAMS 0x0000000084400000, 0x0000000084400000| Untracked 
|  69|0x0000000084500000, 0x0000000084500000, 0x0000000084600000|  0%| F|  |TAMS 0x0000000084500000, 0x0000000084500000| Untracked 
|  70|0x0000000084600000, 0x0000000084600000, 0x0000000084700000|  0%| F|  |TAMS 0x0000000084600000, 0x0000000084600000| Untracked 
|  71|0x0000000084700000, 0x0000000084700000, 0x0000000084800000|  0%| F|  |TAMS 0x0000000084700000, 0x0000000084700000| Untracked 
|  72|0x0000000084800000, 0x0000000084800000, 0x0000000084900000|  0%| F|  |TAMS 0x0000000084800000, 0x0000000084800000| Untracked 
|  73|0x0000000084900000, 0x0000000084900000, 0x0000000084a00000|  0%| F|  |TAMS 0x0000000084900000, 0x0000000084900000| Untracked 
|  74|0x0000000084a00000, 0x0000000084a00000, 0x0000000084b00000|  0%| F|  |TAMS 0x0000000084a00000, 0x0000000084a00000| Untracked 
|  75|0x0000000084b00000, 0x0000000084b00000, 0x0000000084c00000|  0%| F|  |TAMS 0x0000000084b00000, 0x0000000084b00000| Untracked 
|  76|0x0000000084c00000, 0x0000000084c00000, 0x0000000084d00000|  0%| F|  |TAMS 0x0000000084c00000, 0x0000000084c00000| Untracked 
|  77|0x0000000084d00000, 0x0000000084d00000, 0x0000000084e00000|  0%| F|  |TAMS 0x0000000084d00000, 0x0000000084d00000| Untracked 
|  78|0x0000000084e00000, 0x0000000084e00000, 0x0000000084f00000|  0%| F|  |TAMS 0x0000000084e00000, 0x0000000084e00000| Untracked 
|  79|0x0000000084f00000, 0x0000000084f00000, 0x0000000085000000|  0%| F|  |TAMS 0x0000000084f00000, 0x0000000084f00000| Untracked 
|  80|0x0000000085000000, 0x0000000085000000, 0x0000000085100000|  0%| F|  |TAMS 0x0000000085000000, 0x0000000085000000| Untracked 
|  81|0x0000000085100000, 0x0000000085100000, 0x0000000085200000|  0%| F|  |TAMS 0x0000000085100000, 0x0000000085100000| Untracked 
|  82|0x0000000085200000, 0x00000000852114b0, 0x0000000085300000|  6%| S|CS|TAMS 0x0000000085200000, 0x0000000085200000| Complete 
|  83|0x0000000085300000, 0x0000000085400000, 0x0000000085400000|100%| S|CS|TAMS 0x0000000085300000, 0x0000000085300000| Complete 
|  84|0x0000000085400000, 0x0000000085400000, 0x0000000085500000|  0%| F|  |TAMS 0x0000000085400000, 0x0000000085400000| Untracked 
|  85|0x0000000085500000, 0x0000000085500000, 0x0000000085600000|  0%| F|  |TAMS 0x0000000085500000, 0x0000000085500000| Untracked 
|  86|0x0000000085600000, 0x0000000085600000, 0x0000000085700000|  0%| F|  |TAMS 0x0000000085600000, 0x0000000085600000| Untracked 
|  87|0x0000000085700000, 0x0000000085700000, 0x0000000085800000|  0%| F|  |TAMS 0x0000000085700000, 0x0000000085700000| Untracked 
|  88|0x0000000085800000, 0x0000000085800000, 0x0000000085900000|  0%| F|  |TAMS 0x0000000085800000, 0x0000000085800000| Untracked 
| 195|0x000000008c300000, 0x000000008c300000, 0x000000008c400000|  0%| F|  |TAMS 0x000000008c300000, 0x000000008c300000| Untracked 
| 196|0x000000008c400000, 0x000000008c400000, 0x000000008c500000|  0%| F|  |TAMS 0x000000008c400000, 0x000000008c400000| Untracked 
| 197|0x000000008c500000, 0x000000008c500000, 0x000000008c600000|  0%| F|  |TAMS 0x000000008c500000, 0x000000008c500000| Untracked 
| 198|0x000000008c600000, 0x000000008c600000, 0x000000008c700000|  0%| F|  |TAMS 0x000000008c600000, 0x000000008c600000| Untracked 
| 199|0x000000008c700000, 0x000000008c700000, 0x000000008c800000|  0%| F|  |TAMS 0x000000008c700000, 0x000000008c700000| Untracked 
| 200|0x000000008c800000, 0x000000008c800000, 0x000000008c900000|  0%| F|  |TAMS 0x000000008c800000, 0x000000008c800000| Untracked 
| 201|0x000000008c900000, 0x000000008c900000, 0x000000008ca00000|  0%| F|  |TAMS 0x000000008c900000, 0x000000008c900000| Untracked 
| 202|0x000000008ca00000, 0x000000008ca00000, 0x000000008cb00000|  0%| F|  |TAMS 0x000000008ca00000, 0x000000008ca00000| Untracked 
| 203|0x000000008cb00000, 0x000000008cb00000, 0x000000008cc00000|  0%| F|  |TAMS 0x000000008cb00000, 0x000000008cb00000| Untracked 
| 251|0x000000008fb00000, 0x000000008fb00000, 0x000000008fc00000|  0%| F|  |TAMS 0x000000008fb00000, 0x000000008fb00000| Untracked 

Card table byte_map: [0x0000022f7f070000,0x0000022f7f470000] _byte_map_base: 0x0000022f7ec70000

Marking Bits (Prev, Next): (CMBitMap*) 0x0000022f6bd5f2d0, (CMBitMap*) 0x0000022f6bd5f290
 Prev Bits: [0x0000022f02000000, 0x0000022f04000000)
 Next Bits: [0x0000022f00000000, 0x0000022f02000000)

Polling page: 0x0000022f69cc0000

Metaspace:

Usage:
  Non-class:     47.09 MB used.
      Class:      7.26 MB used.
       Both:     54.35 MB used.

Virtual space:
  Non-class space:       64.00 MB reserved,      47.31 MB ( 74%) committed,  1 nodes.
      Class space:        1.00 GB reserved,       7.50 MB ( <1%) committed,  1 nodes.
             Both:        1.06 GB reserved,      54.81 MB (  5%) committed. 

Chunk freelists:
   Non-Class:  15.75 MB
       Class:  8.45 MB
        Both:  24.20 MB

MaxMetaspaceSize: unlimited
CompressedClassSpaceSize: 1.00 GB
Initial GC threshold: 21.00 MB
Current GC threshold: 89.94 MB
CDS: off
MetaspaceReclaimPolicy: balanced
 - commit_granule_bytes: 65536.
 - commit_granule_words: 8192.
 - virtual_space_node_default_size: 8388608.
 - enlarge_chunks_in_place: 1.
 - new_chunks_are_fully_committed: 0.
 - uncommit_free_chunks: 1.
 - use_allocation_guard: 0.
 - handle_deallocations: 1.


Internal statistics:

num_allocs_failed_limit: 6.
num_arena_births: 612.
num_arena_deaths: 0.
num_vsnodes_births: 2.
num_vsnodes_deaths: 0.
num_space_committed: 877.
num_space_uncommitted: 0.
num_chunks_returned_to_freelist: 6.
num_chunks_taken_from_freelist: 2398.
num_chunk_merges: 3.
num_chunk_splits: 1607.
num_chunks_enlarged: 1129.
num_inconsistent_stats: 0.

CodeHeap 'non-profiled nmethods': size=119168Kb used=2890Kb max_used=3359Kb free=116277Kb
 bounds [0x0000022f76d70000, 0x0000022f770c0000, 0x0000022f7e1d0000]
CodeHeap 'profiled nmethods': size=119104Kb used=10739Kb max_used=10956Kb free=108364Kb
 bounds [0x0000022f6f1d0000, 0x0000022f6fc90000, 0x0000022f76620000]
CodeHeap 'non-nmethods': size=7488Kb used=4004Kb max_used=4094Kb free=3484Kb
 bounds [0x0000022f76620000, 0x0000022f76a40000, 0x0000022f76d70000]
 total_blobs=6526 nmethods=5691 adapters=743
 compilation: enabled
              stopped_count=0, restarted_count=0
 full_count=0

Compilation events (20 events):
Event: 3.428 Thread 0x0000022f06e3e2a0 nmethod 6489 0x0000022f6f277e90 code [0x0000022f6f278040, 0x0000022f6f278278]
Event: 3.428 Thread 0x0000022f06e3ecc0 nmethod 6491 0x0000022f6f28a210 code [0x0000022f6f28a3c0, 0x0000022f6f28a758]
Event: 3.432 Thread 0x0000022f06c84260 6492       3       org.gradle.internal.classloader.TransformErrorHandler::getLastErrorAndClear (20 bytes)
Event: 3.432 Thread 0x0000022f06c84260 nmethod 6492 0x0000022f6f289b90 code [0x0000022f6f289d40, 0x0000022f6f28a0b8]
Event: 3.433 Thread 0x0000022f06c84260 6493       3       org.gradle.internal.classloader.TransformReplacer::ensureOpened (18 bytes)
Event: 3.433 Thread 0x0000022f06c84260 nmethod 6493 0x0000022f6f2e8a10 code [0x0000022f6f2e8bc0, 0x0000022f6f2e8de8]
Event: 3.435 Thread 0x0000022f06e3ecc0 6494   !   3       org.gradle.internal.classloader.CachingClassLoader::loadClass (85 bytes)
Event: 3.435 Thread 0x0000022f06c84260 6495       3       com.google.common.collect.MapMakerInternalMap::get (23 bytes)
Event: 3.435 Thread 0x0000022f06e3e2a0 6496   !   3       com.google.common.collect.MapMakerInternalMap$Segment::get (58 bytes)
Event: 3.435 Thread 0x0000022f06e3e7b0 6497       3       com.google.common.collect.MapMakerInternalMap$Segment::getLiveEntry (7 bytes)
Event: 3.436 Thread 0x0000022f06e3e7b0 nmethod 6497 0x0000022f6f2cd910 code [0x0000022f6f2cdaa0, 0x0000022f6f2cdc48]
Event: 3.436 Thread 0x0000022f06c84260 nmethod 6495 0x0000022f6f289290 code [0x0000022f6f289480, 0x0000022f6f289988]
Event: 3.436 Thread 0x0000022f06c84260 6498       3       com.google.common.collect.MapMakerInternalMap$Segment::postReadCleanup (18 bytes)
Event: 3.436 Thread 0x0000022f06e3ecc0 nmethod 6494 0x0000022f6f288710 code [0x0000022f6f288920, 0x0000022f6f289048]
Event: 3.436 Thread 0x0000022f06c84260 nmethod 6498 0x0000022f6f288110 code [0x0000022f6f2882c0, 0x0000022f6f2885d8]
Event: 3.436 Thread 0x0000022f06e3e2a0 nmethod 6496 0x0000022f6f286190 code [0x0000022f6f286480, 0x0000022f6f2879b8]
Event: 3.439 Thread 0x0000022f06c84260 6499       3       java.util.zip.ZipFile$ZipFileInflaterInputStream::available (44 bytes)
Event: 3.439 Thread 0x0000022f06e3ecc0 6500   !   3       java.util.zip.Inflater::getBytesWritten (23 bytes)
Event: 3.439 Thread 0x0000022f06e3ecc0 nmethod 6500 0x0000022f6f285c90 code [0x0000022f6f285e40, 0x0000022f6f286068]
Event: 3.439 Thread 0x0000022f06c84260 nmethod 6499 0x0000022f6f285610 code [0x0000022f6f2857e0, 0x0000022f6f285b48]

GC Heap History (20 events):
Event: 1.911 GC heap after
{Heap after GC invocations=8 (full 0):
 garbage-first heap   total 68608K, used 23710K [0x0000000080000000, 0x0000000100000000)
  region size 1024K, 3 young (3072K), 3 survivors (3072K)
 Metaspace       used 35641K, committed 35968K, reserved 1114112K
  class space    used 4921K, committed 5056K, reserved 1048576K
}
Event: 2.146 GC heap before
{Heap before GC invocations=9 (full 0):
 garbage-first heap   total 68608K, used 51358K [0x0000000080000000, 0x0000000100000000)
  region size 1024K, 31 young (31744K), 3 survivors (3072K)
 Metaspace       used 41305K, committed 41664K, reserved 1114112K
  class space    used 5475K, committed 5632K, reserved 1048576K
}
Event: 2.149 GC heap after
{Heap after GC invocations=10 (full 0):
 garbage-first heap   total 68608K, used 27134K [0x0000000080000000, 0x0000000100000000)
  region size 1024K, 4 young (4096K), 4 survivors (4096K)
 Metaspace       used 41305K, committed 41664K, reserved 1114112K
  class space    used 5475K, committed 5632K, reserved 1048576K
}
Event: 2.343 GC heap before
{Heap before GC invocations=10 (full 0):
 garbage-first heap   total 68608K, used 56830K [0x0000000080000000, 0x0000000100000000)
  region size 1024K, 29 young (29696K), 4 survivors (4096K)
 Metaspace       used 43552K, committed 43968K, reserved 1114112K
  class space    used 5703K, committed 5888K, reserved 1048576K
}
Event: 2.345 GC heap after
{Heap after GC invocations=11 (full 0):
 garbage-first heap   total 68608K, used 30059K [0x0000000080000000, 0x0000000100000000)
  region size 1024K, 3 young (3072K), 3 survivors (3072K)
 Metaspace       used 43552K, committed 43968K, reserved 1114112K
  class space    used 5703K, committed 5888K, reserved 1048576K
}
Event: 2.478 GC heap before
{Heap before GC invocations=11 (full 0):
 garbage-first heap   total 68608K, used 53611K [0x0000000080000000, 0x0000000100000000)
  region size 1024K, 25 young (25600K), 3 survivors (3072K)
 Metaspace       used 45496K, committed 46016K, reserved 1114112K
  class space    used 5910K, committed 6144K, reserved 1048576K
}
Event: 2.480 GC heap after
{Heap after GC invocations=12 (full 0):
 garbage-first heap   total 82944K, used 31601K [0x0000000080000000, 0x0000000100000000)
  region size 1024K, 2 young (2048K), 2 survivors (2048K)
 Metaspace       used 45496K, committed 46016K, reserved 1114112K
  class space    used 5910K, committed 6144K, reserved 1048576K
}
Event: 2.731 GC heap before
{Heap before GC invocations=12 (full 0):
 garbage-first heap   total 82944K, used 63345K [0x0000000080000000, 0x0000000100000000)
  region size 1024K, 33 young (33792K), 2 survivors (2048K)
 Metaspace       used 49180K, committed 49600K, reserved 1114112K
  class space    used 6544K, committed 6720K, reserved 1048576K
}
Event: 2.733 GC heap after
{Heap after GC invocations=13 (full 0):
 garbage-first heap   total 82944K, used 33310K [0x0000000080000000, 0x0000000100000000)
  region size 1024K, 4 young (4096K), 4 survivors (4096K)
 Metaspace       used 49180K, committed 49600K, reserved 1114112K
  class space    used 6544K, committed 6720K, reserved 1048576K
}
Event: 3.009 GC heap before
{Heap before GC invocations=13 (full 0):
 garbage-first heap   total 82944K, used 64030K [0x0000000080000000, 0x0000000100000000)
  region size 1024K, 34 young (34816K), 4 survivors (4096K)
 Metaspace       used 52934K, committed 53376K, reserved 1114112K
  class space    used 7131K, committed 7296K, reserved 1048576K
}
Event: 3.012 GC heap after
{Heap after GC invocations=14 (full 0):
 garbage-first heap   total 82944K, used 34391K [0x0000000080000000, 0x0000000100000000)
  region size 1024K, 3 young (3072K), 3 survivors (3072K)
 Metaspace       used 52934K, committed 53376K, reserved 1114112K
  class space    used 7131K, committed 7296K, reserved 1048576K
}
Event: 3.298 GC heap before
{Heap before GC invocations=14 (full 0):
 garbage-first heap   total 82944K, used 65111K [0x0000000080000000, 0x0000000100000000)
  region size 1024K, 34 young (34816K), 3 survivors (3072K)
 Metaspace       used 54502K, committed 55040K, reserved 1114112K
  class space    used 7303K, committed 7552K, reserved 1048576K
}
Event: 3.302 GC heap after
{Heap after GC invocations=15 (full 0):
 garbage-first heap   total 82944K, used 38776K [0x0000000080000000, 0x0000000100000000)
  region size 1024K, 5 young (5120K), 5 survivors (5120K)
 Metaspace       used 54502K, committed 55040K, reserved 1114112K
  class space    used 7303K, committed 7552K, reserved 1048576K
}
Event: 3.347 GC heap before
{Heap before GC invocations=15 (full 0):
 garbage-first heap   total 82944K, used 47992K [0x0000000080000000, 0x0000000100000000)
  region size 1024K, 12 young (12288K), 5 survivors (5120K)
 Metaspace       used 54642K, committed 55168K, reserved 1114112K
  class space    used 7311K, committed 7552K, reserved 1048576K
}
Event: 3.349 GC heap after
{Heap after GC invocations=16 (full 0):
 garbage-first heap   total 82944K, used 45352K [0x0000000080000000, 0x0000000100000000)
  region size 1024K, 3 young (3072K), 3 survivors (3072K)
 Metaspace       used 54642K, committed 55168K, reserved 1114112K
  class space    used 7311K, committed 7552K, reserved 1048576K
}
Event: 3.369 GC heap before
{Heap before GC invocations=17 (full 0):
 garbage-first heap   total 86016K, used 51496K [0x0000000080000000, 0x0000000100000000)
  region size 1024K, 7 young (7168K), 3 survivors (3072K)
 Metaspace       used 54738K, committed 55232K, reserved 1114112K
  class space    used 7319K, committed 7552K, reserved 1048576K
}
Event: 3.370 GC heap after
{Heap after GC invocations=18 (full 0):
 garbage-first heap   total 86016K, used 50376K [0x0000000080000000, 0x0000000100000000)
  region size 1024K, 3 young (3072K), 3 survivors (3072K)
 Metaspace       used 54738K, committed 55232K, reserved 1114112K
  class space    used 7319K, committed 7552K, reserved 1048576K
}
Event: 3.392 GC heap before
{Heap before GC invocations=19 (full 0):
 garbage-first heap   total 101376K, used 59592K [0x0000000080000000, 0x0000000100000000)
  region size 1024K, 8 young (8192K), 3 survivors (3072K)
 Metaspace       used 54747K, committed 55232K, reserved 1114112K
  class space    used 7321K, committed 7552K, reserved 1048576K
}
Event: 3.394 GC heap after
{Heap after GC invocations=20 (full 0):
 garbage-first heap   total 101376K, used 57309K [0x0000000080000000, 0x0000000100000000)
  region size 1024K, 3 young (3072K), 3 survivors (3072K)
 Metaspace       used 54747K, committed 55232K, reserved 1114112K
  class space    used 7321K, committed 7552K, reserved 1048576K
}
Event: 3.444 GC heap before
{Heap before GC invocations=21 (full 0):
 garbage-first heap   total 101376K, used 68573K [0x0000000080000000, 0x0000000100000000)
  region size 1024K, 15 young (15360K), 3 survivors (3072K)
 Metaspace       used 55650K, committed 56128K, reserved 1114112K
  class space    used 7432K, committed 7680K, reserved 1048576K
}

Dll operation events (3 events):
Event: 0.004 Loaded shared library C:\Program Files\Android\Android Studio\jbr\bin\java.dll
Event: 0.073 Loaded shared library C:\Program Files\Android\Android Studio\jbr\bin\zip.dll
Event: 0.206 Loaded shared library C:\Program Files\Android\Android Studio\jbr\bin\verify.dll

Deoptimization events (20 events):
Event: 3.337 Thread 0x0000022f0ce175c0 Uncommon trap: trap_request=0xffffffc6 fr.pc=0x0000022f76ee0a00 relative=0x0000000000000240
Event: 3.337 Thread 0x0000022f0ce175c0 Uncommon trap: reason=bimorphic_or_optimized_type_check action=maybe_recompile pc=0x0000022f76ee0a00 method=com.google.common.base.CharMatcher.indexIn(Ljava/lang/CharSequence;I)I @ 31 c2
Event: 3.337 Thread 0x0000022f0ce175c0 DEOPT PACKING pc=0x0000022f76ee0a00 sp=0x000000995e5f9770
Event: 3.337 Thread 0x0000022f0ce175c0 DEOPT UNPACKING pc=0x0000022f766769a3 sp=0x000000995e5f9718 mode 2
Event: 3.340 Thread 0x0000022f0ce175c0 Uncommon trap: trap_request=0xffffff45 fr.pc=0x0000022f76f0ddac relative=0x000000000000254c
Event: 3.340 Thread 0x0000022f0ce175c0 Uncommon trap: reason=unstable_if action=reinterpret pc=0x0000022f76f0ddac method=java.util.zip.ZipFile.getInputStream(Ljava/util/zip/ZipEntry;)Ljava/io/InputStream; @ 101 c2
Event: 3.340 Thread 0x0000022f0ce175c0 DEOPT PACKING pc=0x0000022f76f0ddac sp=0x000000995e5f8af0
Event: 3.340 Thread 0x0000022f0ce175c0 DEOPT UNPACKING pc=0x0000022f766769a3 sp=0x000000995e5f8ab8 mode 2
Event: 3.341 Thread 0x0000022f0ce175c0 DEOPT PACKING pc=0x0000022f6f2b753d sp=0x000000995e5f8830
Event: 3.341 Thread 0x0000022f0ce175c0 DEOPT UNPACKING pc=0x0000022f76677143 sp=0x000000995e5f7cc8 mode 0
Event: 3.394 Thread 0x0000022f0ce175c0 DEOPT PACKING pc=0x0000022f6f225d69 sp=0x000000995e5f5ae0
Event: 3.394 Thread 0x0000022f0ce175c0 DEOPT UNPACKING pc=0x0000022f76677143 sp=0x000000995e5f5060 mode 0
Event: 3.396 Thread 0x0000022f0ce175c0 Uncommon trap: trap_request=0xffffffde fr.pc=0x0000022f76df5530 relative=0x0000000000002790
Event: 3.396 Thread 0x0000022f0ce175c0 Uncommon trap: reason=class_check action=maybe_recompile pc=0x0000022f76df5530 method=java.util.jar.JarFile.getManifestFromReference()Ljava/util/jar/Manifest; @ 152 c2
Event: 3.396 Thread 0x0000022f0ce175c0 DEOPT PACKING pc=0x0000022f76df5530 sp=0x000000995e5f6360
Event: 3.396 Thread 0x0000022f0ce175c0 DEOPT UNPACKING pc=0x0000022f766769a3 sp=0x000000995e5f62d0 mode 2
Event: 3.436 Thread 0x0000022f0ce175c0 Uncommon trap: trap_request=0xffffffde fr.pc=0x0000022f76df5530 relative=0x0000000000002790
Event: 3.436 Thread 0x0000022f0ce175c0 Uncommon trap: reason=class_check action=maybe_recompile pc=0x0000022f76df5530 method=java.util.jar.JarFile.getManifestFromReference()Ljava/util/jar/Manifest; @ 152 c2
Event: 3.436 Thread 0x0000022f0ce175c0 DEOPT PACKING pc=0x0000022f76df5530 sp=0x000000995e5f6310
Event: 3.436 Thread 0x0000022f0ce175c0 DEOPT UNPACKING pc=0x0000022f766769a3 sp=0x000000995e5f6280 mode 2

Classes unloaded (0 events):
No events

Classes redefined (0 events):
No events

Internal exceptions (20 events):
Event: 3.001 Thread 0x0000022f0ce175c0 Exception <a 'java/lang/NoSuchMethodError'{0x0000000083366548}: 'int java.lang.invoke.DirectMethodHandle$Holder.invokeStaticInit(java.lang.Object)'> (0x0000000083366548) 
thrown [s\src\hotspot\share\interpreter\linkResolver.cpp, line 771]
Event: 3.008 Thread 0x0000022f0ce175c0 Exception <a 'java/lang/NoSuchMethodError'{0x00000000833f8050}: 'java.lang.Object java.lang.invoke.DirectMethodHandle$Holder.newInvokeSpecial(java.lang.Object, java.lang.Object, java.lang.Object, java.lang.Object, java.lang.Object, int)'> (0x00000000833f8050) 
thrown [s\src\hotspot\share\interpreter\linkResolver.cpp, line 771]
Event: 3.009 Thread 0x0000022f0ce175c0 Exception <a 'java/lang/NoSuchMethodError'{0x00000000833fd6a8}: 'java.lang.Object java.lang.invoke.DirectMethodHandle$Holder.invokeSpecial(java.lang.Object, java.lang.Object, java.lang.Object, java.lang.Object, java.lang.Object, java.lang.Object, int)'> (0x00000000833fd6a8) 
thrown [s\src\hotspot\share\interpreter\linkResolver.cpp, line 771]
Event: 3.024 Thread 0x0000022f0ce175c0 Exception <a 'java/lang/NoSuchMethodError'{0x000000008fbecdc8}: 'void java.lang.invoke.DirectMethodHandle$Holder.invokeStatic(java.lang.Object, java.lang.Object, java.lang.Object, int, java.lang.Object)'> (0x000000008fbecdc8) 
thrown [s\src\hotspot\share\interpreter\linkResolver.cpp, line 771]
Event: 3.076 Thread 0x0000022f0ce175c0 Exception <a 'java/lang/NoSuchMethodError'{0x000000008c8764e0}: 'java.lang.Object java.lang.invoke.DirectMethodHandle$Holder.newInvokeSpecial(java.lang.Object, java.lang.Object, int)'> (0x000000008c8764e0) 
thrown [s\src\hotspot\share\interpreter\linkResolver.cpp, line 771]
Event: 3.211 Thread 0x0000022f0ce175c0 Implicit null exception at 0x0000022f76df1470 to 0x0000022f76df16c8
Event: 3.295 Thread 0x0000022f0ce175c0 Exception <a 'java/lang/NoSuchMethodError'{0x0000000083159128}: 'long java.lang.invoke.DirectMethodHandle$Holder.invokeVirtual(java.lang.Object, java.lang.Object)'> (0x0000000083159128) 
thrown [s\src\hotspot\share\interpreter\linkResolver.cpp, line 771]
Event: 3.297 Thread 0x0000022f0e0afa90 Exception <a 'java/lang/NoSuchMethodError'{0x00000000831cc038}: static Lorg/gradle/internal/build/event/types/DefaultOperationFinishedProgressEvent;.<clinit>()V> (0x00000000831cc038) 
thrown [s\src\hotspot\share\prims\jni.cpp, line 1108]
Event: 3.298 Thread 0x0000022f0e0afa90 Exception <a 'java/lang/NoSuchMethodError'{0x00000000831f2f98}: static Lorg/gradle/internal/build/event/types/DefaultProjectConfigurationSuccessResult;.<clinit>()V> (0x00000000831f2f98) 
thrown [s\src\hotspot\share\prims\jni.cpp, line 1108]
Event: 3.298 Thread 0x0000022f0e0afa90 Exception <a 'java/lang/NoSuchMethodError'{0x00000000831f44e8}: static Lorg/gradle/internal/build/event/types/AbstractProjectConfigurationResult;.<clinit>()V> (0x00000000831f44e8) 
thrown [s\src\hotspot\share\prims\jni.cpp, line 1108]
Event: 3.298 Thread 0x0000022f0e0afa90 Exception <a 'java/lang/NoSuchMethodError'{0x00000000831f59f0}: static Lorg/gradle/internal/build/event/types/AbstractOperationResult;.<clinit>()V> (0x00000000831f59f0) 
thrown [s\src\hotspot\share\prims\jni.cpp, line 1108]
Event: 3.298 Thread 0x0000022f0e0afa90 Exception <a 'java/lang/NoSuchMethodError'{0x00000000831f6c28}: static Lorg/gradle/internal/build/event/types/AbstractResult;.<clinit>()V> (0x00000000831f6c28) 
thrown [s\src\hotspot\share\prims\jni.cpp, line 1108]
Event: 3.302 Thread 0x0000022f0e0afa90 Exception <a 'java/lang/NoSuchMethodError'{0x000000008fb7d7b0}: static Lorg/gradle/internal/build/event/types/DefaultPluginApplicationResult;.<clinit>()V> (0x000000008fb7d7b0) 
thrown [s\src\hotspot\share\prims\jni.cpp, line 1108]
Event: 3.303 Thread 0x0000022f0e0afa90 Exception <a 'java/lang/NoSuchMethodError'{0x000000008fb89888}: static Lorg/gradle/internal/build/event/types/DefaultBinaryPluginIdentifier;.<clinit>()V> (0x000000008fb89888) 
thrown [s\src\hotspot\share\prims\jni.cpp, line 1108]
Event: 3.305 Thread 0x0000022f0e0afa90 Exception <a 'java/lang/NoSuchMethodError'{0x000000008fba4148}: static Lorg/gradle/internal/build/event/types/DefaultScriptPluginIdentifier;.<clinit>()V> (0x000000008fba4148) 
thrown [s\src\hotspot\share\prims\jni.cpp, line 1108]
Event: 3.337 Thread 0x0000022f0ce175c0 Implicit null exception at 0x0000022f77088d92 to 0x0000022f7708946c
Event: 3.337 Thread 0x0000022f0ce175c0 Implicit null exception at 0x0000022f77087e14 to 0x0000022f770884d8
Event: 3.390 Thread 0x0000022f0ce175c0 Exception <a 'java/lang/ClassNotFoundException'{0x000000008c539aa0}: sun/misc/SharedSecrets> (0x000000008c539aa0) 
thrown [s\src\hotspot\share\classfile\systemDictionary.cpp, line 256]
Event: 3.390 Thread 0x0000022f0ce175c0 Exception <a 'java/lang/ClassNotFoundException'{0x000000008c53b078}: org/gradle/api/internal/plugins/DefaultObjectConfigurationActionBeanInfo> (0x000000008c53b078) 
thrown [s\src\hotspot\share\classfile\systemDictionary.cpp, line 256]
Event: 3.390 Thread 0x0000022f0ce175c0 Exception <a 'java/lang/ClassNotFoundException'{0x000000008c54fc30}: org/gradle/api/internal/plugins/DefaultObjectConfigurationActionCustomizer> (0x000000008c54fc30) 
thrown [s\src\hotspot\share\classfile\systemDictionary.cpp, line 256]

VM Operations (20 events):
Event: 3.302 Executing VM operation: G1CollectForAllocation done
Event: 3.347 Executing VM operation: G1TryInitiateConcMark
Event: 3.349 Executing VM operation: G1TryInitiateConcMark done
Event: 3.357 Executing VM operation: G1Concurrent
Event: 3.359 Executing VM operation: G1Concurrent done
Event: 3.363 Executing VM operation: G1Concurrent
Event: 3.363 Executing VM operation: G1Concurrent done
Event: 3.369 Executing VM operation: G1TryInitiateConcMark
Event: 3.370 Executing VM operation: G1TryInitiateConcMark done
Event: 3.380 Executing VM operation: G1Concurrent
Event: 3.382 Executing VM operation: G1Concurrent done
Event: 3.386 Executing VM operation: G1Concurrent
Event: 3.386 Executing VM operation: G1Concurrent done
Event: 3.392 Executing VM operation: G1TryInitiateConcMark
Event: 3.394 Executing VM operation: G1TryInitiateConcMark done
Event: 3.401 Executing VM operation: G1Concurrent
Event: 3.402 Executing VM operation: G1Concurrent done
Event: 3.406 Executing VM operation: G1Concurrent
Event: 3.406 Executing VM operation: G1Concurrent done
Event: 3.444 Executing VM operation: G1TryInitiateConcMark

Events (20 events):
Event: 3.276 Thread 0x0000022f0fe023f0 Thread added: 0x0000022f0fe023f0
Event: 3.276 Thread 0x0000022f0fdfb540 Thread added: 0x0000022f0fdfb540
Event: 3.276 Thread 0x0000022f0fe01580 Thread added: 0x0000022f0fe01580
Event: 3.276 Thread 0x0000022f0fe00be0 Thread added: 0x0000022f0fe00be0
Event: 3.295 loading class java/util/stream/SortedOps
Event: 3.295 loading class java/util/stream/SortedOps done
Event: 3.295 loading class java/util/stream/SortedOps$OfRef
Event: 3.295 loading class java/util/stream/ReferencePipeline$StatefulOp
Event: 3.295 loading class java/util/stream/ReferencePipeline$StatefulOp done
Event: 3.295 loading class java/util/stream/SortedOps$OfRef done
Event: 3.296 loading class java/util/stream/SortedOps$RefSortingSink
Event: 3.296 loading class java/util/stream/SortedOps$AbstractRefSortingSink
Event: 3.296 loading class java/util/stream/SortedOps$AbstractRefSortingSink done
Event: 3.296 loading class java/util/stream/SortedOps$RefSortingSink done
Event: 3.304 loading class java/time/Ser
Event: 3.304 loading class java/time/Ser done
Event: 3.390 loading class sun/misc/SharedSecrets
Event: 3.390 loading class sun/misc/SharedSecrets done
Event: 3.391 loading class jdk/internal/reflect/UnsafeObjectFieldAccessorImpl
Event: 3.391 loading class jdk/internal/reflect/UnsafeObjectFieldAccessorImpl done


Dynamic libraries:
0x00007ff647c80000 - 0x00007ff647c8a000 	C:\Program Files\Android\Android Studio\jbr\bin\java.exe
0x00007ffc3e050000 - 0x00007ffc3e266000 	C:\Windows\SYSTEM32\ntdll.dll
0x00007ffc3bda0000 - 0x00007ffc3be64000 	C:\Windows\System32\KERNEL32.DLL
0x00007ffc3b540000 - 0x00007ffc3b8e6000 	C:\Windows\System32\KERNELBASE.dll
0x00007ffc3bc50000 - 0x00007ffc3bd61000 	C:\Windows\System32\ucrtbase.dll
0x00007ffc2c370000 - 0x00007ffc2c387000 	C:\Program Files\Android\Android Studio\jbr\bin\jli.dll
0x00007ffc2dc10000 - 0x00007ffc2dc2b000 	C:\Program Files\Android\Android Studio\jbr\bin\VCRUNTIME140.dll
0x00007ffc3c420000 - 0x00007ffc3c5cd000 	C:\Windows\System32\USER32.dll
0x00007ffc3bd70000 - 0x00007ffc3bd96000 	C:\Windows\System32\win32u.dll
0x00007ffc0dec0000 - 0x00007ffc0e153000 	C:\Windows\WinSxS\amd64_microsoft.windows.common-controls_6595b64144ccf1df_6.0.22621.3235_none_270f74e173860f98\COMCTL32.dll
0x00007ffc3bff0000 - 0x00007ffc3c019000 	C:\Windows\System32\GDI32.dll
0x00007ffc3b920000 - 0x00007ffc3ba38000 	C:\Windows\System32\gdi32full.dll
0x00007ffc3c0f0000 - 0x00007ffc3c197000 	C:\Windows\System32\msvcrt.dll
0x00007ffc3bbb0000 - 0x00007ffc3bc4a000 	C:\Windows\System32\msvcp_win.dll
0x00007ffc3d400000 - 0x00007ffc3d431000 	C:\Windows\System32\IMM32.DLL
0x00007ffc2dc00000 - 0x00007ffc2dc0c000 	C:\Program Files\Android\Android Studio\jbr\bin\vcruntime140_1.dll
0x00007ffbf6940000 - 0x00007ffbf69cd000 	C:\Program Files\Android\Android Studio\jbr\bin\msvcp140.dll
0x00007ffbb0870000 - 0x00007ffbb14f0000 	C:\Program Files\Android\Android Studio\jbr\bin\server\jvm.dll
0x00007ffc3c020000 - 0x00007ffc3c0d2000 	C:\Windows\System32\ADVAPI32.dll
0x00007ffc3cc10000 - 0x00007ffc3ccb8000 	C:\Windows\System32\sechost.dll
0x00007ffc3b8f0000 - 0x00007ffc3b918000 	C:\Windows\System32\bcrypt.dll
0x00007ffc3bed0000 - 0x00007ffc3bfe5000 	C:\Windows\System32\RPCRT4.dll
0x00007ffc13670000 - 0x00007ffc13679000 	C:\Windows\SYSTEM32\WSOCK32.dll
0x00007ffc2da60000 - 0x00007ffc2da94000 	C:\Windows\SYSTEM32\WINMM.dll
0x00007ffc3c1c0000 - 0x00007ffc3c231000 	C:\Windows\System32\WS2_32.dll
0x00007ffc287f0000 - 0x00007ffc287fa000 	C:\Windows\SYSTEM32\VERSION.dll
0x00007ffc3a490000 - 0x00007ffc3a4a8000 	C:\Windows\SYSTEM32\kernel.appcore.dll
0x00007ffc32700000 - 0x00007ffc3270a000 	C:\Program Files\Android\Android Studio\jbr\bin\jimage.dll
0x00007ffc38770000 - 0x00007ffc389a3000 	C:\Windows\SYSTEM32\DBGHELP.DLL
0x00007ffc3cd70000 - 0x00007ffc3d0f8000 	C:\Windows\System32\combase.dll
0x00007ffc3de20000 - 0x00007ffc3def7000 	C:\Windows\System32\OLEAUT32.dll
0x00007ffc204f0000 - 0x00007ffc20522000 	C:\Windows\SYSTEM32\dbgcore.DLL
0x00007ffc3b4c0000 - 0x00007ffc3b53a000 	C:\Windows\System32\bcryptPrimitives.dll
0x00007ffc2c390000 - 0x00007ffc2c39e000 	C:\Program Files\Android\Android Studio\jbr\bin\instrument.dll
0x00007ffc2ea20000 - 0x00007ffc2ea45000 	C:\Program Files\Android\Android Studio\jbr\bin\java.dll
0x00007ffc31bb0000 - 0x00007ffc31bc8000 	C:\Program Files\Android\Android Studio\jbr\bin\zip.dll
0x00007ffc3d5a0000 - 0x00007ffc3ddfd000 	C:\Windows\System32\SHELL32.dll
0x00007ffc392b0000 - 0x00007ffc39ba8000 	C:\Windows\SYSTEM32\windows.storage.dll
0x00007ffc39170000 - 0x00007ffc392ae000 	C:\Windows\SYSTEM32\wintypes.dll
0x00007ffc3d100000 - 0x00007ffc3d1f3000 	C:\Windows\System32\SHCORE.dll
0x00007ffc3c3c0000 - 0x00007ffc3c41e000 	C:\Windows\System32\shlwapi.dll
0x00007ffc3b2c0000 - 0x00007ffc3b2e6000 	C:\Windows\SYSTEM32\profapi.dll
0x00007ffc2ee80000 - 0x00007ffc2ee99000 	C:\Program Files\Android\Android Studio\jbr\bin\net.dll
0x00007ffc32180000 - 0x00007ffc322b7000 	C:\Windows\SYSTEM32\WINHTTP.dll
0x00007ffc3a920000 - 0x00007ffc3a989000 	C:\Windows\system32\mswsock.dll
0x00007ffc2c3a0000 - 0x00007ffc2c3b6000 	C:\Program Files\Android\Android Studio\jbr\bin\nio.dll
0x00007ffc2edb0000 - 0x00007ffc2edc0000 	C:\Program Files\Android\Android Studio\jbr\bin\verify.dll
0x00007ffbf72a0000 - 0x00007ffbf72c7000 	C:\Users\ASUS\.gradle\native\68d5fa5c4cc2d200863cafc0d521ce42e7d3e7ee720ec0a83991735586a16f82\windows-amd64\native-platform.dll
0x00007ffbe6350000 - 0x00007ffbe6494000 	C:\Users\ASUS\.gradle\native\e376f236ea51e6404a007f0833ffe2c6e607c4080706a723a18a27aeea778392\windows-amd64\native-platform-file-events.dll
0x00007ffc2dc40000 - 0x00007ffc2dc49000 	C:\Program Files\Android\Android Studio\jbr\bin\management.dll
0x00007ffc2db90000 - 0x00007ffc2db9b000 	C:\Program Files\Android\Android Studio\jbr\bin\management_ext.dll
0x00007ffc3c240000 - 0x00007ffc3c248000 	C:\Windows\System32\PSAPI.DLL
0x00007ffc3ab70000 - 0x00007ffc3ab8b000 	C:\Windows\SYSTEM32\CRYPTSP.dll
0x00007ffc3a3f0000 - 0x00007ffc3a425000 	C:\Windows\system32\rsaenh.dll
0x00007ffc3aa10000 - 0x00007ffc3aa3c000 	C:\Windows\SYSTEM32\USERENV.dll
0x00007ffc3ab90000 - 0x00007ffc3ab9c000 	C:\Windows\SYSTEM32\CRYPTBASE.dll
0x00007ffc39e70000 - 0x00007ffc39e9d000 	C:\Windows\SYSTEM32\IPHLPAPI.DLL
0x00007ffc3c250000 - 0x00007ffc3c259000 	C:\Windows\System32\NSI.dll
0x00007ffc31e50000 - 0x00007ffc31e69000 	C:\Windows\SYSTEM32\dhcpcsvc6.DLL
0x00007ffc31db0000 - 0x00007ffc31dcf000 	C:\Windows\SYSTEM32\dhcpcsvc.DLL
0x00007ffc39ee0000 - 0x00007ffc39fd9000 	C:\Windows\SYSTEM32\DNSAPI.dll
0x00007ffc00160000 - 0x00007ffc00168000 	C:\Windows\system32\wshunix.dll

dbghelp: loaded successfully - version: 4.0.5 - missing functions: none
symbol engine: initialized successfully - sym options: 0x614 - pdb path: .;C:\Program Files\Android\Android Studio\jbr\bin;C:\Windows\SYSTEM32;C:\Windows\WinSxS\amd64_microsoft.windows.common-controls_6595b64144ccf1df_6.0.22621.3235_none_270f74e173860f98;C:\Program Files\Android\Android Studio\jbr\bin\server;C:\Users\ASUS\.gradle\native\68d5fa5c4cc2d200863cafc0d521ce42e7d3e7ee720ec0a83991735586a16f82\windows-amd64;C:\Users\ASUS\.gradle\native\e376f236ea51e6404a007f0833ffe2c6e607c4080706a723a18a27aeea778392\windows-amd64

VM Arguments:
jvm_args: --add-opens=java.base/java.util=ALL-UNNAMED --add-opens=java.base/java.lang=ALL-UNNAMED --add-opens=java.base/java.lang.invoke=ALL-UNNAMED --add-opens=java.prefs/java.util.prefs=ALL-UNNAMED --add-opens=java.base/java.nio.charset=ALL-UNNAMED --add-opens=java.base/java.net=ALL-UNNAMED --add-opens=java.base/java.util.concurrent.atomic=ALL-UNNAMED -Xmx2048m -Dfile.encoding=UTF-8 -Duser.country=US -Duser.language=en -Duser.variant -javaagent:C:\Users\ASUS\.gradle\wrapper\dists\gradle-8.2-bin\bbg7u40eoinfdyxsxr3z4i7ta\gradle-8.2\lib\agents\gradle-instrumentation-agent-8.2.jar 
java_command: org.gradle.launcher.daemon.bootstrap.GradleDaemon 8.2
java_class_path (initial): C:\Users\ASUS\.gradle\wrapper\dists\gradle-8.2-bin\bbg7u40eoinfdyxsxr3z4i7ta\gradle-8.2\lib\gradle-launcher-8.2.jar
Launcher Type: SUN_STANDARD

[Global flags]
     intx CICompilerCount                          = 12                                        {product} {ergonomic}
     uint ConcGCThreads                            = 4                                         {product} {ergonomic}
     uint G1ConcRefinementThreads                  = 15                                        {product} {ergonomic}
   size_t G1HeapRegionSize                         = 1048576                                   {product} {ergonomic}
    uintx GCDrainStackTargetSize                   = 64                                        {product} {ergonomic}
   size_t InitialHeapSize                          = 264241152                                 {product} {ergonomic}
   size_t MarkStackSize                            = 4194304                                   {product} {ergonomic}
   size_t MaxHeapSize                              = 2147483648                                {product} {command line}
   size_t MaxNewSize                               = 1287651328                                {product} {ergonomic}
   size_t MinHeapDeltaBytes                        = 1048576                                   {product} {ergonomic}
   size_t MinHeapSize                              = 8388608                                   {product} {ergonomic}
    uintx NonNMethodCodeHeapSize                   = 7602480                                {pd product} {ergonomic}
    uintx NonProfiledCodeHeapSize                  = 122027880                              {pd product} {ergonomic}
    uintx ProfiledCodeHeapSize                     = 122027880                              {pd product} {ergonomic}
    uintx ReservedCodeCacheSize                    = 251658240                              {pd product} {ergonomic}
     bool SegmentedCodeCache                       = true                                      {product} {ergonomic}
   size_t SoftMaxHeapSize                          = 2147483648                             {manageable} {ergonomic}
     bool UseCompressedClassPointers               = true                           {product lp64_product} {ergonomic}
     bool UseCompressedOops                        = true                           {product lp64_product} {ergonomic}
     bool UseG1GC                                  = true                                      {product} {ergonomic}
     bool UseLargePagesIndividualAllocation        = false                                  {pd product} {ergonomic}

Logging:
Log output configuration:
 #0: stdout all=warning uptime,level,tags
 #1: stderr all=off uptime,level,tags

Environment Variables:
PATH=C:\Program Files\Common Files\Oracle\Java\javapath;C:\Windows\system32;C:\Windows;C:\Windows\System32\Wbem;C:\Windows\System32\WindowsPowerShell\v1.0\;C:\Windows\System32\OpenSSH\;C:\Program Files\Azure Data Studio\bin;C:\Program Files\Microsoft SQL Server\Client SDK\ODBC\170\Tools\Binn\;C:\Program Files (x86)\Microsoft SQL Server\150\Tools\Binn\;C:\Program Files\Microsoft SQL Server\150\Tools\Binn\;C:\Program Files\Microsoft SQL Server\150\DTS\Binn\;C:\Program Files (x86)\Microsoft SQL Server\160\DTS\Binn\;C:\Program Files\Git\cmd;C:\Program Files\nodejs\;C:\Program Files\Cloudflare\Cloudflare WARP\;C:\Program Files\MongoDB\Server\7.0\bin;C:\Users\ASUS\AppData\Local\Programs\Python\Launcher\;C:\Program Files\MySQL\MySQL Shell 8.0\bin\;C:\Users\ASUS\AppData\Local\Microsoft\WindowsApps;C:\Program Files\Azure Data Studio\bin;C:\Users\ASUS\AppData\Local\Programs\Microsoft VS Code\bin;C:\Users\ASUS\AppData\Roaming\npm;C:\Users\ASUS\AppData\Local\JetBrains\PyCharm Community Edition 2023.3.2\bin;;C:\Users\ASUS\AppData\Local\GitHubDesktop\bin
USERNAME=ASUS
OS=Windows_NT
PROCESSOR_IDENTIFIER=Intel64 Family 6 Model 186 Stepping 2, GenuineIntel
TMP=C:\Users\ASUS\AppData\Local\Temp
TEMP=C:\Users\ASUS\AppData\Local\Temp


JNI global refs:
JNI global refs: 34, weak refs: 0

JNI global refs memory usage: 843, weak refs: 841

OOME stack traces (most recent first):
Classloader memory used:
Loader org.gradle.internal.classloader.VisitableURLClassLoader                         : 3315K
Loader bootstrap                                                                       : 2424K
Loader org.gradle.initialization.MixInLegacyTypesClassLoader                           : 987K
Loader org.gradle.internal.classloader.VisitableURLClassLoader$InstrumentingVisitableURLClassLoader: 119K
Loader jdk.internal.loader.ClassLoaders$PlatformClassLoader                            : 67231B
Loader jdk.internal.loader.ClassLoaders$AppClassLoader                                 : 28352B
Loader jdk.internal.reflect.DelegatingClassLoader                                      : 13640B
Loader org.gradle.groovy.scripts.internal.DefaultScriptCompilationHandler$ScriptClassLoader: 1712B
Loader org.codehaus.groovy.runtime.callsite.CallSiteClassLoader                        : 356B

Classes loaded by more than one classloader:
Class Program                                                                         : loaded 4 times (x 72B)
Class com.google.common.collect.SingletonImmutableList                                : loaded 2 times (x 167B)
Class org.gradle.internal.classpath.ClassPath                                         : loaded 2 times (x 68B)
Class org.gradle.api.internal.classpath.DefaultModuleRegistry                         : loaded 2 times (x 84B)
Class Settings_gradle$1$1                                                             : loaded 2 times (x 72B)
Class com.google.common.base.CharMatcher$JavaDigit                                    : loaded 2 times (x 109B)
Class com.google.common.base.CharMatcher$Digit                                        : loaded 2 times (x 110B)
Class org.gradle.api.Action                                                           : loaded 2 times (x 68B)
Class com.google.common.collect.Lists$StringAsImmutableList                           : loaded 2 times (x 167B)
Class com.google.common.base.CharMatcher                                              : loaded 2 times (x 109B)
Class com.google.common.base.CharMatcher$IsNot                                        : loaded 2 times (x 109B)
Class com.google.common.base.Splitter                                                 : loaded 2 times (x 70B)
Class org.gradle.api.internal.DefaultClassPathProvider                                : loaded 2 times (x 74B)
Class org.gradle.internal.installation.GradleInstallation$1                           : loaded 2 times (x 73B)
Class com.google.common.base.CharMatcher$BitSetMatcher                                : loaded 2 times (x 110B)
Class com.google.common.base.Predicate                                                : loaded 2 times (x 68B)
Class org.gradle.internal.classloader.FilteringClassLoader                            : loaded 2 times (x 102B)
Class org.gradle.internal.classpath.DefaultClassPath$ImmutableUniqueList$Builder      : loaded 2 times (x 73B)
Class com.google.common.base.CharMatcher$InRange                                      : loaded 2 times (x 109B)
Class com.google.common.collect.Lists                                                 : loaded 2 times (x 69B)
Class org.gradle.internal.classloader.ClassLoaderVisitor                              : loaded 2 times (x 74B)
Class org.gradle.internal.service.DefaultServiceLocator                               : loaded 2 times (x 81B)
Class org.gradle.internal.service.UnknownServiceException                             : loaded 2 times (x 81B)
Class org.gradle.internal.classloader.DefaultClassLoaderFactory                       : loaded 2 times (x 80B)
Class com.google.common.collect.UnmodifiableIterator                                  : loaded 2 times (x 78B)
Class com.google.common.base.CharMatcher$SingleWidth                                  : loaded 2 times (x 110B)
Class com.google.common.base.JdkPattern                                               : loaded 2 times (x 73B)
Class org.gradle.internal.classloader.VisitableURLClassLoader$Spec                    : loaded 2 times (x 72B)
Class org.gradle.api.GradleException                                                  : loaded 2 times (x 80B)
Class com.google.common.base.CharMatcher$JavaLetterOrDigit                            : loaded 2 times (x 109B)
Class org.gradle.api.internal.classpath.ModuleRegistry                                : loaded 2 times (x 68B)
Class com.google.common.collect.ImmutableCollection                                   : loaded 2 times (x 123B)
Class org.gradle.api.internal.ClassPathProvider                                       : loaded 2 times (x 68B)
Class org.gradle.internal.classloader.ClasspathUtil$1                                 : loaded 2 times (x 74B)
Class com.google.common.collect.ImmutableList$ReverseImmutableList                    : loaded 2 times (x 168B)
Class org.gradle.internal.classloader.ClassLoaderFactory                              : loaded 2 times (x 68B)
Class com.google.common.collect.ObjectArrays                                          : loaded 2 times (x 69B)
Class com.google.common.collect.ImmutableList                                         : loaded 2 times (x 166B)
Class org.gradle.api.internal.classpath.ManifestUtil                                  : loaded 2 times (x 69B)
Class org.gradle.api.specs.Spec                                                       : loaded 2 times (x 68B)
Class com.google.common.base.CharMatcher$Whitespace                                   : loaded 2 times (x 110B)
Class com.google.common.base.Preconditions                                            : loaded 2 times (x 69B)
Class org.gradle.internal.IoActions                                                   : loaded 2 times (x 69B)
Class com.google.common.collect.CollectPreconditions                                  : loaded 2 times (x 69B)
Class com.google.common.collect.AbstractIndexedListIterator                           : loaded 2 times (x 94B)
Class com.google.common.base.CharMatcher$None                                         : loaded 2 times (x 110B)
Class org.gradle.api.internal.classpath.EffectiveClassPath                            : loaded 2 times (x 88B)
Class com.google.common.collect.UnmodifiableListIterator                              : loaded 2 times (x 93B)
Class com.google.common.collect.ImmutableList$1                                       : loaded 2 times (x 95B)
Class com.google.common.base.Splitter$Strategy                                        : loaded 2 times (x 68B)
Class org.gradle.internal.installation.CurrentGradleInstallation                      : loaded 2 times (x 71B)
Class org.gradle.internal.agents.InstrumentingClassLoader                             : loaded 2 times (x 68B)
Class org.gradle.internal.installation.CurrentGradleInstallationLocator               : loaded 2 times (x 69B)
Class org.gradle.api.internal.classpath.Module                                        : loaded 2 times (x 68B)
Class com.google.common.base.Splitter$1$1                                             : loaded 2 times (x 84B)
Class org.gradle.internal.service.CachingServiceLocator                               : loaded 2 times (x 80B)
Class org.gradle.internal.classpath.DefaultClassPath                                  : loaded 2 times (x 88B)
Class com.google.common.base.Splitter$SplittingIterator                               : loaded 2 times (x 82B)
Class com.google.common.base.CharMatcher$Is                                           : loaded 2 times (x 109B)
Class com.google.common.collect.RegularImmutableAsList                                : loaded 2 times (x 176B)
Class org.gradle.internal.classloader.SystemClassLoaderSpec                           : loaded 2 times (x 69B)
Class [Lcom.google.common.base.AbstractIterator$State;                                : loaded 2 times (x 67B)
Class com.google.common.base.AbstractIterator                                         : loaded 2 times (x 78B)
Class com.google.common.base.AbstractIterator$1                                       : loaded 2 times (x 69B)
Class com.google.common.base.CharMatcher$1                                            : loaded 2 times (x 111B)
Class com.google.common.base.CharMatcher$Ascii                                        : loaded 2 times (x 110B)
Class org.gradle.api.UncheckedIOException                                             : loaded 2 times (x 80B)
Class com.google.common.base.CharMatcher$And                                          : loaded 2 times (x 110B)
Class com.google.common.base.CharMatcher$Any                                          : loaded 2 times (x 110B)
Class org.gradle.internal.installation.GradleInstallation                             : loaded 2 times (x 73B)
Class com.google.common.base.CharMatcher$RangesMatcher                                : loaded 2 times (x 110B)
Class com.google.common.collect.ImmutableList$SubList                                 : loaded 2 times (x 168B)
Class org.gradle.internal.classloader.ClasspathUtil                                   : loaded 2 times (x 69B)
Class com.google.common.base.Splitter$1                                               : loaded 2 times (x 75B)
Class org.gradle.api.internal.DefaultClassPathRegistry                                : loaded 2 times (x 74B)
Class org.gradle.api.internal.classpath.DefaultModuleRegistry$DefaultModule           : loaded 2 times (x 84B)
Class com.google.common.base.CharMatcher$JavaIsoControl                               : loaded 2 times (x 110B)
Class com.google.common.base.CharMatcher$Or                                           : loaded 2 times (x 110B)
Class com.google.common.base.CharMatcher$JavaLowerCase                                : loaded 2 times (x 109B)
Class org.gradle.api.internal.classpath.UnknownModuleException                        : loaded 2 times (x 80B)
Class com.google.common.base.CommonPattern                                            : loaded 2 times (x 72B)
Class org.gradle.internal.service.ServiceLookupException                              : loaded 2 times (x 80B)
Class org.gradle.cache.GlobalCache                                                    : loaded 2 times (x 68B)
Class com.google.common.base.CharMatcher$NegatedFastMatcher                           : loaded 2 times (x 111B)
Class [Lorg.gradle.api.internal.ClassPathProvider;                                    : loaded 2 times (x 67B)
Class org.gradle.util.internal.GUtil                                                  : loaded 2 times (x 69B)
Class org.gradle.internal.classloader.ClassLoaderSpec                                 : loaded 2 times (x 69B)
Class com.google.common.base.NullnessCasts                                            : loaded 2 times (x 69B)
Class com.google.common.base.CharMatcher$Negated                                      : loaded 2 times (x 111B)
Class com.google.common.base.CharMatcher$ForPredicate                                 : loaded 2 times (x 110B)
Class org.gradle.internal.classloader.VisitableURLClassLoader                         : loaded 2 times (x 114B)
Class org.gradle.internal.Cast                                                        : loaded 2 times (x 69B)
Class org.gradle.api.internal.ClassPathRegistry                                       : loaded 2 times (x 68B)
Class org.gradle.internal.classloader.VisitableURLClassLoader$InstrumentingVisitableURLClassLoader: loaded 2 times (x 120B)
Class org.gradle.internal.classloader.ClassLoaderHierarchy                            : loaded 2 times (x 68B)
Class com.google.common.base.AbstractIterator$State                                   : loaded 2 times (x 77B)
Class com.google.common.base.CharMatcher$NamedFastMatcher                             : loaded 2 times (x 110B)
Class org.gradle.internal.InternalTransformer                                         : loaded 2 times (x 68B)
Class org.gradle.internal.service.ServiceLocator                                      : loaded 2 times (x 68B)
Class Settings_gradle$1                                                               : loaded 2 times (x 72B)
Class com.google.common.base.CharMatcher$Invisible                                    : loaded 2 times (x 110B)
Class com.google.common.base.CharMatcher$FastMatcher                                  : loaded 2 times (x 109B)
Class org.gradle.internal.classpath.DefaultClassPath$ImmutableUniqueList              : loaded 2 times (x 159B)
Class com.google.common.base.CharMatcher$JavaLetter                                   : loaded 2 times (x 109B)
Class org.gradle.internal.classpath.TransformedClassPath                              : loaded 2 times (x 94B)
Class Settings_gradle                                                                 : loaded 2 times (x 126B)
Class com.google.common.collect.ImmutableAsList                                       : loaded 2 times (x 169B)
Class com.google.common.base.CharMatcher$AnyOf                                        : loaded 2 times (x 110B)
Class com.google.common.base.CharMatcher$IsEither                                     : loaded 2 times (x 109B)
Class com.google.common.collect.RegularImmutableList                                  : loaded 2 times (x 172B)
Class com.google.common.base.CharMatcher$JavaUpperCase                                : loaded 2 times (x 109B)


---------------  S Y S T E M  ---------------

OS:
 Windows 11 , 64 bit Build 22621 (10.0.22621.3235)
OS uptime: 13 days 20:20 hours
Hyper-V role detected

CPU: total 20 (initial active 20) (10 cores per cpu, 2 threads per core) family 6 model 186 stepping 2 microcode 0x410e, cx8, cmov, fxsr, ht, mmx, 3dnowpref, sse, sse2, sse3, ssse3, sse4.1, sse4.2, popcnt, lzcnt, tsc, tscinvbit, avx, avx2, aes, erms, clmul, bmi1, bmi2, adx, sha, fma, vzeroupper, clflush, clflushopt, clwb, hv

Memory: 4k page, system-wide physical 16003M (2500M free)
TotalPageFile size 16003M (AvailPageFile size 24M)
current process WorkingSet (physical memory assigned to process): 299M, peak: 299M
current process commit charge ("private bytes"): 360M, peak: 415M

vm_info: OpenJDK 64-Bit Server VM (17.0.7+0-b2043.56-10550314) for windows-amd64 JRE (17.0.7+0-b2043.56-10550314), built on Jul 24 2023 18:27:45 by "androidbuild" with MS VC++ 16.10 / 16.11 (VS2019)

END.
